2024-06-18 17:30:46,029 - INFO - --------------------------------aggregation starting----------------------------------------------------------------------------------
2024-06-18 17:30:46,029 - INFO - ***************Earth_Gym********************
2024-06-18 17:30:46,029 - INFO - *******5_2_Earth_Gym********
2024-06-18 17:30:51,122 - INFO - *******successfully saved********
2024-06-18 17:30:51,122 - INFO - *******10_2_Earth_Gym********
2024-06-18 17:30:53,782 - INFO - *******successfully saved********
2024-06-18 17:30:53,782 - INFO - *******8_2_Earth_Gym********
2024-06-18 17:30:58,336 - INFO - *******successfully saved********
2024-06-18 17:30:58,336 - INFO - *******7_1_Earth_Gym********
2024-06-18 17:31:01,530 - INFO - *******successfully saved********
2024-06-18 17:31:01,530 - INFO - *******9_1_Earth_Gym********
2024-06-18 17:31:06,548 - INFO - *******successfully saved********
2024-06-18 17:31:06,548 - INFO - ***************Wild_Quest********************
2024-06-18 17:31:06,548 - INFO - *******6_1_Wild_Quest********
2024-06-18 17:31:09,145 - INFO - *******successfully saved********
2024-06-18 17:31:09,145 - INFO - *******5_1_Wild_Quest********
2024-06-18 17:31:14,289 - INFO - *******successfully saved********
2024-06-18 17:31:14,289 - INFO - *******8_1_Wild_Quest********
2024-06-18 17:31:23,842 - INFO - *******successfully saved********
2024-06-18 17:31:23,843 - INFO - *******10_1_Wild_Quest********
2024-06-18 17:31:28,286 - INFO - *******successfully saved********
2024-06-18 17:31:28,286 - INFO - *******7_2_Wild_Quest********
2024-06-18 17:31:38,377 - INFO - *******successfully saved********
2024-06-18 17:31:38,377 - INFO - *******9_2_Wild_Quest********
2024-06-18 17:31:44,573 - INFO - *******successfully saved********
2024-06-18 17:31:44,574 - INFO - ***************Roommate********************
2024-06-18 17:31:44,574 - INFO - *******145_1_Roommate********
2024-06-18 17:31:51,675 - INFO - *******successfully saved********
2024-06-18 17:31:51,675 - INFO - *******142_1_Roommate********
2024-06-18 17:31:58,668 - INFO - *******successfully saved********
2024-06-18 17:31:58,669 - INFO - *******138_2_Roommate********
2024-06-18 17:32:05,344 - INFO - *******successfully saved********
2024-06-18 17:32:05,344 - INFO - *******144_2_Roommate********
2024-06-18 17:32:12,412 - INFO - *******successfully saved********
2024-06-18 17:32:12,412 - INFO - *******139_2_Roommate********
2024-06-18 17:32:18,363 - INFO - *******successfully saved********
2024-06-18 17:32:18,363 - INFO - *******136_2_Roommate********
2024-06-18 17:32:23,285 - INFO - *******successfully saved********
2024-06-18 17:32:23,285 - INFO - *******137_2_Roommate********
2024-06-18 17:32:27,213 - INFO - *******successfully saved********
2024-06-18 17:32:27,213 - INFO - *******140_2_Roommate********
2024-06-18 17:32:33,835 - INFO - *******successfully saved********
2024-06-18 17:32:33,835 - INFO - *******141_1_Roommate********
2024-06-18 17:32:40,272 - INFO - *******successfully saved********
2024-06-18 17:32:40,272 - INFO - *******143_2_Roommate********
2024-06-18 17:32:42,135 - INFO - *******successfully saved********
2024-06-18 17:32:42,135 - INFO - ***************Waffle_Restaurant********************
2024-06-18 17:32:42,136 - INFO - *******140_1_Waffle_Restaurant********
2024-06-18 17:32:44,486 - INFO - *******successfully saved********
2024-06-18 17:32:44,486 - INFO - *******135_1_Waffle_Restaurant********
2024-06-18 17:32:48,034 - INFO - *******successfully saved********
2024-06-18 17:32:48,034 - INFO - *******144_1_Waffle_Restaurant********
2024-06-18 17:32:52,369 - INFO - *******successfully saved********
2024-06-18 17:32:52,369 - INFO - *******143_1_Waffle_Restaurant********
2024-06-18 17:32:56,643 - INFO - *******successfully saved********
2024-06-18 17:32:56,643 - INFO - *******136_1_Waffle_Restaurant********
2024-06-18 17:33:01,391 - INFO - *******successfully saved********
2024-06-18 17:33:01,391 - INFO - *******145_2_Waffle_Restaurant********
2024-06-18 17:33:05,640 - INFO - *******successfully saved********
2024-06-18 17:33:05,640 - INFO - *******142_2_Waffle_Restaurant********
2024-06-18 17:33:11,540 - INFO - *******successfully saved********
2024-06-18 17:33:11,540 - INFO - *******137_1_Waffle_Restaurant********
2024-06-18 17:33:17,397 - INFO - *******successfully saved********
2024-06-18 17:33:17,397 - INFO - *******139_1_Waffle_Restaurant********
2024-06-18 17:33:22,955 - INFO - *******successfully saved********
2024-06-18 17:33:22,955 - INFO - *******138_1_Waffle_Restaurant********
2024-06-18 17:33:32,378 - INFO - *******successfully saved********
2024-06-18 17:33:32,378 - INFO - *******141_2_Waffle_Restaurant********
2024-06-18 17:33:37,455 - INFO - *******successfully saved********
2024-06-18 17:33:37,455 - INFO - ***************UFO_crash_site_venue********************
2024-06-18 17:33:37,455 - INFO - *******60_2_UFO_crash_site_venue********
2024-06-18 17:33:45,300 - INFO - *******successfully saved********
2024-06-18 17:33:45,300 - INFO - *******58_2_UFO_crash_site_venue********
2024-06-18 17:33:45,552 - INFO - *******successfully saved********
2024-06-18 17:33:45,552 - INFO - *******55_2_UFO_crash_site_venue********
2024-06-18 17:33:45,831 - INFO - *******successfully saved********
2024-06-18 17:33:45,831 - INFO - *******56_2_UFO_crash_site_venue********
2024-06-18 17:33:55,062 - INFO - *******successfully saved********
2024-06-18 17:33:55,063 - INFO - *******54_1_UFO_crash_site_venue********
2024-06-18 17:34:01,577 - INFO - *******successfully saved********
2024-06-18 17:34:01,577 - INFO - ***************The_aquarium********************
2024-06-18 17:34:01,577 - INFO - *******61_1_The_aquarium********
2024-06-18 17:34:03,076 - INFO - *******successfully saved********
2024-06-18 17:34:03,076 - INFO - *******56_1_The_aquarium********
2024-06-18 17:34:04,975 - INFO - *******successfully saved********
2024-06-18 17:34:04,975 - INFO - *******55_1_The_aquarium********
2024-06-18 17:34:05,129 - INFO - *******successfully saved********
2024-06-18 17:34:05,129 - INFO - *******60_1_The_aquarium********
2024-06-18 17:34:07,293 - INFO - *******successfully saved********
2024-06-18 17:34:07,294 - INFO - *******53_2_The_aquarium********
2024-06-18 17:34:08,933 - INFO - *******successfully saved********
2024-06-18 17:34:08,934 - INFO - *******54_2_The_aquarium********
2024-06-18 17:34:10,566 - INFO - *******successfully saved********
2024-06-18 17:34:10,566 - INFO - ***************Kowloon********************
2024-06-18 17:34:10,567 - INFO - *******66_2_Kowloon********
2024-06-18 17:34:10,668 - INFO - *******successfully saved********
2024-06-18 17:34:10,669 - INFO - *******63_1_Kowloon********
2024-06-18 17:34:11,253 - INFO - *******successfully saved********
2024-06-18 17:34:11,253 - INFO - *******65_1_Kowloon********
2024-06-18 17:34:18,624 - INFO - *******successfully saved********
2024-06-18 17:34:18,624 - INFO - *******68_1_Kowloon********
2024-06-18 17:34:26,489 - INFO - *******successfully saved********
2024-06-18 17:34:26,489 - INFO - *******71_2_Kowloon********
2024-06-18 17:34:26,697 - INFO - *******successfully saved********
2024-06-18 17:34:26,697 - INFO - *******72_2_Kowloon********
