2024-06-18 17:30:46,029 - INFO - --------------------------------aggregation starting----------------------------------------------------------------------------------
2024-06-18 17:30:46,029 - INFO - ***************Earth_Gym********************
2024-06-18 17:30:46,029 - INFO - *******5_2_Earth_Gym********
2024-06-18 17:30:51,122 - INFO - *******successfully saved********
2024-06-18 17:30:51,122 - INFO - *******10_2_Earth_Gym********
2024-06-18 17:30:53,782 - INFO - *******successfully saved********
2024-06-18 17:30:53,782 - INFO - *******8_2_Earth_Gym********
2024-06-18 17:30:58,336 - INFO - *******successfully saved********
2024-06-18 17:30:58,336 - INFO - *******7_1_Earth_Gym********
2024-06-18 17:31:01,530 - INFO - *******successfully saved********
2024-06-18 17:31:01,530 - INFO - *******9_1_Earth_Gym********
2024-06-18 17:31:06,548 - INFO - *******successfully saved********
2024-06-18 17:31:06,548 - INFO - ***************Wild_Quest********************
2024-06-18 17:31:06,548 - INFO - *******6_1_Wild_Quest********
2024-06-18 17:31:09,145 - INFO - *******successfully saved********
2024-06-18 17:31:09,145 - INFO - *******5_1_Wild_Quest********
2024-06-18 17:31:14,289 - INFO - *******successfully saved********
2024-06-18 17:31:14,289 - INFO - *******8_1_Wild_Quest********
2024-06-18 17:31:23,842 - INFO - *******successfully saved********
2024-06-18 17:31:23,843 - INFO - *******10_1_Wild_Quest********
2024-06-18 17:31:28,286 - INFO - *******successfully saved********
2024-06-18 17:31:28,286 - INFO - *******7_2_Wild_Quest********
2024-06-18 17:31:38,377 - INFO - *******successfully saved********
2024-06-18 17:31:38,377 - INFO - *******9_2_Wild_Quest********
2024-06-18 17:31:44,573 - INFO - *******successfully saved********
2024-06-18 17:31:44,574 - INFO - ***************Roommate********************
2024-06-18 17:31:44,574 - INFO - *******145_1_Roommate********
2024-06-18 17:31:51,675 - INFO - *******successfully saved********
2024-06-18 17:31:51,675 - INFO - *******142_1_Roommate********
2024-06-18 17:31:58,668 - INFO - *******successfully saved********
2024-06-18 17:31:58,669 - INFO - *******138_2_Roommate********
2024-06-18 17:32:05,344 - INFO - *******successfully saved********
2024-06-18 17:32:05,344 - INFO - *******144_2_Roommate********
2024-06-18 17:32:12,412 - INFO - *******successfully saved********
2024-06-18 17:32:12,412 - INFO - *******139_2_Roommate********
2024-06-18 17:32:18,363 - INFO - *******successfully saved********
2024-06-18 17:32:18,363 - INFO - *******136_2_Roommate********
2024-06-18 17:32:23,285 - INFO - *******successfully saved********
2024-06-18 17:32:23,285 - INFO - *******137_2_Roommate********
2024-06-18 17:32:27,213 - INFO - *******successfully saved********
2024-06-18 17:32:27,213 - INFO - *******140_2_Roommate********
2024-06-18 17:32:33,835 - INFO - *******successfully saved********
2024-06-18 17:32:33,835 - INFO - *******141_1_Roommate********
2024-06-18 17:32:40,272 - INFO - *******successfully saved********
2024-06-18 17:32:40,272 - INFO - *******143_2_Roommate********
2024-06-18 17:32:42,135 - INFO - *******successfully saved********
2024-06-18 17:32:42,135 - INFO - ***************Waffle_Restaurant********************
2024-06-18 17:32:42,136 - INFO - *******140_1_Waffle_Restaurant********
2024-06-18 17:32:44,486 - INFO - *******successfully saved********
2024-06-18 17:32:44,486 - INFO - *******135_1_Waffle_Restaurant********
2024-06-18 17:32:48,034 - INFO - *******successfully saved********
2024-06-18 17:32:48,034 - INFO - *******144_1_Waffle_Restaurant********
2024-06-18 17:32:52,369 - INFO - *******successfully saved********
2024-06-18 17:32:52,369 - INFO - *******143_1_Waffle_Restaurant********
2024-06-18 17:32:56,643 - INFO - *******successfully saved********
2024-06-18 17:32:56,643 - INFO - *******136_1_Waffle_Restaurant********
2024-06-18 17:33:01,391 - INFO - *******successfully saved********
2024-06-18 17:33:01,391 - INFO - *******145_2_Waffle_Restaurant********
2024-06-18 17:33:05,640 - INFO - *******successfully saved********
2024-06-18 17:33:05,640 - INFO - *******142_2_Waffle_Restaurant********
2024-06-18 17:33:11,540 - INFO - *******successfully saved********
2024-06-18 17:33:11,540 - INFO - *******137_1_Waffle_Restaurant********
2024-06-18 17:33:17,397 - INFO - *******successfully saved********
2024-06-18 17:33:17,397 - INFO - *******139_1_Waffle_Restaurant********
2024-06-18 17:33:22,955 - INFO - *******successfully saved********
2024-06-18 17:33:22,955 - INFO - *******138_1_Waffle_Restaurant********
2024-06-18 17:33:32,378 - INFO - *******successfully saved********
2024-06-18 17:33:32,378 - INFO - *******141_2_Waffle_Restaurant********
2024-06-18 17:33:37,455 - INFO - *******successfully saved********
2024-06-18 17:33:37,455 - INFO - ***************UFO_crash_site_venue********************
2024-06-18 17:33:37,455 - INFO - *******60_2_UFO_crash_site_venue********
2024-06-18 17:33:45,300 - INFO - *******successfully saved********
2024-06-18 17:33:45,300 - INFO - *******58_2_UFO_crash_site_venue********
2024-06-18 17:33:45,552 - INFO - *******successfully saved********
2024-06-18 17:33:45,552 - INFO - *******55_2_UFO_crash_site_venue********
2024-06-18 17:33:45,831 - INFO - *******successfully saved********
2024-06-18 17:33:45,831 - INFO - *******56_2_UFO_crash_site_venue********
2024-06-18 17:33:55,062 - INFO - *******successfully saved********
2024-06-18 17:33:55,063 - INFO - *******54_1_UFO_crash_site_venue********
2024-06-18 17:34:01,577 - INFO - *******successfully saved********
2024-06-18 17:34:01,577 - INFO - ***************The_aquarium********************
2024-06-18 17:34:01,577 - INFO - *******61_1_The_aquarium********
2024-06-18 17:34:03,076 - INFO - *******successfully saved********
2024-06-18 17:34:03,076 - INFO - *******56_1_The_aquarium********
2024-06-18 17:34:04,975 - INFO - *******successfully saved********
2024-06-18 17:34:04,975 - INFO - *******55_1_The_aquarium********
2024-06-18 17:34:05,129 - INFO - *******successfully saved********
2024-06-18 17:34:05,129 - INFO - *******60_1_The_aquarium********
2024-06-18 17:34:07,293 - INFO - *******successfully saved********
2024-06-18 17:34:07,294 - INFO - *******53_2_The_aquarium********
2024-06-18 17:34:08,933 - INFO - *******successfully saved********
2024-06-18 17:34:08,934 - INFO - *******54_2_The_aquarium********
2024-06-18 17:34:10,566 - INFO - *******successfully saved********
2024-06-18 17:34:10,566 - INFO - ***************Kowloon********************
2024-06-18 17:34:10,567 - INFO - *******66_2_Kowloon********
2024-06-18 17:34:10,668 - INFO - *******successfully saved********
2024-06-18 17:34:10,669 - INFO - *******63_1_Kowloon********
2024-06-18 17:34:11,253 - INFO - *******successfully saved********
2024-06-18 17:34:11,253 - INFO - *******65_1_Kowloon********
2024-06-18 17:34:18,624 - INFO - *******successfully saved********
2024-06-18 17:34:18,624 - INFO - *******68_1_Kowloon********
2024-06-18 17:34:26,489 - INFO - *******successfully saved********
2024-06-18 17:34:26,489 - INFO - *******71_2_Kowloon********
2024-06-18 17:34:26,697 - INFO - *******successfully saved********
2024-06-18 17:34:26,697 - INFO - *******72_2_Kowloon********
2024-06-18 17:34:35,344 - INFO - *******successfully saved********
2024-06-18 17:34:35,344 - INFO - *******70_2_Kowloon********
2024-06-18 17:34:40,587 - INFO - *******successfully saved********
2024-06-18 17:34:40,587 - INFO - ***************Wake_the_Robot********************
2024-06-18 17:34:40,587 - INFO - *******70_1_Wake_the_Robot********
2024-06-18 17:34:45,086 - INFO - *******successfully saved********
2024-06-18 17:34:45,086 - INFO - *******66_1_Wake_the_Robot********
2024-06-18 17:34:45,234 - INFO - *******successfully saved********
2024-06-18 17:34:45,234 - INFO - *******68_2_Wake_the_Robot********
2024-06-18 17:34:53,757 - INFO - *******successfully saved********
2024-06-18 17:34:53,757 - INFO - *******63_2_Wake_the_Robot********
2024-06-18 17:34:53,967 - INFO - *******successfully saved********
2024-06-18 17:34:53,968 - INFO - *******65_2_Wake_the_Robot********
2024-06-18 17:35:00,387 - INFO - *******successfully saved********
2024-06-18 17:35:00,387 - INFO - *******67_1_Wake_the_Robot********
2024-06-18 17:35:00,523 - INFO - *******successfully saved********
2024-06-18 17:35:00,523 - INFO - *******71_1_Wake_the_Robot********
2024-06-18 17:35:00,585 - INFO - *******successfully saved********
2024-06-18 17:35:00,585 - INFO - *******72_1_Wake_the_Robot********
2024-06-18 17:35:07,074 - INFO - *******successfully saved********
2024-06-18 17:35:07,074 - INFO - ***************Scifi_Sandbox********************
2024-06-18 17:35:07,074 - INFO - *******46_1_Scifi_Sandbox********
2024-06-18 17:35:13,043 - INFO - *******successfully saved********
2024-06-18 17:35:13,043 - INFO - *******51_1_Scifi_Sandbox********
2024-06-18 17:35:20,856 - INFO - *******successfully saved********
2024-06-18 17:35:20,856 - INFO - *******50_1_Scifi_Sandbox********
2024-06-18 17:35:26,588 - INFO - *******successfully saved********
2024-06-18 17:35:26,589 - INFO - *******52_2_Scifi_Sandbox********
2024-06-18 17:35:26,887 - INFO - *******successfully saved********
2024-06-18 17:35:26,887 - INFO - *******48_1_Scifi_Sandbox********
2024-06-18 17:35:26,927 - INFO - *******successfully saved********
2024-06-18 17:35:26,927 - INFO - *******44_2_Scifi_Sandbox********
2024-06-18 17:35:35,348 - INFO - *******successfully saved********
2024-06-18 17:35:35,348 - INFO - ***************Citadel********************
2024-06-18 17:35:35,348 - INFO - *******32_1_Citadel********
2024-06-18 17:35:42,992 - INFO - *******successfully saved********
2024-06-18 17:35:42,992 - INFO - *******41_2_Citadel********
2024-06-18 17:35:51,669 - INFO - *******successfully saved********
2024-06-18 17:35:51,669 - INFO - *******37_1_Citadel********
2024-06-18 17:36:03,863 - INFO - *******successfully saved********
2024-06-18 17:36:03,864 - INFO - *******38_2_Citadel********
2024-06-18 17:36:12,780 - INFO - *******successfully saved********
2024-06-18 17:36:12,780 - INFO - ***************Super_Rumble********************
2024-06-18 17:36:12,780 - INFO - *******41_1_Super_Rumble********
2024-06-18 17:36:20,352 - INFO - *******successfully saved********
2024-06-18 17:36:20,353 - INFO - *******37_2_Super_Rumble********
2024-06-18 17:36:27,393 - INFO - *******successfully saved********
2024-06-18 17:36:27,394 - INFO - *******33_2_Super_Rumble********
2024-06-18 17:36:42,086 - INFO - *******successfully saved********
2024-06-18 17:36:42,087 - INFO - *******32_2_Super_Rumble********
2024-06-18 17:36:48,042 - INFO - *******successfully saved********
2024-06-18 17:36:48,042 - INFO - *******35_1_Super_Rumble********
2024-06-18 17:36:50,456 - INFO - *******successfully saved********
2024-06-18 17:36:50,456 - INFO - ***************Arena_Clash********************
2024-06-18 17:36:50,456 - INFO - *******52_1_Arena_Clash********
2024-06-18 17:36:50,804 - INFO - *******successfully saved********
2024-06-18 17:36:50,804 - INFO - *******50_2_Arena_Clash********
2024-06-18 17:37:00,323 - INFO - *******successfully saved********
2024-06-18 17:37:00,323 - INFO - *******46_2_Arena_Clash********
2024-06-18 17:37:12,152 - INFO - *******successfully saved********
2024-06-18 17:37:12,152 - INFO - *******51_2_Arena_Clash********
2024-06-18 17:37:23,560 - INFO - *******successfully saved********
2024-06-18 17:37:23,560 - INFO - *******44_1_Arena_Clash********
2024-06-18 17:37:27,120 - INFO - *******successfully saved********
2024-06-18 17:37:27,121 - INFO - ***************Venues********************
2024-06-18 17:37:27,121 - INFO - *******75_2_Venues********
2024-06-18 17:37:34,909 - INFO - *******successfully saved********
2024-06-18 17:37:34,909 - INFO - *******82_2_Venues********
2024-06-18 17:37:39,883 - INFO - *******successfully saved********
2024-06-18 17:37:39,883 - INFO - *******77_2_Venues********
2024-06-18 17:37:45,566 - INFO - *******successfully saved********
2024-06-18 17:37:45,566 - INFO - *******74_2_Venues********
2024-06-18 17:37:50,719 - INFO - *******successfully saved********
2024-06-18 17:37:50,719 - INFO - *******79_2_Venues********
2024-06-18 17:37:53,584 - INFO - *******successfully saved********
2024-06-18 17:37:53,584 - INFO - ***************Superhero_Arena********************
2024-06-18 17:37:53,584 - INFO - *******79_1_Superhero_Arena********
2024-06-18 17:37:59,705 - INFO - *******successfully saved********
2024-06-18 17:37:59,705 - INFO - *******77_1_Superhero_Arena********
2024-06-18 17:38:00,408 - INFO - *******successfully saved********
2024-06-18 17:38:00,408 - INFO - *******81_1_Superhero_Arena********
2024-06-18 17:38:04,608 - INFO - *******successfully saved********
2024-06-18 17:38:04,608 - INFO - ***************Army_Men********************
2024-06-18 17:38:04,608 - INFO - *******28_2_Army_Men********
2024-06-18 17:38:14,113 - INFO - *******successfully saved********
2024-06-18 17:38:14,114 - INFO - *******30_2_Army_Men********
2024-06-18 17:38:22,327 - INFO - *******successfully saved********
2024-06-18 17:38:22,327 - INFO - *******26_1_Army_Men********
2024-06-18 17:38:32,264 - INFO - *******successfully saved********
2024-06-18 17:38:32,264 - INFO - *******27_1_Army_Men********
2024-06-18 17:38:41,696 - INFO - *******successfully saved********
2024-06-18 17:38:41,696 - INFO - *******24_1_Army_Men********
2024-06-18 17:38:49,136 - INFO - *******successfully saved********
2024-06-18 17:38:49,136 - INFO - *******22_1_Army_Men********
2024-06-18 17:39:00,697 - INFO - *******successfully saved********
2024-06-18 17:39:00,697 - INFO - *******21_1_Army_Men********
2024-06-18 17:39:09,067 - INFO - *******successfully saved********
2024-06-18 17:39:09,067 - INFO - ***************Bobber_Bay_Fishing********************
2024-06-18 17:39:09,067 - INFO - *******30_1_Bobber_Bay_Fishing********
2024-06-18 17:39:16,282 - INFO - *******successfully saved********
2024-06-18 17:39:16,282 - INFO - *******27_2_Bobber_Bay_Fishing********
2024-06-18 17:39:19,643 - INFO - *******successfully saved********
2024-06-18 17:39:19,644 - INFO - *******29_2_Bobber_Bay_Fishing********
2024-06-18 17:39:22,852 - INFO - *******successfully saved********
2024-06-18 17:39:22,852 - INFO - *******26_2_Bobber_Bay_Fishing********
2024-06-18 17:39:28,162 - INFO - *******successfully saved********
2024-06-18 17:39:28,162 - INFO - *******24_2_Bobber_Bay_Fishing********
2024-06-18 17:39:32,346 - INFO - *******successfully saved********
2024-06-18 17:39:32,346 - INFO - *******21_2_Bobber_Bay_Fishing********
2024-06-18 17:39:41,232 - INFO - *******successfully saved********
2024-06-18 17:39:41,232 - INFO - *******22_2_Bobber_Bay_Fishing********
2024-06-18 17:39:50,093 - INFO - *******successfully saved********
2024-06-18 17:39:50,093 - INFO - ***************Mars_Miners********************
2024-06-18 17:39:50,093 - INFO - *******16_1_Mars_Miners********
2024-06-18 17:39:57,774 - INFO - *******successfully saved********
2024-06-18 17:39:57,774 - INFO - *******18_1_Mars_Miners********
2024-06-18 17:40:11,695 - INFO - *******successfully saved********
2024-06-18 17:40:11,695 - INFO - *******17_1_Mars_Miners********
2024-06-18 17:40:25,631 - INFO - *******successfully saved********
2024-06-18 17:40:25,631 - INFO - *******15_1_Mars_Miners********
2024-06-18 17:40:29,066 - INFO - *******successfully saved********
2024-06-18 17:40:29,066 - INFO - *******11_2_Mars_Miners********
2024-06-18 17:40:30,905 - INFO - *******successfully saved********
2024-06-18 17:40:30,905 - INFO - *******12_2_Mars_Miners********
2024-06-18 17:40:33,725 - INFO - *******successfully saved********
2024-06-18 17:40:33,725 - INFO - *******19_1_Mars_Miners********
2024-06-18 17:40:41,177 - INFO - *******successfully saved********
2024-06-18 17:40:41,177 - INFO - ***************American_Idol********************
2024-06-18 17:40:41,177 - INFO - *******15_2_American_Idol********
2024-06-18 17:40:48,011 - INFO - *******successfully saved********
2024-06-18 17:40:48,011 - INFO - *******17_2_American_Idol********
2024-06-18 17:40:54,860 - INFO - *******successfully saved********
2024-06-18 17:40:54,860 - INFO - *******16_2_American_Idol********
2024-06-18 17:41:01,474 - INFO - *******successfully saved********
2024-06-18 17:41:01,475 - INFO - *******19_2_American_Idol********
2024-06-18 17:41:07,665 - INFO - *******successfully saved********
2024-06-18 17:41:07,665 - INFO - *******12_1_American_Idol********
2024-06-18 17:41:19,493 - INFO - *******successfully saved********
2024-06-18 17:41:19,494 - INFO - *******11_1_American_Idol********
2024-06-18 17:41:32,322 - INFO - *******successfully saved********
2024-06-18 17:41:32,322 - INFO - ***************Metdonalds********************
2024-06-18 17:41:32,322 - INFO - *******84_2_Metdonalds********
2024-06-18 17:41:37,199 - INFO - *******successfully saved********
2024-06-18 17:41:37,199 - INFO - *******85_1_Metdonalds********
2024-06-18 17:41:39,967 - INFO - *******successfully saved********
2024-06-18 17:41:39,967 - INFO - *******83_2_Metdonalds********
2024-06-18 17:41:44,571 - INFO - *******successfully saved********
2024-06-18 17:41:44,571 - INFO - *******92_1_Metdonalds********
2024-06-18 17:41:47,697 - INFO - *******successfully saved********
2024-06-18 17:41:47,697 - INFO - *******89_1_Metdonalds********
2024-06-18 17:41:54,153 - INFO - *******successfully saved********
2024-06-18 17:41:54,153 - INFO - *******91_1_Metdonalds********
2024-06-18 17:42:03,530 - INFO - *******successfully saved********
2024-06-18 17:42:03,531 - INFO - ***************3D_Play_House********************
2024-06-18 17:42:03,531 - INFO - *******84_1_3D_Play_House********
2024-06-18 17:42:10,649 - INFO - *******successfully saved********
2024-06-18 17:42:10,649 - INFO - *******92_2_3D_Play_House********
2024-06-18 17:42:15,512 - INFO - *******successfully saved********
2024-06-18 17:42:15,512 - INFO - *******89_2_3D_Play_House********
2024-06-18 17:42:24,918 - INFO - *******successfully saved********
2024-06-18 17:42:24,918 - INFO - *******91_2_3D_Play_House********
2024-06-18 17:42:37,225 - INFO - *******successfully saved********
2024-06-18 17:42:37,225 - INFO - *******85_2_3D_Play_House********
2024-06-18 17:42:42,952 - INFO - *******successfully saved********
2024-06-18 17:42:42,952 - INFO - ***************Kawaii_Daycare********************
2024-06-18 17:42:42,952 - INFO - *******132_2_Kawaii_Daycare********
2024-06-18 17:42:49,515 - INFO - *******successfully saved********
2024-06-18 17:42:49,516 - INFO - *******133_2_Kawaii_Daycare********
2024-06-18 17:42:58,506 - INFO - *******successfully saved********
2024-06-18 17:42:58,506 - INFO - *******134_2_Kawaii_Daycare********
2024-06-18 17:43:01,769 - INFO - *******successfully saved********
2024-06-18 17:43:01,769 - INFO - *******127_2_Kawaii_Daycare********
2024-06-18 17:43:09,612 - INFO - *******successfully saved********
2024-06-18 17:43:09,613 - INFO - *******128_2_Kawaii_Daycare********
2024-06-18 17:43:11,001 - INFO - *******successfully saved********
2024-06-18 17:43:11,001 - INFO - *******125_2_Kawaii_Daycare********
2024-06-18 17:43:15,646 - INFO - *******successfully saved********
2024-06-18 17:43:15,646 - INFO - *******130_2_Kawaii_Daycare********
2024-06-18 17:43:18,776 - INFO - *******successfully saved********
2024-06-18 17:43:18,776 - INFO - *******126_2_Kawaii_Daycare********
2024-06-18 17:43:21,692 - INFO - *******successfully saved********
2024-06-18 17:43:21,693 - INFO - *******129_2_Kawaii_Daycare********
2024-06-18 17:43:24,021 - INFO - *******successfully saved********
2024-06-18 17:43:24,021 - INFO - ***************Giant_Paddle_Golf********************
2024-06-18 17:43:24,021 - INFO - *******134_1_Giant_Paddle_Golf********
2024-06-18 17:43:30,134 - INFO - *******successfully saved********
2024-06-18 17:43:30,134 - INFO - *******132_1_Giant_Paddle_Golf********
2024-06-18 17:43:32,465 - INFO - *******successfully saved********
2024-06-18 17:43:32,465 - INFO - *******133_1_Giant_Paddle_Golf********
2024-06-18 17:43:36,078 - INFO - *******successfully saved********
2024-06-18 17:43:36,078 - INFO - *******125_1_Giant_Paddle_Golf********
2024-06-18 17:43:38,258 - INFO - *******successfully saved********
2024-06-18 17:43:38,258 - INFO - *******130_1_Giant_Paddle_Golf********
2024-06-18 17:43:40,906 - INFO - *******successfully saved********
2024-06-18 17:43:40,906 - INFO - *******127_1_Giant_Paddle_Golf********
2024-06-18 17:43:44,207 - INFO - *******successfully saved********
2024-06-18 17:43:44,207 - INFO - *******126_1_Giant_Paddle_Golf********
2024-06-18 17:43:47,729 - INFO - *******successfully saved********
2024-06-18 17:43:47,729 - INFO - *******131_1_Giant_Paddle_Golf********
2024-06-18 17:43:49,937 - INFO - *******successfully saved********
2024-06-18 17:43:49,937 - INFO - *******129_1_Giant_Paddle_Golf********
2024-06-18 17:43:51,884 - INFO - *******successfully saved********
2024-06-18 17:43:51,884 - INFO - ***************City_Parkour********************
2024-06-18 17:43:51,884 - INFO - *******146_1_City_Parkour********
2024-06-18 17:43:56,142 - INFO - *******successfully saved********
2024-06-18 17:43:56,142 - INFO - *******150_2_City_Parkour********
2024-06-18 17:44:00,584 - INFO - *******successfully saved********
2024-06-18 17:44:00,585 - INFO - *******148_1_City_Parkour********
2024-06-18 17:44:03,870 - INFO - *******successfully saved********
2024-06-18 17:44:03,870 - INFO - *******153_2_City_Parkour********
2024-06-18 17:44:04,997 - INFO - *******successfully saved********
2024-06-18 17:44:04,997 - INFO - *******147_2_City_Parkour********
2024-06-18 17:44:05,603 - INFO - *******successfully saved********
2024-06-18 17:44:05,603 - INFO - *******149_1_City_Parkour********
2024-06-18 17:44:07,028 - INFO - *******successfully saved********
2024-06-18 17:44:07,028 - INFO - *******155_1_City_Parkour********
2024-06-18 17:44:10,761 - INFO - *******successfully saved********
2024-06-18 17:44:10,761 - INFO - *******154_2_City_Parkour********
2024-06-18 17:44:12,682 - INFO - *******successfully saved********
2024-06-18 17:44:12,682 - INFO - *******152_2_City_Parkour********
2024-06-18 17:44:16,660 - INFO - *******successfully saved********
2024-06-18 17:44:16,660 - INFO - ***************Slash_RPG********************
2024-06-18 17:44:16,660 - INFO - *******104_2_Slash_RPG********
2024-06-18 17:44:24,292 - INFO - *******successfully saved********
2024-06-18 17:44:24,292 - INFO - *******107_2_Slash_RPG********
2024-06-18 17:44:29,746 - INFO - *******successfully saved********
2024-06-18 17:44:29,746 - INFO - *******111_2_Slash_RPG********
2024-06-18 17:44:34,120 - INFO - *******successfully saved********
2024-06-18 17:44:34,120 - INFO - *******106_2_Slash_RPG********
2024-06-18 17:44:37,394 - INFO - *******successfully saved********
2024-06-18 17:44:37,394 - INFO - *******113_2_Slash_RPG********
2024-06-18 17:44:42,096 - INFO - *******successfully saved********
2024-06-18 17:44:42,096 - INFO - *******109_2_Slash_RPG********
2024-06-18 17:44:45,532 - INFO - *******successfully saved********
2024-06-18 17:44:45,532 - INFO - *******108_1_Slash_RPG********
2024-06-18 17:44:51,334 - INFO - *******successfully saved********
2024-06-18 17:44:51,334 - INFO - *******112_2_Slash_RPG********
2024-06-18 17:44:54,283 - INFO - *******successfully saved********
2024-06-18 17:44:54,283 - INFO - *******110_2_Slash_RPG********
2024-06-18 17:44:58,550 - INFO - *******successfully saved********
2024-06-18 17:44:58,550 - INFO - *******105_2_Slash_RPG********
2024-06-18 17:45:01,786 - INFO - *******successfully saved********
2024-06-18 17:45:01,786 - INFO - *******114_2_Slash_RPG********
2024-06-18 17:45:06,469 - INFO - *******successfully saved********
2024-06-18 17:45:06,469 - INFO - ***************Pirate_Life********************
2024-06-18 17:45:06,469 - INFO - *******109_1_Pirate_Life********
2024-06-18 17:45:11,627 - INFO - *******successfully saved********
2024-06-18 17:45:11,628 - INFO - *******106_1_Pirate_Life********
2024-06-18 17:45:14,231 - INFO - *******successfully saved********
2024-06-18 17:45:14,231 - INFO - *******114_1_Pirate_Life********
2024-06-18 17:45:20,022 - INFO - *******successfully saved********
2024-06-18 17:45:20,022 - INFO - *******107_1_Pirate_Life********
2024-06-18 17:45:26,832 - INFO - *******successfully saved********
2024-06-18 17:45:26,832 - INFO - *******111_1_Pirate_Life********
2024-06-18 17:45:34,153 - INFO - *******successfully saved********
2024-06-18 17:45:34,153 - INFO - *******110_1_Pirate_Life********
2024-06-18 17:45:44,323 - INFO - *******successfully saved********
2024-06-18 17:45:44,323 - INFO - *******104_1_Pirate_Life********
2024-06-18 17:45:51,256 - INFO - *******successfully saved********
2024-06-18 17:45:51,256 - INFO - *******105_1_Pirate_Life********
2024-06-18 17:45:56,383 - INFO - *******successfully saved********
2024-06-18 17:45:56,383 - INFO - *******108_2_Pirate_Life********
2024-06-18 17:46:05,421 - INFO - *******successfully saved********
2024-06-18 17:46:05,421 - INFO - *******112_1_Pirate_Life********
2024-06-18 17:46:10,520 - INFO - *******successfully saved********
2024-06-18 17:46:10,520 - INFO - ***************Zombie********************
2024-06-18 17:46:10,520 - INFO - *******115_1_Zombie********
2024-06-18 17:46:15,278 - INFO - *******successfully saved********
2024-06-18 17:46:15,278 - INFO - *******118_2_Zombie********
2024-06-18 17:46:18,699 - INFO - *******successfully saved********
2024-06-18 17:46:18,699 - INFO - *******119_1_Zombie********
2024-06-18 17:46:23,752 - INFO - *******successfully saved********
2024-06-18 17:46:23,752 - INFO - *******124_1_Zombie********
2024-06-18 17:46:28,060 - INFO - *******successfully saved********
2024-06-18 17:46:28,060 - INFO - *******121_2_Zombie********
2024-06-18 17:46:32,869 - INFO - *******successfully saved********
2024-06-18 17:46:32,869 - INFO - *******116_2_Zombie********
2024-06-18 17:46:39,018 - INFO - *******successfully saved********
2024-06-18 17:46:39,018 - INFO - *******117_1_Zombie********
2024-06-18 17:46:42,099 - INFO - *******successfully saved********
2024-06-18 17:46:42,099 - INFO - *******123_1_Zombie********
2024-06-18 17:46:45,884 - INFO - *******successfully saved********
2024-06-18 17:46:45,884 - INFO - *******120_1_Zombie********
2024-06-18 17:46:50,232 - INFO - *******successfully saved********
2024-06-18 17:46:50,232 - INFO - ***************VR_Classroom********************
2024-06-18 17:46:50,232 - INFO - *******101_2_VR_Classroom********
2024-06-18 17:46:57,905 - INFO - *******successfully saved********
2024-06-18 17:46:57,905 - INFO - *******98_2_VR_Classroom********
2024-06-18 17:47:04,479 - INFO - *******successfully saved********
2024-06-18 17:47:04,480 - INFO - *******95_2_VR_Classroom********
2024-06-18 17:47:12,989 - INFO - *******successfully saved********
2024-06-18 17:47:12,989 - INFO - *******99_2_VR_Classroom********
2024-06-18 17:47:21,643 - INFO - *******successfully saved********
2024-06-18 17:47:21,643 - INFO - *******93_2_VR_Classroom********
2024-06-18 17:47:28,172 - INFO - *******successfully saved********
2024-06-18 17:47:28,172 - INFO - *******97_2_VR_Classroom********
2024-06-18 17:47:37,070 - INFO - *******successfully saved********
2024-06-18 17:47:37,070 - INFO - ***************Horizon_Boxing********************
2024-06-18 17:47:37,070 - INFO - *******116_1_Horizon_Boxing********
2024-06-18 17:47:42,729 - INFO - *******successfully saved********
2024-06-18 17:47:42,729 - INFO - *******115_2_Horizon_Boxing********
2024-06-18 17:47:50,719 - INFO - *******successfully saved********
2024-06-18 17:47:50,719 - INFO - *******118_1_Horizon_Boxing********
2024-06-18 17:47:59,191 - INFO - *******successfully saved********
2024-06-18 17:47:59,191 - INFO - *******121_1_Horizon_Boxing********
2024-06-18 17:48:04,240 - INFO - *******successfully saved********
2024-06-18 17:48:04,240 - INFO - *******124_2_Horizon_Boxing********
2024-06-18 17:48:10,714 - INFO - *******successfully saved********
2024-06-18 17:48:10,715 - INFO - *******120_2_Horizon_Boxing********
2024-06-18 17:48:19,200 - INFO - *******successfully saved********
2024-06-18 17:48:19,200 - INFO - *******119_2_Horizon_Boxing********
2024-06-18 17:48:27,779 - INFO - *******successfully saved********
2024-06-18 17:48:27,779 - INFO - *******122_2_Horizon_Boxing********
2024-06-18 17:48:36,804 - INFO - *******successfully saved********
2024-06-18 17:48:36,804 - INFO - *******117_2_Horizon_Boxing********
2024-06-18 17:48:40,186 - INFO - *******successfully saved********
2024-06-18 17:48:40,186 - INFO - *******123_2_Horizon_Boxing********
2024-06-18 17:48:47,119 - INFO - *******successfully saved********
2024-06-18 17:48:47,120 - INFO - ***************Titanic_Simulation********************
2024-06-18 17:48:47,120 - INFO - *******101_1_Titanic_Simulation********
2024-06-18 17:48:51,887 - INFO - *******successfully saved********
2024-06-18 17:48:51,887 - INFO - *******93_1_Titanic_Simulation********
2024-06-18 17:48:59,466 - INFO - *******successfully saved********
2024-06-18 17:48:59,466 - INFO - *******97_1_Titanic_Simulation********
2024-06-18 17:49:04,793 - INFO - *******successfully saved********
2024-06-18 17:49:04,793 - INFO - *******98_1_Titanic_Simulation********
2024-06-18 17:49:11,217 - INFO - *******successfully saved********
2024-06-18 17:49:11,217 - INFO - *******95_1_Titanic_Simulation********
2024-06-18 17:49:18,168 - INFO - *******successfully saved********
2024-06-18 17:49:18,168 - INFO - *******99_1_Titanic_Simulation********
2024-06-18 17:49:24,245 - INFO - *******successfully saved********
2024-06-18 17:49:24,245 - INFO - ***************Out_Of_Control********************
2024-06-18 17:49:24,245 - INFO - *******173_2_Out_Of_Control********
2024-06-18 17:49:30,424 - INFO - *******successfully saved********
2024-06-18 17:49:30,425 - INFO - *******174_2_Out_Of_Control********
2024-06-18 17:49:34,444 - INFO - *******successfully saved********
2024-06-18 17:49:34,444 - INFO - *******172_2_Out_Of_Control********
2024-06-18 17:49:38,168 - INFO - *******successfully saved********
2024-06-18 17:49:38,168 - INFO - *******169_2_Out_Of_Control********
2024-06-18 17:49:40,418 - INFO - *******successfully saved********
2024-06-18 17:49:40,418 - INFO - *******167_2_Out_Of_Control********
2024-06-18 17:49:45,655 - INFO - *******successfully saved********
2024-06-18 17:49:45,655 - INFO - *******170_2_Out_Of_Control********
2024-06-18 17:49:53,571 - INFO - *******successfully saved********
2024-06-18 17:49:53,571 - INFO - *******166_2_Out_Of_Control********
2024-06-18 17:49:56,291 - INFO - *******successfully saved********
2024-06-18 17:49:56,291 - INFO - *******168_2_Out_Of_Control********
2024-06-18 17:50:02,590 - INFO - *******successfully saved********
2024-06-18 17:50:02,590 - INFO - ***************Geometry_Gunners********************
2024-06-18 17:50:02,590 - INFO - *******162_2_Geometry_Gunners********
2024-06-18 17:50:04,306 - INFO - *******successfully saved********
2024-06-18 17:50:04,306 - INFO - *******163_2_Geometry_Gunners********
2024-06-18 17:50:04,828 - INFO - *******successfully saved********
2024-06-18 17:50:04,828 - INFO - *******164_2_Geometry_Gunners********
2024-06-18 17:50:06,373 - INFO - *******successfully saved********
2024-06-18 17:50:06,373 - INFO - *******165_2_Geometry_Gunners********
2024-06-18 17:50:07,852 - INFO - *******successfully saved********
2024-06-18 17:50:07,852 - INFO - *******158_1_Geometry_Gunners********
2024-06-18 17:50:09,503 - INFO - *******successfully saved********
2024-06-18 17:50:09,503 - INFO - *******160_1_Geometry_Gunners********
2024-06-18 17:50:11,373 - INFO - *******successfully saved********
2024-06-18 17:50:11,373 - INFO - *******157_2_Geometry_Gunners********
2024-06-18 17:50:13,253 - INFO - *******successfully saved********
2024-06-18 17:50:13,253 - INFO - *******156_2_Geometry_Gunners********
2024-06-18 17:50:15,092 - INFO - *******successfully saved********
2024-06-18 17:50:15,092 - INFO - *******159_1_Geometry_Gunners********
2024-06-18 17:50:17,321 - INFO - *******successfully saved********
2024-06-18 17:50:17,321 - INFO - *******161_2_Geometry_Gunners********
2024-06-18 17:50:19,155 - INFO - *******successfully saved********
2024-06-18 17:50:19,155 - INFO - ***************Barnyard********************
2024-06-18 17:50:19,155 - INFO - *******165_1_Barnyard********
2024-06-18 17:50:22,037 - INFO - *******successfully saved********
2024-06-18 17:50:22,037 - INFO - *******164_1_Barnyard********
2024-06-18 17:50:26,342 - INFO - *******successfully saved********
2024-06-18 17:50:26,342 - INFO - *******163_1_Barnyard********
2024-06-18 17:50:29,701 - INFO - *******successfully saved********
2024-06-18 17:50:29,701 - INFO - *******159_2_Barnyard********
2024-06-18 17:50:34,703 - INFO - *******successfully saved********
2024-06-18 17:50:34,703 - INFO - *******162_1_Barnyard********
2024-06-18 17:50:39,420 - INFO - *******successfully saved********
2024-06-18 17:50:39,421 - INFO - *******158_2_Barnyard********
2024-06-18 17:50:43,483 - INFO - *******successfully saved********
2024-06-18 17:50:43,483 - INFO - *******157_1_Barnyard********
2024-06-18 17:50:50,068 - INFO - *******successfully saved********
2024-06-18 17:50:50,068 - INFO - *******160_2_Barnyard********
2024-06-18 17:50:53,265 - INFO - *******successfully saved********
2024-06-18 17:50:53,266 - INFO - *******161_1_Barnyard********
2024-06-18 17:50:55,497 - INFO - *******successfully saved********
2024-06-18 17:50:55,497 - INFO - *******156_1_Barnyard********
2024-06-18 17:50:59,455 - INFO - *******successfully saved********
2024-06-18 17:50:59,455 - INFO - ***************Canyon_Runners********************
2024-06-18 17:50:59,455 - INFO - *******174_1_Canyon_Runners********
2024-06-18 17:51:04,743 - INFO - *******successfully saved********
2024-06-18 17:51:04,743 - INFO - *******173_1_Canyon_Runners********
2024-06-18 17:51:07,917 - INFO - *******successfully saved********
2024-06-18 17:51:07,917 - INFO - *******169_1_Canyon_Runners********
2024-06-18 17:51:12,279 - INFO - *******successfully saved********
2024-06-18 17:51:12,279 - INFO - *******166_1_Canyon_Runners********
2024-06-18 17:51:16,840 - INFO - *******successfully saved********
2024-06-18 17:51:16,840 - INFO - *******170_1_Canyon_Runners********
2024-06-18 17:51:22,931 - INFO - *******successfully saved********
2024-06-18 17:51:22,931 - INFO - *******167_1_Canyon_Runners********
2024-06-18 17:51:29,264 - INFO - *******successfully saved********
2024-06-18 17:51:29,264 - INFO - *******171_1_Canyon_Runners********
2024-06-18 17:51:35,758 - INFO - *******successfully saved********
2024-06-18 17:51:35,758 - INFO - *******168_1_Canyon_Runners********
2024-06-18 17:51:41,515 - INFO - *******successfully saved********
2024-06-18 17:51:41,515 - INFO - *******172_1_Canyon_Runners********
2024-06-18 17:51:45,254 - INFO - *******successfully saved********
2024-06-18 17:51:45,254 - INFO - ***************Creature_Feature********************
2024-06-18 17:51:45,254 - INFO - *******150_1_Creature_Feature********
2024-06-18 17:51:48,187 - INFO - *******successfully saved********
2024-06-18 17:51:48,187 - INFO - *******146_2_Creature_Feature********
2024-06-18 17:51:51,951 - INFO - *******successfully saved********
2024-06-18 17:51:51,952 - INFO - *******152_1_Creature_Feature********
2024-06-18 17:51:55,438 - INFO - *******successfully saved********
2024-06-18 17:51:55,438 - INFO - *******153_1_Creature_Feature********
2024-06-18 17:51:59,392 - INFO - *******successfully saved********
2024-06-18 17:51:59,392 - INFO - *******154_1_Creature_Feature********
2024-06-18 17:52:03,171 - INFO - *******successfully saved********
2024-06-18 17:52:03,171 - INFO - *******155_2_Creature_Feature********
2024-06-18 17:52:07,147 - INFO - *******successfully saved********
2024-06-18 17:52:07,147 - INFO - *******151_1_Creature_Feature********
2024-06-18 17:52:09,432 - INFO - *******successfully saved********
2024-06-18 17:52:09,432 - INFO - *******147_1_Creature_Feature********
2024-06-18 17:52:14,579 - INFO - *******successfully saved********
2024-07-01 18:57:30,744 - INFO - --------------------------------aggregation starting----------------------------------------------------------------------------------
2024-07-01 18:57:30,744 - INFO - ***************Earth_Gym********************
2024-07-01 18:57:30,744 - INFO - *******5_2_Earth_Gym********
2024-07-01 18:57:35,238 - INFO - *******successfully saved********
2024-07-01 18:57:35,238 - INFO - *******10_2_Earth_Gym********
2024-07-01 18:57:37,531 - INFO - *******successfully saved********
2024-07-01 19:04:11,262 - INFO - --------------------------------aggregation starting----------------------------------------------------------------------------------
2024-07-01 19:04:11,262 - INFO - ***************Earth_Gym********************
2024-07-01 19:04:11,262 - INFO - *******5_2_Earth_Gym********
2024-07-01 19:04:14,634 - INFO - *******successfully saved********
2024-07-01 19:04:14,634 - INFO - *******10_2_Earth_Gym********
2024-07-01 19:04:16,393 - INFO - *******successfully saved********
2024-07-01 19:04:16,394 - INFO - *******8_2_Earth_Gym********
2024-07-01 19:04:20,350 - INFO - *******successfully saved********
2024-07-01 19:04:20,350 - INFO - *******7_1_Earth_Gym********
2024-07-01 19:04:23,196 - INFO - *******successfully saved********
2024-07-01 19:04:23,197 - INFO - *******9_1_Earth_Gym********
2024-07-01 19:04:27,440 - INFO - *******successfully saved********
2024-07-01 19:04:27,440 - INFO - ***************Wild_Quest********************
2024-07-01 19:04:27,440 - INFO - *******6_1_Wild_Quest********
2024-07-01 19:04:29,782 - INFO - *******successfully saved********
2024-07-01 19:04:29,782 - INFO - *******5_1_Wild_Quest********
2024-07-01 19:04:34,221 - INFO - *******successfully saved********
2024-07-01 19:04:34,221 - INFO - *******8_1_Wild_Quest********
2024-07-01 19:04:42,440 - INFO - *******successfully saved********
2024-07-01 19:04:42,440 - INFO - *******10_1_Wild_Quest********
2024-07-01 19:04:46,151 - INFO - *******successfully saved********
2024-07-01 19:04:46,151 - INFO - *******7_2_Wild_Quest********
2024-07-01 19:04:54,906 - INFO - *******successfully saved********
2024-07-01 19:04:54,906 - INFO - *******9_2_Wild_Quest********
2024-07-01 19:05:00,263 - INFO - *******successfully saved********
2024-07-01 19:05:00,264 - INFO - ***************Roommate********************
2024-07-01 19:05:00,264 - INFO - *******145_1_Roommate********
2024-07-01 19:05:06,099 - INFO - *******successfully saved********
2024-07-01 19:05:06,099 - INFO - *******142_1_Roommate********
2024-07-01 19:05:11,920 - INFO - *******successfully saved********
2024-07-01 19:05:11,921 - INFO - *******138_2_Roommate********
2024-07-01 19:05:17,326 - INFO - *******successfully saved********
2024-07-01 19:05:17,326 - INFO - *******144_2_Roommate********
2024-07-01 19:05:23,371 - INFO - *******successfully saved********
2024-07-01 19:05:23,371 - INFO - *******139_2_Roommate********
2024-07-01 19:05:28,504 - INFO - *******successfully saved********
2024-07-01 19:05:28,504 - INFO - *******136_2_Roommate********
2024-07-01 19:05:32,986 - INFO - *******successfully saved********
2024-07-01 19:05:32,986 - INFO - *******137_2_Roommate********
2024-07-01 19:05:36,547 - INFO - *******successfully saved********
2024-07-01 19:05:36,547 - INFO - *******140_2_Roommate********
2024-07-01 19:05:42,128 - INFO - *******successfully saved********
2024-07-01 19:05:42,128 - INFO - *******141_1_Roommate********
2024-07-01 19:05:47,658 - INFO - *******successfully saved********
2024-07-01 19:05:47,658 - INFO - *******143_2_Roommate********
2024-07-01 19:05:49,173 - INFO - *******successfully saved********
2024-07-01 19:05:49,173 - INFO - ***************Waffle_Restaurant********************
2024-07-01 19:05:49,173 - INFO - *******140_1_Waffle_Restaurant********
2024-07-01 19:05:51,197 - INFO - *******successfully saved********
2024-07-01 19:05:51,198 - INFO - *******135_1_Waffle_Restaurant********
2024-07-01 19:05:54,304 - INFO - *******successfully saved********
2024-07-01 19:05:54,304 - INFO - *******144_1_Waffle_Restaurant********
2024-07-01 19:05:58,048 - INFO - *******successfully saved********
2024-07-01 19:05:58,048 - INFO - *******143_1_Waffle_Restaurant********
2024-07-01 19:06:01,774 - INFO - *******successfully saved********
2024-07-01 19:06:01,774 - INFO - *******136_1_Waffle_Restaurant********
2024-07-01 19:06:05,734 - INFO - *******successfully saved********
2024-07-01 19:06:05,734 - INFO - *******145_2_Waffle_Restaurant********
2024-07-01 19:06:09,492 - INFO - *******successfully saved********
2024-07-01 19:06:09,492 - INFO - *******142_2_Waffle_Restaurant********
2024-07-01 19:06:14,702 - INFO - *******successfully saved********
2024-07-01 19:06:14,702 - INFO - *******137_1_Waffle_Restaurant********
2024-07-01 19:06:19,562 - INFO - *******successfully saved********
2024-07-01 19:06:19,562 - INFO - *******139_1_Waffle_Restaurant********
2024-07-01 19:06:24,286 - INFO - *******successfully saved********
2024-07-01 19:06:24,287 - INFO - *******138_1_Waffle_Restaurant********
2024-07-01 19:06:32,318 - INFO - *******successfully saved********
2024-07-01 19:06:32,318 - INFO - *******141_2_Waffle_Restaurant********
2024-07-01 19:06:36,849 - INFO - *******successfully saved********
2024-07-01 19:06:36,849 - INFO - ***************UFO_crash_site_venue********************
2024-07-01 19:06:36,849 - INFO - *******60_2_UFO_crash_site_venue********
2024-07-01 19:06:43,667 - INFO - *******successfully saved********
2024-07-01 19:06:43,667 - INFO - *******58_2_UFO_crash_site_venue********
2024-07-01 19:06:43,919 - INFO - *******successfully saved********
2024-07-01 19:06:43,919 - INFO - *******55_2_UFO_crash_site_venue********
2024-07-01 19:06:44,171 - INFO - *******successfully saved********
2024-07-01 19:06:44,172 - INFO - *******56_2_UFO_crash_site_venue********
2024-07-01 19:06:51,958 - INFO - *******successfully saved********
2024-07-01 19:06:51,958 - INFO - *******54_1_UFO_crash_site_venue********
2024-07-01 19:06:57,552 - INFO - *******successfully saved********
2024-07-01 19:06:57,552 - INFO - ***************The_aquarium********************
2024-07-01 19:06:57,552 - INFO - *******61_1_The_aquarium********
2024-07-01 19:06:58,770 - INFO - *******successfully saved********
2024-07-01 19:06:58,770 - INFO - *******56_1_The_aquarium********
2024-07-01 19:07:00,450 - INFO - *******successfully saved********
2024-07-01 19:07:00,450 - INFO - *******55_1_The_aquarium********
2024-07-01 19:07:00,592 - INFO - *******successfully saved********
2024-07-01 19:07:00,592 - INFO - *******60_1_The_aquarium********
2024-07-01 19:07:02,388 - INFO - *******successfully saved********
2024-07-01 19:07:02,388 - INFO - *******53_2_The_aquarium********
2024-07-01 19:07:03,717 - INFO - *******successfully saved********
2024-07-01 19:07:03,717 - INFO - *******54_2_The_aquarium********
2024-07-01 19:07:05,159 - INFO - *******successfully saved********
2024-07-01 19:07:05,159 - INFO - ***************Kowloon********************
2024-07-01 19:07:05,159 - INFO - *******66_2_Kowloon********
2024-07-01 19:07:05,308 - INFO - *******successfully saved********
2024-07-01 19:07:05,309 - INFO - *******63_1_Kowloon********
2024-07-01 19:07:05,810 - INFO - *******successfully saved********
2024-07-01 19:07:05,810 - INFO - *******65_1_Kowloon********
2024-07-01 19:07:12,121 - INFO - *******successfully saved********
2024-07-01 19:07:12,121 - INFO - *******68_1_Kowloon********
2024-07-01 19:07:18,976 - INFO - *******successfully saved********
2024-07-01 19:07:18,976 - INFO - *******71_2_Kowloon********
2024-07-01 19:07:19,187 - INFO - *******successfully saved********
2024-07-01 19:07:19,187 - INFO - *******72_2_Kowloon********
2024-07-01 19:07:26,509 - INFO - *******successfully saved********
2024-07-01 19:07:26,509 - INFO - *******70_2_Kowloon********
2024-07-01 19:07:30,806 - INFO - *******successfully saved********
2024-07-01 19:07:30,806 - INFO - ***************Wake_the_Robot********************
2024-07-01 19:07:30,806 - INFO - *******70_1_Wake_the_Robot********
2024-07-01 19:07:34,583 - INFO - *******successfully saved********
2024-07-01 19:07:34,583 - INFO - *******66_1_Wake_the_Robot********
2024-07-01 19:07:34,746 - INFO - *******successfully saved********
2024-07-01 19:07:34,746 - INFO - *******68_2_Wake_the_Robot********
2024-07-01 19:07:41,609 - INFO - *******successfully saved********
2024-07-01 19:07:41,609 - INFO - *******63_2_Wake_the_Robot********
2024-07-01 19:07:41,783 - INFO - *******successfully saved********
2024-07-01 19:07:41,783 - INFO - *******65_2_Wake_the_Robot********
2024-07-01 19:07:47,318 - INFO - *******successfully saved********
2024-07-01 19:07:47,318 - INFO - *******67_1_Wake_the_Robot********
2024-07-01 19:07:47,437 - INFO - *******successfully saved********
2024-07-01 19:07:47,438 - INFO - *******71_1_Wake_the_Robot********
2024-07-01 19:07:47,517 - INFO - *******successfully saved********
2024-07-01 19:07:47,517 - INFO - *******72_1_Wake_the_Robot********
2024-07-01 19:07:52,780 - INFO - *******successfully saved********
2024-07-01 19:07:52,780 - INFO - ***************Scifi_Sandbox********************
2024-07-01 19:07:52,780 - INFO - *******46_1_Scifi_Sandbox********
2024-07-01 19:07:57,711 - INFO - *******successfully saved********
2024-07-01 19:07:57,711 - INFO - *******51_1_Scifi_Sandbox********
2024-07-01 19:08:04,035 - INFO - *******successfully saved********
2024-07-01 19:08:04,035 - INFO - *******50_1_Scifi_Sandbox********
2024-07-01 19:08:09,046 - INFO - *******successfully saved********
2024-07-01 19:08:09,046 - INFO - *******52_2_Scifi_Sandbox********
2024-07-01 19:08:09,307 - INFO - *******successfully saved********
2024-07-01 19:08:09,307 - INFO - *******48_1_Scifi_Sandbox********
2024-07-01 19:08:09,386 - INFO - *******successfully saved********
2024-07-01 19:08:09,386 - INFO - *******44_2_Scifi_Sandbox********
2024-07-01 19:08:16,426 - INFO - *******successfully saved********
2024-07-01 19:08:16,427 - INFO - ***************Citadel********************
2024-07-01 19:08:16,427 - INFO - *******32_1_Citadel********
2024-07-01 19:08:22,942 - INFO - *******successfully saved********
2024-07-01 19:08:22,942 - INFO - *******41_2_Citadel********
2024-07-01 19:08:30,100 - INFO - *******successfully saved********
2024-07-01 19:08:30,100 - INFO - *******37_1_Citadel********
2024-07-01 19:08:40,475 - INFO - *******successfully saved********
2024-07-01 19:08:40,475 - INFO - *******38_2_Citadel********
2024-07-01 19:08:48,027 - INFO - *******successfully saved********
2024-07-01 19:08:48,027 - INFO - ***************Super_Rumble********************
2024-07-01 19:08:48,027 - INFO - *******41_1_Super_Rumble********
2024-07-01 19:08:54,139 - INFO - *******successfully saved********
2024-07-01 19:08:54,139 - INFO - *******37_2_Super_Rumble********
2024-07-01 19:09:00,145 - INFO - *******successfully saved********
2024-07-01 19:09:00,145 - INFO - *******33_2_Super_Rumble********
2024-07-01 19:09:12,640 - INFO - *******successfully saved********
2024-07-01 19:09:12,640 - INFO - *******32_2_Super_Rumble********
2024-07-01 19:09:17,991 - INFO - *******successfully saved********
2024-07-01 19:09:17,992 - INFO - *******35_1_Super_Rumble********
2024-07-01 19:09:20,144 - INFO - *******successfully saved********
2024-07-01 19:09:20,144 - INFO - ***************Arena_Clash********************
2024-07-01 19:09:20,144 - INFO - *******52_1_Arena_Clash********
2024-07-01 19:09:20,488 - INFO - *******successfully saved********
2024-07-01 19:09:20,488 - INFO - *******50_2_Arena_Clash********
2024-07-01 19:09:28,653 - INFO - *******successfully saved********
2024-07-01 19:09:28,653 - INFO - *******46_2_Arena_Clash********
2024-07-01 19:09:38,982 - INFO - *******successfully saved********
2024-07-01 19:09:38,982 - INFO - *******51_2_Arena_Clash********
2024-07-01 19:09:48,495 - INFO - *******successfully saved********
2024-07-01 19:09:48,495 - INFO - *******44_1_Arena_Clash********
2024-07-01 19:09:51,583 - INFO - *******successfully saved********
2024-07-01 19:09:51,583 - INFO - ***************Venues********************
2024-07-01 19:09:51,583 - INFO - *******75_2_Venues********
2024-07-01 19:09:58,345 - INFO - *******successfully saved********
2024-07-01 19:09:58,345 - INFO - *******82_2_Venues********
2024-07-01 19:10:02,996 - INFO - *******successfully saved********
2024-07-01 19:10:02,996 - INFO - *******77_2_Venues********
2024-07-01 19:10:07,919 - INFO - *******successfully saved********
2024-07-01 19:10:07,919 - INFO - *******74_2_Venues********
2024-07-01 19:10:12,520 - INFO - *******successfully saved********
2024-07-01 19:10:12,520 - INFO - *******79_2_Venues********
2024-07-01 19:10:14,806 - INFO - *******successfully saved********
2024-07-01 19:10:14,806 - INFO - ***************Superhero_Arena********************
2024-07-01 19:10:14,806 - INFO - *******79_1_Superhero_Arena********
2024-07-01 19:10:20,258 - INFO - *******successfully saved********
2024-07-01 19:10:20,258 - INFO - *******77_1_Superhero_Arena********
2024-07-01 19:10:20,795 - INFO - *******successfully saved********
2024-07-01 19:10:20,795 - INFO - *******81_1_Superhero_Arena********
2024-07-01 19:10:24,444 - INFO - *******successfully saved********
2024-07-01 19:10:24,445 - INFO - ***************Army_Men********************
2024-07-01 19:10:24,445 - INFO - *******28_2_Army_Men********
2024-07-01 19:10:32,702 - INFO - *******successfully saved********
2024-07-01 19:10:32,703 - INFO - *******30_2_Army_Men********
2024-07-01 19:10:39,553 - INFO - *******successfully saved********
2024-07-01 19:10:39,553 - INFO - *******26_1_Army_Men********
2024-07-01 19:10:48,030 - INFO - *******successfully saved********
2024-07-01 19:10:48,030 - INFO - *******27_1_Army_Men********
2024-07-01 19:10:56,116 - INFO - *******successfully saved********
2024-07-01 19:10:56,116 - INFO - *******24_1_Army_Men********
2024-07-01 19:11:02,465 - INFO - *******successfully saved********
2024-07-01 19:11:02,465 - INFO - *******22_1_Army_Men********
2024-07-01 19:11:12,586 - INFO - *******successfully saved********
2024-07-01 19:11:12,587 - INFO - *******21_1_Army_Men********
2024-07-01 19:11:19,750 - INFO - *******successfully saved********
2024-07-01 19:11:19,751 - INFO - ***************Bobber_Bay_Fishing********************
2024-07-01 19:11:19,751 - INFO - *******30_1_Bobber_Bay_Fishing********
2024-07-01 19:11:25,886 - INFO - *******successfully saved********
2024-07-01 19:11:25,886 - INFO - *******27_2_Bobber_Bay_Fishing********
2024-07-01 19:11:28,816 - INFO - *******successfully saved********
2024-07-01 19:11:28,816 - INFO - *******29_2_Bobber_Bay_Fishing********
2024-07-01 19:11:31,705 - INFO - *******successfully saved********
2024-07-01 19:11:31,705 - INFO - *******26_2_Bobber_Bay_Fishing********
2024-07-01 19:11:36,429 - INFO - *******successfully saved********
2024-07-01 19:11:36,429 - INFO - *******24_2_Bobber_Bay_Fishing********
2024-07-01 19:11:40,250 - INFO - *******successfully saved********
2024-07-01 19:11:40,250 - INFO - *******21_2_Bobber_Bay_Fishing********
2024-07-01 19:11:47,802 - INFO - *******successfully saved********
2024-07-01 19:11:47,802 - INFO - *******22_2_Bobber_Bay_Fishing********
2024-07-01 19:11:55,545 - INFO - *******successfully saved********
2024-07-01 19:11:55,545 - INFO - ***************Mars_Miners********************
2024-07-01 19:11:55,545 - INFO - *******16_1_Mars_Miners********
2024-07-01 19:12:02,233 - INFO - *******successfully saved********
2024-07-01 19:12:02,234 - INFO - *******18_1_Mars_Miners********
2024-07-01 19:12:14,228 - INFO - *******successfully saved********
2024-07-01 19:12:14,228 - INFO - *******17_1_Mars_Miners********
2024-07-01 19:12:25,945 - INFO - *******successfully saved********
2024-07-01 19:12:25,945 - INFO - *******15_1_Mars_Miners********
2024-07-01 19:12:28,959 - INFO - *******successfully saved********
2024-07-01 19:12:28,959 - INFO - *******11_2_Mars_Miners********
2024-07-01 19:12:30,488 - INFO - *******successfully saved********
2024-07-01 19:12:30,488 - INFO - *******12_2_Mars_Miners********
2024-07-01 19:12:32,853 - INFO - *******successfully saved********
2024-07-01 19:12:32,853 - INFO - *******19_1_Mars_Miners********
2024-07-01 19:12:39,438 - INFO - *******successfully saved********
2024-07-01 19:12:39,438 - INFO - ***************American_Idol********************
2024-07-01 19:12:39,438 - INFO - *******15_2_American_Idol********
2024-07-01 19:12:45,813 - INFO - *******successfully saved********
2024-07-01 19:12:45,813 - INFO - *******17_2_American_Idol********
2024-07-01 19:12:53,801 - INFO - *******successfully saved********
2024-07-01 19:12:53,801 - INFO - *******16_2_American_Idol********
2024-07-01 19:13:00,589 - INFO - *******successfully saved********
2024-07-01 19:13:00,589 - INFO - *******19_2_American_Idol********
2024-07-01 19:13:06,432 - INFO - *******successfully saved********
2024-07-01 19:13:06,432 - INFO - *******12_1_American_Idol********
2024-07-01 19:13:16,915 - INFO - *******successfully saved********
2024-07-01 19:13:16,915 - INFO - *******11_1_American_Idol********
2024-07-01 19:13:28,108 - INFO - *******successfully saved********
2024-07-01 19:13:28,108 - INFO - ***************Metdonalds********************
2024-07-01 19:13:28,108 - INFO - *******84_2_Metdonalds********
2024-07-01 19:13:32,398 - INFO - *******successfully saved********
2024-07-01 19:13:32,398 - INFO - *******85_1_Metdonalds********
2024-07-01 19:13:34,835 - INFO - *******successfully saved********
2024-07-01 19:13:34,835 - INFO - *******83_2_Metdonalds********
2024-07-01 19:13:38,886 - INFO - *******successfully saved********
2024-07-01 19:13:38,886 - INFO - *******92_1_Metdonalds********
2024-07-01 19:13:41,792 - INFO - *******successfully saved********
2024-07-01 19:13:41,792 - INFO - *******89_1_Metdonalds********
2024-07-01 19:13:47,266 - INFO - *******successfully saved********
2024-07-01 19:13:47,266 - INFO - *******91_1_Metdonalds********
2024-07-01 19:13:55,424 - INFO - *******successfully saved********
2024-07-01 19:13:55,424 - INFO - ***************3D_Play_House********************
2024-07-01 19:13:55,424 - INFO - *******84_1_3D_Play_House********
2024-07-01 19:14:01,797 - INFO - *******successfully saved********
2024-07-01 19:14:01,797 - INFO - *******92_2_3D_Play_House********
2024-07-01 19:14:06,095 - INFO - *******successfully saved********
2024-07-01 19:14:06,095 - INFO - *******89_2_3D_Play_House********
2024-07-01 19:14:14,223 - INFO - *******successfully saved********
2024-07-01 19:14:14,223 - INFO - *******91_2_3D_Play_House********
2024-07-01 19:14:24,894 - INFO - *******successfully saved********
2024-07-01 19:14:24,894 - INFO - *******85_2_3D_Play_House********
2024-07-01 19:14:29,823 - INFO - *******successfully saved********
2024-07-01 19:14:29,823 - INFO - ***************Kawaii_Daycare********************
2024-07-01 19:14:29,823 - INFO - *******132_2_Kawaii_Daycare********
2024-07-01 19:14:35,297 - INFO - *******successfully saved********
2024-07-01 19:14:35,297 - INFO - *******133_2_Kawaii_Daycare********
2024-07-01 19:14:42,857 - INFO - *******successfully saved********
2024-07-01 19:14:42,857 - INFO - *******134_2_Kawaii_Daycare********
2024-07-01 19:14:45,657 - INFO - *******successfully saved********
2024-07-01 19:14:45,658 - INFO - *******127_2_Kawaii_Daycare********
2024-07-01 19:14:53,561 - INFO - *******successfully saved********
2024-07-01 19:14:53,561 - INFO - *******128_2_Kawaii_Daycare********
2024-07-01 19:14:55,547 - INFO - *******successfully saved********
2024-07-01 19:14:55,547 - INFO - *******125_2_Kawaii_Daycare********
2024-07-01 19:15:02,103 - INFO - *******successfully saved********
2024-07-01 19:15:02,103 - INFO - *******130_2_Kawaii_Daycare********
2024-07-01 19:15:06,488 - INFO - *******successfully saved********
2024-07-01 19:15:06,488 - INFO - *******126_2_Kawaii_Daycare********
2024-07-01 19:15:10,503 - INFO - *******successfully saved********
2024-07-01 19:15:10,503 - INFO - *******129_2_Kawaii_Daycare********
2024-07-01 19:15:13,724 - INFO - *******successfully saved********
2024-07-01 19:15:13,724 - INFO - ***************Giant_Paddle_Golf********************
2024-07-01 19:15:13,724 - INFO - *******134_1_Giant_Paddle_Golf********
2024-07-01 19:15:22,366 - INFO - *******successfully saved********
2024-07-01 19:15:22,366 - INFO - *******132_1_Giant_Paddle_Golf********
2024-07-01 19:15:25,712 - INFO - *******successfully saved********
2024-07-01 19:15:25,712 - INFO - *******133_1_Giant_Paddle_Golf********
2024-07-01 19:15:30,763 - INFO - *******successfully saved********
2024-07-01 19:15:30,763 - INFO - *******125_1_Giant_Paddle_Golf********
2024-07-01 19:15:33,804 - INFO - *******successfully saved********
2024-07-01 19:15:33,804 - INFO - *******130_1_Giant_Paddle_Golf********
2024-07-01 19:15:37,570 - INFO - *******successfully saved********
2024-07-01 19:15:37,570 - INFO - *******127_1_Giant_Paddle_Golf********
2024-07-01 19:15:42,379 - INFO - *******successfully saved********
2024-07-01 19:15:42,379 - INFO - *******126_1_Giant_Paddle_Golf********
2024-07-01 19:15:47,411 - INFO - *******successfully saved********
2024-07-01 19:15:47,412 - INFO - *******131_1_Giant_Paddle_Golf********
2024-07-01 19:15:50,587 - INFO - *******successfully saved********
2024-07-01 19:15:50,587 - INFO - *******129_1_Giant_Paddle_Golf********
2024-07-01 19:15:53,289 - INFO - *******successfully saved********
2024-07-01 19:15:53,289 - INFO - ***************City_Parkour********************
2024-07-01 19:15:53,289 - INFO - *******146_1_City_Parkour********
2024-07-01 19:15:59,377 - INFO - *******successfully saved********
2024-07-01 19:15:59,377 - INFO - *******150_2_City_Parkour********
2024-07-01 19:16:05,778 - INFO - *******successfully saved********
2024-07-01 19:16:05,778 - INFO - *******148_1_City_Parkour********
2024-07-01 19:16:10,386 - INFO - *******successfully saved********
2024-07-01 19:16:10,386 - INFO - *******153_2_City_Parkour********
2024-07-01 19:16:11,923 - INFO - *******successfully saved********
2024-07-01 19:16:11,923 - INFO - *******147_2_City_Parkour********
2024-07-01 19:16:12,837 - INFO - *******successfully saved********
2024-07-01 19:16:12,837 - INFO - *******149_1_City_Parkour********
2024-07-01 19:16:14,845 - INFO - *******successfully saved********
2024-07-01 19:16:14,845 - INFO - *******155_1_City_Parkour********
2024-07-01 19:16:20,058 - INFO - *******successfully saved********
2024-07-01 19:16:20,058 - INFO - *******154_2_City_Parkour********
2024-07-01 19:16:22,499 - INFO - *******successfully saved********
2024-07-01 19:16:22,499 - INFO - *******152_2_City_Parkour********
2024-07-01 19:16:28,204 - INFO - *******successfully saved********
2024-07-01 19:16:28,204 - INFO - ***************Slash_RPG********************
2024-07-01 19:16:28,204 - INFO - *******104_2_Slash_RPG********
2024-07-01 19:16:39,288 - INFO - *******successfully saved********
2024-07-01 19:16:39,288 - INFO - *******107_2_Slash_RPG********
2024-07-01 19:16:46,999 - INFO - *******successfully saved********
2024-07-01 19:16:46,999 - INFO - *******111_2_Slash_RPG********
2024-07-01 19:16:53,302 - INFO - *******successfully saved********
2024-07-01 19:16:53,302 - INFO - *******106_2_Slash_RPG********
2024-07-01 19:16:57,885 - INFO - *******successfully saved********
2024-07-01 19:16:57,885 - INFO - *******113_2_Slash_RPG********
2024-07-01 19:17:04,744 - INFO - *******successfully saved********
2024-07-01 19:17:04,744 - INFO - *******109_2_Slash_RPG********
2024-07-01 19:17:09,714 - INFO - *******successfully saved********
2024-07-01 19:17:09,714 - INFO - *******108_1_Slash_RPG********
2024-07-01 19:17:18,148 - INFO - *******successfully saved********
2024-07-01 19:17:18,149 - INFO - *******112_2_Slash_RPG********
2024-07-01 19:17:22,439 - INFO - *******successfully saved********
2024-07-01 19:17:22,439 - INFO - *******110_2_Slash_RPG********
2024-07-01 19:17:28,752 - INFO - *******successfully saved********
2024-07-01 19:17:28,752 - INFO - *******105_2_Slash_RPG********
2024-07-01 19:17:33,372 - INFO - *******successfully saved********
2024-07-01 19:17:33,372 - INFO - *******114_2_Slash_RPG********
2024-07-01 19:17:40,251 - INFO - *******successfully saved********
2024-07-01 19:17:40,251 - INFO - ***************Pirate_Life********************
2024-07-01 19:17:40,251 - INFO - *******109_1_Pirate_Life********
2024-07-01 19:17:47,825 - INFO - *******successfully saved********
2024-07-01 19:17:47,825 - INFO - *******106_1_Pirate_Life********
2024-07-01 19:17:51,376 - INFO - *******successfully saved********
2024-07-01 19:17:51,376 - INFO - *******114_1_Pirate_Life********
2024-07-01 19:17:56,541 - INFO - *******successfully saved********
2024-07-01 19:17:56,541 - INFO - *******107_1_Pirate_Life********
2024-07-01 19:18:02,402 - INFO - *******successfully saved********
2024-07-01 19:18:02,402 - INFO - *******111_1_Pirate_Life********
2024-07-01 19:18:08,752 - INFO - *******successfully saved********
2024-07-01 19:18:08,752 - INFO - *******110_1_Pirate_Life********
2024-07-01 19:18:17,652 - INFO - *******successfully saved********
2024-07-01 19:18:17,653 - INFO - *******104_1_Pirate_Life********
2024-07-01 19:18:23,733 - INFO - *******successfully saved********
2024-07-01 19:18:23,733 - INFO - *******105_1_Pirate_Life********
2024-07-01 19:18:28,322 - INFO - *******successfully saved********
2024-07-01 19:18:28,322 - INFO - *******108_2_Pirate_Life********
2024-07-01 19:18:36,308 - INFO - *******successfully saved********
2024-07-01 19:18:36,308 - INFO - *******112_1_Pirate_Life********
2024-07-01 19:18:40,825 - INFO - *******successfully saved********
2024-07-01 19:18:40,826 - INFO - ***************Zombie********************
2024-07-01 19:18:40,826 - INFO - *******115_1_Zombie********
2024-07-01 19:18:44,860 - INFO - *******successfully saved********
2024-07-01 19:18:44,860 - INFO - *******118_2_Zombie********
2024-07-01 19:18:47,752 - INFO - *******successfully saved********
2024-07-01 19:18:47,752 - INFO - *******119_1_Zombie********
2024-07-01 19:18:52,339 - INFO - *******successfully saved********
2024-07-01 19:18:52,340 - INFO - *******124_1_Zombie********
2024-07-01 19:18:56,020 - INFO - *******successfully saved********
2024-07-01 19:18:56,020 - INFO - *******121_2_Zombie********
2024-07-01 19:19:00,281 - INFO - *******successfully saved********
2024-07-01 19:19:00,281 - INFO - *******116_2_Zombie********
2024-07-01 19:19:05,495 - INFO - *******successfully saved********
2024-07-01 19:19:05,495 - INFO - *******117_1_Zombie********
2024-07-01 19:19:08,238 - INFO - *******successfully saved********
2024-07-01 19:19:08,238 - INFO - *******123_1_Zombie********
2024-07-01 19:19:11,634 - INFO - *******successfully saved********
2024-07-01 19:19:11,634 - INFO - *******120_1_Zombie********
2024-07-01 19:19:15,413 - INFO - *******successfully saved********
2024-07-01 19:19:15,413 - INFO - ***************VR_Classroom********************
2024-07-01 19:19:15,413 - INFO - *******101_2_VR_Classroom********
2024-07-01 19:19:22,088 - INFO - *******successfully saved********
2024-07-01 19:19:22,088 - INFO - *******98_2_VR_Classroom********
2024-07-01 19:19:27,696 - INFO - *******successfully saved********
2024-07-01 19:19:27,696 - INFO - *******95_2_VR_Classroom********
2024-07-01 19:19:35,125 - INFO - *******successfully saved********
2024-07-01 19:19:35,125 - INFO - *******99_2_VR_Classroom********
2024-07-01 19:19:42,599 - INFO - *******successfully saved********
2024-07-01 19:19:42,599 - INFO - *******93_2_VR_Classroom********
2024-07-01 19:19:48,326 - INFO - *******successfully saved********
2024-07-01 19:19:48,327 - INFO - *******97_2_VR_Classroom********
2024-07-01 19:19:56,076 - INFO - *******successfully saved********
2024-07-01 19:19:56,076 - INFO - ***************Horizon_Boxing********************
2024-07-01 19:19:56,076 - INFO - *******116_1_Horizon_Boxing********
2024-07-01 19:20:00,866 - INFO - *******successfully saved********
2024-07-01 19:20:00,866 - INFO - *******115_2_Horizon_Boxing********
2024-07-01 19:20:07,659 - INFO - *******successfully saved********
2024-07-01 19:20:07,659 - INFO - *******118_1_Horizon_Boxing********
2024-07-01 19:20:14,780 - INFO - *******successfully saved********
2024-07-01 19:20:14,780 - INFO - *******121_1_Horizon_Boxing********
2024-07-01 19:20:19,112 - INFO - *******successfully saved********
2024-07-01 19:20:19,112 - INFO - *******124_2_Horizon_Boxing********
2024-07-01 19:20:24,717 - INFO - *******successfully saved********
2024-07-01 19:20:24,718 - INFO - *******120_2_Horizon_Boxing********
2024-07-01 19:20:31,988 - INFO - *******successfully saved********
2024-07-01 19:20:31,988 - INFO - *******119_2_Horizon_Boxing********
2024-07-01 19:20:39,582 - INFO - *******successfully saved********
2024-07-01 19:20:39,582 - INFO - *******122_2_Horizon_Boxing********
2024-07-01 19:20:47,371 - INFO - *******successfully saved********
2024-07-01 19:20:47,371 - INFO - *******117_2_Horizon_Boxing********
2024-07-01 19:20:50,255 - INFO - *******successfully saved********
2024-07-01 19:20:50,255 - INFO - *******123_2_Horizon_Boxing********
2024-07-01 19:20:56,499 - INFO - *******successfully saved********
2024-07-01 19:20:56,499 - INFO - ***************Titanic_Simulation********************
2024-07-01 19:20:56,499 - INFO - *******101_1_Titanic_Simulation********
2024-07-01 19:21:02,051 - INFO - *******successfully saved********
2024-07-01 19:21:02,052 - INFO - *******93_1_Titanic_Simulation********
2024-07-01 19:21:10,928 - INFO - *******successfully saved********
2024-07-01 19:21:10,928 - INFO - *******97_1_Titanic_Simulation********
2024-07-01 19:21:16,809 - INFO - *******successfully saved********
2024-07-01 19:21:16,809 - INFO - *******98_1_Titanic_Simulation********
2024-07-01 19:21:23,754 - INFO - *******successfully saved********
2024-07-01 19:21:23,754 - INFO - *******95_1_Titanic_Simulation********
2024-07-01 19:21:32,615 - INFO - *******successfully saved********
2024-07-01 19:21:32,615 - INFO - *******99_1_Titanic_Simulation********
2024-07-01 19:21:39,412 - INFO - *******successfully saved********
2024-07-01 19:21:39,412 - INFO - ***************Out_Of_Control********************
2024-07-01 19:21:39,412 - INFO - *******173_2_Out_Of_Control********
2024-07-01 19:21:46,785 - INFO - *******successfully saved********
2024-07-01 19:21:46,785 - INFO - *******174_2_Out_Of_Control********
2024-07-01 19:21:51,818 - INFO - *******successfully saved********
2024-07-01 19:21:51,818 - INFO - *******172_2_Out_Of_Control********
2024-07-01 19:21:55,803 - INFO - *******successfully saved********
2024-07-01 19:21:55,803 - INFO - *******169_2_Out_Of_Control********
2024-07-01 19:21:58,349 - INFO - *******successfully saved********
2024-07-01 19:21:58,349 - INFO - *******167_2_Out_Of_Control********
2024-07-01 19:22:04,249 - INFO - *******successfully saved********
2024-07-01 19:22:04,249 - INFO - *******170_2_Out_Of_Control********
2024-07-01 19:22:13,037 - INFO - *******successfully saved********
2024-07-01 19:22:13,037 - INFO - *******166_2_Out_Of_Control********
2024-07-01 19:22:16,199 - INFO - *******successfully saved********
2024-07-01 19:22:16,199 - INFO - *******168_2_Out_Of_Control********
2024-07-01 19:22:21,918 - INFO - *******successfully saved********
2024-07-01 19:22:21,918 - INFO - ***************Geometry_Gunners********************
2024-07-01 19:22:21,918 - INFO - *******162_2_Geometry_Gunners********
2024-07-01 19:22:23,486 - INFO - *******successfully saved********
2024-07-01 19:22:23,486 - INFO - *******163_2_Geometry_Gunners********
2024-07-01 19:22:24,101 - INFO - *******successfully saved********
2024-07-01 19:22:24,101 - INFO - *******164_2_Geometry_Gunners********
2024-07-01 19:22:25,499 - INFO - *******successfully saved********
2024-07-01 19:22:25,499 - INFO - *******165_2_Geometry_Gunners********
2024-07-01 19:22:26,926 - INFO - *******successfully saved********
2024-07-01 19:22:26,926 - INFO - *******158_1_Geometry_Gunners********
2024-07-01 19:22:28,388 - INFO - *******successfully saved********
2024-07-01 19:22:28,388 - INFO - *******160_1_Geometry_Gunners********
2024-07-01 19:22:29,952 - INFO - *******successfully saved********
2024-07-01 19:22:29,952 - INFO - *******157_2_Geometry_Gunners********
2024-07-01 19:22:31,611 - INFO - *******successfully saved********
2024-07-01 19:22:31,611 - INFO - *******156_2_Geometry_Gunners********
2024-07-01 19:22:33,348 - INFO - *******successfully saved********
2024-07-01 19:22:33,348 - INFO - *******159_1_Geometry_Gunners********
2024-07-01 19:22:35,370 - INFO - *******successfully saved********
2024-07-01 19:22:35,370 - INFO - *******161_2_Geometry_Gunners********
2024-07-01 19:22:37,038 - INFO - *******successfully saved********
2024-07-01 19:22:37,038 - INFO - ***************Barnyard********************
2024-07-01 19:22:37,038 - INFO - *******165_1_Barnyard********
2024-07-01 19:22:39,646 - INFO - *******successfully saved********
2024-07-01 19:22:39,646 - INFO - *******164_1_Barnyard********
2024-07-01 19:22:43,455 - INFO - *******successfully saved********
2024-07-01 19:22:43,456 - INFO - *******163_1_Barnyard********
2024-07-01 19:22:46,469 - INFO - *******successfully saved********
2024-07-01 19:22:46,469 - INFO - *******159_2_Barnyard********
2024-07-01 19:22:50,926 - INFO - *******successfully saved********
2024-07-01 19:22:50,926 - INFO - *******162_1_Barnyard********
2024-07-01 19:22:55,186 - INFO - *******successfully saved********
2024-07-01 19:22:55,186 - INFO - *******158_2_Barnyard********
2024-07-01 19:22:58,731 - INFO - *******successfully saved********
2024-07-01 19:22:58,731 - INFO - *******157_1_Barnyard********
2024-07-01 19:23:04,708 - INFO - *******successfully saved********
2024-07-01 19:23:04,708 - INFO - *******160_2_Barnyard********
2024-07-01 19:23:07,917 - INFO - *******successfully saved********
2024-07-01 19:23:07,918 - INFO - *******161_1_Barnyard********
2024-07-01 19:23:10,359 - INFO - *******successfully saved********
2024-07-01 19:23:10,359 - INFO - *******156_1_Barnyard********
2024-07-01 19:23:14,238 - INFO - *******successfully saved********
2024-07-01 19:23:14,238 - INFO - ***************Canyon_Runners********************
2024-07-01 19:23:14,238 - INFO - *******174_1_Canyon_Runners********
2024-07-01 19:23:18,914 - INFO - *******successfully saved********
2024-07-01 19:23:18,914 - INFO - *******173_1_Canyon_Runners********
2024-07-01 19:23:21,693 - INFO - *******successfully saved********
2024-07-01 19:23:21,693 - INFO - *******169_1_Canyon_Runners********
2024-07-01 19:23:25,519 - INFO - *******successfully saved********
2024-07-01 19:23:25,520 - INFO - *******166_1_Canyon_Runners********
2024-07-01 19:23:29,764 - INFO - *******successfully saved********
2024-07-01 19:23:29,764 - INFO - *******170_1_Canyon_Runners********
2024-07-01 19:23:34,784 - INFO - *******successfully saved********
2024-07-01 19:23:34,784 - INFO - *******167_1_Canyon_Runners********
2024-07-01 19:23:40,391 - INFO - *******successfully saved********
2024-07-01 19:23:40,391 - INFO - *******171_1_Canyon_Runners********
2024-07-01 19:23:45,856 - INFO - *******successfully saved********
2024-07-01 19:23:45,856 - INFO - *******168_1_Canyon_Runners********
2024-07-01 19:23:51,172 - INFO - *******successfully saved********
2024-07-01 19:23:51,172 - INFO - *******172_1_Canyon_Runners********
2024-07-01 19:23:54,547 - INFO - *******successfully saved********
2024-07-01 19:23:54,547 - INFO - ***************Creature_Feature********************
2024-07-01 19:23:54,547 - INFO - *******150_1_Creature_Feature********
2024-07-01 19:23:57,154 - INFO - *******successfully saved********
2024-07-01 19:23:57,154 - INFO - *******146_2_Creature_Feature********
2024-07-01 19:24:00,567 - INFO - *******successfully saved********
2024-07-01 19:24:00,568 - INFO - *******152_1_Creature_Feature********
2024-07-01 19:24:03,677 - INFO - *******successfully saved********
2024-07-01 19:24:03,677 - INFO - *******153_1_Creature_Feature********
2024-07-01 19:24:07,248 - INFO - *******successfully saved********
2024-07-01 19:24:07,248 - INFO - *******154_1_Creature_Feature********
2024-07-01 19:24:10,474 - INFO - *******successfully saved********
2024-07-01 19:24:10,474 - INFO - *******155_2_Creature_Feature********
2024-07-01 19:24:13,959 - INFO - *******successfully saved********
2024-07-01 19:24:13,959 - INFO - *******151_1_Creature_Feature********
2024-07-01 19:24:16,251 - INFO - *******successfully saved********
2024-07-01 19:24:16,251 - INFO - *******147_1_Creature_Feature********
2024-07-01 19:24:21,249 - INFO - *******successfully saved********
