2024-05-28 01:18:49,672 - INFO - --------------------------------aggregation starting----------------------------------------------------------------------------------
2024-05-28 01:18:49,672 - INFO - ***************Earth_Gym********************
2024-05-28 01:18:49,672 - INFO - *******5_2_Earth_Gym********
2024-05-28 01:19:30,212 - INFO - successful saving
2024-05-28 01:19:30,212 - INFO - *******10_2_Earth_Gym********
2024-05-28 01:20:20,335 - INFO - successful saving
2024-05-28 01:20:20,335 - INFO - *******8_2_Earth_Gym********
2024-05-28 01:20:56,192 - INFO - successful saving
2024-05-28 01:20:56,192 - INFO - *******3_1_Earth_Gym********
2024-05-28 01:20:59,428 - INFO - failed saving
2024-05-28 01:20:59,430 - INFO - *******4_1_Earth_Gym********
2024-05-28 01:21:02,819 - INFO - failed saving
2024-05-28 01:21:02,822 - INFO - *******7_1_Earth_Gym********
2024-05-28 01:21:34,272 - INFO - successful saving
2024-05-28 01:21:34,272 - INFO - *******9_1_Earth_Gym********
2024-05-28 01:22:18,221 - INFO - successful saving
2024-05-28 01:22:18,221 - INFO - ***************Wild_Quest********************
2024-05-28 01:22:18,221 - INFO - *******6_1_Wild_Quest********
2024-05-28 01:22:38,422 - INFO - successful saving
2024-05-28 01:22:38,422 - INFO - *******5_1_Wild_Quest********
2024-05-28 01:23:16,421 - INFO - successful saving
2024-05-28 01:23:16,421 - INFO - *******8_1_Wild_Quest********
2024-05-28 01:24:17,288 - INFO - successful saving
2024-05-28 01:24:17,288 - INFO - *******10_1_Wild_Quest********
2024-05-28 01:25:35,579 - INFO - successful saving
2024-05-28 01:25:35,579 - INFO - *******4_2_Wild_Quest********
2024-05-28 01:25:45,763 - INFO - failed saving
2024-05-28 01:25:45,767 - INFO - *******7_2_Wild_Quest********
2024-05-28 01:26:54,169 - INFO - successful saving
2024-05-28 01:26:54,169 - INFO - *******9_2_Wild_Quest********
2024-05-28 01:28:51,798 - INFO - successful saving
2024-05-28 01:28:51,799 - INFO - ***************Roommate********************
2024-05-28 01:28:51,799 - INFO - *******145_1_Roommate********
2024-05-28 01:30:22,226 - INFO - successful saving
2024-05-28 01:30:22,226 - INFO - *******142_1_Roommate********
2024-05-28 01:31:52,356 - INFO - successful saving
2024-05-28 01:31:52,357 - INFO - *******138_2_Roommate********
2024-05-28 01:32:49,393 - INFO - successful saving
2024-05-28 01:32:49,393 - INFO - *******144_2_Roommate********
2024-05-28 01:33:47,093 - INFO - successful saving
2024-05-28 01:33:47,094 - INFO - *******139_2_Roommate********
2024-05-28 01:34:41,148 - INFO - successful saving
2024-05-28 01:34:41,148 - INFO - *******136_2_Roommate********
2024-05-28 01:35:27,490 - INFO - successful saving
2024-05-28 01:35:27,491 - INFO - *******137_2_Roommate********
2024-05-28 01:36:06,487 - INFO - successful saving
2024-05-28 01:36:06,487 - INFO - *******140_2_Roommate********
2024-05-28 01:37:02,144 - INFO - successful saving
2024-05-28 01:37:02,145 - INFO - *******141_1_Roommate********
2024-05-28 01:37:57,103 - INFO - successful saving
2024-05-28 01:37:57,104 - INFO - *******143_2_Roommate********
2024-05-28 01:38:19,935 - INFO - successful saving
2024-05-28 01:38:19,935 - INFO - ***************Waffle_Restaurant********************
2024-05-28 01:38:19,935 - INFO - *******140_1_Waffle_Restaurant********
2024-05-28 01:38:44,606 - INFO - successful saving
2024-05-28 01:38:44,607 - INFO - *******135_1_Waffle_Restaurant********
2024-05-28 01:39:10,945 - INFO - successful saving
2024-05-28 01:39:10,945 - INFO - *******144_1_Waffle_Restaurant********
2024-05-28 01:39:50,656 - INFO - successful saving
2024-05-28 01:39:50,656 - INFO - *******143_1_Waffle_Restaurant********
2024-05-28 01:40:23,239 - INFO - successful saving
2024-05-28 01:40:23,239 - INFO - *******136_1_Waffle_Restaurant********
2024-05-28 01:41:00,785 - INFO - successful saving
2024-05-28 01:41:00,786 - INFO - *******145_2_Waffle_Restaurant********
2024-05-28 01:41:37,140 - INFO - successful saving
2024-05-28 01:41:37,140 - INFO - *******142_2_Waffle_Restaurant********
2024-05-28 01:42:23,698 - INFO - successful saving
2024-05-28 01:42:23,698 - INFO - *******137_1_Waffle_Restaurant********
2024-05-28 01:43:05,520 - INFO - successful saving
2024-05-28 01:43:05,520 - INFO - *******139_1_Waffle_Restaurant********
2024-05-28 01:43:50,130 - INFO - successful saving
2024-05-28 01:43:50,130 - INFO - *******138_1_Waffle_Restaurant********
2024-05-28 01:44:58,012 - INFO - successful saving
2024-05-28 01:44:58,012 - INFO - *******141_2_Waffle_Restaurant********
2024-05-28 01:45:43,695 - INFO - successful saving
2024-05-28 01:45:43,695 - INFO - ***************UFO_crash_site_venue********************
2024-05-28 01:45:43,695 - INFO - *******62_2_UFO_crash_site_venue********
2024-05-28 01:45:47,075 - INFO - failed saving
2024-05-28 01:45:47,080 - INFO - *******57_1_UFO_crash_site_venue********
2024-05-28 01:45:56,295 - INFO - failed saving
2024-05-28 01:45:56,299 - INFO - *******59_2_UFO_crash_site_venue********
2024-05-28 01:46:00,261 - INFO - failed saving
2024-05-28 01:46:00,265 - INFO - *******60_2_UFO_crash_site_venue********
2024-05-28 01:47:02,097 - INFO - successful saving
2024-05-28 01:47:02,097 - INFO - *******58_2_UFO_crash_site_venue********
2024-05-28 01:47:09,043 - INFO - successful saving
2024-05-28 01:47:09,043 - INFO - *******55_2_UFO_crash_site_venue********
2024-05-28 01:47:15,654 - INFO - successful saving
2024-05-28 01:47:15,655 - INFO - *******56_2_UFO_crash_site_venue********
2024-05-28 01:48:23,357 - INFO - successful saving
2024-05-28 01:48:23,357 - INFO - *******54_1_UFO_crash_site_venue********
2024-05-28 01:49:21,659 - INFO - successful saving
2024-05-28 01:49:21,659 - INFO - ***************The_aquarium********************
2024-05-28 01:49:21,659 - INFO - *******59_1_The_aquarium********
2024-05-28 01:49:23,021 - INFO - failed saving
2024-05-28 01:49:23,025 - INFO - *******57_2_The_aquarium********
2024-05-28 01:49:24,744 - INFO - failed saving
2024-05-28 01:49:24,748 - INFO - *******62_1_The_aquarium********
2024-05-28 01:49:26,087 - INFO - failed saving
2024-05-28 01:49:26,091 - INFO - *******61_1_The_aquarium********
2024-05-28 01:49:52,173 - INFO - successful saving
2024-05-28 01:49:52,173 - INFO - *******56_1_The_aquarium********
2024-05-28 01:50:17,596 - INFO - successful saving
2024-05-28 01:50:17,596 - INFO - *******58_1_The_aquarium********
2024-05-28 01:50:18,184 - INFO - failed saving
2024-05-28 01:50:18,186 - INFO - *******55_1_The_aquarium********
2024-05-28 01:50:20,840 - INFO - successful saving
2024-05-28 01:50:20,840 - INFO - *******60_1_The_aquarium********
2024-05-28 01:50:49,595 - INFO - successful saving
2024-05-28 01:50:49,595 - INFO - *******53_2_The_aquarium********
2024-05-28 01:51:30,118 - INFO - successful saving
2024-05-28 01:51:30,119 - INFO - *******54_2_The_aquarium********
2024-05-28 01:52:04,145 - INFO - successful saving
2024-05-28 01:52:04,145 - INFO - ***************Kowloon********************
2024-05-28 01:52:04,145 - INFO - *******64_1_Kowloon********
2024-05-28 01:52:13,625 - INFO - failed saving
2024-05-28 01:52:13,629 - INFO - *******66_2_Kowloon********
2024-05-28 01:52:21,077 - INFO - successful saving
2024-05-28 01:52:21,077 - INFO - *******67_2_Kowloon********
2024-05-28 01:52:30,676 - INFO - failed saving
2024-05-28 01:52:30,680 - INFO - *******63_1_Kowloon********
2024-05-28 01:52:48,635 - INFO - successful saving
2024-05-28 01:52:48,635 - INFO - *******65_1_Kowloon********
2024-05-28 01:54:19,507 - INFO - successful saving
2024-05-28 01:54:19,507 - INFO - *******68_1_Kowloon********
2024-05-28 01:55:59,215 - INFO - successful saving
2024-05-28 01:55:59,215 - INFO - *******71_2_Kowloon********
2024-05-28 01:56:11,755 - INFO - successful saving
2024-05-28 01:56:11,755 - INFO - *******72_2_Kowloon********
2024-05-28 01:57:40,441 - INFO - successful saving
2024-05-28 01:57:40,441 - INFO - *******70_2_Kowloon********
2024-05-28 01:59:30,584 - INFO - successful saving
2024-05-28 01:59:30,584 - INFO - ***************Wake_the_Robot********************
2024-05-28 01:59:30,585 - INFO - *******64_2_Wake_the_Robot********
2024-05-28 01:59:37,288 - INFO - failed saving
2024-05-28 01:59:37,292 - INFO - *******69_1_Wake_the_Robot********
2024-05-28 01:59:45,736 - INFO - failed saving
2024-05-28 01:59:45,739 - INFO - *******70_1_Wake_the_Robot********
2024-05-28 02:01:13,043 - INFO - successful saving
2024-05-28 02:01:13,043 - INFO - *******66_1_Wake_the_Robot********
2024-05-28 02:01:24,201 - INFO - successful saving
2024-05-28 02:01:24,201 - INFO - *******68_2_Wake_the_Robot********
2024-05-28 02:02:50,808 - INFO - successful saving
2024-05-28 02:02:50,808 - INFO - *******63_2_Wake_the_Robot********
2024-05-28 02:03:04,439 - INFO - successful saving
2024-05-28 02:03:04,439 - INFO - *******65_2_Wake_the_Robot********
2024-05-28 02:04:24,764 - INFO - successful saving
2024-05-28 02:04:24,764 - INFO - *******67_1_Wake_the_Robot********
2024-05-28 02:04:35,854 - INFO - successful saving
2024-05-28 02:04:35,855 - INFO - *******71_1_Wake_the_Robot********
2024-05-28 02:04:43,488 - INFO - successful saving
2024-05-28 02:04:43,488 - INFO - *******72_1_Wake_the_Robot********
2024-05-28 02:06:02,549 - INFO - successful saving
2024-05-28 02:06:02,550 - INFO - ***************Scifi_Sandbox********************
2024-05-28 02:06:02,550 - INFO - *******43_1_Scifi_Sandbox********
2024-05-28 02:06:17,512 - INFO - failed saving
2024-05-28 02:06:17,517 - INFO - *******45_1_Scifi_Sandbox********
2024-05-28 02:06:23,732 - INFO - failed saving
2024-05-28 02:06:23,736 - INFO - *******49_1_Scifi_Sandbox********
2024-05-28 02:06:33,220 - INFO - failed saving
2024-05-28 02:06:33,224 - INFO - *******47_1_Scifi_Sandbox********
2024-05-28 02:06:39,346 - INFO - failed saving
2024-05-28 02:06:39,351 - INFO - *******46_1_Scifi_Sandbox********
2024-05-28 02:08:16,435 - INFO - successful saving
2024-05-28 02:08:16,435 - INFO - *******51_1_Scifi_Sandbox********
2024-05-28 02:09:51,936 - INFO - successful saving
2024-05-28 02:09:51,937 - INFO - *******50_1_Scifi_Sandbox********
2024-05-28 02:11:08,386 - INFO - successful saving
2024-05-28 02:11:08,386 - INFO - *******52_2_Scifi_Sandbox********
2024-05-28 02:11:21,324 - INFO - successful saving
2024-05-28 02:11:21,325 - INFO - *******48_1_Scifi_Sandbox********
2024-05-28 02:11:31,580 - INFO - successful saving
2024-05-28 02:11:31,580 - INFO - *******44_2_Scifi_Sandbox********
2024-05-28 02:13:05,719 - INFO - successful saving
2024-05-28 02:13:05,719 - INFO - ***************Citadel********************
2024-05-28 02:13:05,719 - INFO - *******40_2_Citadel********
2024-05-28 02:13:14,617 - INFO - failed saving
2024-05-28 02:13:14,621 - INFO - *******42_2_Citadel********
2024-05-28 02:13:24,235 - INFO - failed saving
2024-05-28 02:13:24,239 - INFO - *******36_1_Citadel********
2024-05-28 02:13:38,469 - INFO - failed saving
2024-05-28 02:13:38,473 - INFO - *******34_1_Citadel********
2024-05-28 02:13:50,093 - INFO - failed saving
2024-05-28 02:13:50,098 - INFO - *******31_1_Citadel********
2024-05-28 02:14:00,676 - INFO - failed saving
2024-05-28 02:14:00,680 - INFO - *******32_1_Citadel********
2024-05-28 02:15:34,773 - INFO - successful saving
2024-05-28 02:15:34,773 - INFO - *******41_2_Citadel********
2024-05-28 02:17:29,423 - INFO - successful saving
2024-05-28 02:17:29,423 - INFO - *******37_1_Citadel********
2024-05-28 02:19:25,753 - INFO - successful saving
2024-05-28 02:19:25,753 - INFO - *******38_2_Citadel********
2024-05-28 02:21:06,310 - INFO - successful saving
2024-05-28 02:21:06,311 - INFO - *******35_2_Citadel********
2024-05-28 02:21:17,754 - INFO - failed saving
2024-05-28 02:21:17,758 - INFO - ***************Super_Rumble********************
2024-05-28 02:21:17,758 - INFO - *******40_1_Super_Rumble********
2024-05-28 02:21:29,949 - INFO - failed saving
2024-05-28 02:21:29,953 - INFO - *******36_2_Super_Rumble********
2024-05-28 02:21:41,157 - INFO - failed saving
2024-05-28 02:21:41,160 - INFO - *******38_1_Super_Rumble********
2024-05-28 02:21:44,663 - INFO - failed saving
2024-05-28 02:21:44,667 - INFO - *******34_2_Super_Rumble********
2024-05-28 02:22:00,445 - INFO - failed saving
2024-05-28 02:22:00,449 - INFO - *******31_2_Super_Rumble********
2024-05-28 02:22:12,817 - INFO - failed saving
2024-05-28 02:22:12,820 - INFO - *******41_1_Super_Rumble********
2024-05-28 02:24:07,599 - INFO - successful saving
2024-05-28 02:24:07,599 - INFO - *******37_2_Super_Rumble********
2024-05-28 02:25:20,383 - INFO - successful saving
2024-05-28 02:25:20,383 - INFO - *******33_2_Super_Rumble********
2024-05-28 02:27:17,836 - INFO - successful saving
2024-05-28 02:27:17,836 - INFO - *******32_2_Super_Rumble********
2024-05-28 02:28:46,780 - INFO - successful saving
2024-05-28 02:28:46,780 - INFO - *******35_1_Super_Rumble********
2024-05-28 02:29:12,049 - INFO - successful saving
2024-05-28 02:29:12,049 - INFO - ***************Arena_Clash********************
2024-05-28 02:29:12,049 - INFO - *******45_2_Arena_Clash********
2024-05-28 02:29:23,213 - INFO - failed saving
2024-05-28 02:29:23,217 - INFO - *******43_2_Arena_Clash********
2024-05-28 02:29:38,303 - INFO - failed saving
2024-05-28 02:29:38,307 - INFO - *******47_2_Arena_Clash********
2024-05-28 02:29:51,970 - INFO - failed saving
2024-05-28 02:29:51,974 - INFO - *******48_2_Arena_Clash********
2024-05-28 02:29:57,575 - INFO - failed saving
2024-05-28 02:29:57,578 - INFO - *******52_1_Arena_Clash********
2024-05-28 02:30:10,305 - INFO - successful saving
2024-05-28 02:30:10,305 - INFO - *******50_2_Arena_Clash********
2024-05-28 02:31:43,460 - INFO - successful saving
2024-05-28 02:31:43,461 - INFO - *******46_2_Arena_Clash********
2024-05-28 02:33:47,906 - INFO - successful saving
2024-05-28 02:33:47,906 - INFO - *******51_2_Arena_Clash********
2024-05-28 02:36:01,105 - INFO - successful saving
2024-05-28 02:36:01,105 - INFO - *******44_1_Arena_Clash********
2024-05-28 02:36:34,125 - INFO - successful saving
2024-05-28 02:36:34,125 - INFO - ***************Venues********************
2024-05-28 02:36:34,125 - INFO - *******78_2_Venues********
2024-05-28 02:36:38,277 - INFO - failed saving
2024-05-28 02:36:38,280 - INFO - *******80_2_Venues********
2024-05-28 02:36:43,350 - INFO - failed saving
2024-05-28 02:36:43,354 - INFO - *******76_2_Venues********
2024-05-28 02:36:54,718 - INFO - failed saving
2024-05-28 02:36:54,722 - INFO - *******73_2_Venues********
2024-05-28 02:37:04,328 - INFO - failed saving
2024-05-28 02:37:04,332 - INFO - *******75_2_Venues********
2024-05-28 02:38:22,396 - INFO - successful saving
2024-05-28 02:38:22,396 - INFO - *******82_2_Venues********
2024-05-28 02:39:24,965 - INFO - successful saving
2024-05-28 02:39:24,965 - INFO - *******77_2_Venues********
2024-05-28 02:40:47,161 - INFO - successful saving
2024-05-28 02:40:47,161 - INFO - *******74_2_Venues********
2024-05-28 02:41:58,223 - INFO - successful saving
2024-05-28 02:41:58,224 - INFO - *******79_2_Venues********
2024-05-28 02:42:50,604 - INFO - successful saving
2024-05-28 02:42:50,604 - INFO - ***************Superhero_Arena********************
2024-05-28 02:42:50,604 - INFO - *******82_1_Superhero_Arena********
2024-05-28 02:42:58,006 - INFO - failed saving
2024-05-28 02:42:58,010 - INFO - *******73_1_Superhero_Arena********
2024-05-28 02:43:11,214 - INFO - failed saving
2024-05-28 02:43:11,219 - INFO - *******78_1_Superhero_Arena********
2024-05-28 02:43:22,583 - INFO - failed saving
2024-05-28 02:43:22,587 - INFO - *******80_1_Superhero_Arena********
2024-05-28 02:43:28,439 - INFO - failed saving
2024-05-28 02:43:28,443 - INFO - *******76_1_Superhero_Arena********
2024-05-28 02:43:37,754 - INFO - failed saving
2024-05-28 02:43:37,758 - INFO - *******79_1_Superhero_Arena********
2024-05-28 02:45:23,960 - INFO - successful saving
2024-05-28 02:45:23,961 - INFO - *******75_1_Superhero_Arena********
2024-05-28 02:45:37,008 - INFO - failed saving
2024-05-28 02:45:37,013 - INFO - *******77_1_Superhero_Arena********
2024-05-28 02:45:49,939 - INFO - successful saving
2024-05-28 02:45:49,939 - INFO - *******81_1_Superhero_Arena********
2024-05-28 02:47:17,236 - INFO - successful saving
2024-05-28 02:47:17,237 - INFO - *******74_1_Superhero_Arena********
2024-05-28 02:47:27,408 - INFO - failed saving
2024-05-28 02:47:27,412 - INFO - ***************Army_Men********************
2024-05-28 02:47:27,412 - INFO - *******28_2_Army_Men********
2024-05-28 02:49:13,716 - INFO - successful saving
2024-05-28 02:49:13,716 - INFO - *******30_2_Army_Men********
2024-05-28 02:51:03,276 - INFO - successful saving
2024-05-28 02:51:03,276 - INFO - *******25_1_Army_Men********
2024-05-28 02:51:11,891 - INFO - failed saving
2024-05-28 02:51:11,895 - INFO - *******23_1_Army_Men********
2024-05-28 02:51:29,487 - INFO - failed saving
2024-05-28 02:51:29,490 - INFO - *******26_1_Army_Men********
2024-05-28 02:52:55,236 - INFO - successful saving
2024-05-28 02:52:55,237 - INFO - *******27_1_Army_Men********
2024-05-28 02:54:29,268 - INFO - successful saving
2024-05-28 02:54:29,268 - INFO - *******24_1_Army_Men********
2024-05-28 02:55:53,281 - INFO - successful saving
2024-05-28 02:55:53,281 - INFO - *******22_1_Army_Men********
2024-05-28 02:57:36,990 - INFO - successful saving
2024-05-28 02:57:36,991 - INFO - *******21_1_Army_Men********
2024-05-28 02:59:10,789 - INFO - successful saving
2024-05-28 02:59:10,790 - INFO - ***************Bobber_Bay_Fishing********************
2024-05-28 02:59:10,790 - INFO - *******25_2_Bobber_Bay_Fishing********
2024-05-28 02:59:20,048 - INFO - failed saving
2024-05-28 02:59:20,051 - INFO - *******30_1_Bobber_Bay_Fishing********
2024-05-28 03:01:09,645 - INFO - successful saving
2024-05-28 03:01:09,646 - INFO - *******23_2_Bobber_Bay_Fishing********
2024-05-28 03:01:20,984 - INFO - failed saving
2024-05-28 03:01:20,988 - INFO - *******27_2_Bobber_Bay_Fishing********
2024-05-28 03:01:55,851 - INFO - successful saving
2024-05-28 03:01:55,851 - INFO - *******29_2_Bobber_Bay_Fishing********
2024-05-28 03:03:15,717 - INFO - successful saving
2024-05-28 03:03:15,717 - INFO - *******26_2_Bobber_Bay_Fishing********
2024-05-28 03:04:29,548 - INFO - successful saving
2024-05-28 03:04:29,548 - INFO - *******24_2_Bobber_Bay_Fishing********
2024-05-28 03:05:38,326 - INFO - successful saving
2024-05-28 03:05:38,326 - INFO - *******21_2_Bobber_Bay_Fishing********
2024-05-28 03:07:22,055 - INFO - successful saving
2024-05-28 03:07:22,055 - INFO - *******22_2_Bobber_Bay_Fishing********
2024-05-28 03:09:13,407 - INFO - successful saving
2024-05-28 03:09:13,407 - INFO - ***************Mars_Miners********************
2024-05-28 03:09:13,407 - INFO - *******16_1_Mars_Miners********
2024-05-28 03:10:49,026 - INFO - successful saving
2024-05-28 03:10:49,026 - INFO - *******18_1_Mars_Miners********
2024-05-28 03:13:07,399 - INFO - successful saving
2024-05-28 03:13:07,400 - INFO - *******17_1_Mars_Miners********
2024-05-28 03:15:54,608 - INFO - successful saving
2024-05-28 03:15:54,608 - INFO - *******15_1_Mars_Miners********
2024-05-28 03:17:10,659 - INFO - successful saving
2024-05-28 03:17:10,659 - INFO - *******11_2_Mars_Miners********
2024-05-28 03:17:55,556 - INFO - successful saving
2024-05-28 03:17:55,557 - INFO - *******12_2_Mars_Miners********
2024-05-28 03:18:41,173 - INFO - successful saving
2024-05-28 03:18:41,173 - INFO - *******19_1_Mars_Miners********
2024-05-28 03:20:08,067 - INFO - successful saving
2024-05-28 03:20:08,067 - INFO - ***************American_Idol********************
2024-05-28 03:20:08,067 - INFO - *******13_2_American_Idol********
2024-05-28 03:20:21,775 - INFO - failed saving
2024-05-28 03:20:21,779 - INFO - *******20_2_American_Idol********
2024-05-28 03:20:28,697 - INFO - failed saving
2024-05-28 03:20:28,701 - INFO - *******15_2_American_Idol********
2024-05-28 03:22:08,284 - INFO - successful saving
2024-05-28 03:22:08,284 - INFO - *******17_2_American_Idol********
2024-05-28 03:23:56,956 - INFO - successful saving
2024-05-28 03:23:56,956 - INFO - *******16_2_American_Idol********
2024-05-28 03:25:30,393 - INFO - successful saving
2024-05-28 03:25:30,394 - INFO - *******19_2_American_Idol********
2024-05-28 03:26:59,253 - INFO - successful saving
2024-05-28 03:26:59,254 - INFO - *******12_1_American_Idol********
2024-05-28 03:29:01,341 - INFO - successful saving
2024-05-28 03:29:01,342 - INFO - *******11_1_American_Idol********
2024-05-28 03:31:23,439 - INFO - successful saving
2024-05-28 03:31:23,439 - INFO - ***************Metdonalds********************
2024-05-28 03:31:23,439 - INFO - *******86_1_Metdonalds********
2024-05-28 03:31:32,506 - INFO - failed saving
2024-05-28 03:31:32,510 - INFO - *******88_1_Metdonalds********
2024-05-28 03:31:40,830 - INFO - failed saving
2024-05-28 03:31:40,834 - INFO - *******84_2_Metdonalds********
2024-05-28 03:32:50,896 - INFO - successful saving
2024-05-28 03:32:50,897 - INFO - *******85_1_Metdonalds********
2024-05-28 03:33:29,941 - INFO - successful saving
2024-05-28 03:33:29,941 - INFO - *******83_2_Metdonalds********
2024-05-28 03:34:46,617 - INFO - successful saving
2024-05-28 03:34:46,617 - INFO - *******92_1_Metdonalds********
2024-05-28 03:35:45,295 - INFO - successful saving
2024-05-28 03:35:45,296 - INFO - *******89_1_Metdonalds********
2024-05-28 03:36:42,725 - INFO - successful saving
2024-05-28 03:36:42,725 - INFO - *******91_1_Metdonalds********
2024-05-28 03:38:17,399 - INFO - successful saving
2024-05-28 03:38:17,400 - INFO - *******90_2_Metdonalds********
2024-05-28 03:38:24,624 - INFO - failed saving
2024-05-28 03:38:24,627 - INFO - ***************3D_Play_House********************
2024-05-28 03:38:24,627 - INFO - *******88_2_3D_Play_House********
2024-05-28 03:38:38,970 - INFO - failed saving
2024-05-28 03:38:38,975 - INFO - *******86_2_3D_Play_House********
2024-05-28 03:38:49,864 - INFO - failed saving
2024-05-28 03:38:49,869 - INFO - *******84_1_3D_Play_House********
2024-05-28 03:40:47,813 - INFO - successful saving
2024-05-28 03:40:47,813 - INFO - *******92_2_3D_Play_House********
2024-05-28 03:41:38,399 - INFO - successful saving
2024-05-28 03:41:38,400 - INFO - *******89_2_3D_Play_House********
2024-05-28 03:43:18,837 - INFO - successful saving
2024-05-28 03:43:18,837 - INFO - *******91_2_3D_Play_House********
2024-05-28 03:45:24,656 - INFO - successful saving
2024-05-28 03:45:24,656 - INFO - *******90_1_3D_Play_House********
2024-05-28 03:45:33,362 - INFO - failed saving
2024-05-28 03:45:33,365 - INFO - *******85_2_3D_Play_House********
2024-05-28 03:46:21,527 - INFO - successful saving
2024-05-28 03:46:21,527 - INFO - ***************Kawaii_Daycare********************
2024-05-28 03:46:21,527 - INFO - *******132_2_Kawaii_Daycare********
2024-05-28 03:47:31,678 - INFO - successful saving
2024-05-28 03:47:31,679 - INFO - *******133_2_Kawaii_Daycare********
2024-05-28 03:49:08,477 - INFO - successful saving
2024-05-28 03:49:08,477 - INFO - *******134_2_Kawaii_Daycare********
2024-05-28 03:49:50,022 - INFO - successful saving
2024-05-28 03:49:50,022 - INFO - *******127_2_Kawaii_Daycare********
2024-05-28 03:51:24,522 - INFO - successful saving
2024-05-28 03:51:24,522 - INFO - *******128_2_Kawaii_Daycare********
2024-05-28 03:52:10,022 - INFO - successful saving
2024-05-28 03:52:10,022 - INFO - *******125_2_Kawaii_Daycare********
2024-05-28 03:53:35,187 - INFO - successful saving
2024-05-28 03:53:35,187 - INFO - *******130_2_Kawaii_Daycare********
2024-05-28 03:54:48,162 - INFO - successful saving
2024-05-28 03:54:48,163 - INFO - *******126_2_Kawaii_Daycare********
2024-05-28 03:55:48,456 - INFO - successful saving
2024-05-28 03:55:48,457 - INFO - *******129_2_Kawaii_Daycare********
2024-05-28 03:56:47,601 - INFO - successful saving
2024-05-28 03:56:47,602 - INFO - ***************Giant_Paddle_Golf********************
2024-05-28 03:56:47,602 - INFO - *******134_1_Giant_Paddle_Golf********
2024-05-28 03:58:20,879 - INFO - successful saving
2024-05-28 03:58:20,879 - INFO - *******132_1_Giant_Paddle_Golf********
2024-05-28 03:59:28,937 - INFO - successful saving
2024-05-28 03:59:28,938 - INFO - *******133_1_Giant_Paddle_Golf********
2024-05-28 04:00:43,878 - INFO - successful saving
2024-05-28 04:00:43,878 - INFO - *******125_1_Giant_Paddle_Golf********
2024-05-28 04:01:59,145 - INFO - successful saving
2024-05-28 04:01:59,146 - INFO - *******130_1_Giant_Paddle_Golf********
2024-05-28 04:03:16,058 - INFO - successful saving
2024-05-28 04:03:16,059 - INFO - *******127_1_Giant_Paddle_Golf********
2024-05-28 04:04:38,492 - INFO - successful saving
2024-05-28 04:04:38,493 - INFO - *******126_1_Giant_Paddle_Golf********
2024-05-28 04:05:47,789 - INFO - successful saving
2024-05-28 04:05:47,790 - INFO - *******131_1_Giant_Paddle_Golf********
2024-05-28 04:06:32,277 - INFO - successful saving
2024-05-28 04:06:32,277 - INFO - *******128_1_Giant_Paddle_Golf********
2024-05-28 04:06:38,067 - INFO - failed saving
2024-05-28 04:06:38,072 - INFO - *******129_1_Giant_Paddle_Golf********
2024-05-28 04:07:37,453 - INFO - successful saving
2024-05-28 04:07:37,453 - INFO - ***************City_Parkour********************
2024-05-28 04:07:37,453 - INFO - *******146_1_City_Parkour********
2024-05-28 04:09:05,238 - INFO - successful saving
2024-05-28 04:09:05,239 - INFO - *******150_2_City_Parkour********
2024-05-28 04:10:28,027 - INFO - successful saving
2024-05-28 04:10:28,028 - INFO - *******148_1_City_Parkour********
2024-05-28 04:11:25,041 - INFO - successful saving
2024-05-28 04:11:25,041 - INFO - *******153_2_City_Parkour********
2024-05-28 04:12:14,270 - INFO - successful saving
2024-05-28 04:12:14,270 - INFO - *******147_2_City_Parkour********
2024-05-28 04:12:26,469 - INFO - successful saving
2024-05-28 04:12:26,470 - INFO - *******151_2_City_Parkour********
2024-05-28 04:12:34,699 - INFO - failed saving
2024-05-28 04:12:34,702 - INFO - *******149_1_City_Parkour********
2024-05-28 04:13:25,650 - INFO - successful saving
2024-05-28 04:13:25,650 - INFO - *******155_1_City_Parkour********
2024-05-28 04:14:39,395 - INFO - successful saving
2024-05-28 04:14:39,396 - INFO - *******154_2_City_Parkour********
2024-05-28 04:15:40,796 - INFO - successful saving
2024-05-28 04:15:40,797 - INFO - *******152_2_City_Parkour********
2024-05-28 04:16:56,051 - INFO - successful saving
2024-05-28 04:16:56,052 - INFO - ***************Slash_RPG********************
2024-05-28 04:16:56,052 - INFO - *******104_2_Slash_RPG********
2024-05-28 04:18:28,772 - INFO - successful saving
2024-05-28 04:18:28,773 - INFO - *******107_2_Slash_RPG********
2024-05-28 04:20:05,310 - INFO - successful saving
2024-05-28 04:20:05,310 - INFO - *******111_2_Slash_RPG********
2024-05-28 04:21:23,800 - INFO - successful saving
2024-05-28 04:21:23,800 - INFO - *******106_2_Slash_RPG********
2024-05-28 04:22:36,615 - INFO - successful saving
2024-05-28 04:22:36,616 - INFO - *******113_2_Slash_RPG********
2024-05-28 04:24:07,708 - INFO - successful saving
2024-05-28 04:24:07,708 - INFO - *******109_2_Slash_RPG********
2024-05-28 04:25:13,959 - INFO - successful saving
2024-05-28 04:25:13,959 - INFO - *******108_1_Slash_RPG********
2024-05-28 04:26:50,258 - INFO - successful saving
2024-05-28 04:26:50,258 - INFO - *******112_2_Slash_RPG********
2024-05-28 04:27:45,798 - INFO - successful saving
2024-05-28 04:27:45,799 - INFO - *******110_2_Slash_RPG********
2024-05-28 04:29:06,936 - INFO - successful saving
2024-05-28 04:29:06,937 - INFO - *******105_2_Slash_RPG********
2024-05-28 04:29:58,589 - INFO - successful saving
2024-05-28 04:29:58,589 - INFO - *******114_2_Slash_RPG********
2024-05-28 04:31:12,365 - INFO - successful saving
2024-05-28 04:31:12,365 - INFO - ***************Pirate_Life********************
2024-05-28 04:31:12,365 - INFO - *******109_1_Pirate_Life********
2024-05-28 04:33:02,306 - INFO - successful saving
2024-05-28 04:33:02,306 - INFO - *******106_1_Pirate_Life********
2024-05-28 04:34:12,977 - INFO - successful saving
2024-05-28 04:34:12,978 - INFO - *******114_1_Pirate_Life********
2024-05-28 04:35:28,130 - INFO - successful saving
2024-05-28 04:35:28,130 - INFO - *******107_1_Pirate_Life********
2024-05-28 04:36:54,013 - INFO - successful saving
2024-05-28 04:36:54,013 - INFO - *******111_1_Pirate_Life********
2024-05-28 04:38:24,220 - INFO - successful saving
2024-05-28 04:38:24,220 - INFO - *******110_1_Pirate_Life********
2024-05-28 04:40:05,240 - INFO - successful saving
2024-05-28 04:40:05,241 - INFO - *******104_1_Pirate_Life********
2024-05-28 04:41:54,706 - INFO - successful saving
2024-05-28 04:41:54,707 - INFO - *******113_1_Pirate_Life********
2024-05-28 04:42:08,239 - INFO - failed saving
2024-05-28 04:42:08,244 - INFO - *******105_1_Pirate_Life********
2024-05-28 04:43:15,113 - INFO - successful saving
2024-05-28 04:43:15,113 - INFO - *******108_2_Pirate_Life********
2024-05-28 04:44:46,957 - INFO - successful saving
2024-05-28 04:44:46,958 - INFO - *******112_1_Pirate_Life********
2024-05-28 04:46:12,580 - INFO - successful saving
2024-05-28 04:46:12,581 - INFO - ***************Zombie********************
2024-05-28 04:46:12,581 - INFO - *******115_1_Zombie********
2024-05-28 04:47:20,894 - INFO - successful saving
2024-05-28 04:47:20,894 - INFO - *******118_2_Zombie********
2024-05-28 04:47:55,229 - INFO - successful saving
2024-05-28 04:47:55,229 - INFO - *******119_1_Zombie********
2024-05-28 04:49:11,286 - INFO - successful saving
2024-05-28 04:49:11,287 - INFO - *******124_1_Zombie********
2024-05-28 04:50:05,865 - INFO - successful saving
2024-05-28 04:50:05,865 - INFO - *******121_2_Zombie********
2024-05-28 04:51:16,391 - INFO - successful saving
2024-05-28 04:51:16,391 - INFO - *******116_2_Zombie********
2024-05-28 04:52:18,843 - INFO - successful saving
2024-05-28 04:52:18,843 - INFO - *******117_1_Zombie********
2024-05-28 04:53:05,466 - INFO - successful saving
2024-05-28 04:53:05,466 - INFO - *******123_1_Zombie********
2024-05-28 04:53:56,816 - INFO - successful saving
2024-05-28 04:53:56,816 - INFO - *******120_1_Zombie********
2024-05-28 04:55:06,468 - INFO - successful saving
2024-05-28 04:55:06,469 - INFO - *******122_1_Zombie********
2024-05-28 04:55:15,292 - INFO - failed saving
2024-05-28 04:55:15,296 - INFO - ***************VR_Classroom********************
2024-05-28 04:55:15,296 - INFO - *******103_2_VR_Classroom********
2024-05-28 04:55:24,420 - INFO - failed saving
2024-05-28 04:55:24,424 - INFO - *******101_2_VR_Classroom********
2024-05-28 04:57:02,800 - INFO - successful saving
2024-05-28 04:57:02,801 - INFO - *******102_2_VR_Classroom********
2024-05-28 04:57:10,323 - INFO - failed saving
2024-05-28 04:57:10,325 - INFO - *******100_2_VR_Classroom********
2024-05-28 04:57:22,008 - INFO - failed saving
2024-05-28 04:57:22,012 - INFO - *******98_2_VR_Classroom********
2024-05-28 04:58:53,425 - INFO - successful saving
2024-05-28 04:58:53,425 - INFO - *******96_2_VR_Classroom********
2024-05-28 04:59:05,207 - INFO - failed saving
2024-05-28 04:59:05,211 - INFO - *******95_2_VR_Classroom********
2024-05-28 05:00:13,184 - INFO - successful saving
2024-05-28 05:00:13,184 - INFO - *******94_1_VR_Classroom********
2024-05-28 05:00:22,981 - INFO - failed saving
2024-05-28 05:00:22,985 - INFO - *******99_2_VR_Classroom********
2024-05-28 05:02:02,559 - INFO - successful saving
2024-05-28 05:02:02,560 - INFO - *******93_2_VR_Classroom********
2024-05-28 05:03:29,149 - INFO - successful saving
2024-05-28 05:03:29,149 - INFO - *******97_2_VR_Classroom********
2024-05-28 05:05:09,238 - INFO - successful saving
2024-05-28 05:05:09,238 - INFO - ***************Horizon_Boxing********************
2024-05-28 05:05:09,238 - INFO - *******116_1_Horizon_Boxing********
2024-05-28 05:06:38,058 - INFO - successful saving
2024-05-28 05:06:38,058 - INFO - *******115_2_Horizon_Boxing********
2024-05-28 05:07:54,076 - INFO - successful saving
2024-05-28 05:07:54,076 - INFO - *******118_1_Horizon_Boxing********
2024-05-28 05:09:21,216 - INFO - successful saving
2024-05-28 05:09:21,217 - INFO - *******121_1_Horizon_Boxing********
2024-05-28 05:10:25,686 - INFO - successful saving
2024-05-28 05:10:25,686 - INFO - *******124_2_Horizon_Boxing********
2024-05-28 05:11:40,681 - INFO - successful saving
2024-05-28 05:11:40,681 - INFO - *******120_2_Horizon_Boxing********
2024-05-28 05:13:09,148 - INFO - successful saving
2024-05-28 05:13:09,149 - INFO - *******119_2_Horizon_Boxing********
2024-05-28 05:14:31,887 - INFO - successful saving
2024-05-28 05:14:31,888 - INFO - *******122_2_Horizon_Boxing********
2024-05-28 05:15:52,567 - INFO - successful saving
2024-05-28 05:15:52,567 - INFO - *******117_2_Horizon_Boxing********
2024-05-28 05:16:29,131 - INFO - successful saving
2024-05-28 05:16:29,131 - INFO - *******123_2_Horizon_Boxing********
2024-05-28 05:17:37,901 - INFO - successful saving
2024-05-28 05:17:37,901 - INFO - ***************Titanic_Simulation********************
2024-05-28 05:17:37,901 - INFO - *******102_1_Titanic_Simulation********
2024-05-28 05:17:49,288 - INFO - failed saving
2024-05-28 05:17:49,292 - INFO - *******101_1_Titanic_Simulation********
2024-05-28 05:18:30,844 - INFO - successful saving
2024-05-28 05:18:30,844 - INFO - *******93_1_Titanic_Simulation********
2024-05-28 05:19:28,755 - INFO - successful saving
2024-05-28 05:19:28,755 - INFO - *******94_2_Titanic_Simulation********
2024-05-28 05:19:37,535 - INFO - failed saving
2024-05-28 05:19:37,539 - INFO - *******97_1_Titanic_Simulation********
2024-05-28 05:20:26,887 - INFO - successful saving
2024-05-28 05:20:26,888 - INFO - *******100_1_Titanic_Simulation********
2024-05-28 05:20:37,175 - INFO - failed saving
2024-05-28 05:20:37,179 - INFO - *******98_1_Titanic_Simulation********
2024-05-28 05:21:43,804 - INFO - successful saving
2024-05-28 05:21:43,805 - INFO - *******96_1_Titanic_Simulation********
2024-05-28 05:21:50,365 - INFO - failed saving
2024-05-28 05:21:50,369 - INFO - *******95_1_Titanic_Simulation********
2024-05-28 05:22:58,494 - INFO - successful saving
2024-05-28 05:22:58,494 - INFO - *******99_1_Titanic_Simulation********
2024-05-28 05:23:54,400 - INFO - successful saving
2024-05-28 05:23:54,400 - INFO - ***************Out_Of_Control********************
2024-05-28 05:23:54,400 - INFO - *******173_2_Out_Of_Control********
2024-05-28 05:25:22,067 - INFO - successful saving
2024-05-28 05:25:22,068 - INFO - *******174_2_Out_Of_Control********
2024-05-28 05:26:33,897 - INFO - successful saving
2024-05-28 05:26:33,898 - INFO - *******172_2_Out_Of_Control********
2024-05-28 05:27:48,992 - INFO - successful saving
2024-05-28 05:27:48,993 - INFO - *******171_2_Out_Of_Control********
2024-05-28 05:28:01,196 - INFO - failed saving
2024-05-28 05:28:01,201 - INFO - *******169_2_Out_Of_Control********
2024-05-28 05:29:03,878 - INFO - successful saving
2024-05-28 05:29:03,879 - INFO - *******167_2_Out_Of_Control********
2024-05-28 05:30:21,366 - INFO - successful saving
2024-05-28 05:30:21,366 - INFO - *******170_2_Out_Of_Control********
2024-05-28 05:32:06,831 - INFO - successful saving
2024-05-28 05:32:06,831 - INFO - *******166_2_Out_Of_Control********
2024-05-28 05:33:10,898 - INFO - successful saving
2024-05-28 05:33:10,898 - INFO - *******168_2_Out_Of_Control********
2024-05-28 05:34:32,303 - INFO - successful saving
2024-05-28 05:34:32,304 - INFO - ***************Geometry_Gunners********************
2024-05-28 05:34:32,304 - INFO - *******162_2_Geometry_Gunners********
2024-05-28 05:36:01,596 - INFO - successful saving
2024-05-28 05:36:01,597 - INFO - *******163_2_Geometry_Gunners********
2024-05-28 05:36:12,519 - INFO - successful saving
2024-05-28 05:36:12,519 - INFO - *******164_2_Geometry_Gunners********
2024-05-28 05:37:01,581 - INFO - successful saving
2024-05-28 05:37:01,582 - INFO - *******165_2_Geometry_Gunners********
2024-05-28 05:37:36,421 - INFO - successful saving
2024-05-28 05:37:36,422 - INFO - *******158_1_Geometry_Gunners********
2024-05-28 05:38:37,497 - INFO - successful saving
2024-05-28 05:38:37,497 - INFO - *******160_1_Geometry_Gunners********
2024-05-28 05:39:36,540 - INFO - successful saving
2024-05-28 05:39:36,540 - INFO - *******157_2_Geometry_Gunners********
2024-05-28 05:40:40,575 - INFO - successful saving
2024-05-28 05:40:40,576 - INFO - *******156_2_Geometry_Gunners********
2024-05-28 05:41:35,634 - INFO - successful saving
2024-05-28 05:41:35,634 - INFO - *******159_1_Geometry_Gunners********
2024-05-28 05:42:46,549 - INFO - successful saving
2024-05-28 05:42:46,550 - INFO - *******161_2_Geometry_Gunners********
2024-05-28 05:43:44,111 - INFO - successful saving
2024-05-28 05:43:44,111 - INFO - ***************Barnyard********************
2024-05-28 05:43:44,111 - INFO - *******165_1_Barnyard********
2024-05-28 05:44:44,058 - INFO - successful saving
2024-05-28 05:44:44,058 - INFO - *******164_1_Barnyard********
2024-05-28 05:45:54,303 - INFO - successful saving
2024-05-28 05:45:54,303 - INFO - *******163_1_Barnyard********
2024-05-28 05:46:25,864 - INFO - successful saving
2024-05-28 05:46:25,865 - INFO - *******159_2_Barnyard********
2024-05-28 05:47:34,595 - INFO - successful saving
2024-05-28 05:47:34,596 - INFO - *******162_1_Barnyard********
2024-05-28 05:48:53,045 - INFO - successful saving
2024-05-28 05:48:53,045 - INFO - *******158_2_Barnyard********
2024-05-28 05:49:59,350 - INFO - successful saving
2024-05-28 05:49:59,351 - INFO - *******157_1_Barnyard********
2024-05-28 05:51:18,573 - INFO - successful saving
2024-05-28 05:51:18,573 - INFO - *******160_2_Barnyard********
2024-05-28 05:52:07,155 - INFO - successful saving
2024-05-28 05:52:07,155 - INFO - *******161_1_Barnyard********
2024-05-28 05:52:55,005 - INFO - successful saving
2024-05-28 05:52:55,005 - INFO - *******156_1_Barnyard********
2024-05-28 05:54:08,629 - INFO - successful saving
2024-05-28 05:54:08,630 - INFO - ***************Canyon_Runners********************
2024-05-28 05:54:08,630 - INFO - *******174_1_Canyon_Runners********
2024-05-28 05:55:54,048 - INFO - successful saving
2024-05-28 05:55:54,048 - INFO - *******173_1_Canyon_Runners********
2024-05-28 05:56:58,583 - INFO - successful saving
2024-05-28 05:56:58,583 - INFO - *******169_1_Canyon_Runners********
2024-05-28 05:58:39,000 - INFO - successful saving
2024-05-28 05:58:39,000 - INFO - *******166_1_Canyon_Runners********
2024-05-28 06:00:26,952 - INFO - successful saving
2024-05-28 06:00:26,952 - INFO - *******170_1_Canyon_Runners********
2024-05-28 06:02:19,891 - INFO - successful saving
2024-05-28 06:02:19,891 - INFO - *******167_1_Canyon_Runners********
2024-05-28 06:03:41,266 - INFO - successful saving
2024-05-28 06:03:41,266 - INFO - *******171_1_Canyon_Runners********
2024-05-28 06:05:16,080 - INFO - successful saving
2024-05-28 06:05:16,080 - INFO - *******168_1_Canyon_Runners********
2024-05-28 06:06:33,143 - INFO - successful saving
2024-05-28 06:06:33,143 - INFO - *******172_1_Canyon_Runners********
2024-05-28 06:07:39,700 - INFO - successful saving
2024-05-28 06:07:39,700 - INFO - ***************Creature_Feature********************
2024-05-28 06:07:39,700 - INFO - *******150_1_Creature_Feature********
2024-05-28 06:08:36,360 - INFO - successful saving
2024-05-28 06:08:36,360 - INFO - *******146_2_Creature_Feature********
2024-05-28 06:09:31,863 - INFO - successful saving
2024-05-28 06:09:31,864 - INFO - *******152_1_Creature_Feature********
2024-05-28 06:10:29,186 - INFO - successful saving
2024-05-28 06:10:29,186 - INFO - *******153_1_Creature_Feature********
2024-05-28 06:11:32,124 - INFO - successful saving
2024-05-28 06:11:32,124 - INFO - *******154_1_Creature_Feature********
2024-05-28 06:12:34,253 - INFO - successful saving
2024-05-28 06:12:34,253 - INFO - *******155_2_Creature_Feature********
2024-05-28 06:13:36,734 - INFO - successful saving
2024-05-28 06:13:36,734 - INFO - *******151_1_Creature_Feature********
2024-05-28 06:14:27,076 - INFO - successful saving
2024-05-28 06:14:27,077 - INFO - *******147_1_Creature_Feature********
2024-05-28 06:15:34,987 - INFO - successful saving
