2024-06-14 15:49:51,768 - INFO - --------------------------------aggregation starting----------------------------------------------------------------------------------
2024-06-14 15:49:51,768 - INFO - ***************Earth_Gym********************
2024-06-14 15:49:51,768 - INFO - *******5_2_Earth_Gym********
2024-06-14 15:50:25,906 - INFO - successful saving
2024-06-14 15:50:25,906 - INFO - *******10_2_Earth_Gym********
2024-06-14 15:50:47,001 - INFO - failed saving
2024-06-14 15:50:47,049 - INFO - *******8_2_Earth_Gym********
2024-06-14 15:51:19,550 - INFO - --------------------------------aggregation starting----------------------------------------------------------------------------------
2024-06-14 15:51:19,550 - INFO - ***************Earth_Gym********************
2024-06-14 15:51:19,550 - INFO - *******5_2_Earth_Gym********
2024-06-14 15:51:56,172 - INFO - successful saving
2024-06-14 15:51:56,172 - INFO - *******10_2_Earth_Gym********
2024-06-14 15:53:05,492 - INFO - successful saving
2024-06-14 15:53:05,493 - INFO - *******8_2_Earth_Gym********
2024-06-14 15:54:20,384 - INFO - successful saving
2024-06-14 15:54:20,384 - INFO - *******3_1_Earth_Gym********
2024-06-14 15:54:23,433 - INFO - failed saving
2024-06-14 15:54:23,436 - INFO - *******4_1_Earth_Gym********
2024-06-14 15:54:26,357 - INFO - failed saving
2024-06-14 15:54:26,360 - INFO - *******7_1_Earth_Gym********
2024-06-14 15:55:24,419 - INFO - successful saving
2024-06-14 15:55:24,420 - INFO - *******9_1_Earth_Gym********
2024-06-14 15:56:31,062 - INFO - successful saving
2024-06-14 15:56:31,062 - INFO - ***************Wild_Quest********************
2024-06-14 15:56:31,062 - INFO - *******6_1_Wild_Quest********
2024-06-14 15:56:57,621 - INFO - successful saving
2024-06-14 15:56:57,621 - INFO - *******5_1_Wild_Quest********
2024-06-14 15:58:10,444 - INFO - successful saving
2024-06-14 15:58:10,444 - INFO - *******8_1_Wild_Quest********
2024-06-14 15:59:42,356 - INFO - successful saving
2024-06-14 15:59:42,356 - INFO - *******10_1_Wild_Quest********
2024-06-14 16:00:54,038 - INFO - successful saving
2024-06-14 16:00:54,038 - INFO - *******4_2_Wild_Quest********
2024-06-14 16:01:02,518 - INFO - failed saving
2024-06-14 16:01:02,521 - INFO - *******7_2_Wild_Quest********
2024-06-14 16:02:19,601 - INFO - successful saving
2024-06-14 16:02:19,601 - INFO - *******9_2_Wild_Quest********
2024-06-14 16:03:30,033 - INFO - successful saving
2024-06-14 16:03:30,033 - INFO - ***************Roommate********************
2024-06-14 16:03:30,033 - INFO - *******145_1_Roommate********
2024-06-14 16:04:43,125 - INFO - successful saving
2024-06-14 16:04:43,125 - INFO - *******142_1_Roommate********
2024-06-14 16:06:14,054 - INFO - successful saving
2024-06-14 16:06:14,054 - INFO - *******138_2_Roommate********
2024-06-14 16:07:42,794 - INFO - successful saving
2024-06-14 16:07:42,794 - INFO - *******144_2_Roommate********
2024-06-14 16:09:13,772 - INFO - successful saving
2024-06-14 16:09:13,772 - INFO - *******139_2_Roommate********
2024-06-14 16:10:56,110 - INFO - successful saving
2024-06-14 16:10:56,110 - INFO - *******136_2_Roommate********
2024-06-14 16:12:13,599 - INFO - successful saving
2024-06-14 16:12:13,599 - INFO - *******137_2_Roommate********
2024-06-14 16:13:19,174 - INFO - successful saving
2024-06-14 16:13:19,174 - INFO - *******140_2_Roommate********
2024-06-14 16:14:37,332 - INFO - successful saving
2024-06-14 16:14:37,332 - INFO - *******141_1_Roommate********
2024-06-14 16:16:03,884 - INFO - successful saving
2024-06-14 16:16:03,884 - INFO - *******143_2_Roommate********
2024-06-14 16:16:42,317 - INFO - successful saving
2024-06-14 16:16:42,317 - INFO - ***************Waffle_Restaurant********************
2024-06-14 16:16:42,317 - INFO - *******140_1_Waffle_Restaurant********
2024-06-14 16:17:44,499 - INFO - successful saving
2024-06-14 16:17:44,499 - INFO - *******135_1_Waffle_Restaurant********
2024-06-14 16:18:15,518 - INFO - successful saving
2024-06-14 16:18:15,518 - INFO - *******144_1_Waffle_Restaurant********
2024-06-14 16:19:25,846 - INFO - successful saving
2024-06-14 16:19:25,846 - INFO - *******143_1_Waffle_Restaurant********
2024-06-14 16:20:19,820 - INFO - successful saving
2024-06-14 16:20:19,820 - INFO - *******136_1_Waffle_Restaurant********
2024-06-14 16:21:29,133 - INFO - successful saving
2024-06-14 16:21:29,134 - INFO - *******145_2_Waffle_Restaurant********
2024-06-14 16:22:27,588 - INFO - successful saving
2024-06-14 16:22:27,588 - INFO - *******142_2_Waffle_Restaurant********
2024-06-14 16:23:47,822 - INFO - successful saving
2024-06-14 16:23:47,822 - INFO - *******137_1_Waffle_Restaurant********
2024-06-14 16:24:52,004 - INFO - successful saving
2024-06-14 16:24:52,004 - INFO - *******139_1_Waffle_Restaurant********
2024-06-14 16:26:06,627 - INFO - successful saving
2024-06-14 16:26:06,627 - INFO - *******138_1_Waffle_Restaurant********
2024-06-14 16:27:43,362 - INFO - successful saving
2024-06-14 16:27:43,362 - INFO - *******141_2_Waffle_Restaurant********
2024-06-14 16:28:55,910 - INFO - successful saving
2024-06-14 16:28:55,910 - INFO - ***************UFO_crash_site_venue********************
2024-06-14 16:28:55,910 - INFO - *******62_2_UFO_crash_site_venue********
2024-06-14 16:29:03,559 - INFO - failed saving
2024-06-14 16:29:03,563 - INFO - *******57_1_UFO_crash_site_venue********
2024-06-14 16:29:16,100 - INFO - failed saving
2024-06-14 16:29:16,104 - INFO - *******59_2_UFO_crash_site_venue********
2024-06-14 16:29:23,067 - INFO - failed saving
2024-06-14 16:29:23,071 - INFO - *******60_2_UFO_crash_site_venue********
2024-06-14 16:30:54,634 - INFO - successful saving
2024-06-14 16:30:54,634 - INFO - *******58_2_UFO_crash_site_venue********
2024-06-14 16:31:08,505 - INFO - successful saving
2024-06-14 16:31:08,505 - INFO - *******55_2_UFO_crash_site_venue********
2024-06-14 16:31:20,749 - INFO - successful saving
2024-06-14 16:31:20,749 - INFO - *******56_2_UFO_crash_site_venue********
2024-06-14 16:32:43,761 - INFO - successful saving
2024-06-14 16:32:43,761 - INFO - *******54_1_UFO_crash_site_venue********
2024-06-14 16:34:22,343 - INFO - successful saving
2024-06-14 16:34:22,343 - INFO - ***************The_aquarium********************
2024-06-14 16:34:22,343 - INFO - *******59_1_The_aquarium********
2024-06-14 16:34:24,466 - INFO - failed saving
2024-06-14 16:34:24,470 - INFO - *******57_2_The_aquarium********
2024-06-14 16:34:29,574 - INFO - failed saving
2024-06-14 16:34:29,578 - INFO - *******62_1_The_aquarium********
2024-06-14 16:34:31,575 - INFO - failed saving
2024-06-14 16:34:31,579 - INFO - *******61_1_The_aquarium********
2024-06-14 16:35:13,438 - INFO - successful saving
2024-06-14 16:35:13,438 - INFO - *******56_1_The_aquarium********
2024-06-14 16:35:59,987 - INFO - successful saving
2024-06-14 16:35:59,987 - INFO - *******58_1_The_aquarium********
2024-06-14 16:36:00,941 - INFO - failed saving
2024-06-14 16:36:00,943 - INFO - *******55_1_The_aquarium********
2024-06-14 16:36:06,400 - INFO - successful saving
2024-06-14 16:36:06,400 - INFO - *******60_1_The_aquarium********
2024-06-14 16:37:06,029 - INFO - successful saving
2024-06-14 16:37:06,029 - INFO - *******53_2_The_aquarium********
2024-06-14 16:37:48,315 - INFO - successful saving
2024-06-14 16:37:48,315 - INFO - *******54_2_The_aquarium********
2024-06-14 16:38:19,007 - INFO - successful saving
2024-06-14 16:38:19,008 - INFO - ***************Kowloon********************
2024-06-14 16:38:19,008 - INFO - *******64_1_Kowloon********
2024-06-14 16:38:28,203 - INFO - failed saving
2024-06-14 16:38:28,206 - INFO - *******66_2_Kowloon********
2024-06-14 16:38:36,299 - INFO - successful saving
2024-06-14 16:38:36,299 - INFO - *******67_2_Kowloon********
2024-06-14 16:38:45,698 - INFO - failed saving
2024-06-14 16:38:45,702 - INFO - *******63_1_Kowloon********
2024-06-14 16:39:02,980 - INFO - successful saving
2024-06-14 16:39:02,980 - INFO - *******65_1_Kowloon********
2024-06-14 16:40:26,701 - INFO - successful saving
2024-06-14 16:40:26,701 - INFO - *******68_1_Kowloon********
2024-06-14 16:42:03,834 - INFO - successful saving
2024-06-14 16:42:03,834 - INFO - *******71_2_Kowloon********
2024-06-14 16:42:15,906 - INFO - successful saving
2024-06-14 16:42:15,906 - INFO - *******72_2_Kowloon********
2024-06-14 16:43:37,994 - INFO - successful saving
2024-06-14 16:43:37,994 - INFO - *******70_2_Kowloon********
2024-06-14 16:45:19,414 - INFO - successful saving
2024-06-14 16:45:19,414 - INFO - ***************Wake_the_Robot********************
2024-06-14 16:45:19,414 - INFO - *******64_2_Wake_the_Robot********
2024-06-14 16:45:25,587 - INFO - failed saving
2024-06-14 16:45:25,590 - INFO - *******69_1_Wake_the_Robot********
2024-06-14 16:45:33,791 - INFO - failed saving
2024-06-14 16:45:33,794 - INFO - *******70_1_Wake_the_Robot********
2024-06-14 16:47:01,311 - INFO - successful saving
2024-06-14 16:47:01,311 - INFO - *******66_1_Wake_the_Robot********
2024-06-14 16:47:12,283 - INFO - successful saving
2024-06-14 16:47:12,283 - INFO - *******68_2_Wake_the_Robot********
2024-06-14 16:48:25,941 - INFO - successful saving
2024-06-14 16:48:25,941 - INFO - *******63_2_Wake_the_Robot********
2024-06-14 16:48:39,088 - INFO - successful saving
2024-06-14 16:48:39,088 - INFO - *******65_2_Wake_the_Robot********
2024-06-14 16:49:49,994 - INFO - successful saving
2024-06-14 16:49:49,994 - INFO - *******67_1_Wake_the_Robot********
2024-06-14 16:50:00,577 - INFO - successful saving
2024-06-14 16:50:00,577 - INFO - *******71_1_Wake_the_Robot********
2024-06-14 16:50:07,812 - INFO - successful saving
2024-06-14 16:50:07,812 - INFO - *******72_1_Wake_the_Robot********
2024-06-14 16:51:19,533 - INFO - successful saving
2024-06-14 16:51:19,533 - INFO - ***************Scifi_Sandbox********************
2024-06-14 16:51:19,533 - INFO - *******43_1_Scifi_Sandbox********
2024-06-14 16:51:35,511 - INFO - failed saving
2024-06-14 16:51:35,515 - INFO - *******45_1_Scifi_Sandbox********
2024-06-14 16:51:42,140 - INFO - failed saving
2024-06-14 16:51:42,144 - INFO - *******49_1_Scifi_Sandbox********
2024-06-14 16:51:50,629 - INFO - failed saving
2024-06-14 16:51:50,633 - INFO - *******47_1_Scifi_Sandbox********
2024-06-14 16:51:57,854 - INFO - failed saving
2024-06-14 16:51:57,858 - INFO - *******46_1_Scifi_Sandbox********
2024-06-14 16:53:25,931 - INFO - successful saving
2024-06-14 16:53:25,931 - INFO - *******51_1_Scifi_Sandbox********
2024-06-14 16:54:54,333 - INFO - successful saving
2024-06-14 16:54:54,333 - INFO - *******50_1_Scifi_Sandbox********
2024-06-14 16:56:04,480 - INFO - successful saving
2024-06-14 16:56:04,480 - INFO - *******52_2_Scifi_Sandbox********
2024-06-14 16:56:16,175 - INFO - successful saving
2024-06-14 16:56:16,175 - INFO - *******48_1_Scifi_Sandbox********
2024-06-14 16:56:26,511 - INFO - successful saving
2024-06-14 16:56:26,511 - INFO - *******44_2_Scifi_Sandbox********
2024-06-14 16:57:55,866 - INFO - successful saving
2024-06-14 16:57:55,867 - INFO - ***************Citadel********************
2024-06-14 16:57:55,867 - INFO - *******40_2_Citadel********
2024-06-14 16:58:04,560 - INFO - failed saving
2024-06-14 16:58:04,563 - INFO - *******42_2_Citadel********
2024-06-14 16:58:14,134 - INFO - failed saving
2024-06-14 16:58:14,137 - INFO - *******36_1_Citadel********
2024-06-14 16:58:29,055 - INFO - failed saving
2024-06-14 16:58:29,059 - INFO - *******34_1_Citadel********
2024-06-14 16:58:41,606 - INFO - failed saving
2024-06-14 16:58:41,610 - INFO - *******31_1_Citadel********
2024-06-14 16:58:52,851 - INFO - failed saving
2024-06-14 16:58:52,855 - INFO - *******32_1_Citadel********
2024-06-14 17:00:20,847 - INFO - successful saving
2024-06-14 17:00:20,847 - INFO - *******41_2_Citadel********
2024-06-14 17:02:21,909 - INFO - successful saving
2024-06-14 17:02:21,909 - INFO - *******37_1_Citadel********
2024-06-14 17:04:17,162 - INFO - successful saving
2024-06-14 17:04:17,162 - INFO - *******38_2_Citadel********
2024-06-14 17:06:09,455 - INFO - successful saving
2024-06-14 17:06:09,455 - INFO - *******35_2_Citadel********
2024-06-14 17:06:17,749 - INFO - failed saving
2024-06-14 17:06:17,752 - INFO - ***************Super_Rumble********************
2024-06-14 17:06:17,752 - INFO - *******40_1_Super_Rumble********
2024-06-14 17:06:30,331 - INFO - failed saving
2024-06-14 17:06:30,335 - INFO - *******36_2_Super_Rumble********
2024-06-14 17:06:41,769 - INFO - failed saving
2024-06-14 17:06:41,772 - INFO - *******38_1_Super_Rumble********
2024-06-14 17:06:44,794 - INFO - failed saving
2024-06-14 17:06:44,798 - INFO - *******34_2_Super_Rumble********
2024-06-14 17:07:00,463 - INFO - failed saving
2024-06-14 17:07:00,467 - INFO - *******31_2_Super_Rumble********
2024-06-14 17:07:13,025 - INFO - failed saving
2024-06-14 17:07:13,028 - INFO - *******41_1_Super_Rumble********
2024-06-14 17:09:17,269 - INFO - successful saving
2024-06-14 17:09:17,270 - INFO - *******37_2_Super_Rumble********
2024-06-14 17:10:24,302 - INFO - successful saving
2024-06-14 17:10:24,302 - INFO - *******33_2_Super_Rumble********
2024-06-14 17:12:36,123 - INFO - successful saving
2024-06-14 17:12:36,123 - INFO - *******32_2_Super_Rumble********
2024-06-14 17:14:07,178 - INFO - successful saving
2024-06-14 17:14:07,178 - INFO - *******35_1_Super_Rumble********
2024-06-14 17:14:30,136 - INFO - successful saving
2024-06-14 17:14:30,136 - INFO - ***************Arena_Clash********************
2024-06-14 17:14:30,136 - INFO - *******45_2_Arena_Clash********
2024-06-14 17:14:42,255 - INFO - failed saving
2024-06-14 17:14:42,259 - INFO - *******43_2_Arena_Clash********
2024-06-14 17:15:14,230 - INFO - failed saving
2024-06-14 17:15:14,233 - INFO - *******47_2_Arena_Clash********
2024-06-14 17:15:26,814 - INFO - failed saving
2024-06-14 17:15:26,818 - INFO - *******48_2_Arena_Clash********
2024-06-14 17:15:32,407 - INFO - failed saving
2024-06-14 17:15:32,409 - INFO - *******52_1_Arena_Clash********
2024-06-14 17:15:45,587 - INFO - successful saving
2024-06-14 17:15:45,587 - INFO - *******50_2_Arena_Clash********
2024-06-14 17:17:31,807 - INFO - successful saving
2024-06-14 17:17:31,807 - INFO - *******46_2_Arena_Clash********
2024-06-14 17:19:47,086 - INFO - successful saving
2024-06-14 17:19:47,086 - INFO - *******51_2_Arena_Clash********
2024-06-14 17:21:52,783 - INFO - successful saving
2024-06-14 17:21:52,783 - INFO - *******44_1_Arena_Clash********
2024-06-14 17:22:24,534 - INFO - successful saving
2024-06-14 17:22:24,534 - INFO - ***************Venues********************
2024-06-14 17:22:24,534 - INFO - *******78_2_Venues********
2024-06-14 17:22:28,608 - INFO - failed saving
2024-06-14 17:22:28,611 - INFO - *******80_2_Venues********
2024-06-14 17:22:34,200 - INFO - failed saving
2024-06-14 17:22:34,203 - INFO - *******76_2_Venues********
2024-06-14 17:22:45,731 - INFO - failed saving
2024-06-14 17:22:45,735 - INFO - *******73_2_Venues********
2024-06-14 17:22:53,971 - INFO - failed saving
2024-06-14 17:22:53,974 - INFO - *******75_2_Venues********
2024-06-14 17:24:04,429 - INFO - successful saving
2024-06-14 17:24:04,429 - INFO - *******82_2_Venues********
2024-06-14 17:25:02,210 - INFO - successful saving
2024-06-14 17:25:02,210 - INFO - *******77_2_Venues********
2024-06-14 17:26:21,407 - INFO - successful saving
2024-06-14 17:26:21,407 - INFO - *******74_2_Venues********
2024-06-14 17:27:28,075 - INFO - successful saving
2024-06-14 17:27:28,075 - INFO - *******79_2_Venues********
2024-06-14 17:28:23,898 - INFO - successful saving
2024-06-14 17:28:23,898 - INFO - ***************Superhero_Arena********************
2024-06-14 17:28:23,898 - INFO - *******82_1_Superhero_Arena********
2024-06-14 17:28:31,225 - INFO - failed saving
2024-06-14 17:28:31,229 - INFO - *******73_1_Superhero_Arena********
2024-06-14 17:28:45,066 - INFO - failed saving
2024-06-14 17:28:45,070 - INFO - *******78_1_Superhero_Arena********
2024-06-14 17:28:55,037 - INFO - failed saving
2024-06-14 17:28:55,041 - INFO - *******80_1_Superhero_Arena********
2024-06-14 17:29:00,955 - INFO - failed saving
2024-06-14 17:29:00,959 - INFO - *******76_1_Superhero_Arena********
2024-06-14 17:29:10,269 - INFO - failed saving
2024-06-14 17:29:10,273 - INFO - *******79_1_Superhero_Arena********
2024-06-14 17:30:49,499 - INFO - successful saving
2024-06-14 17:30:49,500 - INFO - *******75_1_Superhero_Arena********
2024-06-14 17:31:02,611 - INFO - failed saving
2024-06-14 17:31:02,615 - INFO - *******77_1_Superhero_Arena********
2024-06-14 17:31:14,805 - INFO - successful saving
2024-06-14 17:31:14,805 - INFO - *******81_1_Superhero_Arena********
2024-06-14 17:32:36,641 - INFO - successful saving
2024-06-14 17:32:36,641 - INFO - *******74_1_Superhero_Arena********
2024-06-14 17:32:45,454 - INFO - failed saving
2024-06-14 17:32:45,457 - INFO - ***************Army_Men********************
2024-06-14 17:32:45,457 - INFO - *******28_2_Army_Men********
2024-06-14 17:34:24,861 - INFO - successful saving
2024-06-14 17:34:24,861 - INFO - *******30_2_Army_Men********
2024-06-14 17:36:23,415 - INFO - successful saving
2024-06-14 17:36:23,415 - INFO - *******25_1_Army_Men********
2024-06-14 17:36:32,099 - INFO - failed saving
2024-06-14 17:36:32,102 - INFO - *******23_1_Army_Men********
2024-06-14 17:36:50,732 - INFO - failed saving
2024-06-14 17:36:50,736 - INFO - *******26_1_Army_Men********
2024-06-14 17:38:10,043 - INFO - successful saving
2024-06-14 17:38:10,043 - INFO - *******27_1_Army_Men********
2024-06-14 17:39:36,530 - INFO - successful saving
2024-06-14 17:39:36,530 - INFO - *******24_1_Army_Men********
2024-06-14 17:40:50,639 - INFO - successful saving
2024-06-14 17:40:50,639 - INFO - *******22_1_Army_Men********
2024-06-14 17:42:46,612 - INFO - successful saving
2024-06-14 17:42:46,612 - INFO - *******21_1_Army_Men********
2024-06-14 17:44:14,040 - INFO - successful saving
2024-06-14 17:44:14,040 - INFO - ***************Bobber_Bay_Fishing********************
2024-06-14 17:44:14,040 - INFO - *******25_2_Bobber_Bay_Fishing********
2024-06-14 17:44:23,008 - INFO - failed saving
2024-06-14 17:44:23,012 - INFO - *******30_1_Bobber_Bay_Fishing********
2024-06-14 17:46:02,126 - INFO - successful saving
2024-06-14 17:46:02,126 - INFO - *******23_2_Bobber_Bay_Fishing********
2024-06-14 17:46:17,647 - INFO - failed saving
2024-06-14 17:46:17,651 - INFO - *******27_2_Bobber_Bay_Fishing********
2024-06-14 17:46:47,355 - INFO - successful saving
2024-06-14 17:46:47,355 - INFO - *******29_2_Bobber_Bay_Fishing********
2024-06-14 17:48:19,218 - INFO - successful saving
2024-06-14 17:48:19,218 - INFO - *******26_2_Bobber_Bay_Fishing********
2024-06-14 17:49:26,418 - INFO - successful saving
2024-06-14 17:49:26,418 - INFO - *******24_2_Bobber_Bay_Fishing********
2024-06-14 17:50:30,155 - INFO - successful saving
2024-06-14 17:50:30,155 - INFO - *******21_2_Bobber_Bay_Fishing********
2024-06-14 17:52:13,444 - INFO - successful saving
2024-06-14 17:52:13,444 - INFO - *******22_2_Bobber_Bay_Fishing********
2024-06-14 17:53:55,952 - INFO - successful saving
2024-06-14 17:53:55,952 - INFO - ***************Mars_Miners********************
2024-06-14 17:53:55,952 - INFO - *******16_1_Mars_Miners********
2024-06-14 17:55:26,501 - INFO - successful saving
2024-06-14 17:55:26,501 - INFO - *******18_1_Mars_Miners********
2024-06-14 17:57:40,651 - INFO - successful saving
2024-06-14 17:57:40,651 - INFO - *******17_1_Mars_Miners********
2024-06-14 18:00:21,175 - INFO - successful saving
2024-06-14 18:00:21,175 - INFO - *******15_1_Mars_Miners********
2024-06-14 18:01:33,306 - INFO - successful saving
2024-06-14 18:01:33,306 - INFO - *******11_2_Mars_Miners********
2024-06-14 18:02:16,143 - INFO - successful saving
2024-06-14 18:02:16,143 - INFO - *******12_2_Mars_Miners********
2024-06-14 18:02:57,087 - INFO - successful saving
2024-06-14 18:02:57,087 - INFO - *******19_1_Mars_Miners********
2024-06-14 18:04:14,292 - INFO - successful saving
2024-06-14 18:04:14,292 - INFO - ***************American_Idol********************
2024-06-14 18:04:14,292 - INFO - *******13_2_American_Idol********
2024-06-14 18:04:29,246 - INFO - failed saving
2024-06-14 18:04:29,250 - INFO - *******20_2_American_Idol********
2024-06-14 18:04:36,518 - INFO - failed saving
2024-06-14 18:04:36,522 - INFO - *******15_2_American_Idol********
2024-06-14 18:06:09,879 - INFO - successful saving
2024-06-14 18:06:09,879 - INFO - *******17_2_American_Idol********
2024-06-14 18:07:50,028 - INFO - successful saving
2024-06-14 18:07:50,028 - INFO - *******16_2_American_Idol********
2024-06-14 18:09:16,485 - INFO - successful saving
2024-06-14 18:09:16,485 - INFO - *******19_2_American_Idol********
2024-06-14 18:10:38,778 - INFO - successful saving
2024-06-14 18:10:38,778 - INFO - *******12_1_American_Idol********
2024-06-14 18:12:33,835 - INFO - successful saving
2024-06-14 18:12:33,835 - INFO - *******11_1_American_Idol********
2024-06-14 18:14:46,264 - INFO - successful saving
2024-06-14 18:14:46,264 - INFO - ***************Metdonalds********************
2024-06-14 18:14:46,264 - INFO - *******86_1_Metdonalds********
2024-06-14 18:14:53,314 - INFO - failed saving
2024-06-14 18:14:53,319 - INFO - *******88_1_Metdonalds********
2024-06-14 18:15:01,020 - INFO - failed saving
2024-06-14 18:15:01,024 - INFO - *******84_2_Metdonalds********
2024-06-14 18:16:06,556 - INFO - successful saving
2024-06-14 18:16:06,557 - INFO - *******85_1_Metdonalds********
2024-06-14 18:16:42,390 - INFO - successful saving
2024-06-14 18:16:42,390 - INFO - *******83_2_Metdonalds********
2024-06-14 18:17:53,413 - INFO - successful saving
2024-06-14 18:17:53,413 - INFO - *******92_1_Metdonalds********
2024-06-14 18:18:47,099 - INFO - successful saving
2024-06-14 18:18:47,100 - INFO - *******89_1_Metdonalds********
2024-06-14 18:19:38,633 - INFO - successful saving
2024-06-14 18:19:38,633 - INFO - *******91_1_Metdonalds********
2024-06-14 18:21:06,018 - INFO - successful saving
2024-06-14 18:21:06,018 - INFO - *******90_2_Metdonalds********
2024-06-14 18:21:12,195 - INFO - failed saving
2024-06-14 18:21:12,198 - INFO - ***************3D_Play_House********************
2024-06-14 18:21:12,198 - INFO - *******88_2_3D_Play_House********
2024-06-14 18:21:26,749 - INFO - failed saving
2024-06-14 18:21:26,753 - INFO - *******86_2_3D_Play_House********
2024-06-14 18:21:37,534 - INFO - failed saving
2024-06-14 18:21:37,538 - INFO - *******84_1_3D_Play_House********
2024-06-14 18:23:24,998 - INFO - successful saving
2024-06-14 18:23:24,998 - INFO - *******92_2_3D_Play_House********
2024-06-14 18:24:10,238 - INFO - successful saving
2024-06-14 18:24:10,238 - INFO - *******89_2_3D_Play_House********
2024-06-14 18:25:42,155 - INFO - successful saving
2024-06-14 18:25:42,155 - INFO - *******91_2_3D_Play_House********
2024-06-14 18:27:44,175 - INFO - successful saving
2024-06-14 18:27:44,175 - INFO - *******90_1_3D_Play_House********
2024-06-14 18:27:52,946 - INFO - failed saving
2024-06-14 18:27:52,949 - INFO - *******85_2_3D_Play_House********
2024-06-14 18:28:38,680 - INFO - successful saving
2024-06-14 18:28:38,680 - INFO - ***************Kawaii_Daycare********************
2024-06-14 18:28:38,680 - INFO - *******132_2_Kawaii_Daycare********
2024-06-14 18:29:43,137 - INFO - successful saving
2024-06-14 18:29:43,137 - INFO - *******133_2_Kawaii_Daycare********
2024-06-14 18:31:13,425 - INFO - successful saving
2024-06-14 18:31:13,426 - INFO - *******134_2_Kawaii_Daycare********
2024-06-14 18:31:48,704 - INFO - successful saving
2024-06-14 18:31:48,704 - INFO - *******127_2_Kawaii_Daycare********
2024-06-14 18:33:14,674 - INFO - successful saving
2024-06-14 18:33:14,674 - INFO - *******128_2_Kawaii_Daycare********
2024-06-14 18:33:55,146 - INFO - successful saving
2024-06-14 18:33:55,146 - INFO - *******125_2_Kawaii_Daycare********
2024-06-14 18:35:12,125 - INFO - successful saving
2024-06-14 18:35:12,125 - INFO - *******130_2_Kawaii_Daycare********
2024-06-14 18:36:20,644 - INFO - successful saving
2024-06-14 18:36:20,644 - INFO - *******126_2_Kawaii_Daycare********
2024-06-14 18:37:17,506 - INFO - successful saving
2024-06-14 18:37:17,506 - INFO - *******129_2_Kawaii_Daycare********
2024-06-14 18:38:07,605 - INFO - successful saving
2024-06-14 18:38:07,605 - INFO - ***************Giant_Paddle_Golf********************
2024-06-14 18:38:07,605 - INFO - *******134_1_Giant_Paddle_Golf********
2024-06-14 18:39:34,654 - INFO - successful saving
2024-06-14 18:39:34,654 - INFO - *******132_1_Giant_Paddle_Golf********
2024-06-14 18:40:36,932 - INFO - successful saving
2024-06-14 18:40:36,933 - INFO - *******133_1_Giant_Paddle_Golf********
2024-06-14 18:41:43,816 - INFO - successful saving
2024-06-14 18:41:43,816 - INFO - *******125_1_Giant_Paddle_Golf********
2024-06-14 18:42:53,028 - INFO - successful saving
2024-06-14 18:42:53,028 - INFO - *******130_1_Giant_Paddle_Golf********
2024-06-14 18:44:05,678 - INFO - successful saving
2024-06-14 18:44:05,678 - INFO - *******127_1_Giant_Paddle_Golf********
2024-06-14 18:45:19,186 - INFO - successful saving
2024-06-14 18:45:19,187 - INFO - *******126_1_Giant_Paddle_Golf********
2024-06-14 18:46:20,657 - INFO - successful saving
2024-06-14 18:46:20,657 - INFO - *******131_1_Giant_Paddle_Golf********
2024-06-14 18:47:01,901 - INFO - successful saving
2024-06-14 18:47:01,901 - INFO - *******128_1_Giant_Paddle_Golf********
2024-06-14 18:47:05,430 - INFO - failed saving
2024-06-14 18:47:05,433 - INFO - *******129_1_Giant_Paddle_Golf********
2024-06-14 18:48:01,796 - INFO - successful saving
2024-06-14 18:48:01,796 - INFO - ***************City_Parkour********************
2024-06-14 18:48:01,796 - INFO - *******146_1_City_Parkour********
2024-06-14 18:49:21,604 - INFO - successful saving
2024-06-14 18:49:21,604 - INFO - *******150_2_City_Parkour********
2024-06-14 18:50:40,300 - INFO - successful saving
2024-06-14 18:50:40,301 - INFO - *******148_1_City_Parkour********
2024-06-14 18:51:33,172 - INFO - successful saving
2024-06-14 18:51:33,172 - INFO - *******153_2_City_Parkour********
2024-06-14 18:52:16,590 - INFO - successful saving
2024-06-14 18:52:16,590 - INFO - *******147_2_City_Parkour********
2024-06-14 18:52:26,776 - INFO - successful saving
2024-06-14 18:52:26,776 - INFO - *******151_2_City_Parkour********
2024-06-14 18:52:34,618 - INFO - failed saving
2024-06-14 18:52:34,622 - INFO - *******149_1_City_Parkour********
2024-06-14 18:53:21,531 - INFO - successful saving
2024-06-14 18:53:21,532 - INFO - *******155_1_City_Parkour********
2024-06-14 18:54:27,687 - INFO - successful saving
2024-06-14 18:54:27,687 - INFO - *******154_2_City_Parkour********
2024-06-14 18:55:22,138 - INFO - successful saving
2024-06-14 18:55:22,138 - INFO - *******152_2_City_Parkour********
2024-06-14 18:56:28,917 - INFO - successful saving
2024-06-14 18:56:28,917 - INFO - ***************Slash_RPG********************
2024-06-14 18:56:28,917 - INFO - *******104_2_Slash_RPG********
2024-06-14 18:57:55,407 - INFO - successful saving
2024-06-14 18:57:55,407 - INFO - *******107_2_Slash_RPG********
2024-06-14 18:59:25,575 - INFO - successful saving
2024-06-14 18:59:25,575 - INFO - *******111_2_Slash_RPG********
2024-06-14 19:00:36,991 - INFO - successful saving
2024-06-14 19:00:36,991 - INFO - *******106_2_Slash_RPG********
2024-06-14 19:01:43,820 - INFO - successful saving
2024-06-14 19:01:43,820 - INFO - *******113_2_Slash_RPG********
2024-06-14 19:03:06,061 - INFO - successful saving
2024-06-14 19:03:06,062 - INFO - *******109_2_Slash_RPG********
2024-06-14 19:04:06,854 - INFO - successful saving
2024-06-14 19:04:06,854 - INFO - *******108_1_Slash_RPG********
2024-06-14 19:05:36,049 - INFO - successful saving
2024-06-14 19:05:36,050 - INFO - *******112_2_Slash_RPG********
2024-06-14 19:06:23,111 - INFO - successful saving
2024-06-14 19:06:23,111 - INFO - *******110_2_Slash_RPG********
2024-06-14 19:07:36,024 - INFO - successful saving
2024-06-14 19:07:36,024 - INFO - *******105_2_Slash_RPG********
2024-06-14 19:08:21,428 - INFO - successful saving
2024-06-14 19:08:21,428 - INFO - *******114_2_Slash_RPG********
2024-06-14 19:09:25,772 - INFO - successful saving
2024-06-14 19:09:25,772 - INFO - ***************Pirate_Life********************
2024-06-14 19:09:25,772 - INFO - *******109_1_Pirate_Life********
2024-06-14 19:11:05,869 - INFO - successful saving
2024-06-14 19:11:05,869 - INFO - *******106_1_Pirate_Life********
2024-06-14 19:12:08,298 - INFO - successful saving
2024-06-14 19:12:08,298 - INFO - *******114_1_Pirate_Life********
2024-06-14 19:13:16,673 - INFO - successful saving
2024-06-14 19:13:16,674 - INFO - *******107_1_Pirate_Life********
2024-06-14 19:14:33,414 - INFO - successful saving
2024-06-14 19:14:33,414 - INFO - *******111_1_Pirate_Life********
2024-06-14 19:16:00,650 - INFO - successful saving
2024-06-14 19:16:00,650 - INFO - *******110_1_Pirate_Life********
2024-06-14 19:17:41,985 - INFO - successful saving
2024-06-14 19:17:41,985 - INFO - *******104_1_Pirate_Life********
2024-06-14 19:19:20,403 - INFO - successful saving
2024-06-14 19:19:20,403 - INFO - *******113_1_Pirate_Life********
2024-06-14 19:19:35,060 - INFO - failed saving
2024-06-14 19:19:35,065 - INFO - *******105_1_Pirate_Life********
2024-06-14 19:20:37,921 - INFO - successful saving
2024-06-14 19:20:37,921 - INFO - *******108_2_Pirate_Life********
2024-06-14 19:22:01,794 - INFO - successful saving
2024-06-14 19:22:01,794 - INFO - *******112_1_Pirate_Life********
2024-06-14 19:23:19,211 - INFO - successful saving
2024-06-14 19:23:19,211 - INFO - ***************Zombie********************
2024-06-14 19:23:19,211 - INFO - *******115_1_Zombie********
2024-06-14 19:24:22,964 - INFO - successful saving
2024-06-14 19:24:22,964 - INFO - *******118_2_Zombie********
2024-06-14 19:24:51,910 - INFO - successful saving
2024-06-14 19:24:51,910 - INFO - *******119_1_Zombie********
2024-06-14 19:25:58,880 - INFO - successful saving
2024-06-14 19:25:58,880 - INFO - *******124_1_Zombie********
2024-06-14 19:26:48,691 - INFO - successful saving
2024-06-14 19:26:48,691 - INFO - *******121_2_Zombie********
2024-06-14 19:27:48,776 - INFO - successful saving
2024-06-14 19:27:48,776 - INFO - *******116_2_Zombie********
2024-06-14 19:28:47,177 - INFO - successful saving
2024-06-14 19:28:47,178 - INFO - *******117_1_Zombie********
2024-06-14 19:29:28,300 - INFO - successful saving
2024-06-14 19:29:28,300 - INFO - *******123_1_Zombie********
2024-06-14 19:30:17,649 - INFO - successful saving
2024-06-14 19:30:17,649 - INFO - *******120_1_Zombie********
2024-06-14 19:31:13,858 - INFO - successful saving
2024-06-14 19:31:13,858 - INFO - *******122_1_Zombie********
2024-06-14 19:31:20,491 - INFO - failed saving
2024-06-14 19:31:20,495 - INFO - ***************VR_Classroom********************
2024-06-14 19:31:20,495 - INFO - *******103_2_VR_Classroom********
2024-06-14 19:31:29,538 - INFO - failed saving
2024-06-14 19:31:29,542 - INFO - *******101_2_VR_Classroom********
2024-06-14 19:33:02,057 - INFO - successful saving
2024-06-14 19:33:02,057 - INFO - *******102_2_VR_Classroom********
2024-06-14 19:33:09,342 - INFO - failed saving
2024-06-14 19:33:09,345 - INFO - *******100_2_VR_Classroom********
2024-06-14 19:33:21,567 - INFO - failed saving
2024-06-14 19:33:21,570 - INFO - *******98_2_VR_Classroom********
2024-06-14 19:34:44,495 - INFO - successful saving
2024-06-14 19:34:44,495 - INFO - *******96_2_VR_Classroom********
2024-06-14 19:34:56,901 - INFO - failed saving
2024-06-14 19:34:56,905 - INFO - *******95_2_VR_Classroom********
2024-06-14 19:35:56,749 - INFO - successful saving
2024-06-14 19:35:56,749 - INFO - *******94_1_VR_Classroom********
2024-06-14 19:36:06,379 - INFO - failed saving
2024-06-14 19:36:06,384 - INFO - *******99_2_VR_Classroom********
2024-06-14 19:37:37,668 - INFO - successful saving
2024-06-14 19:37:37,668 - INFO - *******93_2_VR_Classroom********
2024-06-14 19:38:53,228 - INFO - successful saving
2024-06-14 19:38:53,228 - INFO - *******97_2_VR_Classroom********
2024-06-14 19:40:25,642 - INFO - successful saving
2024-06-14 19:40:25,642 - INFO - ***************Horizon_Boxing********************
2024-06-14 19:40:25,642 - INFO - *******116_1_Horizon_Boxing********
2024-06-14 19:41:50,483 - INFO - successful saving
2024-06-14 19:41:50,483 - INFO - *******115_2_Horizon_Boxing********
2024-06-14 19:42:58,700 - INFO - successful saving
2024-06-14 19:42:58,700 - INFO - *******118_1_Horizon_Boxing********
2024-06-14 19:44:19,795 - INFO - successful saving
2024-06-14 19:44:19,795 - INFO - *******121_1_Horizon_Boxing********
2024-06-14 19:45:22,163 - INFO - successful saving
2024-06-14 19:45:22,163 - INFO - *******124_2_Horizon_Boxing********
2024-06-14 19:46:26,348 - INFO - successful saving
2024-06-14 19:46:26,348 - INFO - *******120_2_Horizon_Boxing********
2024-06-14 19:47:47,641 - INFO - successful saving
2024-06-14 19:47:47,641 - INFO - *******119_2_Horizon_Boxing********
2024-06-14 19:49:03,594 - INFO - successful saving
2024-06-14 19:49:03,594 - INFO - *******122_2_Horizon_Boxing********
2024-06-14 19:50:16,318 - INFO - successful saving
2024-06-14 19:50:16,318 - INFO - *******117_2_Horizon_Boxing********
2024-06-14 19:50:52,081 - INFO - successful saving
2024-06-14 19:50:52,081 - INFO - *******123_2_Horizon_Boxing********
2024-06-14 19:51:48,183 - INFO - successful saving
2024-06-14 19:51:48,183 - INFO - ***************Titanic_Simulation********************
2024-06-14 19:51:48,183 - INFO - *******102_1_Titanic_Simulation********
2024-06-14 19:51:57,555 - INFO - failed saving
2024-06-14 19:51:57,558 - INFO - *******101_1_Titanic_Simulation********
2024-06-14 19:52:35,294 - INFO - successful saving
2024-06-14 19:52:35,294 - INFO - *******93_1_Titanic_Simulation********
2024-06-14 19:53:25,136 - INFO - successful saving
2024-06-14 19:53:25,136 - INFO - *******94_2_Titanic_Simulation********
2024-06-14 19:53:31,117 - INFO - failed saving
2024-06-14 19:53:31,120 - INFO - *******97_1_Titanic_Simulation********
2024-06-14 19:54:15,017 - INFO - successful saving
2024-06-14 19:54:15,018 - INFO - *******100_1_Titanic_Simulation********
2024-06-14 19:54:22,968 - INFO - failed saving
2024-06-14 19:54:22,972 - INFO - *******98_1_Titanic_Simulation********
2024-06-14 19:55:24,093 - INFO - successful saving
2024-06-14 19:55:24,093 - INFO - *******96_1_Titanic_Simulation********
2024-06-14 19:55:30,492 - INFO - failed saving
2024-06-14 19:55:30,495 - INFO - *******95_1_Titanic_Simulation********
2024-06-14 19:56:30,267 - INFO - successful saving
2024-06-14 19:56:30,268 - INFO - *******99_1_Titanic_Simulation********
2024-06-14 19:57:16,675 - INFO - successful saving
2024-06-14 19:57:16,675 - INFO - ***************Out_Of_Control********************
2024-06-14 19:57:16,675 - INFO - *******173_2_Out_Of_Control********
2024-06-14 19:58:32,927 - INFO - successful saving
2024-06-14 19:58:32,927 - INFO - *******174_2_Out_Of_Control********
2024-06-14 19:59:37,606 - INFO - successful saving
2024-06-14 19:59:37,607 - INFO - *******172_2_Out_Of_Control********
2024-06-14 20:00:44,203 - INFO - successful saving
2024-06-14 20:00:44,203 - INFO - *******171_2_Out_Of_Control********
2024-06-14 20:00:53,734 - INFO - failed saving
2024-06-14 20:00:53,739 - INFO - *******169_2_Out_Of_Control********
2024-06-14 20:01:53,650 - INFO - successful saving
2024-06-14 20:01:53,650 - INFO - *******167_2_Out_Of_Control********
2024-06-14 20:03:01,876 - INFO - successful saving
2024-06-14 20:03:01,876 - INFO - *******170_2_Out_Of_Control********
2024-06-14 20:04:38,950 - INFO - successful saving
2024-06-14 20:04:38,951 - INFO - *******166_2_Out_Of_Control********
2024-06-14 20:05:36,800 - INFO - successful saving
2024-06-14 20:05:36,800 - INFO - *******168_2_Out_Of_Control********
2024-06-14 20:06:51,369 - INFO - successful saving
2024-06-14 20:06:51,369 - INFO - ***************Geometry_Gunners********************
2024-06-14 20:06:51,369 - INFO - *******162_2_Geometry_Gunners********
2024-06-14 20:08:13,085 - INFO - successful saving
2024-06-14 20:08:13,086 - INFO - *******163_2_Geometry_Gunners********
2024-06-14 20:08:23,353 - INFO - successful saving
2024-06-14 20:08:23,353 - INFO - *******164_2_Geometry_Gunners********
2024-06-14 20:09:08,853 - INFO - successful saving
2024-06-14 20:09:08,853 - INFO - *******165_2_Geometry_Gunners********
2024-06-14 20:09:42,208 - INFO - successful saving
2024-06-14 20:09:42,208 - INFO - *******158_1_Geometry_Gunners********
2024-06-14 20:10:37,802 - INFO - successful saving
2024-06-14 20:10:37,802 - INFO - *******160_1_Geometry_Gunners********
2024-06-14 20:11:31,634 - INFO - successful saving
2024-06-14 20:11:31,634 - INFO - *******157_2_Geometry_Gunners********
2024-06-14 20:12:30,084 - INFO - successful saving
2024-06-14 20:12:30,084 - INFO - *******156_2_Geometry_Gunners********
2024-06-14 20:13:20,800 - INFO - successful saving
2024-06-14 20:13:20,800 - INFO - *******159_1_Geometry_Gunners********
2024-06-14 20:14:26,366 - INFO - successful saving
2024-06-14 20:14:26,366 - INFO - *******161_2_Geometry_Gunners********
2024-06-14 20:15:19,595 - INFO - successful saving
2024-06-14 20:15:19,596 - INFO - ***************Barnyard********************
2024-06-14 20:15:19,596 - INFO - *******165_1_Barnyard********
2024-06-14 20:16:14,977 - INFO - successful saving
2024-06-14 20:16:14,977 - INFO - *******164_1_Barnyard********
2024-06-14 20:17:18,222 - INFO - successful saving
2024-06-14 20:17:18,222 - INFO - *******163_1_Barnyard********
2024-06-14 20:17:44,654 - INFO - successful saving
2024-06-14 20:17:44,654 - INFO - *******159_2_Barnyard********
2024-06-14 20:18:47,329 - INFO - successful saving
2024-06-14 20:18:47,329 - INFO - *******162_1_Barnyard********
2024-06-14 20:19:59,258 - INFO - successful saving
2024-06-14 20:19:59,259 - INFO - *******158_2_Barnyard********
2024-06-14 20:21:00,337 - INFO - successful saving
2024-06-14 20:21:00,337 - INFO - *******157_1_Barnyard********
2024-06-14 20:22:09,331 - INFO - successful saving
2024-06-14 20:22:09,331 - INFO - *******160_2_Barnyard********
2024-06-14 20:22:54,119 - INFO - successful saving
2024-06-14 20:22:54,119 - INFO - *******161_1_Barnyard********
2024-06-14 20:23:40,266 - INFO - successful saving
2024-06-14 20:23:40,266 - INFO - *******156_1_Barnyard********
2024-06-14 20:24:47,872 - INFO - successful saving
2024-06-14 20:24:47,872 - INFO - ***************Canyon_Runners********************
2024-06-14 20:24:47,872 - INFO - *******174_1_Canyon_Runners********
2024-06-14 20:26:26,073 - INFO - successful saving
2024-06-14 20:26:26,073 - INFO - *******173_1_Canyon_Runners********
2024-06-14 20:27:25,387 - INFO - successful saving
2024-06-14 20:27:25,387 - INFO - *******169_1_Canyon_Runners********
2024-06-14 20:28:58,905 - INFO - successful saving
2024-06-14 20:28:58,905 - INFO - *******166_1_Canyon_Runners********
2024-06-14 20:30:39,020 - INFO - successful saving
2024-06-14 20:30:39,021 - INFO - *******170_1_Canyon_Runners********
2024-06-14 20:32:27,216 - INFO - successful saving
2024-06-14 20:32:27,216 - INFO - *******167_1_Canyon_Runners********
2024-06-14 20:33:50,313 - INFO - successful saving
2024-06-14 20:33:50,313 - INFO - *******171_1_Canyon_Runners********
2024-06-14 20:35:34,689 - INFO - successful saving
2024-06-14 20:35:34,689 - INFO - *******168_1_Canyon_Runners********
2024-06-14 20:36:57,789 - INFO - successful saving
2024-06-14 20:36:57,789 - INFO - *******172_1_Canyon_Runners********
2024-06-14 20:38:09,720 - INFO - successful saving
2024-06-14 20:38:09,720 - INFO - ***************Creature_Feature********************
2024-06-14 20:38:09,720 - INFO - *******150_1_Creature_Feature********
2024-06-14 20:39:19,887 - INFO - successful saving
2024-06-14 20:39:19,887 - INFO - *******146_2_Creature_Feature********
2024-06-14 20:40:24,269 - INFO - successful saving
2024-06-14 20:40:24,269 - INFO - *******152_1_Creature_Feature********
2024-06-14 20:41:26,391 - INFO - successful saving
2024-06-14 20:41:26,392 - INFO - *******153_1_Creature_Feature********
2024-06-14 20:42:39,121 - INFO - successful saving
2024-06-14 20:42:39,121 - INFO - *******154_1_Creature_Feature********
2024-06-14 20:44:04,532 - INFO - successful saving
2024-06-14 20:44:04,532 - INFO - *******155_2_Creature_Feature********
2024-06-14 20:45:12,718 - INFO - successful saving
2024-06-14 20:45:12,718 - INFO - *******151_1_Creature_Feature********
2024-06-14 20:46:19,051 - INFO - successful saving
2024-06-14 20:46:19,051 - INFO - *******147_1_Creature_Feature********
2024-06-14 20:47:38,398 - INFO - successful saving
2024-07-02 09:23:36,296 - INFO - --------------------------------aggregation starting----------------------------------------------------------------------------------
2024-07-02 09:23:36,297 - INFO - ***************Arena_Clash********************
2024-07-02 09:23:36,297 - INFO - *******45_2_Arena_Clash********
2024-07-02 09:23:46,859 - INFO - failed saving
2024-07-02 09:23:46,863 - INFO - *******43_2_Arena_Clash********
2024-07-02 09:23:57,058 - INFO - failed saving
2024-07-02 09:24:17,545 - INFO - --------------------------------aggregation starting----------------------------------------------------------------------------------
2024-07-02 09:24:17,545 - INFO - ***************Arena_Clash********************
2024-07-02 09:24:17,545 - INFO - *******45_2_Arena_Clash********
2024-07-02 09:39:33,428 - INFO - --------------------------------aggregation starting----------------------------------------------------------------------------------
2024-07-02 09:39:33,428 - INFO - ***************Earth_Gym********************
2024-07-02 09:39:33,428 - INFO - *******5_2_Earth_Gym********
2024-07-02 09:40:28,596 - INFO - --------------------------------aggregation starting----------------------------------------------------------------------------------
2024-07-02 09:40:28,596 - INFO - ***************Earth_Gym********************
2024-07-02 09:40:28,596 - INFO - *******5_2_Earth_Gym********
2024-07-02 09:41:15,028 - INFO - successful saving
2024-07-02 09:41:15,028 - INFO - *******10_2_Earth_Gym********
2024-07-02 09:42:28,969 - INFO - successful saving
2024-07-02 09:42:28,969 - INFO - *******8_2_Earth_Gym********
2024-07-02 09:43:55,551 - INFO - successful saving
2024-07-02 09:43:55,551 - INFO - *******3_1_Earth_Gym********
2024-07-02 09:44:02,281 - INFO - failed saving
2024-07-02 09:44:02,285 - INFO - *******4_1_Earth_Gym********
2024-07-02 09:44:06,608 - INFO - failed saving
2024-07-02 09:44:06,612 - INFO - *******7_1_Earth_Gym********
2024-07-02 09:45:07,408 - INFO - successful saving
2024-07-02 09:45:07,408 - INFO - *******9_1_Earth_Gym********
2024-07-02 09:46:12,183 - INFO - successful saving
2024-07-02 09:46:12,183 - INFO - ***************Wild_Quest********************
2024-07-02 09:46:12,183 - INFO - *******6_1_Wild_Quest********
2024-07-02 09:46:36,873 - INFO - successful saving
2024-07-02 09:46:36,873 - INFO - *******5_1_Wild_Quest********
2024-07-02 09:47:52,102 - INFO - successful saving
2024-07-02 09:47:52,102 - INFO - *******8_1_Wild_Quest********
2024-07-02 09:49:25,469 - INFO - successful saving
2024-07-02 09:49:25,470 - INFO - *******10_1_Wild_Quest********
2024-07-02 09:50:33,205 - INFO - successful saving
2024-07-02 09:50:33,205 - INFO - *******4_2_Wild_Quest********
2024-07-02 09:50:41,246 - INFO - failed saving
2024-07-02 09:50:41,250 - INFO - *******7_2_Wild_Quest********
2024-07-02 09:51:57,206 - INFO - successful saving
2024-07-02 09:51:57,206 - INFO - *******9_2_Wild_Quest********
2024-07-02 09:53:05,273 - INFO - successful saving
2024-07-02 09:53:05,274 - INFO - ***************Roommate********************
2024-07-02 09:53:05,274 - INFO - *******145_1_Roommate********
2024-07-02 09:54:13,523 - INFO - successful saving
2024-07-02 09:54:13,523 - INFO - *******142_1_Roommate********
2024-07-02 09:55:39,113 - INFO - successful saving
2024-07-02 09:55:39,114 - INFO - *******138_2_Roommate********
2024-07-02 09:57:04,831 - INFO - successful saving
2024-07-02 09:57:04,831 - INFO - *******144_2_Roommate********
2024-07-02 09:58:30,974 - INFO - successful saving
2024-07-02 09:58:30,974 - INFO - *******139_2_Roommate********
2024-07-02 10:00:10,440 - INFO - successful saving
2024-07-02 10:00:10,440 - INFO - *******136_2_Roommate********
2024-07-02 10:01:24,078 - INFO - successful saving
2024-07-02 10:01:24,078 - INFO - *******137_2_Roommate********
2024-07-02 10:02:26,206 - INFO - successful saving
2024-07-02 10:02:26,206 - INFO - *******140_2_Roommate********
2024-07-02 10:03:39,395 - INFO - successful saving
2024-07-02 10:03:39,395 - INFO - *******141_1_Roommate********
2024-07-02 10:05:03,701 - INFO - successful saving
2024-07-02 10:05:03,701 - INFO - *******143_2_Roommate********
2024-07-02 10:05:39,225 - INFO - successful saving
2024-07-02 10:05:39,225 - INFO - ***************Waffle_Restaurant********************
2024-07-02 10:05:39,225 - INFO - *******140_1_Waffle_Restaurant********
2024-07-02 10:06:40,475 - INFO - successful saving
2024-07-02 10:06:40,475 - INFO - *******135_1_Waffle_Restaurant********
2024-07-02 10:07:10,842 - INFO - successful saving
2024-07-02 10:07:10,842 - INFO - *******144_1_Waffle_Restaurant********
2024-07-02 10:08:19,231 - INFO - successful saving
2024-07-02 10:08:19,231 - INFO - *******143_1_Waffle_Restaurant********
2024-07-02 10:09:08,898 - INFO - successful saving
2024-07-02 10:09:08,898 - INFO - *******136_1_Waffle_Restaurant********
2024-07-02 10:10:17,013 - INFO - successful saving
2024-07-02 10:10:17,013 - INFO - *******145_2_Waffle_Restaurant********
2024-07-02 10:11:10,302 - INFO - successful saving
2024-07-02 10:11:10,303 - INFO - *******142_2_Waffle_Restaurant********
2024-07-02 10:12:27,049 - INFO - successful saving
2024-07-02 10:12:27,049 - INFO - *******137_1_Waffle_Restaurant********
2024-07-02 10:13:29,508 - INFO - successful saving
2024-07-02 10:13:29,508 - INFO - *******139_1_Waffle_Restaurant********
2024-07-02 10:14:40,876 - INFO - successful saving
2024-07-02 10:14:40,876 - INFO - *******138_1_Waffle_Restaurant********
2024-07-02 10:16:15,533 - INFO - successful saving
2024-07-02 10:16:15,534 - INFO - *******141_2_Waffle_Restaurant********
2024-07-02 10:17:24,256 - INFO - successful saving
2024-07-02 10:17:24,256 - INFO - ***************UFO_crash_site_venue********************
2024-07-02 10:17:24,256 - INFO - *******62_2_UFO_crash_site_venue********
2024-07-02 10:17:31,383 - INFO - failed saving
2024-07-02 10:17:31,387 - INFO - *******57_1_UFO_crash_site_venue********
2024-07-02 10:17:42,834 - INFO - failed saving
2024-07-02 10:17:42,838 - INFO - *******59_2_UFO_crash_site_venue********
2024-07-02 10:17:48,727 - INFO - failed saving
2024-07-02 10:17:48,731 - INFO - *******60_2_UFO_crash_site_venue********
2024-07-02 10:19:12,989 - INFO - successful saving
2024-07-02 10:19:12,989 - INFO - *******58_2_UFO_crash_site_venue********
2024-07-02 10:19:25,157 - INFO - successful saving
2024-07-02 10:19:25,158 - INFO - *******55_2_UFO_crash_site_venue********
2024-07-02 10:19:36,082 - INFO - successful saving
2024-07-02 10:19:36,082 - INFO - *******56_2_UFO_crash_site_venue********
2024-07-02 10:20:57,949 - INFO - successful saving
2024-07-02 10:20:57,949 - INFO - *******54_1_UFO_crash_site_venue********
2024-07-02 10:22:33,618 - INFO - successful saving
2024-07-02 10:22:33,618 - INFO - ***************The_aquarium********************
2024-07-02 10:22:33,619 - INFO - *******59_1_The_aquarium********
2024-07-02 10:22:35,562 - INFO - failed saving
2024-07-02 10:22:35,566 - INFO - *******57_2_The_aquarium********
2024-07-02 10:22:40,317 - INFO - failed saving
2024-07-02 10:22:40,320 - INFO - *******62_1_The_aquarium********
2024-07-02 10:22:42,227 - INFO - failed saving
2024-07-02 10:22:42,230 - INFO - *******61_1_The_aquarium********
2024-07-02 10:23:23,589 - INFO - successful saving
2024-07-02 10:23:23,589 - INFO - *******56_1_The_aquarium********
2024-07-02 10:24:05,364 - INFO - successful saving
2024-07-02 10:24:05,364 - INFO - *******58_1_The_aquarium********
2024-07-02 10:24:06,158 - INFO - failed saving
2024-07-02 10:24:06,160 - INFO - *******55_1_The_aquarium********
2024-07-02 10:24:11,856 - INFO - successful saving
2024-07-02 10:24:11,856 - INFO - *******60_1_The_aquarium********
2024-07-02 10:25:07,614 - INFO - successful saving
2024-07-02 10:25:07,614 - INFO - *******53_2_The_aquarium********
2024-07-02 10:25:46,361 - INFO - successful saving
2024-07-02 10:25:46,361 - INFO - *******54_2_The_aquarium********
2024-07-02 10:26:18,592 - INFO - successful saving
2024-07-02 10:26:18,592 - INFO - ***************Kowloon********************
2024-07-02 10:26:18,592 - INFO - *******64_1_Kowloon********
2024-07-02 10:26:27,464 - INFO - failed saving
2024-07-02 10:26:27,467 - INFO - *******66_2_Kowloon********
2024-07-02 10:26:34,680 - INFO - successful saving
2024-07-02 10:26:34,680 - INFO - *******67_2_Kowloon********
2024-07-02 10:26:43,137 - INFO - failed saving
2024-07-02 10:26:43,141 - INFO - *******63_1_Kowloon********
2024-07-02 10:26:59,525 - INFO - successful saving
2024-07-02 10:26:59,525 - INFO - *******65_1_Kowloon********
2024-07-02 10:28:18,144 - INFO - successful saving
2024-07-02 10:28:18,144 - INFO - *******68_1_Kowloon********
2024-07-02 10:29:51,173 - INFO - successful saving
2024-07-02 10:29:51,173 - INFO - *******71_2_Kowloon********
2024-07-02 10:30:02,444 - INFO - successful saving
2024-07-02 10:30:02,444 - INFO - *******72_2_Kowloon********
2024-07-02 10:31:22,334 - INFO - successful saving
2024-07-02 10:31:22,334 - INFO - *******70_2_Kowloon********
2024-07-02 10:33:04,256 - INFO - successful saving
2024-07-02 10:33:04,256 - INFO - ***************Wake_the_Robot********************
2024-07-02 10:33:04,256 - INFO - *******64_2_Wake_the_Robot********
2024-07-02 10:33:08,095 - INFO - failed saving
2024-07-02 10:33:08,098 - INFO - *******69_1_Wake_the_Robot********
2024-07-02 10:33:16,545 - INFO - failed saving
2024-07-02 10:33:16,548 - INFO - *******70_1_Wake_the_Robot********
2024-07-02 10:34:40,730 - INFO - successful saving
2024-07-02 10:34:40,730 - INFO - *******66_1_Wake_the_Robot********
2024-07-02 10:34:50,868 - INFO - successful saving
2024-07-02 10:34:50,868 - INFO - *******68_2_Wake_the_Robot********
2024-07-02 10:35:59,885 - INFO - successful saving
2024-07-02 10:35:59,885 - INFO - *******63_2_Wake_the_Robot********
2024-07-02 10:36:12,352 - INFO - successful saving
2024-07-02 10:36:12,352 - INFO - *******65_2_Wake_the_Robot********
2024-07-02 10:37:27,645 - INFO - successful saving
2024-07-02 10:37:27,645 - INFO - *******67_1_Wake_the_Robot********
2024-07-02 10:37:37,838 - INFO - successful saving
2024-07-02 10:37:37,838 - INFO - *******71_1_Wake_the_Robot********
2024-07-02 10:37:44,348 - INFO - successful saving
2024-07-02 10:37:44,348 - INFO - *******72_1_Wake_the_Robot********
2024-07-02 10:38:54,383 - INFO - successful saving
2024-07-02 10:38:54,383 - INFO - ***************Scifi_Sandbox********************
2024-07-02 10:38:54,383 - INFO - *******43_1_Scifi_Sandbox********
2024-07-02 10:39:09,528 - INFO - failed saving
2024-07-02 10:39:09,533 - INFO - *******45_1_Scifi_Sandbox********
2024-07-02 10:39:15,356 - INFO - failed saving
2024-07-02 10:39:15,360 - INFO - *******49_1_Scifi_Sandbox********
2024-07-02 10:39:23,400 - INFO - failed saving
2024-07-02 10:39:23,404 - INFO - *******47_1_Scifi_Sandbox********
2024-07-02 10:39:29,659 - INFO - failed saving
2024-07-02 10:39:29,663 - INFO - *******46_1_Scifi_Sandbox********
2024-07-02 10:40:55,437 - INFO - successful saving
2024-07-02 10:40:55,438 - INFO - *******51_1_Scifi_Sandbox********
2024-07-02 10:42:20,335 - INFO - successful saving
2024-07-02 10:42:20,335 - INFO - *******50_1_Scifi_Sandbox********
2024-07-02 10:43:32,451 - INFO - successful saving
2024-07-02 10:43:32,451 - INFO - *******52_2_Scifi_Sandbox********
2024-07-02 10:43:43,898 - INFO - successful saving
2024-07-02 10:43:43,899 - INFO - *******48_1_Scifi_Sandbox********
2024-07-02 10:43:53,125 - INFO - successful saving
2024-07-02 10:43:53,125 - INFO - *******44_2_Scifi_Sandbox********
2024-07-02 10:45:18,121 - INFO - successful saving
2024-07-02 10:45:18,122 - INFO - ***************Citadel********************
2024-07-02 10:45:18,122 - INFO - *******40_2_Citadel********
2024-07-02 10:45:26,113 - INFO - failed saving
2024-07-02 10:45:26,117 - INFO - *******42_2_Citadel********
2024-07-02 10:45:34,868 - INFO - failed saving
2024-07-02 10:45:34,872 - INFO - *******36_1_Citadel********
2024-07-02 10:45:48,638 - INFO - failed saving
2024-07-02 10:45:48,642 - INFO - *******34_1_Citadel********
2024-07-02 10:45:59,844 - INFO - failed saving
2024-07-02 10:45:59,848 - INFO - *******31_1_Citadel********
2024-07-02 10:46:09,992 - INFO - failed saving
2024-07-02 10:46:09,996 - INFO - *******32_1_Citadel********
2024-07-02 10:47:35,062 - INFO - successful saving
2024-07-02 10:47:35,062 - INFO - *******41_2_Citadel********
2024-07-02 10:49:18,679 - INFO - successful saving
2024-07-02 10:49:18,679 - INFO - *******37_1_Citadel********
2024-07-02 10:51:05,038 - INFO - successful saving
2024-07-02 10:51:05,038 - INFO - *******38_2_Citadel********
2024-07-02 10:52:30,568 - INFO - successful saving
2024-07-02 10:52:30,569 - INFO - *******35_2_Citadel********
2024-07-02 10:52:39,285 - INFO - failed saving
2024-07-02 10:52:39,288 - INFO - ***************Super_Rumble********************
2024-07-02 10:52:39,288 - INFO - *******40_1_Super_Rumble********
2024-07-02 10:52:50,605 - INFO - failed saving
2024-07-02 10:52:50,609 - INFO - *******36_2_Super_Rumble********
2024-07-02 10:53:00,950 - INFO - failed saving
2024-07-02 10:53:00,953 - INFO - *******38_1_Super_Rumble********
2024-07-02 10:53:03,932 - INFO - failed saving
2024-07-02 10:53:03,936 - INFO - *******34_2_Super_Rumble********
2024-07-02 10:53:18,914 - INFO - failed saving
2024-07-02 10:53:18,918 - INFO - *******31_2_Super_Rumble********
2024-07-02 10:53:30,676 - INFO - failed saving
2024-07-02 10:53:30,680 - INFO - *******41_1_Super_Rumble********
2024-07-02 10:55:15,282 - INFO - successful saving
2024-07-02 10:55:15,282 - INFO - *******37_2_Super_Rumble********
2024-07-02 10:56:17,004 - INFO - successful saving
2024-07-02 10:56:17,004 - INFO - *******33_2_Super_Rumble********
2024-07-02 10:58:08,036 - INFO - successful saving
2024-07-02 10:58:08,036 - INFO - *******32_2_Super_Rumble********
2024-07-02 10:59:22,393 - INFO - successful saving
2024-07-02 10:59:22,393 - INFO - *******35_1_Super_Rumble********
2024-07-02 10:59:45,380 - INFO - successful saving
2024-07-02 10:59:45,380 - INFO - ***************Arena_Clash********************
2024-07-02 10:59:45,380 - INFO - *******45_2_Arena_Clash********
2024-07-02 10:59:55,615 - INFO - failed saving
2024-07-02 10:59:55,619 - INFO - *******43_2_Arena_Clash********
2024-07-02 11:00:11,018 - INFO - failed saving
2024-07-02 11:00:11,022 - INFO - *******47_2_Arena_Clash********
2024-07-02 11:00:22,214 - INFO - failed saving
2024-07-02 11:00:22,218 - INFO - *******48_2_Arena_Clash********
2024-07-02 11:00:27,300 - INFO - failed saving
2024-07-02 11:00:27,303 - INFO - *******52_1_Arena_Clash********
2024-07-02 11:00:39,369 - INFO - successful saving
2024-07-02 11:00:39,369 - INFO - *******50_2_Arena_Clash********
2024-07-02 11:02:01,568 - INFO - successful saving
2024-07-02 11:02:01,568 - INFO - *******46_2_Arena_Clash********
2024-07-02 11:03:59,036 - INFO - successful saving
2024-07-02 11:03:59,036 - INFO - *******51_2_Arena_Clash********
2024-07-02 11:06:05,724 - INFO - successful saving
2024-07-02 11:06:05,724 - INFO - *******44_1_Arena_Clash********
2024-07-02 11:06:36,516 - INFO - successful saving
2024-07-02 11:06:36,516 - INFO - ***************Venues********************
2024-07-02 11:06:36,516 - INFO - *******78_2_Venues********
2024-07-02 11:06:40,199 - INFO - failed saving
2024-07-02 11:06:40,203 - INFO - *******80_2_Venues********
2024-07-02 11:06:44,855 - INFO - failed saving
2024-07-02 11:06:44,859 - INFO - *******76_2_Venues********
2024-07-02 11:06:55,571 - INFO - failed saving
2024-07-02 11:06:55,575 - INFO - *******73_2_Venues********
2024-07-02 11:07:02,314 - INFO - failed saving
2024-07-02 11:07:02,317 - INFO - *******75_2_Venues********
2024-07-02 11:08:12,182 - INFO - successful saving
2024-07-02 11:08:12,182 - INFO - *******82_2_Venues********
2024-07-02 11:09:07,403 - INFO - successful saving
2024-07-02 11:09:07,403 - INFO - *******77_2_Venues********
2024-07-02 11:10:18,881 - INFO - successful saving
2024-07-02 11:10:18,881 - INFO - *******74_2_Venues********
2024-07-02 11:11:25,851 - INFO - successful saving
2024-07-02 11:11:25,851 - INFO - *******79_2_Venues********
2024-07-02 11:12:11,500 - INFO - successful saving
2024-07-02 11:12:11,500 - INFO - ***************Superhero_Arena********************
2024-07-02 11:12:11,500 - INFO - *******82_1_Superhero_Arena********
2024-07-02 11:12:18,499 - INFO - failed saving
2024-07-02 11:12:18,503 - INFO - *******73_1_Superhero_Arena********
2024-07-02 11:12:31,077 - INFO - failed saving
2024-07-02 11:12:31,081 - INFO - *******78_1_Superhero_Arena********
2024-07-02 11:12:40,401 - INFO - failed saving
2024-07-02 11:12:40,405 - INFO - *******80_1_Superhero_Arena********
2024-07-02 11:12:45,859 - INFO - failed saving
2024-07-02 11:12:45,863 - INFO - *******76_1_Superhero_Arena********
2024-07-02 11:12:54,352 - INFO - failed saving
2024-07-02 11:12:54,356 - INFO - *******79_1_Superhero_Arena********
2024-07-02 11:14:33,041 - INFO - successful saving
2024-07-02 11:14:33,041 - INFO - *******75_1_Superhero_Arena********
2024-07-02 11:14:45,537 - INFO - failed saving
2024-07-02 11:14:45,542 - INFO - *******77_1_Superhero_Arena********
2024-07-02 11:14:57,033 - INFO - successful saving
2024-07-02 11:14:57,033 - INFO - *******81_1_Superhero_Arena********
2024-07-02 11:16:19,518 - INFO - successful saving
2024-07-02 11:16:19,518 - INFO - *******74_1_Superhero_Arena********
2024-07-02 11:16:28,340 - INFO - failed saving
2024-07-02 11:16:28,343 - INFO - ***************Army_Men********************
2024-07-02 11:16:28,343 - INFO - *******28_2_Army_Men********
2024-07-02 11:18:06,785 - INFO - successful saving
2024-07-02 11:18:06,785 - INFO - *******30_2_Army_Men********
2024-07-02 11:19:42,411 - INFO - successful saving
2024-07-02 11:19:42,411 - INFO - *******25_1_Army_Men********
2024-07-02 11:19:50,156 - INFO - failed saving
2024-07-02 11:19:50,159 - INFO - *******23_1_Army_Men********
2024-07-02 11:20:06,868 - INFO - failed saving
2024-07-02 11:20:06,871 - INFO - *******26_1_Army_Men********
2024-07-02 11:21:22,118 - INFO - successful saving
2024-07-02 11:21:22,118 - INFO - *******27_1_Army_Men********
2024-07-02 11:22:46,111 - INFO - successful saving
2024-07-02 11:22:46,111 - INFO - *******24_1_Army_Men********
2024-07-02 11:23:56,585 - INFO - successful saving
2024-07-02 11:23:56,585 - INFO - *******22_1_Army_Men********
2024-07-02 11:25:31,117 - INFO - successful saving
2024-07-02 11:25:31,117 - INFO - *******21_1_Army_Men********
2024-07-02 11:26:52,638 - INFO - successful saving
2024-07-02 11:26:52,638 - INFO - ***************Bobber_Bay_Fishing********************
2024-07-02 11:26:52,638 - INFO - *******25_2_Bobber_Bay_Fishing********
2024-07-02 11:27:00,452 - INFO - failed saving
2024-07-02 11:27:00,455 - INFO - *******30_1_Bobber_Bay_Fishing********
2024-07-02 11:28:37,372 - INFO - successful saving
2024-07-02 11:28:37,373 - INFO - *******23_2_Bobber_Bay_Fishing********
2024-07-02 11:28:51,478 - INFO - failed saving
2024-07-02 11:28:51,482 - INFO - *******27_2_Bobber_Bay_Fishing********
2024-07-02 11:29:20,276 - INFO - successful saving
2024-07-02 11:29:20,276 - INFO - *******29_2_Bobber_Bay_Fishing********
2024-07-02 11:30:28,270 - INFO - successful saving
2024-07-02 11:30:28,270 - INFO - *******26_2_Bobber_Bay_Fishing********
2024-07-02 11:31:30,623 - INFO - successful saving
2024-07-02 11:31:30,624 - INFO - *******24_2_Bobber_Bay_Fishing********
2024-07-02 11:32:27,566 - INFO - successful saving
2024-07-02 11:32:27,566 - INFO - *******21_2_Bobber_Bay_Fishing********
2024-07-02 11:33:57,615 - INFO - successful saving
2024-07-02 11:33:57,615 - INFO - *******22_2_Bobber_Bay_Fishing********
2024-07-02 11:35:36,998 - INFO - successful saving
2024-07-02 11:35:36,998 - INFO - ***************Mars_Miners********************
2024-07-02 11:35:36,998 - INFO - *******16_1_Mars_Miners********
2024-07-02 11:37:10,496 - INFO - successful saving
2024-07-02 11:37:10,497 - INFO - *******18_1_Mars_Miners********
2024-07-02 11:39:21,216 - INFO - successful saving
2024-07-02 11:39:21,216 - INFO - *******17_1_Mars_Miners********
2024-07-02 11:42:00,369 - INFO - successful saving
2024-07-02 11:42:00,369 - INFO - *******15_1_Mars_Miners********
2024-07-02 11:43:09,513 - INFO - successful saving
2024-07-02 11:43:09,513 - INFO - *******11_2_Mars_Miners********
2024-07-02 11:43:48,063 - INFO - successful saving
2024-07-02 11:43:48,063 - INFO - *******12_2_Mars_Miners********
2024-07-02 11:44:24,224 - INFO - successful saving
2024-07-02 11:44:24,224 - INFO - *******19_1_Mars_Miners********
2024-07-02 11:45:37,553 - INFO - successful saving
2024-07-02 11:45:37,553 - INFO - ***************American_Idol********************
2024-07-02 11:45:37,553 - INFO - *******13_2_American_Idol********
2024-07-02 11:45:51,359 - INFO - failed saving
2024-07-02 11:45:51,363 - INFO - *******20_2_American_Idol********
2024-07-02 11:45:57,643 - INFO - failed saving
2024-07-02 11:45:57,646 - INFO - *******15_2_American_Idol********
2024-07-02 11:47:28,116 - INFO - successful saving
2024-07-02 11:47:28,116 - INFO - *******17_2_American_Idol********
2024-07-02 11:49:06,518 - INFO - successful saving
2024-07-02 11:49:06,518 - INFO - *******16_2_American_Idol********
2024-07-02 11:50:28,363 - INFO - successful saving
2024-07-02 11:50:28,364 - INFO - *******19_2_American_Idol********
2024-07-02 11:51:44,894 - INFO - successful saving
2024-07-02 11:51:44,894 - INFO - *******12_1_American_Idol********
2024-07-02 11:53:36,738 - INFO - successful saving
2024-07-02 11:53:36,738 - INFO - *******11_1_American_Idol********
2024-07-02 11:55:46,204 - INFO - successful saving
2024-07-02 11:55:46,205 - INFO - ***************Metdonalds********************
2024-07-02 11:55:46,205 - INFO - *******86_1_Metdonalds********
2024-07-02 11:55:52,572 - INFO - failed saving
2024-07-02 11:55:52,576 - INFO - *******88_1_Metdonalds********
2024-07-02 11:55:59,810 - INFO - failed saving
2024-07-02 11:55:59,815 - INFO - *******84_2_Metdonalds********
2024-07-02 11:57:01,147 - INFO - successful saving
2024-07-02 11:57:01,147 - INFO - *******85_1_Metdonalds********
2024-07-02 11:57:35,708 - INFO - successful saving
2024-07-02 11:57:35,708 - INFO - *******83_2_Metdonalds********
2024-07-02 11:58:43,239 - INFO - successful saving
2024-07-02 11:58:43,239 - INFO - *******92_1_Metdonalds********
2024-07-02 11:59:32,822 - INFO - successful saving
2024-07-02 11:59:32,822 - INFO - *******89_1_Metdonalds********
2024-07-02 12:00:20,767 - INFO - successful saving
2024-07-02 12:00:20,767 - INFO - *******91_1_Metdonalds********
2024-07-02 12:01:44,654 - INFO - successful saving
2024-07-02 12:01:44,654 - INFO - *******90_2_Metdonalds********
2024-07-02 12:01:49,836 - INFO - failed saving
2024-07-02 12:01:49,838 - INFO - ***************3D_Play_House********************
2024-07-02 12:01:49,839 - INFO - *******88_2_3D_Play_House********
2024-07-02 12:02:03,026 - INFO - failed saving
2024-07-02 12:02:03,030 - INFO - *******86_2_3D_Play_House********
2024-07-02 12:02:13,091 - INFO - failed saving
2024-07-02 12:02:13,095 - INFO - *******84_1_3D_Play_House********
2024-07-02 12:03:59,609 - INFO - successful saving
2024-07-02 12:03:59,609 - INFO - *******92_2_3D_Play_House********
2024-07-02 12:04:42,036 - INFO - successful saving
2024-07-02 12:04:42,036 - INFO - *******89_2_3D_Play_House********
2024-07-02 12:06:10,263 - INFO - successful saving
2024-07-02 12:06:10,263 - INFO - *******91_2_3D_Play_House********
2024-07-02 12:08:09,658 - INFO - successful saving
2024-07-02 12:08:09,658 - INFO - *******90_1_3D_Play_House********
2024-07-02 12:08:16,293 - INFO - failed saving
2024-07-02 12:08:16,296 - INFO - *******85_2_3D_Play_House********
2024-07-02 12:09:01,763 - INFO - successful saving
2024-07-02 12:09:01,763 - INFO - ***************Kawaii_Daycare********************
2024-07-02 12:09:01,763 - INFO - *******132_2_Kawaii_Daycare********
2024-07-02 12:09:59,592 - INFO - successful saving
2024-07-02 12:09:59,592 - INFO - *******133_2_Kawaii_Daycare********
2024-07-02 12:11:28,352 - INFO - successful saving
2024-07-02 12:11:28,352 - INFO - *******134_2_Kawaii_Daycare********
2024-07-02 12:12:01,727 - INFO - successful saving
2024-07-02 12:12:01,727 - INFO - *******127_2_Kawaii_Daycare********
2024-07-02 12:13:29,072 - INFO - successful saving
2024-07-02 12:13:29,072 - INFO - *******128_2_Kawaii_Daycare********
2024-07-02 12:14:04,565 - INFO - successful saving
2024-07-02 12:14:04,565 - INFO - *******125_2_Kawaii_Daycare********
2024-07-02 12:15:16,656 - INFO - successful saving
2024-07-02 12:15:16,656 - INFO - *******130_2_Kawaii_Daycare********
2024-07-02 12:16:21,352 - INFO - successful saving
2024-07-02 12:16:21,352 - INFO - *******126_2_Kawaii_Daycare********
2024-07-02 12:17:14,232 - INFO - successful saving
2024-07-02 12:17:14,232 - INFO - *******129_2_Kawaii_Daycare********
2024-07-02 12:18:01,448 - INFO - successful saving
2024-07-02 12:18:01,449 - INFO - ***************Giant_Paddle_Golf********************
2024-07-02 12:18:01,449 - INFO - *******134_1_Giant_Paddle_Golf********
2024-07-02 12:19:25,032 - INFO - successful saving
2024-07-02 12:19:25,032 - INFO - *******132_1_Giant_Paddle_Golf********
2024-07-02 12:20:23,901 - INFO - successful saving
2024-07-02 12:20:23,901 - INFO - *******133_1_Giant_Paddle_Golf********
2024-07-02 12:21:27,606 - INFO - successful saving
2024-07-02 12:21:27,606 - INFO - *******125_1_Giant_Paddle_Golf********
2024-07-02 12:22:36,245 - INFO - successful saving
2024-07-02 12:22:36,245 - INFO - *******130_1_Giant_Paddle_Golf********
2024-07-02 12:23:48,973 - INFO - successful saving
2024-07-02 12:23:48,973 - INFO - *******127_1_Giant_Paddle_Golf********
2024-07-02 12:24:57,586 - INFO - successful saving
2024-07-02 12:24:57,586 - INFO - *******126_1_Giant_Paddle_Golf********
2024-07-02 12:25:53,196 - INFO - successful saving
2024-07-02 12:25:53,196 - INFO - *******131_1_Giant_Paddle_Golf********
2024-07-02 12:26:32,163 - INFO - successful saving
2024-07-02 12:26:32,163 - INFO - *******128_1_Giant_Paddle_Golf********
2024-07-02 12:26:35,335 - INFO - failed saving
2024-07-02 12:26:35,339 - INFO - *******129_1_Giant_Paddle_Golf********
2024-07-02 12:27:27,950 - INFO - successful saving
2024-07-02 12:27:27,950 - INFO - ***************City_Parkour********************
2024-07-02 12:27:27,950 - INFO - *******146_1_City_Parkour********
2024-07-02 12:28:45,113 - INFO - successful saving
2024-07-02 12:28:45,113 - INFO - *******150_2_City_Parkour********
2024-07-02 12:30:00,150 - INFO - successful saving
2024-07-02 12:30:00,150 - INFO - *******148_1_City_Parkour********
2024-07-02 12:30:50,799 - INFO - successful saving
2024-07-02 12:30:50,799 - INFO - *******153_2_City_Parkour********
2024-07-02 12:31:29,567 - INFO - successful saving
2024-07-02 12:31:29,567 - INFO - *******147_2_City_Parkour********
2024-07-02 12:31:39,800 - INFO - successful saving
2024-07-02 12:31:39,800 - INFO - *******151_2_City_Parkour********
2024-07-02 12:31:47,131 - INFO - failed saving
2024-07-02 12:31:47,135 - INFO - *******149_1_City_Parkour********
2024-07-02 12:32:30,572 - INFO - successful saving
2024-07-02 12:32:30,572 - INFO - *******155_1_City_Parkour********
2024-07-02 12:33:32,354 - INFO - successful saving
2024-07-02 12:33:32,354 - INFO - *******154_2_City_Parkour********
2024-07-02 12:34:22,865 - INFO - successful saving
2024-07-02 12:34:22,865 - INFO - *******152_2_City_Parkour********
2024-07-02 12:35:27,323 - INFO - successful saving
2024-07-02 12:35:27,324 - INFO - ***************Slash_RPG********************
2024-07-02 12:35:27,324 - INFO - *******104_2_Slash_RPG********
2024-07-02 12:36:54,910 - INFO - successful saving
2024-07-02 12:36:54,910 - INFO - *******107_2_Slash_RPG********
2024-07-02 12:38:21,398 - INFO - successful saving
2024-07-02 12:38:21,398 - INFO - *******111_2_Slash_RPG********
2024-07-02 12:39:32,713 - INFO - successful saving
2024-07-02 12:39:32,714 - INFO - *******106_2_Slash_RPG********
2024-07-02 12:40:38,561 - INFO - successful saving
2024-07-02 12:40:38,562 - INFO - *******113_2_Slash_RPG********
2024-07-02 12:41:56,066 - INFO - successful saving
2024-07-02 12:41:56,066 - INFO - *******109_2_Slash_RPG********
2024-07-02 12:42:55,927 - INFO - successful saving
2024-07-02 12:42:55,928 - INFO - *******108_1_Slash_RPG********
2024-07-02 12:44:20,313 - INFO - successful saving
2024-07-02 12:44:20,313 - INFO - *******112_2_Slash_RPG********
2024-07-02 12:45:06,460 - INFO - successful saving
2024-07-02 12:45:06,460 - INFO - *******110_2_Slash_RPG********
2024-07-02 12:46:15,059 - INFO - successful saving
2024-07-02 12:46:15,059 - INFO - *******105_2_Slash_RPG********
2024-07-02 12:46:58,254 - INFO - successful saving
2024-07-02 12:46:58,254 - INFO - *******114_2_Slash_RPG********
2024-07-02 12:48:01,365 - INFO - successful saving
2024-07-02 12:48:01,365 - INFO - ***************Pirate_Life********************
2024-07-02 12:48:01,365 - INFO - *******109_1_Pirate_Life********
2024-07-02 12:49:43,023 - INFO - successful saving
2024-07-02 12:49:43,024 - INFO - *******106_1_Pirate_Life********
2024-07-02 12:50:33,314 - INFO - successful saving
2024-07-02 12:50:33,314 - INFO - *******114_1_Pirate_Life********
2024-07-02 12:51:36,555 - INFO - successful saving
2024-07-02 12:51:36,555 - INFO - *******107_1_Pirate_Life********
2024-07-02 12:52:49,734 - INFO - successful saving
2024-07-02 12:52:49,734 - INFO - *******111_1_Pirate_Life********
2024-07-02 12:54:14,672 - INFO - successful saving
2024-07-02 12:54:14,672 - INFO - *******110_1_Pirate_Life********
2024-07-02 12:55:48,583 - INFO - successful saving
2024-07-02 12:55:48,583 - INFO - *******104_1_Pirate_Life********
2024-07-02 12:57:27,829 - INFO - successful saving
2024-07-02 12:57:27,829 - INFO - *******113_1_Pirate_Life********
2024-07-02 12:57:42,018 - INFO - failed saving
2024-07-02 12:57:42,024 - INFO - *******105_1_Pirate_Life********
2024-07-02 12:58:40,652 - INFO - successful saving
2024-07-02 12:58:40,652 - INFO - *******108_2_Pirate_Life********
2024-07-02 13:00:02,270 - INFO - successful saving
2024-07-02 13:00:02,270 - INFO - *******112_1_Pirate_Life********
2024-07-02 13:01:15,744 - INFO - successful saving
2024-07-02 13:01:15,744 - INFO - ***************Zombie********************
2024-07-02 13:01:15,744 - INFO - *******115_1_Zombie********
2024-07-02 13:02:20,511 - INFO - successful saving
2024-07-02 13:02:20,511 - INFO - *******118_2_Zombie********
2024-07-02 13:02:49,004 - INFO - successful saving
2024-07-02 13:02:49,004 - INFO - *******119_1_Zombie********
2024-07-02 13:03:55,787 - INFO - successful saving
2024-07-02 13:03:55,787 - INFO - *******124_1_Zombie********
2024-07-02 13:04:42,357 - INFO - successful saving
2024-07-02 13:04:42,357 - INFO - *******121_2_Zombie********
2024-07-02 13:05:41,198 - INFO - successful saving
2024-07-02 13:05:41,199 - INFO - *******116_2_Zombie********
2024-07-02 13:06:34,413 - INFO - successful saving
2024-07-02 13:06:34,413 - INFO - *******117_1_Zombie********
2024-07-02 13:07:13,168 - INFO - successful saving
2024-07-02 13:07:13,168 - INFO - *******123_1_Zombie********
2024-07-02 13:08:01,892 - INFO - successful saving
2024-07-02 13:08:01,893 - INFO - *******120_1_Zombie********
2024-07-02 13:08:58,252 - INFO - successful saving
2024-07-02 13:08:58,252 - INFO - *******122_1_Zombie********
2024-07-02 13:09:04,437 - INFO - failed saving
2024-07-02 13:09:04,441 - INFO - ***************VR_Classroom********************
2024-07-02 13:09:04,441 - INFO - *******103_2_VR_Classroom********
2024-07-02 13:09:12,611 - INFO - failed saving
2024-07-02 13:09:12,615 - INFO - *******101_2_VR_Classroom********
2024-07-02 13:10:38,451 - INFO - successful saving
2024-07-02 13:10:38,451 - INFO - *******102_2_VR_Classroom********
2024-07-02 13:10:44,300 - INFO - failed saving
2024-07-02 13:10:44,303 - INFO - *******100_2_VR_Classroom********
2024-07-02 13:10:55,502 - INFO - failed saving
2024-07-02 13:10:55,506 - INFO - *******98_2_VR_Classroom********
2024-07-02 13:12:14,712 - INFO - successful saving
2024-07-02 13:12:14,712 - INFO - *******96_2_VR_Classroom********
2024-07-02 13:12:26,107 - INFO - failed saving
2024-07-02 13:12:26,111 - INFO - *******95_2_VR_Classroom********
2024-07-02 13:13:24,046 - INFO - successful saving
2024-07-02 13:13:24,046 - INFO - *******94_1_VR_Classroom********
2024-07-02 13:13:32,350 - INFO - failed saving
2024-07-02 13:13:32,355 - INFO - *******99_2_VR_Classroom********
2024-07-02 13:14:59,223 - INFO - successful saving
2024-07-02 13:14:59,223 - INFO - *******93_2_VR_Classroom********
2024-07-02 13:16:10,664 - INFO - successful saving
2024-07-02 13:16:10,664 - INFO - *******97_2_VR_Classroom********
2024-07-02 13:17:38,024 - INFO - successful saving
2024-07-02 13:17:38,025 - INFO - ***************Horizon_Boxing********************
2024-07-02 13:17:38,025 - INFO - *******116_1_Horizon_Boxing********
2024-07-02 13:19:30,285 - INFO - successful saving
2024-07-02 13:19:30,285 - INFO - *******115_2_Horizon_Boxing********
2024-07-02 13:20:34,405 - INFO - successful saving
2024-07-02 13:20:34,405 - INFO - *******118_1_Horizon_Boxing********
2024-07-02 13:21:55,601 - INFO - successful saving
2024-07-02 13:21:55,602 - INFO - *******121_1_Horizon_Boxing********
2024-07-02 13:23:14,692 - INFO - successful saving
2024-07-02 13:23:14,692 - INFO - *******124_2_Horizon_Boxing********
2024-07-02 13:24:16,916 - INFO - successful saving
2024-07-02 13:24:16,916 - INFO - *******120_2_Horizon_Boxing********
2024-07-02 13:25:32,677 - INFO - successful saving
2024-07-02 13:25:32,677 - INFO - *******119_2_Horizon_Boxing********
2024-07-02 13:26:45,615 - INFO - successful saving
2024-07-02 13:26:45,615 - INFO - *******122_2_Horizon_Boxing********
2024-07-02 13:27:55,085 - INFO - successful saving
2024-07-02 13:27:55,085 - INFO - *******117_2_Horizon_Boxing********
2024-07-02 13:28:28,548 - INFO - successful saving
2024-07-02 13:28:28,548 - INFO - *******123_2_Horizon_Boxing********
2024-07-02 13:29:27,187 - INFO - successful saving
2024-07-02 13:29:27,187 - INFO - ***************Titanic_Simulation********************
2024-07-02 13:29:27,187 - INFO - *******102_1_Titanic_Simulation********
2024-07-02 13:29:39,066 - INFO - failed saving
2024-07-02 13:29:39,069 - INFO - *******101_1_Titanic_Simulation********
2024-07-02 13:30:13,568 - INFO - successful saving
2024-07-02 13:30:13,568 - INFO - *******93_1_Titanic_Simulation********
2024-07-02 13:31:03,796 - INFO - successful saving
2024-07-02 13:31:03,796 - INFO - *******94_2_Titanic_Simulation********
2024-07-02 13:31:12,483 - INFO - failed saving
2024-07-02 13:31:12,487 - INFO - *******97_1_Titanic_Simulation********
2024-07-02 13:31:54,185 - INFO - successful saving
2024-07-02 13:31:54,185 - INFO - *******100_1_Titanic_Simulation********
2024-07-02 13:32:02,815 - INFO - failed saving
2024-07-02 13:32:02,818 - INFO - *******98_1_Titanic_Simulation********
2024-07-02 13:32:57,833 - INFO - successful saving
2024-07-02 13:32:57,833 - INFO - *******96_1_Titanic_Simulation********
2024-07-02 13:33:04,140 - INFO - failed saving
2024-07-02 13:33:04,143 - INFO - *******95_1_Titanic_Simulation********
2024-07-02 13:34:01,679 - INFO - successful saving
2024-07-02 13:34:01,679 - INFO - *******99_1_Titanic_Simulation********
2024-07-02 13:34:47,840 - INFO - successful saving
2024-07-02 13:34:47,840 - INFO - ***************Out_Of_Control********************
2024-07-02 13:34:47,840 - INFO - *******173_2_Out_Of_Control********
2024-07-02 13:36:02,863 - INFO - successful saving
2024-07-02 13:36:02,863 - INFO - *******174_2_Out_Of_Control********
2024-07-02 13:37:04,674 - INFO - successful saving
2024-07-02 13:37:04,674 - INFO - *******172_2_Out_Of_Control********
2024-07-02 13:38:04,836 - INFO - successful saving
2024-07-02 13:38:04,836 - INFO - *******171_2_Out_Of_Control********
2024-07-02 13:38:13,740 - INFO - failed saving
2024-07-02 13:38:13,745 - INFO - *******169_2_Out_Of_Control********
2024-07-02 13:39:16,072 - INFO - successful saving
2024-07-02 13:39:16,072 - INFO - *******167_2_Out_Of_Control********
2024-07-02 13:40:21,080 - INFO - successful saving
2024-07-02 13:40:21,080 - INFO - *******170_2_Out_Of_Control********
2024-07-02 13:41:54,996 - INFO - successful saving
2024-07-02 13:41:54,996 - INFO - *******166_2_Out_Of_Control********
2024-07-02 13:42:48,335 - INFO - successful saving
2024-07-02 13:42:48,335 - INFO - *******168_2_Out_Of_Control********
2024-07-02 13:43:57,327 - INFO - successful saving
2024-07-02 13:43:57,327 - INFO - ***************Geometry_Gunners********************
2024-07-02 13:43:57,327 - INFO - *******162_2_Geometry_Gunners********
2024-07-02 13:45:18,270 - INFO - successful saving
2024-07-02 13:45:18,270 - INFO - *******163_2_Geometry_Gunners********
2024-07-02 13:45:28,359 - INFO - successful saving
2024-07-02 13:45:28,360 - INFO - *******164_2_Geometry_Gunners********
2024-07-02 13:46:08,001 - INFO - successful saving
2024-07-02 13:46:08,001 - INFO - *******165_2_Geometry_Gunners********
2024-07-02 13:46:37,901 - INFO - successful saving
2024-07-02 13:46:37,902 - INFO - *******158_1_Geometry_Gunners********
2024-07-02 13:47:29,455 - INFO - successful saving
2024-07-02 13:47:29,455 - INFO - *******160_1_Geometry_Gunners********
2024-07-02 13:48:18,654 - INFO - successful saving
2024-07-02 13:48:18,654 - INFO - *******157_2_Geometry_Gunners********
2024-07-02 13:49:13,379 - INFO - successful saving
2024-07-02 13:49:13,379 - INFO - *******156_2_Geometry_Gunners********
2024-07-02 13:50:27,729 - INFO - successful saving
2024-07-02 13:50:27,729 - INFO - *******159_1_Geometry_Gunners********
2024-07-02 13:51:30,171 - INFO - successful saving
2024-07-02 13:51:30,171 - INFO - *******161_2_Geometry_Gunners********
2024-07-02 13:52:18,374 - INFO - successful saving
2024-07-02 13:52:18,375 - INFO - ***************Barnyard********************
2024-07-02 13:52:18,375 - INFO - *******165_1_Barnyard********
2024-07-02 13:53:10,223 - INFO - successful saving
2024-07-02 13:53:10,223 - INFO - *******164_1_Barnyard********
2024-07-02 13:54:12,657 - INFO - successful saving
2024-07-02 13:54:12,657 - INFO - *******163_1_Barnyard********
2024-07-02 13:54:37,918 - INFO - successful saving
2024-07-02 13:54:37,918 - INFO - *******159_2_Barnyard********
2024-07-02 13:55:37,743 - INFO - successful saving
2024-07-02 13:55:37,743 - INFO - *******162_1_Barnyard********
2024-07-02 13:56:46,692 - INFO - successful saving
2024-07-02 13:56:46,692 - INFO - *******158_2_Barnyard********
2024-07-02 13:57:41,984 - INFO - successful saving
2024-07-02 13:57:41,985 - INFO - *******157_1_Barnyard********
2024-07-02 13:58:46,614 - INFO - successful saving
2024-07-02 13:58:46,614 - INFO - *******160_2_Barnyard********
2024-07-02 13:59:27,609 - INFO - successful saving
2024-07-02 13:59:27,609 - INFO - *******161_1_Barnyard********
2024-07-02 14:00:22,490 - INFO - successful saving
2024-07-02 14:00:22,490 - INFO - *******156_1_Barnyard********
2024-07-02 14:01:40,424 - INFO - successful saving
2024-07-02 14:01:40,424 - INFO - ***************Canyon_Runners********************
2024-07-02 14:01:40,424 - INFO - *******174_1_Canyon_Runners********
2024-07-02 14:03:18,121 - INFO - successful saving
2024-07-02 14:03:18,121 - INFO - *******173_1_Canyon_Runners********
2024-07-02 14:04:12,531 - INFO - successful saving
2024-07-02 14:04:12,531 - INFO - *******169_1_Canyon_Runners********
2024-07-02 14:05:45,794 - INFO - successful saving
2024-07-02 14:05:45,794 - INFO - *******166_1_Canyon_Runners********
2024-07-02 14:07:24,948 - INFO - successful saving
2024-07-02 14:07:24,948 - INFO - *******170_1_Canyon_Runners********
2024-07-02 14:09:12,415 - INFO - successful saving
2024-07-02 14:09:12,415 - INFO - *******167_1_Canyon_Runners********
2024-07-02 14:10:23,590 - INFO - successful saving
2024-07-02 14:10:23,590 - INFO - *******171_1_Canyon_Runners********
2024-07-02 14:11:51,211 - INFO - successful saving
2024-07-02 14:11:51,211 - INFO - *******168_1_Canyon_Runners********
2024-07-02 14:12:56,380 - INFO - successful saving
2024-07-02 14:12:56,380 - INFO - *******172_1_Canyon_Runners********
2024-07-02 14:13:53,696 - INFO - successful saving
2024-07-02 14:13:53,696 - INFO - ***************Creature_Feature********************
2024-07-02 14:13:53,696 - INFO - *******150_1_Creature_Feature********
2024-07-02 14:14:41,347 - INFO - successful saving
2024-07-02 14:14:41,347 - INFO - *******146_2_Creature_Feature********
2024-07-02 14:15:26,613 - INFO - successful saving
2024-07-02 14:15:26,613 - INFO - *******152_1_Creature_Feature********
2024-07-02 14:16:13,250 - INFO - successful saving
2024-07-02 14:16:13,250 - INFO - *******153_1_Creature_Feature********
2024-07-02 14:17:05,837 - INFO - successful saving
2024-07-02 14:17:05,837 - INFO - *******154_1_Creature_Feature********
2024-07-02 14:18:24,884 - INFO - successful saving
2024-07-02 14:18:24,884 - INFO - *******155_2_Creature_Feature********
2024-07-02 14:19:15,800 - INFO - successful saving
2024-07-02 14:19:15,800 - INFO - *******151_1_Creature_Feature********
2024-07-02 14:19:56,910 - INFO - successful saving
2024-07-02 14:19:56,910 - INFO - *******147_1_Creature_Feature********
2024-07-02 14:20:54,049 - INFO - successful saving
