2024-07-03 19:18:20,635 - INFO - Multiclass Classification
2024-07-03 19:18:36,147 - INFO - Best parameters for LightGBM: {'learning_rate': 0.2, 'n_estimators': 100, 'num_leaves': 31, 'verbose': -1}
2024-07-03 19:18:39,929 - INFO - Best parameters for XGBoost: {'learning_rate': 0.1, 'max_depth': 3, 'n_estimators': 200}
2024-07-03 19:18:41,344 - INFO - Best parameters for RandomForest: {'max_depth': 20, 'n_estimators': 200}
2024-07-03 19:18:43,222 - INFO - Best parameters for GradientBoosting: {'learning_rate': 0.1, 'max_depth': 3, 'n_estimators': 200}
2024-07-03 19:18:43,222 - INFO - Regression Results
2024-07-03 19:18:43,225 - INFO - LightGBM Test MSE: 1.8892807512097936
2024-07-03 19:18:43,228 - INFO - *******----Stats for Train set----*******
2024-07-03 19:18:43,232 - INFO - Confusion Matrix:
[[27  0  0  0  0]
 [ 0 27  0  0  0]
 [ 0  0 27  0  0]
 [ 0  0  0 27  0]
 [ 0  0  0  0 27]]
2024-07-03 19:18:43,232 - INFO - Accuracy: 1.0
2024-07-03 19:18:43,232 - INFO - Recall: [1. 1. 1. 1. 1.]
2024-07-03 19:18:43,232 - INFO - Precision: [1. 1. 1. 1. 1.]
2024-07-03 19:18:43,233 - INFO - F1 Score: [1. 1. 1. 1. 1.]
2024-07-03 19:18:43,233 - INFO - *******----Stats for Test set----*******
2024-07-03 19:18:43,236 - INFO - Confusion Matrix:
[[0 3 2 1 0]
 [2 1 3 0 0]
 [1 1 4 0 0]
 [0 2 1 1 2]
 [0 2 0 4 0]]
2024-07-03 19:18:43,236 - INFO - Accuracy: 0.2
2024-07-03 19:18:43,236 - INFO - Recall: [0.         0.16666667 0.66666667 0.16666667 0.        ]
2024-07-03 19:18:43,236 - INFO - Precision: [0.         0.11111111 0.4        0.16666667 0.        ]
2024-07-03 19:18:43,237 - INFO - F1 Score: [0.         0.13333333 0.5        0.16666667 0.        ]
2024-07-03 19:18:43,242 - INFO - XGBoost Test MSE: 1.940579072748207
2024-07-03 19:18:43,248 - INFO - *******----Stats for Train set----*******
2024-07-03 19:18:43,251 - INFO - Confusion Matrix:
[[27  0  0  0  0]
 [ 0 27  0  0  0]
 [ 0  0 27  0  0]
 [ 0  0  0 27  0]
 [ 0  0  0  0 27]]
2024-07-03 19:18:43,251 - INFO - Accuracy: 1.0
2024-07-03 19:18:43,252 - INFO - Recall: [1. 1. 1. 1. 1.]
2024-07-03 19:18:43,252 - INFO - Precision: [1. 1. 1. 1. 1.]
2024-07-03 19:18:43,252 - INFO - F1 Score: [1. 1. 1. 1. 1.]
2024-07-03 19:18:43,252 - INFO - *******----Stats for Test set----*******
2024-07-03 19:18:43,256 - INFO - Confusion Matrix:
[[1 3 1 1 0]
 [0 4 2 0 0]
 [1 0 4 1 0]
 [0 2 2 2 0]
 [0 2 3 1 0]]
2024-07-03 19:18:43,256 - INFO - Accuracy: 0.36666666666666664
2024-07-03 19:18:43,256 - INFO - Recall: [0.16666667 0.66666667 0.66666667 0.33333333 0.        ]
2024-07-03 19:18:43,256 - INFO - Precision: [0.5        0.36363636 0.33333333 0.4        0.        ]
2024-07-03 19:18:43,256 - INFO - F1 Score: [0.25       0.47058824 0.44444444 0.36363636 0.        ]
2024-07-03 19:18:43,279 - INFO - RandomForest Test MSE: 1.71713
2024-07-03 19:18:43,314 - INFO - *******----Stats for Train set----*******
2024-07-03 19:18:43,318 - INFO - Confusion Matrix:
[[ 4 23  0  0  0]
 [ 0 23  4  0  0]
 [ 0  0 27  0  0]
 [ 0  0  9 18  0]
 [ 0  0  0 10 17]]
2024-07-03 19:18:43,318 - INFO - Accuracy: 0.6592592592592592
2024-07-03 19:18:43,318 - INFO - Recall: [0.14814815 0.85185185 1.         0.66666667 0.62962963]
2024-07-03 19:18:43,318 - INFO - Precision: [1.         0.5        0.675      0.64285714 1.        ]
2024-07-03 19:18:43,318 - INFO - F1 Score: [0.25806452 0.63013699 0.80597015 0.65454545 0.77272727]
2024-07-03 19:18:43,318 - INFO - *******----Stats for Test set----*******
2024-07-03 19:18:43,322 - INFO - Confusion Matrix:
[[0 2 3 1 0]
 [0 5 1 0 0]
 [0 1 4 1 0]
 [0 1 2 3 0]
 [0 2 0 4 0]]
2024-07-03 19:18:43,322 - INFO - Accuracy: 0.4
2024-07-03 19:18:43,322 - INFO - Recall: [0.         0.83333333 0.66666667 0.5        0.        ]
2024-07-03 19:18:43,322 - INFO - Precision: [0.         0.45454545 0.4        0.33333333 0.        ]
2024-07-03 19:18:43,323 - INFO - F1 Score: [0.         0.58823529 0.5        0.4        0.        ]
2024-07-03 19:18:43,329 - INFO - GradientBoosting Test MSE: 1.9722753525080807
2024-07-03 19:18:43,332 - INFO - *******----Stats for Train set----*******
2024-07-03 19:18:43,336 - INFO - Confusion Matrix:
[[27  0  0  0  0]
 [ 0 27  0  0  0]
 [ 0  0 27  0  0]
 [ 0  0  0 27  0]
 [ 0  0  0  0 27]]
2024-07-03 19:18:43,336 - INFO - Accuracy: 1.0
2024-07-03 19:18:43,336 - INFO - Recall: [1. 1. 1. 1. 1.]
2024-07-03 19:18:43,337 - INFO - Precision: [1. 1. 1. 1. 1.]
2024-07-03 19:18:43,337 - INFO - F1 Score: [1. 1. 1. 1. 1.]
2024-07-03 19:18:43,337 - INFO - *******----Stats for Test set----*******
2024-07-03 19:18:43,340 - INFO - Confusion Matrix:
[[0 2 3 1 0]
 [1 4 0 1 0]
 [0 2 3 1 0]
 [0 1 3 2 0]
 [0 1 4 1 0]]
2024-07-03 19:18:43,340 - INFO - Accuracy: 0.3
2024-07-03 19:18:43,341 - INFO - Recall: [0.         0.66666667 0.5        0.33333333 0.        ]
2024-07-03 19:18:43,341 - INFO - Precision: [0.         0.4        0.23076923 0.33333333 0.        ]
2024-07-03 19:18:43,341 - INFO - F1 Score: [0.         0.5        0.31578947 0.33333333 0.        ]
2024-07-03 19:18:43,342 - INFO - Binary Classification
2024-07-03 19:18:56,708 - INFO - Best parameters for LightGBM: {'learning_rate': 0.1, 'n_estimators': 100, 'num_leaves': 31, 'verbose': -1}
2024-07-03 19:18:58,964 - INFO - Best parameters for XGBoost: {'learning_rate': 0.1, 'max_depth': 3, 'n_estimators': 400}
2024-07-03 19:19:00,127 - INFO - Best parameters for RandomForest: {'max_depth': 10, 'n_estimators': 50}
2024-07-03 19:19:01,980 - INFO - Best parameters for GradientBoosting: {'learning_rate': 0.2, 'max_depth': 3, 'n_estimators': 200}
2024-07-03 19:19:01,980 - INFO - Regression Results
2024-07-03 19:19:01,983 - INFO - LightGBM Test MSE: 0.19063632545977158
2024-07-03 19:19:02,041 - INFO - *******----Stats for Train set----*******
2024-07-03 19:19:02,044 - INFO - Confusion Matrix:
[[ 7 47]
 [ 0 81]]
2024-07-03 19:19:02,044 - INFO - Accuracy: 0.6518518518518519
2024-07-03 19:19:02,044 - INFO - Recall: 1.0
2024-07-03 19:19:02,044 - INFO - Precision: 0.6328125
2024-07-03 19:19:02,044 - INFO - F1 Score: 0.7751196172248804
2024-07-03 19:19:02,044 - INFO - *******----Stats for Test set----*******
2024-07-03 19:19:02,046 - INFO - Confusion Matrix:
[[ 0 12]
 [ 0 18]]
2024-07-03 19:19:02,046 - INFO - Accuracy: 0.6
2024-07-03 19:19:02,046 - INFO - Recall: 1.0
2024-07-03 19:19:02,046 - INFO - Precision: 0.6
2024-07-03 19:19:02,046 - INFO - F1 Score: 0.7499999999999999
2024-07-03 19:19:02,052 - INFO - XGBoost Test MSE: 0.17585545516486645
2024-07-03 19:19:02,117 - INFO - *******----Stats for Train set----*******
2024-07-03 19:19:02,120 - INFO - Confusion Matrix:
[[18 36]
 [ 0 81]]
2024-07-03 19:19:02,120 - INFO - Accuracy: 0.7333333333333333
2024-07-03 19:19:02,120 - INFO - Recall: 1.0
2024-07-03 19:19:02,120 - INFO - Precision: 0.6923076923076923
2024-07-03 19:19:02,120 - INFO - F1 Score: 0.8181818181818181
2024-07-03 19:19:02,120 - INFO - *******----Stats for Test set----*******
2024-07-03 19:19:02,123 - INFO - Confusion Matrix:
[[ 3  9]
 [ 0 18]]
2024-07-03 19:19:02,123 - INFO - Accuracy: 0.7
2024-07-03 19:19:02,123 - INFO - Recall: 1.0
2024-07-03 19:19:02,123 - INFO - Precision: 0.6666666666666666
2024-07-03 19:19:02,123 - INFO - F1 Score: 0.8
2024-07-03 19:19:02,131 - INFO - RandomForest Test MSE: 0.1893603111111111
2024-07-03 19:19:02,227 - INFO - *******----Stats for Train set----*******
2024-07-03 19:19:02,230 - INFO - Confusion Matrix:
[[ 0 54]
 [ 0 81]]
2024-07-03 19:19:02,230 - INFO - Accuracy: 0.6
2024-07-03 19:19:02,230 - INFO - Recall: 1.0
2024-07-03 19:19:02,230 - INFO - Precision: 0.6
2024-07-03 19:19:02,230 - INFO - F1 Score: 0.7499999999999999
2024-07-03 19:19:02,230 - INFO - *******----Stats for Test set----*******
2024-07-03 19:19:02,233 - INFO - Confusion Matrix:
[[ 0 12]
 [ 0 18]]
2024-07-03 19:19:02,233 - INFO - Accuracy: 0.6
2024-07-03 19:19:02,234 - INFO - Recall: 1.0
2024-07-03 19:19:02,234 - INFO - Precision: 0.6
2024-07-03 19:19:02,234 - INFO - F1 Score: 0.7499999999999999
2024-07-03 19:19:02,240 - INFO - GradientBoosting Test MSE: 0.18547021062047647
2024-07-03 19:19:02,320 - INFO - *******----Stats for Train set----*******
2024-07-03 19:19:02,322 - INFO - Confusion Matrix:
[[54  0]
 [ 0 81]]
2024-07-03 19:19:02,322 - INFO - Accuracy: 1.0
2024-07-03 19:19:02,322 - INFO - Recall: 1.0
2024-07-03 19:19:02,322 - INFO - Precision: 1.0
2024-07-03 19:19:02,322 - INFO - F1 Score: 1.0
2024-07-03 19:19:02,323 - INFO - *******----Stats for Test set----*******
2024-07-03 19:19:02,324 - INFO - Confusion Matrix:
[[ 1 11]
 [ 0 18]]
2024-07-03 19:19:02,324 - INFO - Accuracy: 0.6333333333333333
2024-07-03 19:19:02,324 - INFO - Recall: 1.0
2024-07-03 19:19:02,325 - INFO - Precision: 0.6206896551724138
2024-07-03 19:19:02,325 - INFO - F1 Score: 0.7659574468085107
