2024-07-03 19:17:25,996 - INFO - Multiclass Classification
2024-07-03 19:17:41,601 - INFO - Best parameters for LightGBM: {'learning_rate': 0.1, 'n_estimators': 50, 'num_leaves': 31, 'verbose': -1}
2024-07-03 19:17:45,473 - INFO - Best parameters for XGBoost: {'learning_rate': 0.1, 'max_depth': 3, 'n_estimators': 400}
2024-07-03 19:17:46,883 - INFO - Best parameters for RandomForest: {'max_depth': 20, 'n_estimators': 200}
2024-07-03 19:17:48,817 - INFO - Best parameters for GradientBoosting: {'learning_rate': 0.1, 'max_depth': 5, 'n_estimators': 200}
2024-07-03 19:17:48,817 - INFO - Regression Results
2024-07-03 19:17:48,819 - INFO - LightGBM Test MSE: 1.3168184947738686
2024-07-03 19:17:48,821 - INFO - *******----Stats for Train set----*******
2024-07-03 19:17:48,824 - INFO - Confusion Matrix:
[[10 17  0  0  0]
 [ 0 21  6  0  0]
 [ 0  3 21  3  0]
 [ 0  0 14 13  0]
 [ 0  0  0 12 15]]
2024-07-03 19:17:48,824 - INFO - Accuracy: 0.5925925925925926
2024-07-03 19:17:48,824 - INFO - Recall: [0.37037037 0.77777778 0.77777778 0.48148148 0.55555556]
2024-07-03 19:17:48,824 - INFO - Precision: [1.         0.51219512 0.51219512 0.46428571 1.        ]
2024-07-03 19:17:48,825 - INFO - F1 Score: [0.54054054 0.61764706 0.61764706 0.47272727 0.71428571]
2024-07-03 19:17:48,825 - INFO - *******----Stats for Test set----*******
2024-07-03 19:17:48,827 - INFO - Confusion Matrix:
[[2 1 3 0 0]
 [0 4 2 0 0]
 [0 2 3 1 0]
 [0 0 3 3 0]
 [0 0 6 0 0]]
2024-07-03 19:17:48,827 - INFO - Accuracy: 0.4
2024-07-03 19:17:48,827 - INFO - Recall: [0.33333333 0.66666667 0.5        0.5        0.        ]
2024-07-03 19:17:48,827 - INFO - Precision: [1.         0.57142857 0.17647059 0.75       0.        ]
2024-07-03 19:17:48,828 - INFO - F1 Score: [0.5        0.61538462 0.26086957 0.6        0.        ]
2024-07-03 19:17:48,834 - INFO - XGBoost Test MSE: 1.3101406042901051
2024-07-03 19:17:48,840 - INFO - *******----Stats for Train set----*******
2024-07-03 19:17:48,843 - INFO - Confusion Matrix:
[[27  0  0  0  0]
 [ 0 27  0  0  0]
 [ 0  0 27  0  0]
 [ 0  0  0 27  0]
 [ 0  0  0  0 27]]
2024-07-03 19:17:48,844 - INFO - Accuracy: 1.0
2024-07-03 19:17:48,844 - INFO - Recall: [1. 1. 1. 1. 1.]
2024-07-03 19:17:48,844 - INFO - Precision: [1. 1. 1. 1. 1.]
2024-07-03 19:17:48,844 - INFO - F1 Score: [1. 1. 1. 1. 1.]
2024-07-03 19:17:48,844 - INFO - *******----Stats for Test set----*******
2024-07-03 19:17:48,848 - INFO - Confusion Matrix:
[[1 5 0 0 0]
 [0 5 1 0 0]
 [0 2 4 0 0]
 [0 0 3 3 0]
 [0 1 4 1 0]]
2024-07-03 19:17:48,848 - INFO - Accuracy: 0.43333333333333335
2024-07-03 19:17:48,848 - INFO - Recall: [0.16666667 0.83333333 0.66666667 0.5        0.        ]
2024-07-03 19:17:48,848 - INFO - Precision: [1.         0.38461538 0.33333333 0.75       0.        ]
2024-07-03 19:17:48,848 - INFO - F1 Score: [0.28571429 0.52631579 0.44444444 0.6        0.        ]
2024-07-03 19:17:48,871 - INFO - RandomForest Test MSE: 1.2524616666666668
2024-07-03 19:17:48,906 - INFO - *******----Stats for Train set----*******
2024-07-03 19:17:48,910 - INFO - Confusion Matrix:
[[ 5 22  0  0  0]
 [ 0 24  3  0  0]
 [ 0  0 27  0  0]
 [ 0  0  7 20  0]
 [ 0  0  0  6 21]]
2024-07-03 19:17:48,910 - INFO - Accuracy: 0.7185185185185186
2024-07-03 19:17:48,910 - INFO - Recall: [0.18518519 0.88888889 1.         0.74074074 0.77777778]
2024-07-03 19:17:48,911 - INFO - Precision: [1.         0.52173913 0.72972973 0.76923077 1.        ]
2024-07-03 19:17:48,911 - INFO - F1 Score: [0.3125     0.65753425 0.84375    0.75471698 0.875     ]
2024-07-03 19:17:48,911 - INFO - *******----Stats for Test set----*******
2024-07-03 19:17:48,914 - INFO - Confusion Matrix:
[[0 3 3 0 0]
 [0 4 2 0 0]
 [0 1 5 0 0]
 [0 0 4 2 0]
 [0 0 5 1 0]]
2024-07-03 19:17:48,915 - INFO - Accuracy: 0.36666666666666664
2024-07-03 19:17:48,915 - INFO - Recall: [0.         0.66666667 0.83333333 0.33333333 0.        ]
2024-07-03 19:17:48,915 - INFO - Precision: [0.         0.5        0.26315789 0.66666667 0.        ]
2024-07-03 19:17:48,915 - INFO - F1 Score: [0.         0.57142857 0.4        0.44444444 0.        ]
2024-07-03 19:17:48,922 - INFO - GradientBoosting Test MSE: 1.2322093915117265
2024-07-03 19:17:48,926 - INFO - *******----Stats for Train set----*******
2024-07-03 19:17:48,930 - INFO - Confusion Matrix:
[[27  0  0  0  0]
 [ 0 27  0  0  0]
 [ 0  0 27  0  0]
 [ 0  0  0 27  0]
 [ 0  0  0  0 27]]
2024-07-03 19:17:48,930 - INFO - Accuracy: 1.0
2024-07-03 19:17:48,930 - INFO - Recall: [1. 1. 1. 1. 1.]
2024-07-03 19:17:48,930 - INFO - Precision: [1. 1. 1. 1. 1.]
2024-07-03 19:17:48,930 - INFO - F1 Score: [1. 1. 1. 1. 1.]
2024-07-03 19:17:48,931 - INFO - *******----Stats for Test set----*******
2024-07-03 19:17:48,934 - INFO - Confusion Matrix:
[[1 3 2 0 0]
 [0 5 1 0 0]
 [0 2 3 1 0]
 [0 0 2 4 0]
 [0 1 3 1 1]]
2024-07-03 19:17:48,934 - INFO - Accuracy: 0.4666666666666667
2024-07-03 19:17:48,934 - INFO - Recall: [0.16666667 0.83333333 0.5        0.66666667 0.16666667]
2024-07-03 19:17:48,935 - INFO - Precision: [1.         0.45454545 0.27272727 0.66666667 1.        ]
2024-07-03 19:17:48,935 - INFO - F1 Score: [0.28571429 0.58823529 0.35294118 0.66666667 0.28571429]
2024-07-03 19:17:48,935 - INFO - Binary Classification
2024-07-03 19:18:01,882 - INFO - Best parameters for LightGBM: {'learning_rate': 0.1, 'n_estimators': 50, 'num_leaves': 31, 'verbose': -1}
2024-07-03 19:18:03,881 - INFO - Best parameters for XGBoost: {'learning_rate': 0.01, 'max_depth': 3, 'n_estimators': 50}
2024-07-03 19:18:05,080 - INFO - Best parameters for RandomForest: {'max_depth': 20, 'n_estimators': 100}
2024-07-03 19:18:06,837 - INFO - Best parameters for GradientBoosting: {'learning_rate': 0.01, 'max_depth': 5, 'n_estimators': 100}
2024-07-03 19:18:06,838 - INFO - Regression Results
2024-07-03 19:18:06,840 - INFO - LightGBM Test MSE: 0.1965722640122495
2024-07-03 19:18:06,900 - INFO - *******----Stats for Train set----*******
2024-07-03 19:18:06,902 - INFO - Confusion Matrix:
[[11 43]
 [ 0 81]]
2024-07-03 19:18:06,902 - INFO - Accuracy: 0.6814814814814815
2024-07-03 19:18:06,902 - INFO - Recall: 1.0
2024-07-03 19:18:06,902 - INFO - Precision: 0.6532258064516129
2024-07-03 19:18:06,902 - INFO - F1 Score: 0.7902439024390243
2024-07-03 19:18:06,902 - INFO - *******----Stats for Test set----*******
2024-07-03 19:18:06,904 - INFO - Confusion Matrix:
[[ 2 10]
 [ 0 18]]
2024-07-03 19:18:06,905 - INFO - Accuracy: 0.6666666666666666
2024-07-03 19:18:06,905 - INFO - Recall: 1.0
2024-07-03 19:18:06,905 - INFO - Precision: 0.6428571428571429
2024-07-03 19:18:06,905 - INFO - F1 Score: 0.782608695652174
2024-07-03 19:18:06,909 - INFO - XGBoost Test MSE: 0.23436202931250177
2024-07-03 19:18:06,997 - INFO - *******----Stats for Train set----*******
2024-07-03 19:18:07,000 - INFO - Confusion Matrix:
[[ 0 54]
 [ 0 81]]
2024-07-03 19:18:07,000 - INFO - Accuracy: 0.6
2024-07-03 19:18:07,000 - INFO - Recall: 1.0
2024-07-03 19:18:07,000 - INFO - Precision: 0.6
2024-07-03 19:18:07,000 - INFO - F1 Score: 0.7499999999999999
2024-07-03 19:18:07,000 - INFO - *******----Stats for Test set----*******
2024-07-03 19:18:07,003 - INFO - Confusion Matrix:
[[ 0 12]
 [ 0 18]]
2024-07-03 19:18:07,003 - INFO - Accuracy: 0.6
2024-07-03 19:18:07,003 - INFO - Recall: 1.0
2024-07-03 19:18:07,003 - INFO - Precision: 0.6
2024-07-03 19:18:07,003 - INFO - F1 Score: 0.7499999999999999
2024-07-03 19:18:07,016 - INFO - RandomForest Test MSE: 0.17952333333333337
2024-07-03 19:18:07,125 - INFO - *******----Stats for Train set----*******
2024-07-03 19:18:07,128 - INFO - Confusion Matrix:
[[ 0 54]
 [ 0 81]]
2024-07-03 19:18:07,129 - INFO - Accuracy: 0.6
2024-07-03 19:18:07,129 - INFO - Recall: 1.0
2024-07-03 19:18:07,129 - INFO - Precision: 0.6
2024-07-03 19:18:07,130 - INFO - F1 Score: 0.7499999999999999
2024-07-03 19:18:07,130 - INFO - *******----Stats for Test set----*******
2024-07-03 19:18:07,133 - INFO - Confusion Matrix:
[[ 0 12]
 [ 0 18]]
2024-07-03 19:18:07,134 - INFO - Accuracy: 0.6
2024-07-03 19:18:07,134 - INFO - Recall: 1.0
2024-07-03 19:18:07,134 - INFO - Precision: 0.6
2024-07-03 19:18:07,135 - INFO - F1 Score: 0.7499999999999999
2024-07-03 19:18:07,139 - INFO - GradientBoosting Test MSE: 0.24575648077979143
2024-07-03 19:18:07,215 - INFO - *******----Stats for Train set----*******
2024-07-03 19:18:07,217 - INFO - Confusion Matrix:
[[10 44]
 [ 0 81]]
2024-07-03 19:18:07,217 - INFO - Accuracy: 0.674074074074074
2024-07-03 19:18:07,217 - INFO - Recall: 1.0
2024-07-03 19:18:07,217 - INFO - Precision: 0.648
2024-07-03 19:18:07,218 - INFO - F1 Score: 0.7864077669902912
2024-07-03 19:18:07,218 - INFO - *******----Stats for Test set----*******
2024-07-03 19:18:07,220 - INFO - Confusion Matrix:
[[ 0 12]
 [ 0 18]]
2024-07-03 19:18:07,220 - INFO - Accuracy: 0.6
2024-07-03 19:18:07,220 - INFO - Recall: 1.0
2024-07-03 19:18:07,220 - INFO - Precision: 0.6
2024-07-03 19:18:07,220 - INFO - F1 Score: 0.7499999999999999
