2024-06-11 21:03:17,233 - INFO - --------------------------------aggregation starting----------------------------------------------------------------------------------
2024-06-11 21:03:17,233 - INFO - ***************Earth_Gym********************
2024-06-11 21:03:17,233 - INFO - *******5_2_Earth_Gym********
2024-06-11 21:03:20,502 - INFO - *******successfully saved********
2024-06-11 21:03:20,503 - INFO - *******10_2_Earth_Gym********
2024-06-11 21:03:22,204 - INFO - *******successfully saved********
2024-06-11 21:03:22,204 - INFO - *******8_2_Earth_Gym********
2024-06-11 21:03:27,545 - INFO - *******successfully saved********
2024-06-11 21:03:27,545 - INFO - *******7_1_Earth_Gym********
2024-06-11 21:03:30,537 - INFO - *******successfully saved********
2024-06-11 21:03:30,537 - INFO - *******9_1_Earth_Gym********
2024-06-11 21:03:34,710 - INFO - *******successfully saved********
2024-06-11 21:03:34,710 - INFO - ***************Wild_Quest********************
2024-06-11 21:03:34,710 - INFO - *******6_1_Wild_Quest********
2024-06-11 21:03:37,421 - INFO - *******successfully saved********
2024-06-11 21:03:37,421 - INFO - *******5_1_Wild_Quest********
2024-06-11 21:03:42,548 - INFO - *******successfully saved********
2024-06-11 21:03:42,549 - INFO - *******8_1_Wild_Quest********
2024-06-11 21:03:52,196 - INFO - *******successfully saved********
2024-06-11 21:03:52,196 - INFO - *******10_1_Wild_Quest********
2024-06-11 21:03:56,735 - INFO - *******successfully saved********
2024-06-11 21:03:56,735 - INFO - *******7_2_Wild_Quest********
2024-06-11 21:04:06,147 - INFO - *******successfully saved********
2024-06-11 21:04:06,147 - INFO - *******9_2_Wild_Quest********
2024-06-11 21:04:12,419 - INFO - *******successfully saved********
2024-06-11 21:04:12,420 - INFO - ***************Roommate********************
2024-06-11 21:04:12,420 - INFO - *******145_1_Roommate********
2024-06-11 21:04:19,111 - INFO - *******successfully saved********
2024-06-11 21:04:19,111 - INFO - *******142_1_Roommate********
2024-06-11 21:04:26,123 - INFO - *******successfully saved********
2024-06-11 21:04:26,123 - INFO - *******138_2_Roommate********
2024-06-11 21:04:32,583 - INFO - *******successfully saved********
2024-06-11 21:04:32,583 - INFO - *******144_2_Roommate********
2024-06-11 21:04:40,089 - INFO - *******successfully saved********
2024-06-11 21:04:40,089 - INFO - *******139_2_Roommate********
2024-06-11 21:04:46,258 - INFO - *******successfully saved********
2024-06-11 21:04:46,258 - INFO - *******136_2_Roommate********
2024-06-11 21:04:51,261 - INFO - *******successfully saved********
2024-06-11 21:04:51,261 - INFO - *******137_2_Roommate********
2024-06-11 21:04:55,300 - INFO - *******successfully saved********
2024-06-11 21:04:55,300 - INFO - *******140_2_Roommate********
2024-06-11 21:05:01,948 - INFO - *******successfully saved********
2024-06-11 21:05:01,948 - INFO - *******141_1_Roommate********
2024-06-11 21:05:08,433 - INFO - *******successfully saved********
2024-06-11 21:05:08,433 - INFO - *******143_2_Roommate********
2024-06-11 21:05:10,411 - INFO - *******successfully saved********
2024-06-11 21:05:10,411 - INFO - ***************Waffle_Restaurant********************
2024-06-11 21:05:10,411 - INFO - *******140_1_Waffle_Restaurant********
2024-06-11 21:05:12,723 - INFO - *******successfully saved********
2024-06-11 21:05:12,723 - INFO - *******135_1_Waffle_Restaurant********
2024-06-11 21:05:16,206 - INFO - *******successfully saved********
2024-06-11 21:05:16,206 - INFO - *******144_1_Waffle_Restaurant********
2024-06-11 21:05:20,544 - INFO - *******successfully saved********
2024-06-11 21:05:20,544 - INFO - *******143_1_Waffle_Restaurant********
2024-06-11 21:05:24,917 - INFO - *******successfully saved********
2024-06-11 21:05:24,918 - INFO - *******136_1_Waffle_Restaurant********
2024-06-11 21:05:29,598 - INFO - *******successfully saved********
2024-06-11 21:05:29,599 - INFO - *******145_2_Waffle_Restaurant********
2024-06-11 21:05:34,000 - INFO - *******successfully saved********
2024-06-11 21:05:34,000 - INFO - *******142_2_Waffle_Restaurant********
2024-06-11 21:05:40,005 - INFO - *******successfully saved********
2024-06-11 21:05:40,005 - INFO - *******137_1_Waffle_Restaurant********
2024-06-11 21:05:45,771 - INFO - *******successfully saved********
2024-06-11 21:05:45,771 - INFO - *******139_1_Waffle_Restaurant********
2024-06-11 21:05:51,365 - INFO - *******successfully saved********
2024-06-11 21:05:51,365 - INFO - *******138_1_Waffle_Restaurant********
2024-06-11 21:06:00,776 - INFO - *******successfully saved********
2024-06-11 21:06:00,777 - INFO - *******141_2_Waffle_Restaurant********
2024-06-11 21:06:06,141 - INFO - *******successfully saved********
2024-06-11 21:06:06,141 - INFO - ***************UFO_crash_site_venue********************
2024-06-11 21:06:06,141 - INFO - *******60_2_UFO_crash_site_venue********
2024-06-11 21:06:13,949 - INFO - *******successfully saved********
2024-06-11 21:06:13,949 - INFO - *******58_2_UFO_crash_site_venue********
2024-06-11 21:06:14,198 - INFO - *******successfully saved********
2024-06-11 21:06:14,198 - INFO - *******55_2_UFO_crash_site_venue********
2024-06-11 21:06:14,444 - INFO - *******successfully saved********
2024-06-11 21:06:14,444 - INFO - *******56_2_UFO_crash_site_venue********
2024-06-11 21:06:23,748 - INFO - *******successfully saved********
2024-06-11 21:06:23,748 - INFO - *******54_1_UFO_crash_site_venue********
2024-06-11 21:06:30,250 - INFO - *******successfully saved********
2024-06-11 21:06:30,250 - INFO - ***************The_aquarium********************
2024-06-11 21:06:30,250 - INFO - *******61_1_The_aquarium********
2024-06-11 21:06:31,646 - INFO - *******successfully saved********
2024-06-11 21:06:31,646 - INFO - *******56_1_The_aquarium********
2024-06-11 21:06:33,611 - INFO - *******successfully saved********
2024-06-11 21:06:33,611 - INFO - *******55_1_The_aquarium********
2024-06-11 21:06:33,749 - INFO - *******successfully saved********
2024-06-11 21:06:33,750 - INFO - *******60_1_The_aquarium********
2024-06-11 21:06:36,239 - INFO - *******successfully saved********
2024-06-11 21:06:36,239 - INFO - *******53_2_The_aquarium********
2024-06-11 21:06:37,749 - INFO - *******successfully saved********
2024-06-11 21:06:37,749 - INFO - *******54_2_The_aquarium********
2024-06-11 21:06:39,381 - INFO - *******successfully saved********
2024-06-11 21:06:39,381 - INFO - ***************Kowloon********************
2024-06-11 21:06:39,381 - INFO - *******66_2_Kowloon********
2024-06-11 21:06:39,486 - INFO - *******successfully saved********
2024-06-11 21:06:39,486 - INFO - *******63_1_Kowloon********
2024-06-11 21:06:40,004 - INFO - *******successfully saved********
2024-06-11 21:06:40,004 - INFO - *******65_1_Kowloon********
2024-06-11 21:06:47,605 - INFO - *******successfully saved********
2024-06-11 21:06:47,605 - INFO - *******68_1_Kowloon********
2024-06-11 21:06:55,483 - INFO - *******successfully saved********
2024-06-11 21:06:55,483 - INFO - *******71_2_Kowloon********
2024-06-11 21:06:55,707 - INFO - *******successfully saved********
2024-06-11 21:06:55,707 - INFO - *******72_2_Kowloon********
2024-06-11 21:07:04,633 - INFO - *******successfully saved********
2024-06-11 21:07:04,633 - INFO - *******70_2_Kowloon********
2024-06-11 21:07:09,856 - INFO - *******successfully saved********
2024-06-11 21:07:09,856 - INFO - ***************Wake_the_Robot********************
2024-06-11 21:07:09,856 - INFO - *******70_1_Wake_the_Robot********
2024-06-11 21:07:14,546 - INFO - *******successfully saved********
2024-06-11 21:07:14,546 - INFO - *******66_1_Wake_the_Robot********
2024-06-11 21:07:14,702 - INFO - *******successfully saved********
2024-06-11 21:07:14,702 - INFO - *******68_2_Wake_the_Robot********
2024-06-11 21:07:23,314 - INFO - *******successfully saved********
2024-06-11 21:07:23,314 - INFO - *******63_2_Wake_the_Robot********
2024-06-11 21:07:23,522 - INFO - *******successfully saved********
2024-06-11 21:07:23,522 - INFO - *******65_2_Wake_the_Robot********
2024-06-11 21:07:30,253 - INFO - *******successfully saved********
2024-06-11 21:07:30,253 - INFO - *******67_1_Wake_the_Robot********
2024-06-11 21:07:30,390 - INFO - *******successfully saved********
2024-06-11 21:07:30,391 - INFO - *******71_1_Wake_the_Robot********
2024-06-11 21:07:30,454 - INFO - *******successfully saved********
2024-06-11 21:07:30,454 - INFO - *******72_1_Wake_the_Robot********
2024-06-11 21:07:36,892 - INFO - *******successfully saved********
2024-06-11 21:07:36,892 - INFO - ***************Scifi_Sandbox********************
2024-06-11 21:07:36,892 - INFO - *******46_1_Scifi_Sandbox********
2024-06-11 21:07:42,753 - INFO - *******successfully saved********
2024-06-11 21:07:42,753 - INFO - *******51_1_Scifi_Sandbox********
2024-06-11 21:07:50,517 - INFO - *******successfully saved********
2024-06-11 21:07:50,517 - INFO - *******50_1_Scifi_Sandbox********
2024-06-11 21:07:56,463 - INFO - *******successfully saved********
2024-06-11 21:07:56,463 - INFO - *******52_2_Scifi_Sandbox********
2024-06-11 21:07:56,762 - INFO - *******successfully saved********
2024-06-11 21:07:56,762 - INFO - *******48_1_Scifi_Sandbox********
2024-06-11 21:07:56,805 - INFO - *******successfully saved********
2024-06-11 21:07:56,805 - INFO - *******44_2_Scifi_Sandbox********
2024-06-11 21:08:05,307 - INFO - *******successfully saved********
2024-06-11 21:08:05,307 - INFO - ***************Citadel********************
2024-06-11 21:08:05,307 - INFO - *******32_1_Citadel********
2024-06-11 21:08:13,045 - INFO - *******successfully saved********
2024-06-11 21:08:13,046 - INFO - *******41_2_Citadel********
2024-06-11 21:08:21,866 - INFO - *******successfully saved********
2024-06-11 21:08:21,866 - INFO - *******37_1_Citadel********
2024-06-11 21:08:34,200 - INFO - *******successfully saved********
2024-06-11 21:08:34,200 - INFO - *******38_2_Citadel********
2024-06-11 21:08:42,859 - INFO - *******successfully saved********
2024-06-11 21:08:42,859 - INFO - ***************Super_Rumble********************
2024-06-11 21:08:42,859 - INFO - *******41_1_Super_Rumble********
2024-06-11 21:08:50,493 - INFO - *******successfully saved********
2024-06-11 21:08:50,493 - INFO - *******37_2_Super_Rumble********
2024-06-11 21:08:57,629 - INFO - *******successfully saved********
2024-06-11 21:08:57,629 - INFO - *******33_2_Super_Rumble********
2024-06-11 21:09:12,476 - INFO - *******successfully saved********
2024-06-11 21:09:12,476 - INFO - *******32_2_Super_Rumble********
2024-06-11 21:09:18,849 - INFO - *******successfully saved********
2024-06-11 21:09:18,849 - INFO - *******35_1_Super_Rumble********
2024-06-11 21:09:21,358 - INFO - *******successfully saved********
2024-06-11 21:09:21,358 - INFO - ***************Arena_Clash********************
2024-06-11 21:09:21,358 - INFO - *******52_1_Arena_Clash********
2024-06-11 21:09:21,842 - INFO - *******successfully saved********
2024-06-11 21:09:21,842 - INFO - *******50_2_Arena_Clash********
2024-06-11 21:09:31,795 - INFO - *******successfully saved********
2024-06-11 21:09:31,795 - INFO - *******46_2_Arena_Clash********
2024-06-11 21:09:47,296 - INFO - *******successfully saved********
2024-06-11 21:09:47,296 - INFO - *******51_2_Arena_Clash********
2024-06-11 21:10:01,412 - INFO - *******successfully saved********
2024-06-11 21:10:01,413 - INFO - *******44_1_Arena_Clash********
2024-06-11 21:10:04,351 - INFO - *******successfully saved********
2024-06-11 21:10:04,351 - INFO - ***************Venues********************
2024-06-11 21:10:04,351 - INFO - *******75_2_Venues********
2024-06-11 21:10:11,535 - INFO - *******successfully saved********
2024-06-11 21:10:11,535 - INFO - *******82_2_Venues********
2024-06-11 21:10:16,590 - INFO - *******successfully saved********
2024-06-11 21:10:16,590 - INFO - *******77_2_Venues********
2024-06-11 21:10:22,085 - INFO - *******successfully saved********
2024-06-11 21:10:22,085 - INFO - *******74_2_Venues********
2024-06-11 21:10:27,216 - INFO - *******successfully saved********
2024-06-11 21:10:27,216 - INFO - *******79_2_Venues********
2024-06-11 21:10:29,818 - INFO - *******successfully saved********
2024-06-11 21:10:29,818 - INFO - ***************Superhero_Arena********************
2024-06-11 21:10:29,818 - INFO - *******79_1_Superhero_Arena********
2024-06-11 21:10:35,898 - INFO - *******successfully saved********
2024-06-11 21:10:35,898 - INFO - *******77_1_Superhero_Arena********
2024-06-11 21:10:36,473 - INFO - *******successfully saved********
2024-06-11 21:10:36,474 - INFO - *******81_1_Superhero_Arena********
2024-06-11 21:10:40,526 - INFO - *******successfully saved********
2024-06-11 21:10:40,526 - INFO - ***************Army_Men********************
2024-06-11 21:10:40,527 - INFO - *******28_2_Army_Men********
2024-06-11 21:10:50,305 - INFO - *******successfully saved********
2024-06-11 21:10:50,305 - INFO - *******30_2_Army_Men********
2024-06-11 21:10:58,213 - INFO - *******successfully saved********
2024-06-11 21:10:58,213 - INFO - *******26_1_Army_Men********
2024-06-11 21:11:08,370 - INFO - *******successfully saved********
2024-06-11 21:11:08,370 - INFO - *******27_1_Army_Men********
2024-06-11 21:11:18,128 - INFO - *******successfully saved********
2024-06-11 21:11:18,128 - INFO - *******24_1_Army_Men********
2024-06-11 21:11:25,636 - INFO - *******successfully saved********
2024-06-11 21:11:25,636 - INFO - *******22_1_Army_Men********
2024-06-11 21:11:37,602 - INFO - *******successfully saved********
2024-06-11 21:11:37,602 - INFO - *******21_1_Army_Men********
2024-06-11 21:11:46,001 - INFO - *******successfully saved********
2024-06-11 21:11:46,001 - INFO - ***************Bobber_Bay_Fishing********************
2024-06-11 21:11:46,001 - INFO - *******30_1_Bobber_Bay_Fishing********
2024-06-11 21:11:53,100 - INFO - *******successfully saved********
2024-06-11 21:11:53,100 - INFO - *******27_2_Bobber_Bay_Fishing********
2024-06-11 21:11:56,575 - INFO - *******successfully saved********
2024-06-11 21:11:56,575 - INFO - *******29_2_Bobber_Bay_Fishing********
2024-06-11 21:11:59,837 - INFO - *******successfully saved********
2024-06-11 21:11:59,837 - INFO - *******26_2_Bobber_Bay_Fishing********
2024-06-11 21:12:05,277 - INFO - *******successfully saved********
2024-06-11 21:12:05,277 - INFO - *******24_2_Bobber_Bay_Fishing********
2024-06-11 21:12:09,548 - INFO - *******successfully saved********
2024-06-11 21:12:09,549 - INFO - *******21_2_Bobber_Bay_Fishing********
2024-06-11 21:12:18,710 - INFO - *******successfully saved********
2024-06-11 21:12:18,710 - INFO - *******22_2_Bobber_Bay_Fishing********
2024-06-11 21:12:27,616 - INFO - *******successfully saved********
2024-06-11 21:12:27,616 - INFO - ***************Mars_Miners********************
2024-06-11 21:12:27,617 - INFO - *******16_1_Mars_Miners********
2024-06-11 21:12:34,961 - INFO - *******successfully saved********
2024-06-11 21:12:34,961 - INFO - *******18_1_Mars_Miners********
2024-06-11 21:12:49,122 - INFO - *******successfully saved********
2024-06-11 21:12:49,123 - INFO - *******17_1_Mars_Miners********
2024-06-11 21:13:02,601 - INFO - *******successfully saved********
2024-06-11 21:13:02,601 - INFO - *******15_1_Mars_Miners********
2024-06-11 21:13:06,112 - INFO - *******successfully saved********
2024-06-11 21:13:06,112 - INFO - *******11_2_Mars_Miners********
2024-06-11 21:13:08,184 - INFO - *******successfully saved********
2024-06-11 21:13:08,184 - INFO - *******12_2_Mars_Miners********
2024-06-11 21:13:11,011 - INFO - *******successfully saved********
2024-06-11 21:13:11,011 - INFO - *******19_1_Mars_Miners********
2024-06-11 21:13:18,601 - INFO - *******successfully saved********
2024-06-11 21:13:18,601 - INFO - ***************American_Idol********************
2024-06-11 21:13:18,601 - INFO - *******15_2_American_Idol********
2024-06-11 21:13:26,073 - INFO - *******successfully saved********
2024-06-11 21:13:26,074 - INFO - *******17_2_American_Idol********
2024-06-11 21:13:35,212 - INFO - *******successfully saved********
2024-06-11 21:13:35,212 - INFO - *******16_2_American_Idol********
2024-06-11 21:13:42,916 - INFO - *******successfully saved********
2024-06-11 21:13:42,916 - INFO - *******19_2_American_Idol********
2024-06-11 21:13:49,902 - INFO - *******successfully saved********
2024-06-11 21:13:49,902 - INFO - *******12_1_American_Idol********
2024-06-11 21:14:02,659 - INFO - *******successfully saved********
2024-06-11 21:14:02,659 - INFO - *******11_1_American_Idol********
2024-06-11 21:14:15,689 - INFO - *******successfully saved********
2024-06-11 21:14:15,689 - INFO - ***************Metdonalds********************
2024-06-11 21:14:15,689 - INFO - *******84_2_Metdonalds********
2024-06-11 21:14:20,525 - INFO - *******successfully saved********
2024-06-11 21:14:20,525 - INFO - *******85_1_Metdonalds********
2024-06-11 21:14:23,306 - INFO - *******successfully saved********
2024-06-11 21:14:23,306 - INFO - *******83_2_Metdonalds********
2024-06-11 21:14:27,797 - INFO - *******successfully saved********
2024-06-11 21:14:27,797 - INFO - *******92_1_Metdonalds********
2024-06-11 21:14:31,084 - INFO - *******successfully saved********
2024-06-11 21:14:31,084 - INFO - *******89_1_Metdonalds********
2024-06-11 21:14:37,486 - INFO - *******successfully saved********
2024-06-11 21:14:37,486 - INFO - *******91_1_Metdonalds********
2024-06-11 21:14:46,940 - INFO - *******successfully saved********
2024-06-11 21:14:46,940 - INFO - ***************3D_Play_House********************
2024-06-11 21:14:46,940 - INFO - *******84_1_3D_Play_House********
2024-06-11 21:14:54,075 - INFO - *******successfully saved********
2024-06-11 21:14:54,075 - INFO - *******92_2_3D_Play_House********
2024-06-11 21:14:59,010 - INFO - *******successfully saved********
2024-06-11 21:14:59,010 - INFO - *******89_2_3D_Play_House********
2024-06-11 21:15:08,221 - INFO - *******successfully saved********
2024-06-11 21:15:08,221 - INFO - *******91_2_3D_Play_House********
2024-06-11 21:15:20,889 - INFO - *******successfully saved********
2024-06-11 21:15:20,889 - INFO - *******85_2_3D_Play_House********
2024-06-11 21:15:26,522 - INFO - *******successfully saved********
2024-06-11 21:15:26,522 - INFO - ***************Kawaii_Daycare********************
2024-06-11 21:15:26,522 - INFO - *******132_2_Kawaii_Daycare********
2024-06-11 21:15:33,083 - INFO - *******successfully saved********
2024-06-11 21:15:33,083 - INFO - *******133_2_Kawaii_Daycare********
2024-06-11 21:15:42,160 - INFO - *******successfully saved********
2024-06-11 21:15:42,160 - INFO - *******134_2_Kawaii_Daycare********
2024-06-11 21:15:45,229 - INFO - *******successfully saved********
2024-06-11 21:15:45,229 - INFO - *******127_2_Kawaii_Daycare********
2024-06-11 21:15:54,486 - INFO - *******successfully saved********
2024-06-11 21:15:54,486 - INFO - *******128_2_Kawaii_Daycare********
2024-06-11 21:15:56,721 - INFO - *******successfully saved********
2024-06-11 21:15:56,721 - INFO - *******125_2_Kawaii_Daycare********
2024-06-11 21:16:04,297 - INFO - *******successfully saved********
2024-06-11 21:16:04,297 - INFO - *******130_2_Kawaii_Daycare********
2024-06-11 21:16:09,086 - INFO - *******successfully saved********
2024-06-11 21:16:09,086 - INFO - *******126_2_Kawaii_Daycare********
2024-06-11 21:16:13,559 - INFO - *******successfully saved********
2024-06-11 21:16:13,559 - INFO - *******129_2_Kawaii_Daycare********
2024-06-11 21:16:16,992 - INFO - *******successfully saved********
2024-06-11 21:16:16,992 - INFO - ***************Giant_Paddle_Golf********************
2024-06-11 21:16:16,992 - INFO - *******134_1_Giant_Paddle_Golf********
2024-06-11 21:16:27,276 - INFO - *******successfully saved********
2024-06-11 21:16:27,276 - INFO - *******132_1_Giant_Paddle_Golf********
2024-06-11 21:16:30,834 - INFO - *******successfully saved********
2024-06-11 21:16:30,834 - INFO - *******133_1_Giant_Paddle_Golf********
2024-06-11 21:16:36,966 - INFO - *******successfully saved********
2024-06-11 21:16:36,966 - INFO - *******125_1_Giant_Paddle_Golf********
2024-06-11 21:16:40,283 - INFO - *******successfully saved********
2024-06-11 21:16:40,283 - INFO - *******130_1_Giant_Paddle_Golf********
2024-06-11 21:16:44,163 - INFO - *******successfully saved********
2024-06-11 21:16:44,163 - INFO - *******127_1_Giant_Paddle_Golf********
2024-06-11 21:16:49,700 - INFO - *******successfully saved********
2024-06-11 21:16:49,700 - INFO - *******126_1_Giant_Paddle_Golf********
2024-06-11 21:16:55,914 - INFO - *******successfully saved********
2024-06-11 21:16:55,914 - INFO - *******131_1_Giant_Paddle_Golf********
2024-06-11 21:16:59,428 - INFO - *******successfully saved********
2024-06-11 21:16:59,429 - INFO - *******129_1_Giant_Paddle_Golf********
2024-06-11 21:17:02,249 - INFO - *******successfully saved********
2024-06-11 21:17:02,249 - INFO - ***************City_Parkour********************
2024-06-11 21:17:02,249 - INFO - *******146_1_City_Parkour********
2024-06-11 21:17:09,733 - INFO - *******successfully saved********
2024-06-11 21:17:09,733 - INFO - *******150_2_City_Parkour********
2024-06-11 21:17:17,224 - INFO - *******successfully saved********
2024-06-11 21:17:17,224 - INFO - *******148_1_City_Parkour********
2024-06-11 21:17:22,256 - INFO - *******successfully saved********
2024-06-11 21:17:22,256 - INFO - *******153_2_City_Parkour********
2024-06-11 21:17:23,879 - INFO - *******successfully saved********
2024-06-11 21:17:23,879 - INFO - *******147_2_City_Parkour********
2024-06-11 21:17:24,919 - INFO - *******successfully saved********
2024-06-11 21:17:24,919 - INFO - *******149_1_City_Parkour********
2024-06-11 21:17:27,124 - INFO - *******successfully saved********
2024-06-11 21:17:27,124 - INFO - *******155_1_City_Parkour********
2024-06-11 21:17:33,256 - INFO - *******successfully saved********
2024-06-11 21:17:33,256 - INFO - *******154_2_City_Parkour********
2024-06-11 21:17:35,870 - INFO - *******successfully saved********
2024-06-11 21:17:35,870 - INFO - *******152_2_City_Parkour********
2024-06-11 21:17:42,411 - INFO - *******successfully saved********
2024-06-11 21:17:42,411 - INFO - ***************Slash_RPG********************
2024-06-11 21:17:42,411 - INFO - *******104_2_Slash_RPG********
2024-06-11 21:17:55,193 - INFO - *******successfully saved********
2024-06-11 21:17:55,193 - INFO - *******107_2_Slash_RPG********
2024-06-11 21:18:04,676 - INFO - *******successfully saved********
2024-06-11 21:18:04,677 - INFO - *******111_2_Slash_RPG********
2024-06-11 21:18:12,851 - INFO - *******successfully saved********
2024-06-11 21:18:12,851 - INFO - *******106_2_Slash_RPG********
2024-06-11 21:18:18,668 - INFO - *******successfully saved********
2024-06-11 21:18:18,668 - INFO - *******113_2_Slash_RPG********
2024-06-11 21:18:26,663 - INFO - *******successfully saved********
2024-06-11 21:18:26,663 - INFO - *******109_2_Slash_RPG********
2024-06-11 21:18:32,684 - INFO - *******successfully saved********
2024-06-11 21:18:32,684 - INFO - *******108_1_Slash_RPG********
2024-06-11 21:18:42,955 - INFO - *******successfully saved********
2024-06-11 21:18:42,956 - INFO - *******112_2_Slash_RPG********
2024-06-11 21:18:48,144 - INFO - *******successfully saved********
2024-06-11 21:18:48,144 - INFO - *******110_2_Slash_RPG********
2024-06-11 21:18:55,849 - INFO - *******successfully saved********
2024-06-11 21:18:55,849 - INFO - *******105_2_Slash_RPG********
2024-06-11 21:19:01,257 - INFO - *******successfully saved********
2024-06-11 21:19:01,258 - INFO - *******114_2_Slash_RPG********
2024-06-11 21:19:09,462 - INFO - *******successfully saved********
2024-06-11 21:19:09,463 - INFO - ***************Pirate_Life********************
2024-06-11 21:19:09,463 - INFO - *******109_1_Pirate_Life********
2024-06-11 21:19:18,579 - INFO - *******successfully saved********
2024-06-11 21:19:18,580 - INFO - *******106_1_Pirate_Life********
2024-06-11 21:19:22,867 - INFO - *******successfully saved********
2024-06-11 21:19:22,867 - INFO - *******114_1_Pirate_Life********
2024-06-11 21:19:29,223 - INFO - *******successfully saved********
2024-06-11 21:19:29,223 - INFO - *******107_1_Pirate_Life********
2024-06-11 21:19:36,525 - INFO - *******successfully saved********
2024-06-11 21:19:36,525 - INFO - *******111_1_Pirate_Life********
2024-06-11 21:19:44,398 - INFO - *******successfully saved********
2024-06-11 21:19:44,398 - INFO - *******110_1_Pirate_Life********
2024-06-11 21:19:55,014 - INFO - *******successfully saved********
2024-06-11 21:19:55,014 - INFO - *******104_1_Pirate_Life********
2024-06-11 21:20:02,074 - INFO - *******successfully saved********
2024-06-11 21:20:02,074 - INFO - *******105_1_Pirate_Life********
2024-06-11 21:20:07,390 - INFO - *******successfully saved********
2024-06-11 21:20:07,390 - INFO - *******108_2_Pirate_Life********
2024-06-11 21:20:16,636 - INFO - *******successfully saved********
2024-06-11 21:20:16,636 - INFO - *******112_1_Pirate_Life********
2024-06-11 21:20:22,047 - INFO - *******successfully saved********
2024-06-11 21:20:22,047 - INFO - ***************Zombie********************
2024-06-11 21:20:22,047 - INFO - *******115_1_Zombie********
2024-06-11 21:20:26,845 - INFO - *******successfully saved********
2024-06-11 21:20:26,845 - INFO - *******118_2_Zombie********
2024-06-11 21:20:30,000 - INFO - *******successfully saved********
2024-06-11 21:20:30,001 - INFO - *******119_1_Zombie********
2024-06-11 21:20:35,355 - INFO - *******successfully saved********
2024-06-11 21:20:35,355 - INFO - *******124_1_Zombie********
2024-06-11 21:20:39,384 - INFO - *******successfully saved********
2024-06-11 21:20:39,384 - INFO - *******121_2_Zombie********
2024-06-11 21:20:43,960 - INFO - *******successfully saved********
2024-06-11 21:20:43,960 - INFO - *******116_2_Zombie********
2024-06-11 21:20:50,320 - INFO - *******successfully saved********
2024-06-11 21:20:50,320 - INFO - *******117_1_Zombie********
2024-06-11 21:20:53,143 - INFO - *******successfully saved********
2024-06-11 21:20:53,143 - INFO - *******123_1_Zombie********
2024-06-11 21:20:56,663 - INFO - *******successfully saved********
2024-06-11 21:20:56,663 - INFO - *******120_1_Zombie********
2024-06-11 21:21:00,830 - INFO - *******successfully saved********
2024-06-11 21:21:00,830 - INFO - ***************VR_Classroom********************
2024-06-11 21:21:00,830 - INFO - *******101_2_VR_Classroom********
2024-06-11 21:21:08,975 - INFO - *******successfully saved********
2024-06-11 21:21:08,975 - INFO - *******98_2_VR_Classroom********
2024-06-11 21:21:15,868 - INFO - *******successfully saved********
2024-06-11 21:21:15,868 - INFO - *******95_2_VR_Classroom********
2024-06-11 21:21:24,620 - INFO - *******successfully saved********
2024-06-11 21:21:24,620 - INFO - *******99_2_VR_Classroom********
2024-06-11 21:21:33,361 - INFO - *******successfully saved********
2024-06-11 21:21:33,361 - INFO - *******93_2_VR_Classroom********
2024-06-11 21:21:40,310 - INFO - *******successfully saved********
2024-06-11 21:21:40,310 - INFO - *******97_2_VR_Classroom********
2024-06-11 21:21:49,529 - INFO - *******successfully saved********
2024-06-11 21:21:49,529 - INFO - ***************Horizon_Boxing********************
2024-06-11 21:21:49,529 - INFO - *******116_1_Horizon_Boxing********
2024-06-11 21:21:55,056 - INFO - *******successfully saved********
2024-06-11 21:21:55,056 - INFO - *******115_2_Horizon_Boxing********
2024-06-11 21:22:03,012 - INFO - *******successfully saved********
2024-06-11 21:22:03,012 - INFO - *******118_1_Horizon_Boxing********
2024-06-11 21:22:11,346 - INFO - *******successfully saved********
2024-06-11 21:22:11,347 - INFO - *******121_1_Horizon_Boxing********
2024-06-11 21:22:16,281 - INFO - *******successfully saved********
2024-06-11 21:22:16,281 - INFO - *******124_2_Horizon_Boxing********
2024-06-11 21:22:22,828 - INFO - *******successfully saved********
2024-06-11 21:22:22,828 - INFO - *******120_2_Horizon_Boxing********
2024-06-11 21:22:31,287 - INFO - *******successfully saved********
2024-06-11 21:22:31,287 - INFO - *******119_2_Horizon_Boxing********
2024-06-11 21:22:39,950 - INFO - *******successfully saved********
2024-06-11 21:22:39,950 - INFO - *******122_2_Horizon_Boxing********
2024-06-11 21:22:49,047 - INFO - *******successfully saved********
2024-06-11 21:22:49,047 - INFO - *******117_2_Horizon_Boxing********
2024-06-11 21:22:52,595 - INFO - *******successfully saved********
2024-06-11 21:22:52,595 - INFO - *******123_2_Horizon_Boxing********
2024-06-11 21:22:59,736 - INFO - *******successfully saved********
2024-06-11 21:22:59,736 - INFO - ***************Titanic_Simulation********************
2024-06-11 21:22:59,736 - INFO - *******101_1_Titanic_Simulation********
2024-06-11 21:23:04,386 - INFO - *******successfully saved********
2024-06-11 21:23:04,386 - INFO - *******93_1_Titanic_Simulation********
2024-06-11 21:23:12,111 - INFO - *******successfully saved********
2024-06-11 21:23:12,112 - INFO - *******97_1_Titanic_Simulation********
2024-06-11 21:23:17,500 - INFO - *******successfully saved********
2024-06-11 21:23:17,500 - INFO - *******98_1_Titanic_Simulation********
2024-06-11 21:23:24,073 - INFO - *******successfully saved********
2024-06-11 21:23:24,073 - INFO - *******95_1_Titanic_Simulation********
2024-06-11 21:23:31,086 - INFO - *******successfully saved********
2024-06-11 21:23:31,086 - INFO - *******99_1_Titanic_Simulation********
2024-06-11 21:23:37,352 - INFO - *******successfully saved********
2024-06-11 21:23:37,352 - INFO - ***************Out_Of_Control********************
2024-06-11 21:23:37,352 - INFO - *******173_2_Out_Of_Control********
2024-06-11 21:23:43,723 - INFO - *******successfully saved********
2024-06-11 21:23:43,723 - INFO - *******174_2_Out_Of_Control********
2024-06-11 21:23:47,492 - INFO - *******successfully saved********
2024-06-11 21:23:47,493 - INFO - *******172_2_Out_Of_Control********
2024-06-11 21:23:50,985 - INFO - *******successfully saved********
2024-06-11 21:23:50,985 - INFO - *******169_2_Out_Of_Control********
2024-06-11 21:23:53,146 - INFO - *******successfully saved********
2024-06-11 21:23:53,146 - INFO - *******167_2_Out_Of_Control********
2024-06-11 21:23:58,545 - INFO - *******successfully saved********
2024-06-11 21:23:58,545 - INFO - *******170_2_Out_Of_Control********
2024-06-11 21:24:06,589 - INFO - *******successfully saved********
2024-06-11 21:24:06,589 - INFO - *******166_2_Out_Of_Control********
2024-06-11 21:24:09,214 - INFO - *******successfully saved********
2024-06-11 21:24:09,214 - INFO - *******168_2_Out_Of_Control********
2024-06-11 21:24:15,532 - INFO - *******successfully saved********
2024-06-11 21:24:15,532 - INFO - ***************Geometry_Gunners********************
2024-06-11 21:24:15,532 - INFO - *******162_2_Geometry_Gunners********
2024-06-11 21:24:17,272 - INFO - *******successfully saved********
2024-06-11 21:24:17,272 - INFO - *******163_2_Geometry_Gunners********
2024-06-11 21:24:17,778 - INFO - *******successfully saved********
2024-06-11 21:24:17,778 - INFO - *******164_2_Geometry_Gunners********
2024-06-11 21:24:19,280 - INFO - *******successfully saved********
2024-06-11 21:24:19,280 - INFO - *******165_2_Geometry_Gunners********
2024-06-11 21:24:20,762 - INFO - *******successfully saved********
2024-06-11 21:24:20,762 - INFO - *******158_1_Geometry_Gunners********
2024-06-11 21:24:22,415 - INFO - *******successfully saved********
2024-06-11 21:24:22,415 - INFO - *******160_1_Geometry_Gunners********
2024-06-11 21:24:24,176 - INFO - *******successfully saved********
2024-06-11 21:24:24,176 - INFO - *******157_2_Geometry_Gunners********
2024-06-11 21:24:26,066 - INFO - *******successfully saved********
2024-06-11 21:24:26,066 - INFO - *******156_2_Geometry_Gunners********
2024-06-11 21:24:27,946 - INFO - *******successfully saved********
2024-06-11 21:24:27,947 - INFO - *******159_1_Geometry_Gunners********
2024-06-11 21:24:30,257 - INFO - *******successfully saved********
2024-06-11 21:24:30,257 - INFO - *******161_2_Geometry_Gunners********
2024-06-11 21:24:32,069 - INFO - *******successfully saved********
2024-06-11 21:24:32,069 - INFO - ***************Barnyard********************
2024-06-11 21:24:32,069 - INFO - *******165_1_Barnyard********
2024-06-11 21:24:34,927 - INFO - *******successfully saved********
2024-06-11 21:24:34,927 - INFO - *******164_1_Barnyard********
2024-06-11 21:24:38,949 - INFO - *******successfully saved********
2024-06-11 21:24:38,949 - INFO - *******163_1_Barnyard********
2024-06-11 21:24:42,108 - INFO - *******successfully saved********
2024-06-11 21:24:42,108 - INFO - *******159_2_Barnyard********
2024-06-11 21:24:47,147 - INFO - *******successfully saved********
2024-06-11 21:24:47,147 - INFO - *******162_1_Barnyard********
2024-06-11 21:24:51,582 - INFO - *******successfully saved********
2024-06-11 21:24:51,582 - INFO - *******158_2_Barnyard********
2024-06-11 21:24:55,364 - INFO - *******successfully saved********
2024-06-11 21:24:55,364 - INFO - *******157_1_Barnyard********
2024-06-11 21:25:02,126 - INFO - *******successfully saved********
2024-06-11 21:25:02,126 - INFO - *******160_2_Barnyard********
2024-06-11 21:25:05,069 - INFO - *******successfully saved********
2024-06-11 21:25:05,069 - INFO - *******161_1_Barnyard********
2024-06-11 21:25:07,329 - INFO - *******successfully saved********
2024-06-11 21:25:07,329 - INFO - *******156_1_Barnyard********
2024-06-11 21:25:11,138 - INFO - *******successfully saved********
2024-06-11 21:25:11,138 - INFO - ***************Canyon_Runners********************
2024-06-11 21:25:11,138 - INFO - *******174_1_Canyon_Runners********
2024-06-11 21:25:16,413 - INFO - *******successfully saved********
2024-06-11 21:25:16,413 - INFO - *******173_1_Canyon_Runners********
2024-06-11 21:25:19,331 - INFO - *******successfully saved********
2024-06-11 21:25:19,331 - INFO - *******169_1_Canyon_Runners********
2024-06-11 21:25:23,774 - INFO - *******successfully saved********
2024-06-11 21:25:23,774 - INFO - *******166_1_Canyon_Runners********
2024-06-11 21:25:28,153 - INFO - *******successfully saved********
2024-06-11 21:25:28,153 - INFO - *******170_1_Canyon_Runners********
2024-06-11 21:25:34,371 - INFO - *******successfully saved********
2024-06-11 21:25:34,371 - INFO - *******167_1_Canyon_Runners********
2024-06-11 21:25:40,821 - INFO - *******successfully saved********
2024-06-11 21:25:40,821 - INFO - *******171_1_Canyon_Runners********
2024-06-11 21:25:47,343 - INFO - *******successfully saved********
2024-06-11 21:25:47,343 - INFO - *******168_1_Canyon_Runners********
2024-06-11 21:25:53,566 - INFO - *******successfully saved********
2024-06-11 21:25:53,566 - INFO - *******172_1_Canyon_Runners********
2024-06-11 21:25:57,280 - INFO - *******successfully saved********
2024-06-11 21:25:57,281 - INFO - ***************Creature_Feature********************
2024-06-11 21:25:57,281 - INFO - *******150_1_Creature_Feature********
2024-06-11 21:26:00,006 - INFO - *******successfully saved********
2024-06-11 21:26:00,006 - INFO - *******146_2_Creature_Feature********
2024-06-11 21:26:03,768 - INFO - *******successfully saved********
2024-06-11 21:26:03,768 - INFO - *******152_1_Creature_Feature********
2024-06-11 21:26:07,092 - INFO - *******successfully saved********
2024-06-11 21:26:07,093 - INFO - *******153_1_Creature_Feature********
2024-06-11 21:26:10,761 - INFO - *******successfully saved********
2024-06-11 21:26:10,761 - INFO - *******154_1_Creature_Feature********
2024-06-11 21:26:14,316 - INFO - *******successfully saved********
2024-06-11 21:26:14,316 - INFO - *******155_2_Creature_Feature********
2024-06-11 21:26:17,896 - INFO - *******successfully saved********
2024-06-11 21:26:17,897 - INFO - *******151_1_Creature_Feature********
2024-06-11 21:26:19,968 - INFO - *******successfully saved********
2024-06-11 21:26:19,969 - INFO - *******147_1_Creature_Feature********
2024-06-11 21:26:25,057 - INFO - *******successfully saved********
