2024-06-12 09:01:35,778 - INFO - --------------------------------aggregation starting----------------------------------------------------------------------------------
2024-06-12 09:01:35,779 - INFO - ***************Earth_Gym********************
2024-06-12 09:01:35,779 - INFO - *******5_2_Earth_Gym********
2024-06-12 09:01:39,111 - INFO - *******successfully saved********
2024-06-12 09:01:39,111 - INFO - *******10_2_Earth_Gym********
2024-06-12 09:01:40,880 - INFO - *******successfully saved********
2024-06-12 09:01:40,880 - INFO - *******8_2_Earth_Gym********
2024-06-12 09:01:45,585 - INFO - *******successfully saved********
2024-06-12 09:01:45,585 - INFO - *******7_1_Earth_Gym********
2024-06-12 09:01:48,655 - INFO - *******successfully saved********
2024-06-12 09:01:48,655 - INFO - *******9_1_Earth_Gym********
2024-06-12 09:01:53,008 - INFO - *******successfully saved********
2024-06-12 09:01:53,009 - INFO - ***************Wild_Quest********************
2024-06-12 09:01:53,009 - INFO - *******6_1_Wild_Quest********
2024-06-12 09:01:55,646 - INFO - *******successfully saved********
2024-06-12 09:01:55,646 - INFO - *******5_1_Wild_Quest********
2024-06-12 09:02:00,717 - INFO - *******successfully saved********
2024-06-12 09:02:00,717 - INFO - *******8_1_Wild_Quest********
2024-06-12 09:02:10,003 - INFO - *******successfully saved********
2024-06-12 09:02:10,003 - INFO - *******10_1_Wild_Quest********
2024-06-12 09:02:14,243 - INFO - *******successfully saved********
2024-06-12 09:02:14,243 - INFO - *******7_2_Wild_Quest********
2024-06-12 09:02:24,421 - INFO - *******successfully saved********
2024-06-12 09:02:24,421 - INFO - *******9_2_Wild_Quest********
2024-06-12 09:02:30,690 - INFO - *******successfully saved********
2024-06-12 09:02:30,690 - INFO - ***************Roommate********************
2024-06-12 09:02:30,690 - INFO - *******145_1_Roommate********
2024-06-12 09:02:37,697 - INFO - *******successfully saved********
2024-06-12 09:02:37,697 - INFO - *******142_1_Roommate********
2024-06-12 09:02:44,603 - INFO - *******successfully saved********
2024-06-12 09:02:44,604 - INFO - *******138_2_Roommate********
2024-06-12 09:02:51,121 - INFO - *******successfully saved********
2024-06-12 09:02:51,122 - INFO - *******144_2_Roommate********
2024-06-12 09:02:58,597 - INFO - *******successfully saved********
2024-06-12 09:02:58,597 - INFO - *******139_2_Roommate********
2024-06-12 09:03:04,807 - INFO - *******successfully saved********
2024-06-12 09:03:04,807 - INFO - *******136_2_Roommate********
2024-06-12 09:03:10,088 - INFO - *******successfully saved********
2024-06-12 09:03:10,088 - INFO - *******137_2_Roommate********
2024-06-12 09:03:14,123 - INFO - *******successfully saved********
2024-06-12 09:03:14,123 - INFO - *******140_2_Roommate********
2024-06-12 09:03:20,926 - INFO - *******successfully saved********
2024-06-12 09:03:20,926 - INFO - *******141_1_Roommate********
2024-06-12 09:03:27,375 - INFO - *******successfully saved********
2024-06-12 09:03:27,375 - INFO - *******143_2_Roommate********
2024-06-12 09:03:29,125 - INFO - *******successfully saved********
2024-06-12 09:03:29,125 - INFO - ***************Waffle_Restaurant********************
2024-06-12 09:03:29,125 - INFO - *******140_1_Waffle_Restaurant********
2024-06-12 09:03:31,583 - INFO - *******successfully saved********
2024-06-12 09:03:31,583 - INFO - *******135_1_Waffle_Restaurant********
2024-06-12 09:03:35,267 - INFO - *******successfully saved********
2024-06-12 09:03:35,267 - INFO - *******144_1_Waffle_Restaurant********
2024-06-12 09:03:39,613 - INFO - *******successfully saved********
2024-06-12 09:03:39,613 - INFO - *******143_1_Waffle_Restaurant********
2024-06-12 09:03:43,980 - INFO - *******successfully saved********
2024-06-12 09:03:43,980 - INFO - *******136_1_Waffle_Restaurant********
2024-06-12 09:03:48,599 - INFO - *******successfully saved********
2024-06-12 09:03:48,599 - INFO - *******145_2_Waffle_Restaurant********
2024-06-12 09:03:52,972 - INFO - *******successfully saved********
2024-06-12 09:03:52,972 - INFO - *******142_2_Waffle_Restaurant********
2024-06-12 09:03:58,943 - INFO - *******successfully saved********
2024-06-12 09:03:58,943 - INFO - *******137_1_Waffle_Restaurant********
2024-06-12 09:04:04,673 - INFO - *******successfully saved********
2024-06-12 09:04:04,673 - INFO - *******139_1_Waffle_Restaurant********
2024-06-12 09:04:10,283 - INFO - *******successfully saved********
2024-06-12 09:04:10,284 - INFO - *******138_1_Waffle_Restaurant********
2024-06-12 09:04:19,758 - INFO - *******successfully saved********
2024-06-12 09:04:19,758 - INFO - *******141_2_Waffle_Restaurant********
2024-06-12 09:04:25,014 - INFO - *******successfully saved********
2024-06-12 09:04:25,014 - INFO - ***************UFO_crash_site_venue********************
2024-06-12 09:04:25,014 - INFO - *******60_2_UFO_crash_site_venue********
2024-06-12 09:04:32,964 - INFO - *******successfully saved********
2024-06-12 09:04:32,965 - INFO - *******58_2_UFO_crash_site_venue********
2024-06-12 09:04:33,227 - INFO - *******failed********
2024-06-12 09:04:33,227 - INFO - *******55_2_UFO_crash_site_venue********
2024-06-12 09:04:33,467 - INFO - *******failed********
2024-06-12 09:04:33,467 - INFO - *******56_2_UFO_crash_site_venue********
2024-06-12 09:04:43,009 - INFO - *******successfully saved********
2024-06-12 09:04:43,009 - INFO - *******54_1_UFO_crash_site_venue********
2024-06-12 09:04:49,479 - INFO - *******successfully saved********
2024-06-12 09:04:49,479 - INFO - ***************The_aquarium********************
2024-06-12 09:04:49,479 - INFO - *******61_1_The_aquarium********
2024-06-12 09:04:50,898 - INFO - *******successfully saved********
2024-06-12 09:04:50,898 - INFO - *******56_1_The_aquarium********
2024-06-12 09:04:52,945 - INFO - *******successfully saved********
2024-06-12 09:04:52,945 - INFO - *******55_1_The_aquarium********
2024-06-12 09:04:53,031 - INFO - *******failed********
2024-06-12 09:04:53,031 - INFO - *******60_1_The_aquarium********
2024-06-12 09:04:55,547 - INFO - *******successfully saved********
2024-06-12 09:04:55,547 - INFO - *******53_2_The_aquarium********
2024-06-12 09:04:57,106 - INFO - *******successfully saved********
2024-06-12 09:04:57,106 - INFO - *******54_2_The_aquarium********
2024-06-12 09:04:58,629 - INFO - *******successfully saved********
2024-06-12 09:04:58,629 - INFO - ***************Kowloon********************
2024-06-12 09:04:58,629 - INFO - *******66_2_Kowloon********
2024-06-12 09:04:58,697 - INFO - *******failed********
2024-06-12 09:04:58,697 - INFO - *******63_1_Kowloon********
2024-06-12 09:04:59,225 - INFO - *******failed********
2024-06-12 09:04:59,225 - INFO - *******65_1_Kowloon********
2024-06-12 09:05:06,695 - INFO - *******successfully saved********
2024-06-12 09:05:06,695 - INFO - *******68_1_Kowloon********
2024-06-12 09:05:14,514 - INFO - *******successfully saved********
2024-06-12 09:05:14,514 - INFO - *******71_2_Kowloon********
2024-06-12 09:05:14,744 - INFO - *******failed********
2024-06-12 09:05:14,745 - INFO - *******72_2_Kowloon********
2024-06-12 09:05:23,581 - INFO - *******successfully saved********
2024-06-12 09:05:23,581 - INFO - *******70_2_Kowloon********
2024-06-12 09:05:28,995 - INFO - *******successfully saved********
2024-06-12 09:05:28,995 - INFO - ***************Wake_the_Robot********************
2024-06-12 09:05:28,995 - INFO - *******70_1_Wake_the_Robot********
2024-06-12 09:05:33,730 - INFO - *******successfully saved********
2024-06-12 09:05:33,730 - INFO - *******66_1_Wake_the_Robot********
2024-06-12 09:05:33,851 - INFO - *******failed********
2024-06-12 09:05:33,851 - INFO - *******68_2_Wake_the_Robot********
2024-06-12 09:05:42,520 - INFO - *******successfully saved********
2024-06-12 09:05:42,520 - INFO - *******63_2_Wake_the_Robot********
2024-06-12 09:05:42,663 - INFO - *******failed********
2024-06-12 09:05:42,663 - INFO - *******65_2_Wake_the_Robot********
2024-06-12 09:05:49,142 - INFO - *******successfully saved********
2024-06-12 09:05:49,142 - INFO - *******67_1_Wake_the_Robot********
2024-06-12 09:05:49,250 - INFO - *******failed********
2024-06-12 09:05:49,250 - INFO - *******71_1_Wake_the_Robot********
2024-06-12 09:05:49,292 - INFO - *******failed********
2024-06-12 09:05:49,292 - INFO - *******72_1_Wake_the_Robot********
2024-06-12 09:05:55,681 - INFO - *******successfully saved********
2024-06-12 09:05:55,681 - INFO - ***************Scifi_Sandbox********************
2024-06-12 09:05:55,681 - INFO - *******46_1_Scifi_Sandbox********
2024-06-12 09:06:01,639 - INFO - *******successfully saved********
2024-06-12 09:06:01,639 - INFO - *******51_1_Scifi_Sandbox********
2024-06-12 09:06:09,370 - INFO - *******successfully saved********
2024-06-12 09:06:09,370 - INFO - *******50_1_Scifi_Sandbox********
2024-06-12 09:06:15,240 - INFO - *******successfully saved********
2024-06-12 09:06:15,240 - INFO - *******52_2_Scifi_Sandbox********
2024-06-12 09:06:15,503 - INFO - *******failed********
2024-06-12 09:06:15,503 - INFO - *******48_1_Scifi_Sandbox********
2024-06-12 09:06:15,526 - INFO - *******failed********
2024-06-12 09:06:15,526 - INFO - *******44_2_Scifi_Sandbox********
2024-06-12 09:06:24,240 - INFO - *******successfully saved********
2024-06-12 09:06:24,240 - INFO - ***************Citadel********************
2024-06-12 09:06:24,240 - INFO - *******32_1_Citadel********
2024-06-12 09:06:32,004 - INFO - *******successfully saved********
2024-06-12 09:06:32,004 - INFO - *******41_2_Citadel********
2024-06-12 09:06:40,426 - INFO - *******successfully saved********
2024-06-12 09:06:40,426 - INFO - *******37_1_Citadel********
2024-06-12 09:06:52,741 - INFO - *******successfully saved********
2024-06-12 09:06:52,741 - INFO - *******38_2_Citadel********
2024-06-12 09:07:01,288 - INFO - *******successfully saved********
2024-06-12 09:07:01,288 - INFO - ***************Super_Rumble********************
2024-06-12 09:07:01,288 - INFO - *******41_1_Super_Rumble********
2024-06-12 09:07:08,800 - INFO - *******successfully saved********
2024-06-12 09:07:08,800 - INFO - *******37_2_Super_Rumble********
2024-06-12 09:07:16,079 - INFO - *******successfully saved********
2024-06-12 09:07:16,079 - INFO - *******33_2_Super_Rumble********
2024-06-12 09:07:30,766 - INFO - *******successfully saved********
2024-06-12 09:07:30,766 - INFO - *******32_2_Super_Rumble********
2024-06-12 09:07:36,897 - INFO - *******successfully saved********
2024-06-12 09:07:36,897 - INFO - *******35_1_Super_Rumble********
2024-06-12 09:07:39,413 - INFO - *******successfully saved********
2024-06-12 09:07:39,413 - INFO - ***************Arena_Clash********************
2024-06-12 09:07:39,413 - INFO - *******52_1_Arena_Clash********
2024-06-12 09:07:39,769 - INFO - *******failed********
2024-06-12 09:07:39,769 - INFO - *******50_2_Arena_Clash********
2024-06-12 09:07:53,195 - INFO - *******successfully saved********
2024-06-12 09:07:53,195 - INFO - *******46_2_Arena_Clash********
2024-06-12 09:08:07,552 - INFO - *******successfully saved********
2024-06-12 09:08:07,552 - INFO - *******51_2_Arena_Clash********
2024-06-12 09:08:19,798 - INFO - *******successfully saved********
2024-06-12 09:08:19,798 - INFO - *******44_1_Arena_Clash********
2024-06-12 09:08:23,621 - INFO - *******successfully saved********
2024-06-12 09:08:23,621 - INFO - ***************Venues********************
2024-06-12 09:08:23,621 - INFO - *******75_2_Venues********
2024-06-12 09:08:31,290 - INFO - *******successfully saved********
2024-06-12 09:08:31,290 - INFO - *******82_2_Venues********
2024-06-12 09:08:36,432 - INFO - *******successfully saved********
2024-06-12 09:08:36,432 - INFO - *******77_2_Venues********
2024-06-12 09:08:41,930 - INFO - *******successfully saved********
2024-06-12 09:08:41,930 - INFO - *******74_2_Venues********
2024-06-12 09:08:47,046 - INFO - *******successfully saved********
2024-06-12 09:08:47,047 - INFO - *******79_2_Venues********
2024-06-12 09:08:49,660 - INFO - *******successfully saved********
2024-06-12 09:08:49,660 - INFO - ***************Superhero_Arena********************
2024-06-12 09:08:49,660 - INFO - *******79_1_Superhero_Arena********
2024-06-12 09:08:55,891 - INFO - *******successfully saved********
2024-06-12 09:08:55,891 - INFO - *******77_1_Superhero_Arena********
2024-06-12 09:08:56,507 - INFO - *******failed********
2024-06-12 09:08:56,507 - INFO - *******81_1_Superhero_Arena********
2024-06-12 09:09:00,737 - INFO - *******successfully saved********
2024-06-12 09:09:00,737 - INFO - ***************Army_Men********************
2024-06-12 09:09:00,737 - INFO - *******28_2_Army_Men********
2024-06-12 09:09:10,297 - INFO - *******successfully saved********
2024-06-12 09:09:10,297 - INFO - *******30_2_Army_Men********
2024-06-12 09:09:18,327 - INFO - *******successfully saved********
2024-06-12 09:09:18,327 - INFO - *******26_1_Army_Men********
2024-06-12 09:09:28,563 - INFO - *******successfully saved********
2024-06-12 09:09:28,563 - INFO - *******27_1_Army_Men********
2024-06-12 09:09:38,115 - INFO - *******successfully saved********
2024-06-12 09:09:38,115 - INFO - *******24_1_Army_Men********
2024-06-12 09:09:45,650 - INFO - *******successfully saved********
2024-06-12 09:09:45,650 - INFO - *******22_1_Army_Men********
2024-06-12 09:09:57,397 - INFO - *******successfully saved********
2024-06-12 09:09:57,397 - INFO - *******21_1_Army_Men********
2024-06-12 09:10:05,733 - INFO - *******successfully saved********
2024-06-12 09:10:05,733 - INFO - ***************Bobber_Bay_Fishing********************
2024-06-12 09:10:05,733 - INFO - *******30_1_Bobber_Bay_Fishing********
2024-06-12 09:10:12,964 - INFO - *******successfully saved********
2024-06-12 09:10:12,964 - INFO - *******27_2_Bobber_Bay_Fishing********
2024-06-12 09:10:16,369 - INFO - *******successfully saved********
2024-06-12 09:10:16,369 - INFO - *******29_2_Bobber_Bay_Fishing********
2024-06-12 09:10:19,796 - INFO - *******successfully saved********
2024-06-12 09:10:19,796 - INFO - *******26_2_Bobber_Bay_Fishing********
2024-06-12 09:10:25,334 - INFO - *******successfully saved********
2024-06-12 09:10:25,334 - INFO - *******24_2_Bobber_Bay_Fishing********
2024-06-12 09:10:29,859 - INFO - *******successfully saved********
2024-06-12 09:10:29,859 - INFO - *******21_2_Bobber_Bay_Fishing********
2024-06-12 09:10:38,881 - INFO - *******successfully saved********
2024-06-12 09:10:38,881 - INFO - *******22_2_Bobber_Bay_Fishing********
2024-06-12 09:10:47,986 - INFO - *******successfully saved********
2024-06-12 09:10:47,986 - INFO - ***************Mars_Miners********************
2024-06-12 09:10:47,986 - INFO - *******16_1_Mars_Miners********
2024-06-12 09:10:55,718 - INFO - *******successfully saved********
2024-06-12 09:10:55,718 - INFO - *******18_1_Mars_Miners********
2024-06-12 09:11:10,057 - INFO - *******successfully saved********
2024-06-12 09:11:10,057 - INFO - *******17_1_Mars_Miners********
2024-06-12 09:11:24,193 - INFO - *******successfully saved********
2024-06-12 09:11:24,193 - INFO - *******15_1_Mars_Miners********
2024-06-12 09:11:27,964 - INFO - *******successfully saved********
2024-06-12 09:11:27,964 - INFO - *******11_2_Mars_Miners********
2024-06-12 09:11:29,979 - INFO - *******successfully saved********
2024-06-12 09:11:29,979 - INFO - *******12_2_Mars_Miners********
2024-06-12 09:11:32,917 - INFO - *******successfully saved********
2024-06-12 09:11:32,917 - INFO - *******19_1_Mars_Miners********
2024-06-12 09:11:40,507 - INFO - *******successfully saved********
2024-06-12 09:11:40,507 - INFO - ***************American_Idol********************
2024-06-12 09:11:40,507 - INFO - *******15_2_American_Idol********
2024-06-12 09:11:47,802 - INFO - *******successfully saved********
2024-06-12 09:11:47,802 - INFO - *******17_2_American_Idol********
2024-06-12 09:11:56,972 - INFO - *******successfully saved********
2024-06-12 09:11:56,972 - INFO - *******16_2_American_Idol********
2024-06-12 09:12:04,886 - INFO - *******successfully saved********
2024-06-12 09:12:04,886 - INFO - *******19_2_American_Idol********
2024-06-12 09:12:11,811 - INFO - *******successfully saved********
2024-06-12 09:12:11,811 - INFO - *******12_1_American_Idol********
2024-06-12 09:12:23,932 - INFO - *******successfully saved********
2024-06-12 09:12:23,932 - INFO - *******11_1_American_Idol********
2024-06-12 09:12:36,746 - INFO - *******successfully saved********
2024-06-12 09:12:36,746 - INFO - ***************Metdonalds********************
2024-06-12 09:12:36,746 - INFO - *******84_2_Metdonalds********
2024-06-12 09:12:41,494 - INFO - *******successfully saved********
2024-06-12 09:12:41,494 - INFO - *******85_1_Metdonalds********
2024-06-12 09:12:44,241 - INFO - *******successfully saved********
2024-06-12 09:12:44,241 - INFO - *******83_2_Metdonalds********
2024-06-12 09:12:48,877 - INFO - *******successfully saved********
2024-06-12 09:12:48,877 - INFO - *******92_1_Metdonalds********
2024-06-12 09:12:52,432 - INFO - *******successfully saved********
2024-06-12 09:12:52,432 - INFO - *******89_1_Metdonalds********
2024-06-12 09:12:58,638 - INFO - *******successfully saved********
2024-06-12 09:12:58,638 - INFO - *******91_1_Metdonalds********
2024-06-12 09:13:08,067 - INFO - *******successfully saved********
2024-06-12 09:13:08,067 - INFO - ***************3D_Play_House********************
2024-06-12 09:13:08,067 - INFO - *******84_1_3D_Play_House********
2024-06-12 09:13:15,346 - INFO - *******successfully saved********
2024-06-12 09:13:15,346 - INFO - *******92_2_3D_Play_House********
2024-06-12 09:13:20,455 - INFO - *******successfully saved********
2024-06-12 09:13:20,455 - INFO - *******89_2_3D_Play_House********
2024-06-12 09:13:29,744 - INFO - *******successfully saved********
2024-06-12 09:13:29,744 - INFO - *******91_2_3D_Play_House********
2024-06-12 09:13:42,251 - INFO - *******successfully saved********
2024-06-12 09:13:42,251 - INFO - *******85_2_3D_Play_House********
2024-06-12 09:13:47,994 - INFO - *******successfully saved********
2024-06-12 09:13:47,994 - INFO - ***************Kawaii_Daycare********************
2024-06-12 09:13:47,994 - INFO - *******132_2_Kawaii_Daycare********
2024-06-12 09:13:54,722 - INFO - *******successfully saved********
2024-06-12 09:13:54,722 - INFO - *******133_2_Kawaii_Daycare********
2024-06-12 09:14:03,690 - INFO - *******successfully saved********
2024-06-12 09:14:03,690 - INFO - *******134_2_Kawaii_Daycare********
2024-06-12 09:14:06,957 - INFO - *******successfully saved********
2024-06-12 09:14:06,957 - INFO - *******127_2_Kawaii_Daycare********
2024-06-12 09:14:16,262 - INFO - *******successfully saved********
2024-06-12 09:14:16,262 - INFO - *******128_2_Kawaii_Daycare********
2024-06-12 09:14:19,112 - INFO - *******successfully saved********
2024-06-12 09:14:19,112 - INFO - *******125_2_Kawaii_Daycare********
2024-06-12 09:14:28,392 - INFO - *******successfully saved********
2024-06-12 09:14:28,392 - INFO - *******130_2_Kawaii_Daycare********
2024-06-12 09:14:33,708 - INFO - *******successfully saved********
2024-06-12 09:14:33,708 - INFO - *******126_2_Kawaii_Daycare********
2024-06-12 09:14:38,868 - INFO - *******successfully saved********
2024-06-12 09:14:38,868 - INFO - *******129_2_Kawaii_Daycare********
2024-06-12 09:14:43,995 - INFO - *******successfully saved********
2024-06-12 09:14:43,995 - INFO - ***************Giant_Paddle_Golf********************
2024-06-12 09:14:43,995 - INFO - *******134_1_Giant_Paddle_Golf********
2024-06-12 09:14:57,640 - INFO - *******successfully saved********
2024-06-12 09:14:57,640 - INFO - *******132_1_Giant_Paddle_Golf********
2024-06-12 09:15:02,183 - INFO - *******successfully saved********
2024-06-12 09:15:02,183 - INFO - *******133_1_Giant_Paddle_Golf********
2024-06-12 09:15:09,213 - INFO - *******successfully saved********
2024-06-12 09:15:09,213 - INFO - *******125_1_Giant_Paddle_Golf********
2024-06-12 09:15:12,936 - INFO - *******successfully saved********
2024-06-12 09:15:12,936 - INFO - *******130_1_Giant_Paddle_Golf********
2024-06-12 09:15:17,363 - INFO - *******successfully saved********
2024-06-12 09:15:17,363 - INFO - *******127_1_Giant_Paddle_Golf********
2024-06-12 09:15:23,477 - INFO - *******successfully saved********
2024-06-12 09:15:23,477 - INFO - *******126_1_Giant_Paddle_Golf********
2024-06-12 09:15:29,873 - INFO - *******successfully saved********
2024-06-12 09:15:29,873 - INFO - *******131_1_Giant_Paddle_Golf********
2024-06-12 09:15:33,919 - INFO - *******successfully saved********
2024-06-12 09:15:33,919 - INFO - *******129_1_Giant_Paddle_Golf********
2024-06-12 09:15:36,989 - INFO - *******successfully saved********
2024-06-12 09:15:36,989 - INFO - ***************City_Parkour********************
2024-06-12 09:15:36,989 - INFO - *******146_1_City_Parkour********
2024-06-12 09:15:44,875 - INFO - *******successfully saved********
2024-06-12 09:15:44,875 - INFO - *******150_2_City_Parkour********
2024-06-12 09:15:52,436 - INFO - *******successfully saved********
2024-06-12 09:15:52,436 - INFO - *******148_1_City_Parkour********
2024-06-12 09:15:57,734 - INFO - *******successfully saved********
2024-06-12 09:15:57,734 - INFO - *******153_2_City_Parkour********
2024-06-12 09:15:59,397 - INFO - *******successfully saved********
2024-06-12 09:15:59,397 - INFO - *******147_2_City_Parkour********
2024-06-12 09:16:00,400 - INFO - *******successfully saved********
2024-06-12 09:16:00,400 - INFO - *******149_1_City_Parkour********
2024-06-12 09:16:02,608 - INFO - *******successfully saved********
2024-06-12 09:16:02,608 - INFO - *******155_1_City_Parkour********
2024-06-12 09:16:08,602 - INFO - *******successfully saved********
2024-06-12 09:16:08,602 - INFO - *******154_2_City_Parkour********
2024-06-12 09:16:11,361 - INFO - *******successfully saved********
2024-06-12 09:16:11,361 - INFO - *******152_2_City_Parkour********
2024-06-12 09:16:17,919 - INFO - *******successfully saved********
2024-06-12 09:16:17,919 - INFO - ***************Slash_RPG********************
2024-06-12 09:16:17,919 - INFO - *******104_2_Slash_RPG********
2024-06-12 09:16:30,657 - INFO - *******successfully saved********
2024-06-12 09:16:30,657 - INFO - *******107_2_Slash_RPG********
2024-06-12 09:16:39,797 - INFO - *******successfully saved********
2024-06-12 09:16:39,797 - INFO - *******111_2_Slash_RPG********
2024-06-12 09:16:47,192 - INFO - *******successfully saved********
2024-06-12 09:16:47,192 - INFO - *******106_2_Slash_RPG********
2024-06-12 09:16:52,286 - INFO - *******successfully saved********
2024-06-12 09:16:52,286 - INFO - *******113_2_Slash_RPG********
2024-06-12 09:17:00,195 - INFO - *******successfully saved********
2024-06-12 09:17:00,195 - INFO - *******109_2_Slash_RPG********
2024-06-12 09:17:05,974 - INFO - *******successfully saved********
2024-06-12 09:17:05,974 - INFO - *******108_1_Slash_RPG********
2024-06-12 09:17:15,937 - INFO - *******successfully saved********
2024-06-12 09:17:15,937 - INFO - *******112_2_Slash_RPG********
2024-06-12 09:17:21,115 - INFO - *******successfully saved********
2024-06-12 09:17:21,115 - INFO - *******110_2_Slash_RPG********
2024-06-12 09:17:29,021 - INFO - *******successfully saved********
2024-06-12 09:17:29,021 - INFO - *******105_2_Slash_RPG********
2024-06-12 09:17:33,887 - INFO - *******successfully saved********
2024-06-12 09:17:33,887 - INFO - *******114_2_Slash_RPG********
2024-06-12 09:17:42,149 - INFO - *******successfully saved********
2024-06-12 09:17:42,149 - INFO - ***************Pirate_Life********************
2024-06-12 09:17:42,149 - INFO - *******109_1_Pirate_Life********
2024-06-12 09:17:51,389 - INFO - *******successfully saved********
2024-06-12 09:17:51,389 - INFO - *******106_1_Pirate_Life********
2024-06-12 09:17:55,434 - INFO - *******successfully saved********
2024-06-12 09:17:55,434 - INFO - *******114_1_Pirate_Life********
2024-06-12 09:18:01,379 - INFO - *******successfully saved********
2024-06-12 09:18:01,379 - INFO - *******107_1_Pirate_Life********
2024-06-12 09:18:08,485 - INFO - *******successfully saved********
2024-06-12 09:18:08,485 - INFO - *******111_1_Pirate_Life********
2024-06-12 09:18:16,413 - INFO - *******successfully saved********
2024-06-12 09:18:16,413 - INFO - *******110_1_Pirate_Life********
2024-06-12 09:18:27,242 - INFO - *******successfully saved********
2024-06-12 09:18:27,242 - INFO - *******104_1_Pirate_Life********
2024-06-12 09:18:34,316 - INFO - *******successfully saved********
2024-06-12 09:18:34,316 - INFO - *******105_1_Pirate_Life********
2024-06-12 09:18:39,649 - INFO - *******successfully saved********
2024-06-12 09:18:39,649 - INFO - *******108_2_Pirate_Life********
2024-06-12 09:18:49,290 - INFO - *******successfully saved********
2024-06-12 09:18:49,290 - INFO - *******112_1_Pirate_Life********
2024-06-12 09:18:54,586 - INFO - *******successfully saved********
2024-06-12 09:18:54,586 - INFO - ***************Zombie********************
2024-06-12 09:18:54,586 - INFO - *******115_1_Zombie********
2024-06-12 09:18:59,356 - INFO - *******successfully saved********
2024-06-12 09:18:59,356 - INFO - *******118_2_Zombie********
2024-06-12 09:19:02,674 - INFO - *******successfully saved********
2024-06-12 09:19:02,674 - INFO - *******119_1_Zombie********
2024-06-12 09:19:07,996 - INFO - *******successfully saved********
2024-06-12 09:19:07,996 - INFO - *******124_1_Zombie********
2024-06-12 09:19:12,398 - INFO - *******successfully saved********
2024-06-12 09:19:12,398 - INFO - *******121_2_Zombie********
2024-06-12 09:19:17,148 - INFO - *******successfully saved********
2024-06-12 09:19:17,148 - INFO - *******116_2_Zombie********
2024-06-12 09:19:23,621 - INFO - *******successfully saved********
2024-06-12 09:19:23,621 - INFO - *******117_1_Zombie********
2024-06-12 09:19:26,611 - INFO - *******successfully saved********
2024-06-12 09:19:26,611 - INFO - *******123_1_Zombie********
2024-06-12 09:19:30,349 - INFO - *******successfully saved********
2024-06-12 09:19:30,349 - INFO - *******120_1_Zombie********
2024-06-12 09:19:34,803 - INFO - *******successfully saved********
2024-06-12 09:19:34,803 - INFO - ***************VR_Classroom********************
2024-06-12 09:19:34,803 - INFO - *******101_2_VR_Classroom********
2024-06-12 09:19:42,855 - INFO - *******successfully saved********
2024-06-12 09:19:42,855 - INFO - *******98_2_VR_Classroom********
2024-06-12 09:19:49,827 - INFO - *******successfully saved********
2024-06-12 09:19:49,827 - INFO - *******95_2_VR_Classroom********
2024-06-12 09:19:58,388 - INFO - *******successfully saved********
2024-06-12 09:19:58,388 - INFO - *******99_2_VR_Classroom********
2024-06-12 09:20:07,290 - INFO - *******successfully saved********
2024-06-12 09:20:07,291 - INFO - *******93_2_VR_Classroom********
2024-06-12 09:20:14,053 - INFO - *******successfully saved********
2024-06-12 09:20:14,053 - INFO - *******97_2_VR_Classroom********
2024-06-12 09:20:23,146 - INFO - *******successfully saved********
2024-06-12 09:20:23,146 - INFO - ***************Horizon_Boxing********************
2024-06-12 09:20:23,146 - INFO - *******116_1_Horizon_Boxing********
2024-06-12 09:20:28,834 - INFO - *******successfully saved********
2024-06-12 09:20:28,834 - INFO - *******115_2_Horizon_Boxing********
2024-06-12 09:20:36,930 - INFO - *******successfully saved********
2024-06-12 09:20:36,930 - INFO - *******118_1_Horizon_Boxing********
2024-06-12 09:20:45,071 - INFO - *******successfully saved********
2024-06-12 09:20:45,071 - INFO - *******121_1_Horizon_Boxing********
2024-06-12 09:20:50,006 - INFO - *******successfully saved********
2024-06-12 09:20:50,006 - INFO - *******124_2_Horizon_Boxing********
2024-06-12 09:20:56,603 - INFO - *******successfully saved********
2024-06-12 09:20:56,603 - INFO - *******120_2_Horizon_Boxing********
2024-06-12 09:21:05,060 - INFO - *******successfully saved********
2024-06-12 09:21:05,061 - INFO - *******119_2_Horizon_Boxing********
2024-06-12 09:21:13,688 - INFO - *******successfully saved********
2024-06-12 09:21:13,688 - INFO - *******122_2_Horizon_Boxing********
2024-06-12 09:21:22,565 - INFO - *******successfully saved********
2024-06-12 09:21:22,565 - INFO - *******117_2_Horizon_Boxing********
2024-06-12 09:21:26,010 - INFO - *******successfully saved********
2024-06-12 09:21:26,010 - INFO - *******123_2_Horizon_Boxing********
2024-06-12 09:21:33,122 - INFO - *******successfully saved********
2024-06-12 09:21:33,122 - INFO - ***************Titanic_Simulation********************
2024-06-12 09:21:33,122 - INFO - *******101_1_Titanic_Simulation********
2024-06-12 09:21:37,914 - INFO - *******successfully saved********
2024-06-12 09:21:37,914 - INFO - *******93_1_Titanic_Simulation********
2024-06-12 09:21:45,470 - INFO - *******successfully saved********
2024-06-12 09:21:45,470 - INFO - *******97_1_Titanic_Simulation********
2024-06-12 09:21:50,719 - INFO - *******successfully saved********
2024-06-12 09:21:50,719 - INFO - *******98_1_Titanic_Simulation********
2024-06-12 09:21:57,424 - INFO - *******successfully saved********
2024-06-12 09:21:57,424 - INFO - *******95_1_Titanic_Simulation********
2024-06-12 09:22:04,410 - INFO - *******successfully saved********
2024-06-12 09:22:04,410 - INFO - *******99_1_Titanic_Simulation********
2024-06-12 09:22:10,419 - INFO - *******successfully saved********
2024-06-12 09:22:10,419 - INFO - ***************Out_Of_Control********************
2024-06-12 09:22:10,419 - INFO - *******173_2_Out_Of_Control********
2024-06-12 09:22:16,897 - INFO - *******successfully saved********
2024-06-12 09:22:16,897 - INFO - *******174_2_Out_Of_Control********
2024-06-12 09:22:21,040 - INFO - *******successfully saved********
2024-06-12 09:22:21,040 - INFO - *******172_2_Out_Of_Control********
2024-06-12 09:22:24,814 - INFO - *******successfully saved********
2024-06-12 09:22:24,814 - INFO - *******169_2_Out_Of_Control********
2024-06-12 09:22:27,082 - INFO - *******successfully saved********
2024-06-12 09:22:27,082 - INFO - *******167_2_Out_Of_Control********
2024-06-12 09:22:32,504 - INFO - *******successfully saved********
2024-06-12 09:22:32,504 - INFO - *******170_2_Out_Of_Control********
2024-06-12 09:22:40,541 - INFO - *******successfully saved********
2024-06-12 09:22:40,541 - INFO - *******166_2_Out_Of_Control********
2024-06-12 09:22:43,486 - INFO - *******successfully saved********
2024-06-12 09:22:43,486 - INFO - *******168_2_Out_Of_Control********
2024-06-12 09:22:49,824 - INFO - *******successfully saved********
2024-06-12 09:22:49,824 - INFO - ***************Geometry_Gunners********************
2024-06-12 09:22:49,824 - INFO - *******162_2_Geometry_Gunners********
2024-06-12 09:22:51,658 - INFO - *******successfully saved********
2024-06-12 09:22:51,658 - INFO - *******163_2_Geometry_Gunners********
2024-06-12 09:22:52,352 - INFO - *******successfully saved********
2024-06-12 09:22:52,352 - INFO - *******164_2_Geometry_Gunners********
2024-06-12 09:22:53,949 - INFO - *******successfully saved********
2024-06-12 09:22:53,949 - INFO - *******165_2_Geometry_Gunners********
2024-06-12 09:22:55,484 - INFO - *******successfully saved********
2024-06-12 09:22:55,484 - INFO - *******158_1_Geometry_Gunners********
2024-06-12 09:22:57,104 - INFO - *******successfully saved********
2024-06-12 09:22:57,105 - INFO - *******160_1_Geometry_Gunners********
2024-06-12 09:22:58,820 - INFO - *******successfully saved********
2024-06-12 09:22:58,820 - INFO - *******157_2_Geometry_Gunners********
2024-06-12 09:23:00,744 - INFO - *******successfully saved********
2024-06-12 09:23:00,745 - INFO - *******156_2_Geometry_Gunners********
2024-06-12 09:23:02,627 - INFO - *******successfully saved********
2024-06-12 09:23:02,627 - INFO - *******159_1_Geometry_Gunners********
2024-06-12 09:23:04,990 - INFO - *******successfully saved********
2024-06-12 09:23:04,991 - INFO - *******161_2_Geometry_Gunners********
2024-06-12 09:23:06,824 - INFO - *******successfully saved********
2024-06-12 09:23:06,824 - INFO - ***************Barnyard********************
2024-06-12 09:23:06,824 - INFO - *******165_1_Barnyard********
2024-06-12 09:23:09,861 - INFO - *******successfully saved********
2024-06-12 09:23:09,861 - INFO - *******164_1_Barnyard********
2024-06-12 09:23:14,160 - INFO - *******successfully saved********
2024-06-12 09:23:14,160 - INFO - *******163_1_Barnyard********
2024-06-12 09:23:17,608 - INFO - *******successfully saved********
2024-06-12 09:23:17,608 - INFO - *******159_2_Barnyard********
2024-06-12 09:23:22,723 - INFO - *******successfully saved********
2024-06-12 09:23:22,723 - INFO - *******162_1_Barnyard********
2024-06-12 09:23:27,453 - INFO - *******successfully saved********
2024-06-12 09:23:27,453 - INFO - *******158_2_Barnyard********
2024-06-12 09:23:31,528 - INFO - *******successfully saved********
2024-06-12 09:23:31,528 - INFO - *******157_1_Barnyard********
2024-06-12 09:23:38,268 - INFO - *******successfully saved********
2024-06-12 09:23:38,268 - INFO - *******160_2_Barnyard********
2024-06-12 09:23:41,395 - INFO - *******successfully saved********
2024-06-12 09:23:41,395 - INFO - *******161_1_Barnyard********
2024-06-12 09:23:43,754 - INFO - *******successfully saved********
2024-06-12 09:23:43,754 - INFO - *******156_1_Barnyard********
2024-06-12 09:23:47,754 - INFO - *******successfully saved********
2024-06-12 09:23:47,754 - INFO - ***************Canyon_Runners********************
2024-06-12 09:23:47,754 - INFO - *******174_1_Canyon_Runners********
2024-06-12 09:23:53,257 - INFO - *******successfully saved********
2024-06-12 09:23:53,258 - INFO - *******173_1_Canyon_Runners********
2024-06-12 09:23:56,423 - INFO - *******successfully saved********
2024-06-12 09:23:56,423 - INFO - *******169_1_Canyon_Runners********
2024-06-12 09:24:01,165 - INFO - *******successfully saved********
2024-06-12 09:24:01,165 - INFO - *******166_1_Canyon_Runners********
2024-06-12 09:24:05,895 - INFO - *******successfully saved********
2024-06-12 09:24:05,895 - INFO - *******170_1_Canyon_Runners********
2024-06-12 09:24:11,957 - INFO - *******successfully saved********
2024-06-12 09:24:11,957 - INFO - *******167_1_Canyon_Runners********
2024-06-12 09:24:18,588 - INFO - *******successfully saved********
2024-06-12 09:24:18,588 - INFO - *******171_1_Canyon_Runners********
2024-06-12 09:24:24,999 - INFO - *******successfully saved********
2024-06-12 09:24:24,999 - INFO - *******168_1_Canyon_Runners********
2024-06-12 09:24:31,026 - INFO - *******successfully saved********
2024-06-12 09:24:31,026 - INFO - *******172_1_Canyon_Runners********
2024-06-12 09:24:34,981 - INFO - *******successfully saved********
2024-06-12 09:24:34,981 - INFO - ***************Creature_Feature********************
2024-06-12 09:24:34,981 - INFO - *******150_1_Creature_Feature********
2024-06-12 09:24:37,807 - INFO - *******successfully saved********
2024-06-12 09:24:37,807 - INFO - *******146_2_Creature_Feature********
2024-06-12 09:24:41,686 - INFO - *******successfully saved********
2024-06-12 09:24:41,686 - INFO - *******152_1_Creature_Feature********
2024-06-12 09:24:45,354 - INFO - *******successfully saved********
2024-06-12 09:24:45,354 - INFO - *******153_1_Creature_Feature********
2024-06-12 09:24:49,210 - INFO - *******successfully saved********
2024-06-12 09:24:49,210 - INFO - *******154_1_Creature_Feature********
2024-06-12 09:24:53,027 - INFO - *******successfully saved********
2024-06-12 09:24:53,028 - INFO - *******155_2_Creature_Feature********
2024-06-12 09:24:57,148 - INFO - *******successfully saved********
2024-06-12 09:24:57,148 - INFO - *******151_1_Creature_Feature********
2024-06-12 09:24:59,297 - INFO - *******successfully saved********
2024-06-12 09:24:59,297 - INFO - *******147_1_Creature_Feature********
2024-06-12 09:25:04,370 - INFO - *******successfully saved********
