2024-06-04 15:47:19,032 - INFO - --------------------------------aggregation starting----------------------------------------------------------------------------------
2024-06-04 15:47:19,033 - INFO - ***************Arena_Clash********************
2024-06-04 15:47:19,033 - INFO - *******52_1_Arena_Clash********
2024-06-04 15:47:19,280 - INFO - *******successfully saved********
2024-06-04 15:47:19,280 - INFO - *******50_2_Arena_Clash********
2024-06-04 15:47:24,886 - INFO - *******successfully saved********
2024-06-04 15:47:24,886 - INFO - *******46_2_Arena_Clash********
2024-06-04 15:47:31,986 - INFO - *******successfully saved********
2024-06-04 15:58:24,531 - INFO - --------------------------------aggregation starting----------------------------------------------------------------------------------
2024-06-04 15:58:24,531 - INFO - ***************Earth_Gym********************
2024-06-04 15:58:24,531 - INFO - *******5_2_Earth_Gym********
2024-06-04 15:58:28,149 - INFO - *******successfully saved********
2024-06-04 15:58:28,149 - INFO - *******10_2_Earth_Gym********
2024-06-04 15:58:29,909 - INFO - *******successfully saved********
2024-06-04 15:58:29,909 - INFO - *******8_2_Earth_Gym********
2024-06-04 15:58:33,002 - INFO - *******successfully saved********
2024-06-04 15:58:33,002 - INFO - *******7_1_Earth_Gym********
2024-06-04 15:58:35,786 - INFO - *******successfully saved********
2024-06-04 15:58:35,786 - INFO - *******9_1_Earth_Gym********
2024-06-04 15:58:39,937 - INFO - *******successfully saved********
2024-06-04 15:58:39,937 - INFO - ***************Wild_Quest********************
2024-06-04 15:58:39,937 - INFO - *******6_1_Wild_Quest********
2024-06-04 15:58:42,584 - INFO - *******successfully saved********
2024-06-04 15:58:42,584 - INFO - *******5_1_Wild_Quest********
2024-06-04 15:58:47,655 - INFO - *******successfully saved********
2024-06-04 15:58:47,656 - INFO - *******8_1_Wild_Quest********
2024-06-04 15:58:57,008 - INFO - *******successfully saved********
2024-06-04 15:58:57,008 - INFO - *******10_1_Wild_Quest********
2024-06-04 15:59:01,343 - INFO - *******successfully saved********
2024-06-04 15:59:01,344 - INFO - *******7_2_Wild_Quest********
2024-06-04 15:59:10,534 - INFO - *******successfully saved********
2024-06-04 15:59:10,534 - INFO - *******9_2_Wild_Quest********
2024-06-04 15:59:16,541 - INFO - *******successfully saved********
2024-06-04 15:59:16,541 - INFO - ***************Roommate********************
2024-06-04 15:59:16,541 - INFO - *******145_1_Roommate********
2024-06-04 15:59:23,286 - INFO - *******successfully saved********
2024-06-04 15:59:23,286 - INFO - *******142_1_Roommate********
2024-06-04 15:59:29,978 - INFO - *******successfully saved********
2024-06-04 15:59:29,978 - INFO - *******138_2_Roommate********
2024-06-04 15:59:36,512 - INFO - *******successfully saved********
2024-06-04 15:59:36,512 - INFO - *******144_2_Roommate********
2024-06-04 15:59:43,725 - INFO - *******successfully saved********
2024-06-04 15:59:43,725 - INFO - *******139_2_Roommate********
2024-06-04 15:59:49,790 - INFO - *******successfully saved********
2024-06-04 15:59:49,790 - INFO - *******136_2_Roommate********
2024-06-04 15:59:54,746 - INFO - *******successfully saved********
2024-06-04 15:59:54,746 - INFO - *******137_2_Roommate********
2024-06-04 15:59:58,644 - INFO - *******successfully saved********
2024-06-04 15:59:58,644 - INFO - *******140_2_Roommate********
2024-06-04 16:00:05,213 - INFO - *******successfully saved********
2024-06-04 16:00:05,213 - INFO - *******141_1_Roommate********
2024-06-04 16:00:11,586 - INFO - *******successfully saved********
2024-06-04 16:00:11,586 - INFO - *******143_2_Roommate********
2024-06-04 16:00:13,342 - INFO - *******successfully saved********
2024-06-04 16:00:13,342 - INFO - ***************Waffle_Restaurant********************
2024-06-04 16:00:13,342 - INFO - *******140_1_Waffle_Restaurant********
2024-06-04 16:00:15,495 - INFO - *******successfully saved********
2024-06-04 16:00:15,495 - INFO - *******135_1_Waffle_Restaurant********
2024-06-04 16:00:18,957 - INFO - *******successfully saved********
2024-06-04 16:00:18,957 - INFO - *******144_1_Waffle_Restaurant********
2024-06-04 16:00:23,277 - INFO - *******successfully saved********
2024-06-04 16:00:23,277 - INFO - *******143_1_Waffle_Restaurant********
2024-06-04 16:00:27,385 - INFO - *******successfully saved********
2024-06-04 16:00:27,385 - INFO - *******136_1_Waffle_Restaurant********
2024-06-04 16:00:31,810 - INFO - *******successfully saved********
2024-06-04 16:00:31,810 - INFO - *******145_2_Waffle_Restaurant********
2024-06-04 16:00:35,983 - INFO - *******successfully saved********
2024-06-04 16:00:35,983 - INFO - *******142_2_Waffle_Restaurant********
2024-06-04 16:00:41,730 - INFO - *******successfully saved********
2024-06-04 16:00:41,730 - INFO - *******137_1_Waffle_Restaurant********
2024-06-04 16:00:47,204 - INFO - *******successfully saved********
2024-06-04 16:00:47,204 - INFO - *******139_1_Waffle_Restaurant********
2024-06-04 16:00:52,472 - INFO - *******successfully saved********
2024-06-04 16:00:52,472 - INFO - *******138_1_Waffle_Restaurant********
2024-06-04 16:01:01,693 - INFO - *******successfully saved********
2024-06-04 16:01:01,693 - INFO - *******141_2_Waffle_Restaurant********
2024-06-04 16:01:06,874 - INFO - *******successfully saved********
2024-06-04 16:01:06,874 - INFO - ***************UFO_crash_site_venue********************
2024-06-04 16:01:06,874 - INFO - *******60_2_UFO_crash_site_venue********
2024-06-04 16:01:14,666 - INFO - *******successfully saved********
2024-06-04 16:01:14,666 - INFO - *******58_2_UFO_crash_site_venue********
2024-06-04 16:01:14,926 - INFO - *******successfully saved********
2024-06-04 16:01:14,926 - INFO - *******55_2_UFO_crash_site_venue********
2024-06-04 16:01:15,164 - INFO - *******successfully saved********
2024-06-04 16:01:15,164 - INFO - *******56_2_UFO_crash_site_venue********
2024-06-04 16:01:24,614 - INFO - *******successfully saved********
2024-06-04 16:01:24,614 - INFO - *******54_1_UFO_crash_site_venue********
2024-06-04 16:01:30,948 - INFO - *******successfully saved********
2024-06-04 16:01:30,948 - INFO - ***************The_aquarium********************
2024-06-04 16:01:30,949 - INFO - *******61_1_The_aquarium********
2024-06-04 16:01:32,229 - INFO - *******successfully saved********
2024-06-04 16:01:32,229 - INFO - *******56_1_The_aquarium********
2024-06-04 16:01:34,082 - INFO - *******successfully saved********
2024-06-04 16:01:34,082 - INFO - *******55_1_The_aquarium********
2024-06-04 16:01:34,179 - INFO - *******successfully saved********
2024-06-04 16:01:34,179 - INFO - *******60_1_The_aquarium********
2024-06-04 16:01:36,103 - INFO - *******successfully saved********
2024-06-04 16:01:36,103 - INFO - *******53_2_The_aquarium********
2024-06-04 16:01:37,471 - INFO - *******successfully saved********
2024-06-04 16:01:37,471 - INFO - *******54_2_The_aquarium********
2024-06-04 16:01:38,996 - INFO - *******successfully saved********
2024-06-04 16:01:38,996 - INFO - ***************Kowloon********************
2024-06-04 16:01:38,996 - INFO - *******66_2_Kowloon********
2024-06-04 16:01:39,079 - INFO - *******successfully saved********
2024-06-04 16:01:39,079 - INFO - *******63_1_Kowloon********
2024-06-04 16:01:39,639 - INFO - *******successfully saved********
2024-06-04 16:01:39,639 - INFO - *******65_1_Kowloon********
2024-06-04 16:01:47,333 - INFO - *******successfully saved********
2024-06-04 16:01:47,333 - INFO - *******68_1_Kowloon********
2024-06-04 16:01:54,902 - INFO - *******successfully saved********
2024-06-04 16:01:54,902 - INFO - *******71_2_Kowloon********
2024-06-04 16:01:55,117 - INFO - *******successfully saved********
2024-06-04 16:01:55,117 - INFO - *******72_2_Kowloon********
2024-06-04 16:02:04,039 - INFO - *******successfully saved********
2024-06-04 16:02:04,039 - INFO - *******70_2_Kowloon********
2024-06-04 16:02:09,259 - INFO - *******successfully saved********
2024-06-04 16:02:09,259 - INFO - ***************Wake_the_Robot********************
2024-06-04 16:02:09,259 - INFO - *******70_1_Wake_the_Robot********
2024-06-04 16:02:13,737 - INFO - *******successfully saved********
2024-06-04 16:02:13,738 - INFO - *******66_1_Wake_the_Robot********
2024-06-04 16:02:13,864 - INFO - *******successfully saved********
2024-06-04 16:02:13,864 - INFO - *******68_2_Wake_the_Robot********
2024-06-04 16:02:22,124 - INFO - *******successfully saved********
2024-06-04 16:02:22,124 - INFO - *******63_2_Wake_the_Robot********
2024-06-04 16:02:22,289 - INFO - *******successfully saved********
2024-06-04 16:02:22,289 - INFO - *******65_2_Wake_the_Robot********
2024-06-04 16:02:28,661 - INFO - *******successfully saved********
2024-06-04 16:02:28,662 - INFO - *******67_1_Wake_the_Robot********
2024-06-04 16:02:28,745 - INFO - *******successfully saved********
2024-06-04 16:02:28,746 - INFO - *******71_1_Wake_the_Robot********
2024-06-04 16:02:28,779 - INFO - *******successfully saved********
2024-06-04 16:02:28,779 - INFO - *******72_1_Wake_the_Robot********
2024-06-04 16:02:35,242 - INFO - *******successfully saved********
2024-06-04 16:02:35,242 - INFO - ***************Scifi_Sandbox********************
2024-06-04 16:02:35,242 - INFO - *******46_1_Scifi_Sandbox********
2024-06-04 16:02:40,992 - INFO - *******successfully saved********
2024-06-04 16:02:40,992 - INFO - *******51_1_Scifi_Sandbox********
2024-06-04 16:02:48,607 - INFO - *******successfully saved********
2024-06-04 16:02:48,607 - INFO - *******50_1_Scifi_Sandbox********
2024-06-04 16:02:54,620 - INFO - *******successfully saved********
2024-06-04 16:02:54,621 - INFO - *******52_2_Scifi_Sandbox********
2024-06-04 16:02:54,906 - INFO - *******successfully saved********
2024-06-04 16:02:54,906 - INFO - *******48_1_Scifi_Sandbox********
2024-06-04 16:02:54,954 - INFO - *******successfully saved********
2024-06-04 16:02:54,954 - INFO - *******44_2_Scifi_Sandbox********
2024-06-04 16:03:03,403 - INFO - *******successfully saved********
2024-06-04 16:03:03,403 - INFO - ***************Citadel********************
2024-06-04 16:03:03,403 - INFO - *******32_1_Citadel********
2024-06-04 16:03:10,956 - INFO - *******successfully saved********
2024-06-04 16:03:10,956 - INFO - *******41_2_Citadel********
2024-06-04 16:03:19,354 - INFO - *******successfully saved********
2024-06-04 16:03:19,354 - INFO - *******37_1_Citadel********
2024-06-04 16:03:31,501 - INFO - *******successfully saved********
2024-06-04 16:03:31,502 - INFO - *******38_2_Citadel********
2024-06-04 16:03:40,079 - INFO - *******successfully saved********
2024-06-04 16:03:40,079 - INFO - ***************Super_Rumble********************
2024-06-04 16:03:40,079 - INFO - *******41_1_Super_Rumble********
2024-06-04 16:03:47,504 - INFO - *******successfully saved********
2024-06-04 16:03:47,504 - INFO - *******37_2_Super_Rumble********
2024-06-04 16:03:54,627 - INFO - *******successfully saved********
2024-06-04 16:03:54,627 - INFO - *******33_2_Super_Rumble********
2024-06-04 16:04:09,160 - INFO - *******successfully saved********
2024-06-04 16:04:09,160 - INFO - *******32_2_Super_Rumble********
2024-06-04 16:04:15,227 - INFO - *******successfully saved********
2024-06-04 16:04:15,227 - INFO - *******35_1_Super_Rumble********
2024-06-04 16:04:17,601 - INFO - *******successfully saved********
2024-06-04 16:04:17,601 - INFO - ***************Arena_Clash********************
2024-06-04 16:04:17,601 - INFO - *******52_1_Arena_Clash********
2024-06-04 16:04:17,834 - INFO - *******successfully saved********
2024-06-04 16:04:17,834 - INFO - *******50_2_Arena_Clash********
2024-06-04 16:04:24,650 - INFO - *******successfully saved********
2024-06-04 16:04:24,650 - INFO - *******46_2_Arena_Clash********
2024-06-04 16:04:31,671 - INFO - *******successfully saved********
2024-06-04 16:04:31,671 - INFO - *******51_2_Arena_Clash********
2024-06-04 16:04:38,213 - INFO - *******successfully saved********
2024-06-04 16:04:38,213 - INFO - *******44_1_Arena_Clash********
2024-06-04 16:04:40,924 - INFO - *******successfully saved********
2024-06-04 16:04:40,924 - INFO - ***************Venues********************
2024-06-04 16:04:40,924 - INFO - *******75_2_Venues********
2024-06-04 16:04:46,134 - INFO - *******successfully saved********
2024-06-04 16:04:46,134 - INFO - *******82_2_Venues********
2024-06-04 16:04:51,000 - INFO - *******successfully saved********
2024-06-04 16:04:51,000 - INFO - *******77_2_Venues********
2024-06-04 16:04:56,254 - INFO - *******successfully saved********
2024-06-04 16:04:56,255 - INFO - *******74_2_Venues********
2024-06-04 16:05:01,167 - INFO - *******successfully saved********
2024-06-04 16:05:01,167 - INFO - *******79_2_Venues********
2024-06-04 16:05:03,809 - INFO - *******successfully saved********
2024-06-04 16:05:03,809 - INFO - ***************Superhero_Arena********************
2024-06-04 16:05:03,809 - INFO - *******79_1_Superhero_Arena********
2024-06-04 16:05:09,778 - INFO - *******successfully saved********
2024-06-04 16:05:09,778 - INFO - *******77_1_Superhero_Arena********
2024-06-04 16:05:10,375 - INFO - *******successfully saved********
2024-06-04 16:05:10,375 - INFO - *******81_1_Superhero_Arena********
2024-06-04 16:05:14,484 - INFO - *******successfully saved********
2024-06-04 16:05:14,484 - INFO - ***************Army_Men********************
2024-06-04 16:05:14,484 - INFO - *******28_2_Army_Men********
2024-06-04 16:05:23,704 - INFO - *******successfully saved********
2024-06-04 16:05:23,704 - INFO - *******30_2_Army_Men********
2024-06-04 16:05:31,559 - INFO - *******successfully saved********
2024-06-04 16:05:31,559 - INFO - *******26_1_Army_Men********
2024-06-04 16:05:41,443 - INFO - *******successfully saved********
2024-06-04 16:05:41,443 - INFO - *******27_1_Army_Men********
2024-06-04 16:05:50,815 - INFO - *******successfully saved********
2024-06-04 16:05:50,815 - INFO - *******24_1_Army_Men********
2024-06-04 16:05:58,230 - INFO - *******successfully saved********
2024-06-04 16:05:58,230 - INFO - *******22_1_Army_Men********
2024-06-04 16:06:09,690 - INFO - *******successfully saved********
2024-06-04 16:06:09,691 - INFO - *******21_1_Army_Men********
2024-06-04 16:06:17,814 - INFO - *******successfully saved********
2024-06-04 16:06:17,814 - INFO - ***************Bobber_Bay_Fishing********************
2024-06-04 16:06:17,814 - INFO - *******30_1_Bobber_Bay_Fishing********
2024-06-04 16:06:25,027 - INFO - *******successfully saved********
2024-06-04 16:06:25,027 - INFO - *******27_2_Bobber_Bay_Fishing********
2024-06-04 16:06:28,363 - INFO - *******successfully saved********
2024-06-04 16:06:28,363 - INFO - *******29_2_Bobber_Bay_Fishing********
2024-06-04 16:06:31,648 - INFO - *******successfully saved********
2024-06-04 16:06:31,648 - INFO - *******26_2_Bobber_Bay_Fishing********
2024-06-04 16:06:36,787 - INFO - *******successfully saved********
2024-06-04 16:06:36,787 - INFO - *******24_2_Bobber_Bay_Fishing********
2024-06-04 16:06:41,031 - INFO - *******successfully saved********
2024-06-04 16:06:41,031 - INFO - *******21_2_Bobber_Bay_Fishing********
2024-06-04 16:06:50,354 - INFO - *******successfully saved********
2024-06-04 16:06:50,355 - INFO - *******22_2_Bobber_Bay_Fishing********
2024-06-04 16:06:59,099 - INFO - *******successfully saved********
2024-06-04 16:06:59,099 - INFO - ***************Mars_Miners********************
2024-06-04 16:06:59,099 - INFO - *******16_1_Mars_Miners********
2024-06-04 16:07:06,692 - INFO - *******successfully saved********
2024-06-04 16:07:06,692 - INFO - *******18_1_Mars_Miners********
2024-06-04 16:07:20,938 - INFO - *******successfully saved********
2024-06-04 16:07:20,938 - INFO - *******17_1_Mars_Miners********
2024-06-04 16:07:34,347 - INFO - *******successfully saved********
2024-06-04 16:07:34,348 - INFO - *******15_1_Mars_Miners********
2024-06-04 16:07:37,620 - INFO - *******successfully saved********
2024-06-04 16:07:37,620 - INFO - *******11_2_Mars_Miners********
2024-06-04 16:07:39,260 - INFO - *******successfully saved********
2024-06-04 16:07:39,260 - INFO - *******12_2_Mars_Miners********
2024-06-04 16:07:41,798 - INFO - *******successfully saved********
2024-06-04 16:07:41,798 - INFO - *******19_1_Mars_Miners********
2024-06-04 16:07:49,302 - INFO - *******successfully saved********
2024-06-04 16:07:49,302 - INFO - ***************American_Idol********************
2024-06-04 16:07:49,302 - INFO - *******15_2_American_Idol********
2024-06-04 16:07:56,225 - INFO - *******successfully saved********
2024-06-04 16:07:56,226 - INFO - *******17_2_American_Idol********
2024-06-04 16:08:04,769 - INFO - *******successfully saved********
2024-06-04 16:08:04,769 - INFO - *******16_2_American_Idol********
2024-06-04 16:08:12,072 - INFO - *******successfully saved********
2024-06-04 16:08:12,072 - INFO - *******19_2_American_Idol********
2024-06-04 16:08:18,460 - INFO - *******successfully saved********
2024-06-04 16:08:18,460 - INFO - *******12_1_American_Idol********
2024-06-04 16:08:30,436 - INFO - *******successfully saved********
2024-06-04 16:08:30,436 - INFO - *******11_1_American_Idol********
2024-06-04 16:08:43,340 - INFO - *******successfully saved********
2024-06-04 16:08:43,340 - INFO - ***************Metdonalds********************
2024-06-04 16:08:43,340 - INFO - *******84_2_Metdonalds********
2024-06-04 16:08:48,066 - INFO - *******successfully saved********
2024-06-04 16:08:48,066 - INFO - *******85_1_Metdonalds********
2024-06-04 16:08:50,649 - INFO - *******successfully saved********
2024-06-04 16:08:50,649 - INFO - *******83_2_Metdonalds********
2024-06-04 16:08:55,112 - INFO - *******successfully saved********
2024-06-04 16:08:55,112 - INFO - *******92_1_Metdonalds********
2024-06-04 16:08:58,235 - INFO - *******successfully saved********
2024-06-04 16:08:58,235 - INFO - *******89_1_Metdonalds********
2024-06-04 16:09:04,091 - INFO - *******successfully saved********
2024-06-04 16:09:04,091 - INFO - *******91_1_Metdonalds********
2024-06-04 16:09:12,832 - INFO - *******successfully saved********
2024-06-04 16:09:12,832 - INFO - ***************3D_Play_House********************
2024-06-04 16:09:12,832 - INFO - *******84_1_3D_Play_House********
2024-06-04 16:09:19,649 - INFO - *******successfully saved********
2024-06-04 16:09:19,649 - INFO - *******92_2_3D_Play_House********
2024-06-04 16:09:24,386 - INFO - *******successfully saved********
2024-06-04 16:09:24,386 - INFO - *******89_2_3D_Play_House********
2024-06-04 16:09:33,333 - INFO - *******successfully saved********
2024-06-04 16:09:33,334 - INFO - *******91_2_3D_Play_House********
2024-06-04 16:09:46,026 - INFO - *******successfully saved********
2024-06-04 16:09:46,026 - INFO - *******85_2_3D_Play_House********
2024-06-04 16:09:51,916 - INFO - *******successfully saved********
2024-06-04 16:09:51,916 - INFO - ***************Kawaii_Daycare********************
2024-06-04 16:09:51,916 - INFO - *******132_2_Kawaii_Daycare********
2024-06-04 16:09:58,148 - INFO - *******successfully saved********
2024-06-04 16:09:58,148 - INFO - *******133_2_Kawaii_Daycare********
2024-06-04 16:10:06,664 - INFO - *******successfully saved********
2024-06-04 16:10:06,664 - INFO - *******134_2_Kawaii_Daycare********
2024-06-04 16:10:09,554 - INFO - *******successfully saved********
2024-06-04 16:10:09,554 - INFO - *******127_2_Kawaii_Daycare********
2024-06-04 16:10:18,294 - INFO - *******successfully saved********
2024-06-04 16:10:18,294 - INFO - *******128_2_Kawaii_Daycare********
2024-06-04 16:10:20,481 - INFO - *******successfully saved********
2024-06-04 16:10:20,481 - INFO - *******125_2_Kawaii_Daycare********
2024-06-04 16:10:27,695 - INFO - *******successfully saved********
2024-06-04 16:10:27,695 - INFO - *******130_2_Kawaii_Daycare********
2024-06-04 16:10:31,579 - INFO - *******successfully saved********
2024-06-04 16:10:31,580 - INFO - *******126_2_Kawaii_Daycare********
2024-06-04 16:10:35,735 - INFO - *******successfully saved********
2024-06-04 16:10:35,735 - INFO - *******129_2_Kawaii_Daycare********
2024-06-04 16:10:38,994 - INFO - *******successfully saved********
2024-06-04 16:10:38,994 - INFO - ***************Giant_Paddle_Golf********************
2024-06-04 16:10:38,994 - INFO - *******134_1_Giant_Paddle_Golf********
2024-06-04 16:10:48,865 - INFO - *******successfully saved********
2024-06-04 16:10:48,865 - INFO - *******132_1_Giant_Paddle_Golf********
2024-06-04 16:10:52,317 - INFO - *******successfully saved********
2024-06-04 16:10:52,317 - INFO - *******133_1_Giant_Paddle_Golf********
2024-06-04 16:10:57,933 - INFO - *******successfully saved********
2024-06-04 16:10:57,933 - INFO - *******125_1_Giant_Paddle_Golf********
2024-06-04 16:11:01,103 - INFO - *******successfully saved********
2024-06-04 16:11:01,103 - INFO - *******130_1_Giant_Paddle_Golf********
2024-06-04 16:11:05,007 - INFO - *******successfully saved********
2024-06-04 16:11:05,007 - INFO - *******127_1_Giant_Paddle_Golf********
2024-06-04 16:11:10,177 - INFO - *******successfully saved********
2024-06-04 16:11:10,178 - INFO - *******126_1_Giant_Paddle_Golf********
2024-06-04 16:11:15,597 - INFO - *******successfully saved********
2024-06-04 16:11:15,597 - INFO - *******131_1_Giant_Paddle_Golf********
2024-06-04 16:11:18,997 - INFO - *******successfully saved********
2024-06-04 16:11:18,997 - INFO - *******129_1_Giant_Paddle_Golf********
2024-06-04 16:11:21,682 - INFO - *******successfully saved********
2024-06-04 16:11:21,682 - INFO - ***************City_Parkour********************
2024-06-04 16:11:21,682 - INFO - *******146_1_City_Parkour********
2024-06-04 16:11:28,690 - INFO - *******successfully saved********
2024-06-04 16:11:28,690 - INFO - *******150_2_City_Parkour********
2024-06-04 16:11:35,722 - INFO - *******successfully saved********
2024-06-04 16:11:35,722 - INFO - *******148_1_City_Parkour********
2024-06-04 16:11:40,521 - INFO - *******successfully saved********
2024-06-04 16:11:40,521 - INFO - *******153_2_City_Parkour********
2024-06-04 16:11:42,101 - INFO - *******successfully saved********
2024-06-04 16:11:42,101 - INFO - *******147_2_City_Parkour********
2024-06-04 16:11:43,084 - INFO - *******successfully saved********
2024-06-04 16:11:43,084 - INFO - *******149_1_City_Parkour********
2024-06-04 16:11:45,309 - INFO - *******successfully saved********
2024-06-04 16:11:45,309 - INFO - *******155_1_City_Parkour********
2024-06-04 16:11:50,896 - INFO - *******successfully saved********
2024-06-04 16:11:50,896 - INFO - *******154_2_City_Parkour********
2024-06-04 16:11:53,395 - INFO - *******successfully saved********
2024-06-04 16:11:53,395 - INFO - *******152_2_City_Parkour********
2024-06-04 16:11:59,570 - INFO - *******successfully saved********
2024-06-04 16:11:59,570 - INFO - ***************Slash_RPG********************
2024-06-04 16:11:59,570 - INFO - *******104_2_Slash_RPG********
2024-06-04 16:12:12,394 - INFO - *******successfully saved********
2024-06-04 16:12:12,394 - INFO - *******107_2_Slash_RPG********
2024-06-04 16:12:21,372 - INFO - *******successfully saved********
2024-06-04 16:12:21,372 - INFO - *******111_2_Slash_RPG********
2024-06-04 16:12:28,809 - INFO - *******successfully saved********
2024-06-04 16:12:28,810 - INFO - *******106_2_Slash_RPG********
2024-06-04 16:12:33,881 - INFO - *******successfully saved********
2024-06-04 16:12:33,882 - INFO - *******113_2_Slash_RPG********
2024-06-04 16:12:41,199 - INFO - *******successfully saved********
2024-06-04 16:12:41,200 - INFO - *******109_2_Slash_RPG********
2024-06-04 16:12:46,649 - INFO - *******successfully saved********
2024-06-04 16:12:46,649 - INFO - *******108_1_Slash_RPG********
2024-06-04 16:12:56,621 - INFO - *******successfully saved********
2024-06-04 16:12:56,621 - INFO - *******112_2_Slash_RPG********
2024-06-04 16:13:01,405 - INFO - *******successfully saved********
2024-06-04 16:13:01,405 - INFO - *******110_2_Slash_RPG********
2024-06-04 16:13:08,337 - INFO - *******successfully saved********
2024-06-04 16:13:08,337 - INFO - *******105_2_Slash_RPG********
2024-06-04 16:13:13,250 - INFO - *******successfully saved********
2024-06-04 16:13:13,250 - INFO - *******114_2_Slash_RPG********
2024-06-04 16:13:20,551 - INFO - *******successfully saved********
2024-06-04 16:13:20,551 - INFO - ***************Pirate_Life********************
2024-06-04 16:13:20,551 - INFO - *******109_1_Pirate_Life********
2024-06-04 16:13:28,745 - INFO - *******successfully saved********
2024-06-04 16:13:28,745 - INFO - *******106_1_Pirate_Life********
2024-06-04 16:13:32,505 - INFO - *******successfully saved********
2024-06-04 16:13:32,505 - INFO - *******114_1_Pirate_Life********
2024-06-04 16:13:38,155 - INFO - *******successfully saved********
2024-06-04 16:13:38,155 - INFO - *******107_1_Pirate_Life********
2024-06-04 16:13:44,657 - INFO - *******successfully saved********
2024-06-04 16:13:44,657 - INFO - *******111_1_Pirate_Life********
2024-06-04 16:13:51,404 - INFO - *******successfully saved********
2024-06-04 16:13:51,404 - INFO - *******110_1_Pirate_Life********
2024-06-04 16:14:01,678 - INFO - *******successfully saved********
2024-06-04 16:14:01,678 - INFO - *******104_1_Pirate_Life********
2024-06-04 16:14:08,386 - INFO - *******successfully saved********
2024-06-04 16:14:08,387 - INFO - *******105_1_Pirate_Life********
2024-06-04 16:14:13,481 - INFO - *******successfully saved********
2024-06-04 16:14:13,481 - INFO - *******108_2_Pirate_Life********
2024-06-04 16:14:22,245 - INFO - *******successfully saved********
2024-06-04 16:14:22,245 - INFO - *******112_1_Pirate_Life********
2024-06-04 16:14:27,132 - INFO - *******successfully saved********
2024-06-04 16:14:27,133 - INFO - ***************Zombie********************
2024-06-04 16:14:27,133 - INFO - *******115_1_Zombie********
2024-06-04 16:14:31,610 - INFO - *******successfully saved********
2024-06-04 16:14:31,611 - INFO - *******118_2_Zombie********
2024-06-04 16:14:34,653 - INFO - *******successfully saved********
2024-06-04 16:14:34,653 - INFO - *******119_1_Zombie********
2024-06-04 16:14:39,456 - INFO - *******successfully saved********
2024-06-04 16:14:39,457 - INFO - *******124_1_Zombie********
2024-06-04 16:14:43,342 - INFO - *******successfully saved********
2024-06-04 16:14:43,342 - INFO - *******121_2_Zombie********
2024-06-04 16:14:47,823 - INFO - *******successfully saved********
2024-06-04 16:14:47,823 - INFO - *******116_2_Zombie********
2024-06-04 16:14:53,526 - INFO - *******successfully saved********
2024-06-04 16:14:53,526 - INFO - *******117_1_Zombie********
2024-06-04 16:14:56,323 - INFO - *******successfully saved********
2024-06-04 16:14:56,323 - INFO - *******123_1_Zombie********
2024-06-04 16:14:59,754 - INFO - *******successfully saved********
2024-06-04 16:14:59,755 - INFO - *******120_1_Zombie********
2024-06-04 16:15:03,793 - INFO - *******successfully saved********
2024-06-04 16:15:03,793 - INFO - ***************VR_Classroom********************
2024-06-04 16:15:03,794 - INFO - *******101_2_VR_Classroom********
2024-06-04 16:15:11,076 - INFO - *******successfully saved********
2024-06-04 16:15:11,076 - INFO - *******98_2_VR_Classroom********
2024-06-04 16:15:17,414 - INFO - *******successfully saved********
2024-06-04 16:15:17,414 - INFO - *******95_2_VR_Classroom********
2024-06-04 16:15:25,626 - INFO - *******successfully saved********
2024-06-04 16:15:25,626 - INFO - *******99_2_VR_Classroom********
2024-06-04 16:15:33,917 - INFO - *******successfully saved********
2024-06-04 16:15:33,917 - INFO - *******93_2_VR_Classroom********
2024-06-04 16:15:40,153 - INFO - *******successfully saved********
2024-06-04 16:15:40,153 - INFO - *******97_2_VR_Classroom********
2024-06-04 16:15:48,692 - INFO - *******successfully saved********
2024-06-04 16:15:48,692 - INFO - ***************Horizon_Boxing********************
2024-06-04 16:15:48,692 - INFO - *******116_1_Horizon_Boxing********
2024-06-04 16:15:53,782 - INFO - *******successfully saved********
2024-06-04 16:15:53,783 - INFO - *******115_2_Horizon_Boxing********
2024-06-04 16:16:01,332 - INFO - *******successfully saved********
2024-06-04 16:16:01,332 - INFO - *******118_1_Horizon_Boxing********
2024-06-04 16:16:09,048 - INFO - *******successfully saved********
2024-06-04 16:16:09,048 - INFO - *******121_1_Horizon_Boxing********
2024-06-04 16:16:13,519 - INFO - *******successfully saved********
2024-06-04 16:16:13,519 - INFO - *******124_2_Horizon_Boxing********
2024-06-04 16:16:19,584 - INFO - *******successfully saved********
2024-06-04 16:16:19,584 - INFO - *******120_2_Horizon_Boxing********
2024-06-04 16:16:27,538 - INFO - *******successfully saved********
2024-06-04 16:16:27,538 - INFO - *******119_2_Horizon_Boxing********
2024-06-04 16:16:35,592 - INFO - *******successfully saved********
2024-06-04 16:16:35,592 - INFO - *******122_2_Horizon_Boxing********
2024-06-04 16:16:44,022 - INFO - *******successfully saved********
2024-06-04 16:16:44,022 - INFO - *******117_2_Horizon_Boxing********
2024-06-04 16:16:47,180 - INFO - *******successfully saved********
2024-06-04 16:16:47,180 - INFO - *******123_2_Horizon_Boxing********
2024-06-04 16:16:53,798 - INFO - *******successfully saved********
2024-06-04 16:16:53,798 - INFO - ***************Titanic_Simulation********************
2024-06-04 16:16:53,798 - INFO - *******101_1_Titanic_Simulation********
2024-06-04 16:16:58,172 - INFO - *******successfully saved********
2024-06-04 16:16:58,173 - INFO - *******93_1_Titanic_Simulation********
2024-06-04 16:17:05,341 - INFO - *******successfully saved********
2024-06-04 16:17:05,341 - INFO - *******97_1_Titanic_Simulation********
2024-06-04 16:17:10,305 - INFO - *******successfully saved********
2024-06-04 16:17:10,305 - INFO - *******98_1_Titanic_Simulation********
2024-06-04 16:17:16,707 - INFO - *******successfully saved********
2024-06-04 16:17:16,708 - INFO - *******95_1_Titanic_Simulation********
2024-06-04 16:17:23,250 - INFO - *******successfully saved********
2024-06-04 16:17:23,250 - INFO - *******99_1_Titanic_Simulation********
2024-06-04 16:17:28,865 - INFO - *******successfully saved********
2024-06-04 16:17:28,865 - INFO - ***************Out_Of_Control********************
2024-06-04 16:17:28,866 - INFO - *******173_2_Out_Of_Control********
2024-06-04 16:17:34,926 - INFO - *******successfully saved********
2024-06-04 16:17:34,926 - INFO - *******174_2_Out_Of_Control********
2024-06-04 16:17:38,718 - INFO - *******successfully saved********
2024-06-04 16:17:38,718 - INFO - *******172_2_Out_Of_Control********
2024-06-04 16:17:42,217 - INFO - *******successfully saved********
2024-06-04 16:17:42,217 - INFO - *******169_2_Out_Of_Control********
2024-06-04 16:17:44,384 - INFO - *******successfully saved********
2024-06-04 16:17:44,384 - INFO - *******167_2_Out_Of_Control********
2024-06-04 16:17:49,434 - INFO - *******successfully saved********
2024-06-04 16:17:49,434 - INFO - *******170_2_Out_Of_Control********
2024-06-04 16:17:57,056 - INFO - *******successfully saved********
2024-06-04 16:17:57,056 - INFO - *******166_2_Out_Of_Control********
2024-06-04 16:17:59,700 - INFO - *******successfully saved********
2024-06-04 16:17:59,700 - INFO - *******168_2_Out_Of_Control********
2024-06-04 16:18:05,786 - INFO - *******successfully saved********
2024-06-04 16:18:05,786 - INFO - ***************Geometry_Gunners********************
2024-06-04 16:18:05,786 - INFO - *******162_2_Geometry_Gunners********
2024-06-04 16:18:07,431 - INFO - *******successfully saved********
2024-06-04 16:18:07,431 - INFO - *******163_2_Geometry_Gunners********
2024-06-04 16:18:07,907 - INFO - *******successfully saved********
2024-06-04 16:18:07,907 - INFO - *******164_2_Geometry_Gunners********
2024-06-04 16:18:09,219 - INFO - *******successfully saved********
2024-06-04 16:18:09,219 - INFO - *******165_2_Geometry_Gunners********
2024-06-04 16:18:10,643 - INFO - *******successfully saved********
2024-06-04 16:18:10,643 - INFO - *******158_1_Geometry_Gunners********
2024-06-04 16:18:12,240 - INFO - *******successfully saved********
2024-06-04 16:18:12,240 - INFO - *******160_1_Geometry_Gunners********
2024-06-04 16:18:13,947 - INFO - *******successfully saved********
2024-06-04 16:18:13,947 - INFO - *******157_2_Geometry_Gunners********
2024-06-04 16:18:15,711 - INFO - *******successfully saved********
2024-06-04 16:18:15,711 - INFO - *******156_2_Geometry_Gunners********
2024-06-04 16:18:17,534 - INFO - *******successfully saved********
2024-06-04 16:18:17,534 - INFO - *******159_1_Geometry_Gunners********
2024-06-04 16:18:19,727 - INFO - *******successfully saved********
2024-06-04 16:18:19,728 - INFO - *******161_2_Geometry_Gunners********
2024-06-04 16:18:21,339 - INFO - *******successfully saved********
2024-06-04 16:18:21,339 - INFO - ***************Barnyard********************
2024-06-04 16:18:21,339 - INFO - *******165_1_Barnyard********
2024-06-04 16:18:24,059 - INFO - *******successfully saved********
2024-06-04 16:18:24,059 - INFO - *******164_1_Barnyard********
2024-06-04 16:18:27,996 - INFO - *******successfully saved********
2024-06-04 16:18:27,996 - INFO - *******163_1_Barnyard********
2024-06-04 16:18:31,108 - INFO - *******successfully saved********
2024-06-04 16:18:31,108 - INFO - *******159_2_Barnyard********
2024-06-04 16:18:35,731 - INFO - *******successfully saved********
2024-06-04 16:18:35,731 - INFO - *******162_1_Barnyard********
2024-06-04 16:18:40,180 - INFO - *******successfully saved********
2024-06-04 16:18:40,180 - INFO - *******158_2_Barnyard********
2024-06-04 16:18:43,886 - INFO - *******successfully saved********
2024-06-04 16:18:43,886 - INFO - *******157_1_Barnyard********
2024-06-04 16:18:50,057 - INFO - *******successfully saved********
2024-06-04 16:18:50,057 - INFO - *******160_2_Barnyard********
2024-06-04 16:18:52,808 - INFO - *******successfully saved********
2024-06-04 16:18:52,808 - INFO - *******161_1_Barnyard********
2024-06-04 16:18:54,911 - INFO - *******successfully saved********
2024-06-04 16:18:54,911 - INFO - *******156_1_Barnyard********
2024-06-04 16:18:58,677 - INFO - *******successfully saved********
2024-06-04 16:18:58,677 - INFO - ***************Canyon_Runners********************
2024-06-04 16:18:58,677 - INFO - *******174_1_Canyon_Runners********
2024-06-04 16:19:03,514 - INFO - *******successfully saved********
2024-06-04 16:19:03,514 - INFO - *******173_1_Canyon_Runners********
2024-06-04 16:19:06,298 - INFO - *******successfully saved********
2024-06-04 16:19:06,298 - INFO - *******169_1_Canyon_Runners********
2024-06-04 16:19:10,395 - INFO - *******successfully saved********
2024-06-04 16:19:10,395 - INFO - *******166_1_Canyon_Runners********
2024-06-04 16:19:14,900 - INFO - *******successfully saved********
2024-06-04 16:19:14,900 - INFO - *******170_1_Canyon_Runners********
2024-06-04 16:19:20,551 - INFO - *******successfully saved********
2024-06-04 16:19:20,551 - INFO - *******167_1_Canyon_Runners********
2024-06-04 16:19:26,524 - INFO - *******successfully saved********
2024-06-04 16:19:26,524 - INFO - *******171_1_Canyon_Runners********
2024-06-04 16:19:32,697 - INFO - *******successfully saved********
2024-06-04 16:19:32,697 - INFO - *******168_1_Canyon_Runners********
2024-06-04 16:19:38,281 - INFO - *******successfully saved********
2024-06-04 16:19:38,281 - INFO - *******172_1_Canyon_Runners********
2024-06-04 16:19:41,856 - INFO - *******successfully saved********
2024-06-04 16:19:41,856 - INFO - ***************Creature_Feature********************
2024-06-04 16:19:41,856 - INFO - *******150_1_Creature_Feature********
2024-06-04 16:19:44,470 - INFO - *******successfully saved********
2024-06-04 16:19:44,470 - INFO - *******146_2_Creature_Feature********
2024-06-04 16:19:47,958 - INFO - *******successfully saved********
2024-06-04 16:19:47,958 - INFO - *******152_1_Creature_Feature********
2024-06-04 16:19:51,234 - INFO - *******successfully saved********
2024-06-04 16:19:51,235 - INFO - *******153_1_Creature_Feature********
2024-06-04 16:19:54,863 - INFO - *******successfully saved********
2024-06-04 16:19:54,863 - INFO - *******154_1_Creature_Feature********
2024-06-04 16:19:58,340 - INFO - *******successfully saved********
2024-06-04 16:19:58,340 - INFO - *******155_2_Creature_Feature********
2024-06-04 16:20:02,137 - INFO - *******successfully saved********
2024-06-04 16:20:02,137 - INFO - *******151_1_Creature_Feature********
2024-06-04 16:20:04,292 - INFO - *******successfully saved********
2024-06-04 16:20:04,292 - INFO - *******147_1_Creature_Feature********
2024-06-04 16:20:09,479 - INFO - *******successfully saved********
2024-06-11 20:54:52,702 - INFO - --------------------------------aggregation starting----------------------------------------------------------------------------------
2024-06-11 20:54:52,702 - INFO - ***************Earth_Gym********************
2024-06-11 20:54:52,702 - INFO - *******5_2_Earth_Gym********
2024-06-11 20:54:55,853 - INFO - *******failed********
2024-06-11 20:54:55,853 - INFO - *******10_2_Earth_Gym********
2024-06-11 20:54:57,317 - INFO - *******failed********
2024-06-11 20:59:28,710 - INFO - --------------------------------aggregation starting----------------------------------------------------------------------------------
2024-06-11 20:59:28,710 - INFO - ***************Earth_Gym********************
2024-06-11 20:59:28,710 - INFO - *******5_2_Earth_Gym********
2024-06-11 20:59:31,972 - INFO - *******failed********
2024-06-11 20:59:31,972 - INFO - *******10_2_Earth_Gym********
2024-06-11 20:59:33,676 - INFO - *******failed********
