2024-06-12 14:34:32,256 - INFO - --------------------------------aggregation starting----------------------------------------------------------------------------------
2024-06-12 14:34:32,256 - INFO - ***************Earth_Gym********************
2024-06-12 14:34:32,256 - INFO - *******5_2_Earth_Gym********
2024-06-12 14:34:37,573 - INFO - *******successfully saved********
2024-06-12 14:34:37,573 - INFO - *******10_2_Earth_Gym********
2024-06-12 14:34:40,417 - INFO - *******successfully saved********
2024-06-12 14:34:40,417 - INFO - *******8_2_Earth_Gym********
2024-06-12 14:34:45,192 - INFO - *******successfully saved********
2024-06-12 14:34:45,192 - INFO - *******7_1_Earth_Gym********
2024-06-12 14:34:48,552 - INFO - *******successfully saved********
2024-06-12 14:34:48,552 - INFO - *******9_1_Earth_Gym********
2024-06-12 14:34:53,751 - INFO - *******successfully saved********
2024-06-12 14:34:53,751 - INFO - ***************Wild_Quest********************
2024-06-12 14:34:53,751 - INFO - *******6_1_Wild_Quest********
2024-06-12 14:34:56,229 - INFO - *******successfully saved********
2024-06-12 14:34:56,229 - INFO - *******5_1_Wild_Quest********
2024-06-12 14:35:01,484 - INFO - *******successfully saved********
2024-06-12 14:35:01,484 - INFO - *******8_1_Wild_Quest********
2024-06-12 14:35:10,987 - INFO - *******successfully saved********
2024-06-12 14:35:10,987 - INFO - *******10_1_Wild_Quest********
2024-06-12 14:35:15,454 - INFO - *******successfully saved********
2024-06-12 14:35:15,454 - INFO - *******7_2_Wild_Quest********
2024-06-12 14:35:25,810 - INFO - *******successfully saved********
2024-06-12 14:35:25,810 - INFO - *******9_2_Wild_Quest********
2024-06-12 14:35:32,085 - INFO - *******successfully saved********
2024-06-12 14:35:32,085 - INFO - ***************Roommate********************
2024-06-12 14:35:32,085 - INFO - *******145_1_Roommate********
2024-06-12 14:35:39,140 - INFO - *******successfully saved********
2024-06-12 14:35:39,140 - INFO - *******142_1_Roommate********
2024-06-12 14:35:45,989 - INFO - *******successfully saved********
2024-06-12 14:35:45,989 - INFO - *******138_2_Roommate********
2024-06-12 14:35:52,718 - INFO - *******successfully saved********
2024-06-12 14:35:52,718 - INFO - *******144_2_Roommate********
2024-06-12 14:36:00,203 - INFO - *******successfully saved********
2024-06-12 14:36:00,203 - INFO - *******139_2_Roommate********
2024-06-12 14:36:06,323 - INFO - *******successfully saved********
2024-06-12 14:36:06,323 - INFO - *******136_2_Roommate********
2024-06-12 14:36:11,556 - INFO - *******successfully saved********
2024-06-12 14:36:11,557 - INFO - *******137_2_Roommate********
2024-06-12 14:36:15,699 - INFO - *******successfully saved********
2024-06-12 14:36:15,699 - INFO - *******140_2_Roommate********
2024-06-12 14:36:22,544 - INFO - *******successfully saved********
2024-06-12 14:36:22,544 - INFO - *******141_1_Roommate********
2024-06-12 14:36:28,987 - INFO - *******successfully saved********
2024-06-12 14:36:28,987 - INFO - *******143_2_Roommate********
2024-06-12 14:36:30,881 - INFO - *******successfully saved********
2024-06-12 14:36:30,881 - INFO - ***************Waffle_Restaurant********************
2024-06-12 14:36:30,881 - INFO - *******140_1_Waffle_Restaurant********
2024-06-12 14:36:33,318 - INFO - *******successfully saved********
2024-06-12 14:36:33,318 - INFO - *******135_1_Waffle_Restaurant********
2024-06-12 14:36:36,992 - INFO - *******successfully saved********
2024-06-12 14:36:36,992 - INFO - *******144_1_Waffle_Restaurant********
2024-06-12 14:36:41,222 - INFO - *******successfully saved********
2024-06-12 14:36:41,222 - INFO - *******143_1_Waffle_Restaurant********
2024-06-12 14:36:45,487 - INFO - *******successfully saved********
2024-06-12 14:36:45,487 - INFO - *******136_1_Waffle_Restaurant********
2024-06-12 14:36:50,157 - INFO - *******successfully saved********
2024-06-12 14:36:50,157 - INFO - *******145_2_Waffle_Restaurant********
2024-06-12 14:36:54,400 - INFO - *******successfully saved********
2024-06-12 14:36:54,400 - INFO - *******142_2_Waffle_Restaurant********
2024-06-12 14:37:00,482 - INFO - *******successfully saved********
2024-06-12 14:37:00,482 - INFO - *******137_1_Waffle_Restaurant********
2024-06-12 14:37:06,196 - INFO - *******successfully saved********
2024-06-12 14:37:06,196 - INFO - *******139_1_Waffle_Restaurant********
2024-06-12 14:37:11,824 - INFO - *******successfully saved********
2024-06-12 14:37:11,824 - INFO - *******138_1_Waffle_Restaurant********
2024-06-12 14:37:21,593 - INFO - *******successfully saved********
2024-06-12 14:37:21,593 - INFO - *******141_2_Waffle_Restaurant********
2024-06-12 14:37:27,172 - INFO - *******successfully saved********
2024-06-12 14:37:27,172 - INFO - ***************UFO_crash_site_venue********************
2024-06-12 14:37:27,172 - INFO - *******60_2_UFO_crash_site_venue********
2024-06-12 14:37:35,050 - INFO - *******successfully saved********
2024-06-12 14:37:35,050 - INFO - *******58_2_UFO_crash_site_venue********
2024-06-12 14:37:35,300 - INFO - *******failed********
2024-06-12 14:37:35,300 - INFO - *******55_2_UFO_crash_site_venue********
2024-06-12 14:37:35,545 - INFO - *******failed********
2024-06-12 14:37:35,545 - INFO - *******56_2_UFO_crash_site_venue********
2024-06-12 14:37:44,803 - INFO - *******successfully saved********
2024-06-12 14:37:44,803 - INFO - *******54_1_UFO_crash_site_venue********
2024-06-12 14:37:51,415 - INFO - *******successfully saved********
2024-06-12 14:37:51,415 - INFO - ***************The_aquarium********************
2024-06-12 14:37:51,415 - INFO - *******61_1_The_aquarium********
2024-06-12 14:37:52,907 - INFO - *******successfully saved********
2024-06-12 14:37:52,907 - INFO - *******56_1_The_aquarium********
2024-06-12 14:37:55,066 - INFO - *******successfully saved********
2024-06-12 14:37:55,066 - INFO - *******55_1_The_aquarium********
2024-06-12 14:37:55,205 - INFO - *******failed********
2024-06-12 14:37:55,205 - INFO - *******60_1_The_aquarium********
2024-06-12 14:37:57,279 - INFO - *******successfully saved********
2024-06-12 14:37:57,279 - INFO - *******53_2_The_aquarium********
2024-06-12 14:37:58,866 - INFO - *******successfully saved********
2024-06-12 14:37:58,867 - INFO - *******54_2_The_aquarium********
2024-06-12 14:38:00,687 - INFO - *******successfully saved********
2024-06-12 14:38:00,687 - INFO - ***************Kowloon********************
2024-06-12 14:38:00,687 - INFO - *******66_2_Kowloon********
2024-06-12 14:38:00,820 - INFO - *******failed********
2024-06-12 14:38:00,820 - INFO - *******63_1_Kowloon********
2024-06-12 14:38:01,397 - INFO - *******failed********
2024-06-12 14:38:01,398 - INFO - *******65_1_Kowloon********
2024-06-12 14:38:08,726 - INFO - *******successfully saved********
2024-06-12 14:38:08,726 - INFO - *******68_1_Kowloon********
2024-06-12 14:38:16,416 - INFO - *******successfully saved********
2024-06-12 14:38:16,416 - INFO - *******71_2_Kowloon********
2024-06-12 14:38:16,657 - INFO - *******failed********
2024-06-12 14:38:16,657 - INFO - *******72_2_Kowloon********
2024-06-12 14:38:25,332 - INFO - *******successfully saved********
2024-06-12 14:38:25,332 - INFO - *******70_2_Kowloon********
2024-06-12 14:38:30,729 - INFO - *******successfully saved********
2024-06-12 14:38:30,729 - INFO - ***************Wake_the_Robot********************
2024-06-12 14:38:30,729 - INFO - *******70_1_Wake_the_Robot********
2024-06-12 14:38:35,448 - INFO - *******successfully saved********
2024-06-12 14:38:35,448 - INFO - *******66_1_Wake_the_Robot********
2024-06-12 14:38:35,591 - INFO - *******failed********
2024-06-12 14:38:35,591 - INFO - *******68_2_Wake_the_Robot********
2024-06-12 14:38:43,824 - INFO - *******successfully saved********
2024-06-12 14:38:43,824 - INFO - *******63_2_Wake_the_Robot********
2024-06-12 14:38:44,026 - INFO - *******failed********
2024-06-12 14:38:44,026 - INFO - *******65_2_Wake_the_Robot********
2024-06-12 14:38:50,736 - INFO - *******successfully saved********
2024-06-12 14:38:50,736 - INFO - *******67_1_Wake_the_Robot********
2024-06-12 14:38:50,842 - INFO - *******failed********
2024-06-12 14:38:50,842 - INFO - *******71_1_Wake_the_Robot********
2024-06-12 14:38:50,900 - INFO - *******failed********
2024-06-12 14:38:50,900 - INFO - *******72_1_Wake_the_Robot********
2024-06-12 14:38:57,357 - INFO - *******successfully saved********
2024-06-12 14:38:57,357 - INFO - ***************Scifi_Sandbox********************
2024-06-12 14:38:57,357 - INFO - *******46_1_Scifi_Sandbox********
2024-06-12 14:39:03,562 - INFO - *******successfully saved********
2024-06-12 14:39:03,562 - INFO - *******51_1_Scifi_Sandbox********
2024-06-12 14:39:11,582 - INFO - *******successfully saved********
2024-06-12 14:39:11,583 - INFO - *******50_1_Scifi_Sandbox********
2024-06-12 14:39:17,648 - INFO - *******successfully saved********
2024-06-12 14:39:17,648 - INFO - *******52_2_Scifi_Sandbox********
2024-06-12 14:39:17,933 - INFO - *******failed********
2024-06-12 14:39:17,933 - INFO - *******48_1_Scifi_Sandbox********
2024-06-12 14:39:17,992 - INFO - *******failed********
2024-06-12 14:39:17,993 - INFO - *******44_2_Scifi_Sandbox********
2024-06-12 14:39:26,552 - INFO - *******successfully saved********
2024-06-12 14:39:26,552 - INFO - ***************Citadel********************
2024-06-12 14:39:26,552 - INFO - *******32_1_Citadel********
2024-06-12 14:39:34,008 - INFO - *******successfully saved********
2024-06-12 14:39:34,008 - INFO - *******41_2_Citadel********
2024-06-12 14:39:42,901 - INFO - *******successfully saved********
2024-06-12 14:39:42,901 - INFO - *******37_1_Citadel********
2024-06-12 14:39:55,408 - INFO - *******successfully saved********
2024-06-12 14:39:55,408 - INFO - *******38_2_Citadel********
2024-06-12 14:40:04,319 - INFO - *******successfully saved********
2024-06-12 14:40:04,320 - INFO - ***************Super_Rumble********************
2024-06-12 14:40:04,320 - INFO - *******41_1_Super_Rumble********
2024-06-12 14:40:12,164 - INFO - *******successfully saved********
2024-06-12 14:40:12,164 - INFO - *******37_2_Super_Rumble********
2024-06-12 14:40:19,418 - INFO - *******successfully saved********
2024-06-12 14:40:19,418 - INFO - *******33_2_Super_Rumble********
2024-06-12 14:40:34,386 - INFO - *******successfully saved********
2024-06-12 14:40:34,386 - INFO - *******32_2_Super_Rumble********
2024-06-12 14:40:40,710 - INFO - *******successfully saved********
2024-06-12 14:40:40,710 - INFO - *******35_1_Super_Rumble********
2024-06-12 14:40:43,128 - INFO - *******successfully saved********
2024-06-12 14:40:43,128 - INFO - ***************Arena_Clash********************
2024-06-12 14:40:43,128 - INFO - *******52_1_Arena_Clash********
2024-06-12 14:40:43,495 - INFO - *******failed********
2024-06-12 14:40:43,495 - INFO - *******50_2_Arena_Clash********
2024-06-12 14:40:52,910 - INFO - *******successfully saved********
2024-06-12 14:40:52,910 - INFO - *******46_2_Arena_Clash********
2024-06-12 14:41:04,949 - INFO - *******successfully saved********
2024-06-12 14:41:04,949 - INFO - *******51_2_Arena_Clash********
2024-06-12 14:41:16,348 - INFO - *******successfully saved********
2024-06-12 14:41:16,349 - INFO - *******44_1_Arena_Clash********
2024-06-12 14:41:19,812 - INFO - *******successfully saved********
2024-06-12 14:41:19,812 - INFO - ***************Venues********************
2024-06-12 14:41:19,812 - INFO - *******75_2_Venues********
2024-06-12 14:41:27,822 - INFO - *******successfully saved********
2024-06-12 14:41:27,822 - INFO - *******82_2_Venues********
2024-06-12 14:41:33,173 - INFO - *******successfully saved********
2024-06-12 14:41:33,173 - INFO - *******77_2_Venues********
2024-06-12 14:41:38,935 - INFO - *******successfully saved********
2024-06-12 14:41:38,935 - INFO - *******74_2_Venues********
2024-06-12 14:41:44,294 - INFO - *******successfully saved********
2024-06-12 14:41:44,294 - INFO - *******79_2_Venues********
2024-06-12 14:41:47,020 - INFO - *******successfully saved********
2024-06-12 14:41:47,020 - INFO - ***************Superhero_Arena********************
2024-06-12 14:41:47,020 - INFO - *******79_1_Superhero_Arena********
2024-06-12 14:41:53,162 - INFO - *******successfully saved********
2024-06-12 14:41:53,162 - INFO - *******77_1_Superhero_Arena********
2024-06-12 14:41:53,790 - INFO - *******failed********
2024-06-12 14:41:53,790 - INFO - *******81_1_Superhero_Arena********
2024-06-12 14:41:57,976 - INFO - *******successfully saved********
2024-06-12 14:41:57,976 - INFO - ***************Army_Men********************
2024-06-12 14:41:57,976 - INFO - *******28_2_Army_Men********
2024-06-12 14:42:07,765 - INFO - *******successfully saved********
2024-06-12 14:42:07,765 - INFO - *******30_2_Army_Men********
2024-06-12 14:42:16,003 - INFO - *******successfully saved********
2024-06-12 14:42:16,003 - INFO - *******26_1_Army_Men********
2024-06-12 14:42:26,025 - INFO - *******successfully saved********
2024-06-12 14:42:26,025 - INFO - *******27_1_Army_Men********
2024-06-12 14:42:36,283 - INFO - *******successfully saved********
2024-06-12 14:42:36,283 - INFO - *******24_1_Army_Men********
2024-06-12 14:42:44,102 - INFO - *******successfully saved********
2024-06-12 14:42:44,102 - INFO - *******22_1_Army_Men********
2024-06-12 14:42:55,770 - INFO - *******successfully saved********
2024-06-12 14:42:55,770 - INFO - *******21_1_Army_Men********
2024-06-12 14:43:04,082 - INFO - *******successfully saved********
2024-06-12 14:43:04,082 - INFO - ***************Bobber_Bay_Fishing********************
2024-06-12 14:43:04,082 - INFO - *******30_1_Bobber_Bay_Fishing********
2024-06-12 14:43:11,367 - INFO - *******successfully saved********
2024-06-12 14:43:11,367 - INFO - *******27_2_Bobber_Bay_Fishing********
2024-06-12 14:43:14,770 - INFO - *******successfully saved********
2024-06-12 14:43:14,770 - INFO - *******29_2_Bobber_Bay_Fishing********
2024-06-12 14:43:18,317 - INFO - *******successfully saved********
2024-06-12 14:43:18,317 - INFO - *******26_2_Bobber_Bay_Fishing********
2024-06-12 14:43:23,794 - INFO - *******successfully saved********
2024-06-12 14:43:23,794 - INFO - *******24_2_Bobber_Bay_Fishing********
2024-06-12 14:43:28,242 - INFO - *******successfully saved********
2024-06-12 14:43:28,242 - INFO - *******21_2_Bobber_Bay_Fishing********
2024-06-12 14:43:37,374 - INFO - *******successfully saved********
2024-06-12 14:43:37,374 - INFO - *******22_2_Bobber_Bay_Fishing********
2024-06-12 14:43:46,583 - INFO - *******successfully saved********
2024-06-12 14:43:46,583 - INFO - ***************Mars_Miners********************
2024-06-12 14:43:46,583 - INFO - *******16_1_Mars_Miners********
2024-06-12 14:43:54,378 - INFO - *******successfully saved********
2024-06-12 14:43:54,378 - INFO - *******18_1_Mars_Miners********
2024-06-12 14:44:09,150 - INFO - *******successfully saved********
2024-06-12 14:44:09,150 - INFO - *******17_1_Mars_Miners********
2024-06-12 14:44:22,934 - INFO - *******successfully saved********
2024-06-12 14:44:22,934 - INFO - *******15_1_Mars_Miners********
2024-06-12 14:44:26,544 - INFO - *******successfully saved********
2024-06-12 14:44:26,544 - INFO - *******11_2_Mars_Miners********
2024-06-12 14:44:28,433 - INFO - *******successfully saved********
2024-06-12 14:44:28,433 - INFO - *******12_2_Mars_Miners********
2024-06-12 14:44:31,076 - INFO - *******successfully saved********
2024-06-12 14:44:31,076 - INFO - *******19_1_Mars_Miners********
2024-06-12 14:44:38,716 - INFO - *******successfully saved********
2024-06-12 14:44:38,716 - INFO - ***************American_Idol********************
2024-06-12 14:44:38,716 - INFO - *******15_2_American_Idol********
2024-06-12 14:44:45,842 - INFO - *******successfully saved********
2024-06-12 14:44:45,842 - INFO - *******17_2_American_Idol********
2024-06-12 14:44:54,968 - INFO - *******successfully saved********
2024-06-12 14:44:54,968 - INFO - *******16_2_American_Idol********
2024-06-12 14:45:02,702 - INFO - *******successfully saved********
2024-06-12 14:45:02,702 - INFO - *******19_2_American_Idol********
2024-06-12 14:45:09,275 - INFO - *******successfully saved********
2024-06-12 14:45:09,275 - INFO - *******12_1_American_Idol********
2024-06-12 14:45:21,838 - INFO - *******successfully saved********
2024-06-12 14:45:21,838 - INFO - *******11_1_American_Idol********
2024-06-12 14:45:35,043 - INFO - *******successfully saved********
2024-06-12 14:45:35,043 - INFO - ***************Metdonalds********************
2024-06-12 14:45:35,043 - INFO - *******84_2_Metdonalds********
2024-06-12 14:45:39,955 - INFO - *******successfully saved********
2024-06-12 14:45:39,955 - INFO - *******85_1_Metdonalds********
2024-06-12 14:45:42,740 - INFO - *******successfully saved********
2024-06-12 14:45:42,740 - INFO - *******83_2_Metdonalds********
2024-06-12 14:45:47,518 - INFO - *******successfully saved********
2024-06-12 14:45:47,518 - INFO - *******92_1_Metdonalds********
2024-06-12 14:45:50,960 - INFO - *******successfully saved********
2024-06-12 14:45:50,960 - INFO - *******89_1_Metdonalds********
2024-06-12 14:45:56,953 - INFO - *******successfully saved********
2024-06-12 14:45:56,953 - INFO - *******91_1_Metdonalds********
2024-06-12 14:46:06,204 - INFO - *******successfully saved********
2024-06-12 14:46:06,204 - INFO - ***************3D_Play_House********************
2024-06-12 14:46:06,204 - INFO - *******84_1_3D_Play_House********
2024-06-12 14:46:13,472 - INFO - *******successfully saved********
2024-06-12 14:46:13,472 - INFO - *******92_2_3D_Play_House********
2024-06-12 14:46:18,455 - INFO - *******successfully saved********
2024-06-12 14:46:18,455 - INFO - *******89_2_3D_Play_House********
2024-06-12 14:46:27,890 - INFO - *******successfully saved********
2024-06-12 14:46:27,890 - INFO - *******91_2_3D_Play_House********
2024-06-12 14:46:40,875 - INFO - *******successfully saved********
2024-06-12 14:46:40,875 - INFO - *******85_2_3D_Play_House********
2024-06-12 14:46:46,691 - INFO - *******successfully saved********
2024-06-12 14:46:46,691 - INFO - ***************Kawaii_Daycare********************
2024-06-12 14:46:46,691 - INFO - *******132_2_Kawaii_Daycare********
2024-06-12 14:46:53,209 - INFO - *******successfully saved********
2024-06-12 14:46:53,209 - INFO - *******133_2_Kawaii_Daycare********
2024-06-12 14:47:02,075 - INFO - *******successfully saved********
2024-06-12 14:47:02,076 - INFO - *******134_2_Kawaii_Daycare********
2024-06-12 14:47:05,430 - INFO - *******successfully saved********
2024-06-12 14:47:05,430 - INFO - *******127_2_Kawaii_Daycare********
2024-06-12 14:47:14,535 - INFO - *******successfully saved********
2024-06-12 14:47:14,535 - INFO - *******128_2_Kawaii_Daycare********
2024-06-12 14:47:16,957 - INFO - *******successfully saved********
2024-06-12 14:47:16,957 - INFO - *******125_2_Kawaii_Daycare********
2024-06-12 14:47:24,539 - INFO - *******successfully saved********
2024-06-12 14:47:24,539 - INFO - *******130_2_Kawaii_Daycare********
2024-06-12 14:47:29,698 - INFO - *******successfully saved********
2024-06-12 14:47:29,699 - INFO - *******126_2_Kawaii_Daycare********
2024-06-12 14:47:34,446 - INFO - *******successfully saved********
2024-06-12 14:47:34,446 - INFO - *******129_2_Kawaii_Daycare********
2024-06-12 14:47:37,965 - INFO - *******successfully saved********
2024-06-12 14:47:37,965 - INFO - ***************Giant_Paddle_Golf********************
2024-06-12 14:47:37,965 - INFO - *******134_1_Giant_Paddle_Golf********
2024-06-12 14:47:48,068 - INFO - *******successfully saved********
2024-06-12 14:47:48,068 - INFO - *******132_1_Giant_Paddle_Golf********
2024-06-12 14:47:51,688 - INFO - *******successfully saved********
2024-06-12 14:47:51,688 - INFO - *******133_1_Giant_Paddle_Golf********
2024-06-12 14:47:57,742 - INFO - *******successfully saved********
2024-06-12 14:47:57,742 - INFO - *******125_1_Giant_Paddle_Golf********
2024-06-12 14:48:01,334 - INFO - *******successfully saved********
2024-06-12 14:48:01,334 - INFO - *******130_1_Giant_Paddle_Golf********
2024-06-12 14:48:05,640 - INFO - *******successfully saved********
2024-06-12 14:48:05,640 - INFO - *******127_1_Giant_Paddle_Golf********
2024-06-12 14:48:11,174 - INFO - *******successfully saved********
2024-06-12 14:48:11,174 - INFO - *******126_1_Giant_Paddle_Golf********
2024-06-12 14:48:17,116 - INFO - *******successfully saved********
2024-06-12 14:48:17,117 - INFO - *******131_1_Giant_Paddle_Golf********
2024-06-12 14:48:20,755 - INFO - *******successfully saved********
2024-06-12 14:48:20,755 - INFO - *******129_1_Giant_Paddle_Golf********
2024-06-12 14:48:23,791 - INFO - *******successfully saved********
2024-06-12 14:48:23,792 - INFO - ***************City_Parkour********************
2024-06-12 14:48:23,792 - INFO - *******146_1_City_Parkour********
2024-06-12 14:48:30,675 - INFO - *******successfully saved********
2024-06-12 14:48:30,675 - INFO - *******150_2_City_Parkour********
2024-06-12 14:48:38,289 - INFO - *******successfully saved********
2024-06-12 14:48:38,289 - INFO - *******148_1_City_Parkour********
2024-06-12 14:48:43,465 - INFO - *******successfully saved********
2024-06-12 14:48:43,465 - INFO - *******153_2_City_Parkour********
2024-06-12 14:48:45,351 - INFO - *******successfully saved********
2024-06-12 14:48:45,351 - INFO - *******147_2_City_Parkour********
2024-06-12 14:48:46,364 - INFO - *******successfully saved********
2024-06-12 14:48:46,364 - INFO - *******149_1_City_Parkour********
2024-06-12 14:48:48,718 - INFO - *******successfully saved********
2024-06-12 14:48:48,718 - INFO - *******155_1_City_Parkour********
2024-06-12 14:48:54,478 - INFO - *******successfully saved********
2024-06-12 14:48:54,478 - INFO - *******154_2_City_Parkour********
2024-06-12 14:48:57,295 - INFO - *******successfully saved********
2024-06-12 14:48:57,295 - INFO - *******152_2_City_Parkour********
2024-06-12 14:49:03,841 - INFO - *******successfully saved********
2024-06-12 14:49:03,841 - INFO - ***************Slash_RPG********************
2024-06-12 14:49:03,841 - INFO - *******104_2_Slash_RPG********
2024-06-12 14:49:16,402 - INFO - *******successfully saved********
2024-06-12 14:49:16,403 - INFO - *******107_2_Slash_RPG********
2024-06-12 14:49:24,561 - INFO - *******successfully saved********
2024-06-12 14:49:24,561 - INFO - *******111_2_Slash_RPG********
2024-06-12 14:49:31,899 - INFO - *******successfully saved********
2024-06-12 14:49:31,899 - INFO - *******106_2_Slash_RPG********
2024-06-12 14:49:36,700 - INFO - *******successfully saved********
2024-06-12 14:49:36,700 - INFO - *******113_2_Slash_RPG********
2024-06-12 14:49:44,622 - INFO - *******successfully saved********
2024-06-12 14:49:44,622 - INFO - *******109_2_Slash_RPG********
2024-06-12 14:49:50,546 - INFO - *******successfully saved********
2024-06-12 14:49:50,546 - INFO - *******108_1_Slash_RPG********
2024-06-12 14:50:00,555 - INFO - *******successfully saved********
2024-06-12 14:50:00,555 - INFO - *******112_2_Slash_RPG********
2024-06-12 14:50:05,438 - INFO - *******successfully saved********
2024-06-12 14:50:05,438 - INFO - *******110_2_Slash_RPG********
2024-06-12 14:50:12,846 - INFO - *******successfully saved********
2024-06-12 14:50:12,846 - INFO - *******105_2_Slash_RPG********
2024-06-12 14:50:18,294 - INFO - *******successfully saved********
2024-06-12 14:50:18,294 - INFO - *******114_2_Slash_RPG********
2024-06-12 14:50:26,103 - INFO - *******successfully saved********
2024-06-12 14:50:26,104 - INFO - ***************Pirate_Life********************
2024-06-12 14:50:26,104 - INFO - *******109_1_Pirate_Life********
2024-06-12 14:50:34,872 - INFO - *******successfully saved********
2024-06-12 14:50:34,872 - INFO - *******106_1_Pirate_Life********
2024-06-12 14:50:39,014 - INFO - *******successfully saved********
2024-06-12 14:50:39,014 - INFO - *******114_1_Pirate_Life********
2024-06-12 14:50:45,107 - INFO - *******successfully saved********
2024-06-12 14:50:45,107 - INFO - *******107_1_Pirate_Life********
2024-06-12 14:50:52,098 - INFO - *******successfully saved********
2024-06-12 14:50:52,098 - INFO - *******111_1_Pirate_Life********
2024-06-12 14:50:59,507 - INFO - *******successfully saved********
2024-06-12 14:50:59,507 - INFO - *******110_1_Pirate_Life********
2024-06-12 14:51:10,069 - INFO - *******successfully saved********
2024-06-12 14:51:10,069 - INFO - *******104_1_Pirate_Life********
2024-06-12 14:51:16,944 - INFO - *******successfully saved********
2024-06-12 14:51:16,944 - INFO - *******105_1_Pirate_Life********
2024-06-12 14:51:22,176 - INFO - *******successfully saved********
2024-06-12 14:51:22,176 - INFO - *******108_2_Pirate_Life********
2024-06-12 14:51:31,464 - INFO - *******successfully saved********
2024-06-12 14:51:31,464 - INFO - *******112_1_Pirate_Life********
2024-06-12 14:51:36,567 - INFO - *******successfully saved********
2024-06-12 14:51:36,568 - INFO - ***************Zombie********************
2024-06-12 14:51:36,568 - INFO - *******115_1_Zombie********
2024-06-12 14:51:41,346 - INFO - *******successfully saved********
2024-06-12 14:51:41,346 - INFO - *******118_2_Zombie********
2024-06-12 14:51:44,665 - INFO - *******successfully saved********
2024-06-12 14:51:44,665 - INFO - *******119_1_Zombie********
2024-06-12 14:51:49,777 - INFO - *******successfully saved********
2024-06-12 14:51:49,777 - INFO - *******124_1_Zombie********
2024-06-12 14:51:54,058 - INFO - *******successfully saved********
2024-06-12 14:51:54,058 - INFO - *******121_2_Zombie********
2024-06-12 14:51:58,797 - INFO - *******successfully saved********
2024-06-12 14:51:58,797 - INFO - *******116_2_Zombie********
2024-06-12 14:52:05,030 - INFO - *******successfully saved********
2024-06-12 14:52:05,030 - INFO - *******117_1_Zombie********
2024-06-12 14:52:08,139 - INFO - *******successfully saved********
2024-06-12 14:52:08,139 - INFO - *******123_1_Zombie********
2024-06-12 14:52:11,925 - INFO - *******successfully saved********
2024-06-12 14:52:11,925 - INFO - *******120_1_Zombie********
2024-06-12 14:52:16,230 - INFO - *******successfully saved********
2024-06-12 14:52:16,230 - INFO - ***************VR_Classroom********************
2024-06-12 14:52:16,230 - INFO - *******101_2_VR_Classroom********
2024-06-12 14:52:24,101 - INFO - *******successfully saved********
2024-06-12 14:52:24,101 - INFO - *******98_2_VR_Classroom********
2024-06-12 14:52:30,752 - INFO - *******successfully saved********
2024-06-12 14:52:30,752 - INFO - *******95_2_VR_Classroom********
2024-06-12 14:52:39,214 - INFO - *******successfully saved********
2024-06-12 14:52:39,214 - INFO - *******99_2_VR_Classroom********
2024-06-12 14:52:48,146 - INFO - *******successfully saved********
2024-06-12 14:52:48,146 - INFO - *******93_2_VR_Classroom********
2024-06-12 14:52:55,021 - INFO - *******successfully saved********
2024-06-12 14:52:55,021 - INFO - *******97_2_VR_Classroom********
2024-06-12 14:53:04,220 - INFO - *******successfully saved********
2024-06-12 14:53:04,220 - INFO - ***************Horizon_Boxing********************
2024-06-12 14:53:04,220 - INFO - *******116_1_Horizon_Boxing********
2024-06-12 14:53:09,871 - INFO - *******successfully saved********
2024-06-12 14:53:09,871 - INFO - *******115_2_Horizon_Boxing********
2024-06-12 14:53:17,844 - INFO - *******successfully saved********
2024-06-12 14:53:17,844 - INFO - *******118_1_Horizon_Boxing********
2024-06-12 14:53:25,999 - INFO - *******successfully saved********
2024-06-12 14:53:25,999 - INFO - *******121_1_Horizon_Boxing********
2024-06-12 14:53:30,972 - INFO - *******successfully saved********
2024-06-12 14:53:30,972 - INFO - *******124_2_Horizon_Boxing********
2024-06-12 14:53:37,464 - INFO - *******successfully saved********
2024-06-12 14:53:37,464 - INFO - *******120_2_Horizon_Boxing********
2024-06-12 14:53:45,875 - INFO - *******successfully saved********
2024-06-12 14:53:45,875 - INFO - *******119_2_Horizon_Boxing********
2024-06-12 14:53:54,289 - INFO - *******successfully saved********
2024-06-12 14:53:54,289 - INFO - *******122_2_Horizon_Boxing********
2024-06-12 14:54:03,255 - INFO - *******successfully saved********
2024-06-12 14:54:03,256 - INFO - *******117_2_Horizon_Boxing********
2024-06-12 14:54:06,488 - INFO - *******successfully saved********
2024-06-12 14:54:06,488 - INFO - *******123_2_Horizon_Boxing********
2024-06-12 14:54:13,499 - INFO - *******successfully saved********
2024-06-12 14:54:13,499 - INFO - ***************Titanic_Simulation********************
2024-06-12 14:54:13,499 - INFO - *******101_1_Titanic_Simulation********
2024-06-12 14:54:18,232 - INFO - *******successfully saved********
2024-06-12 14:54:18,233 - INFO - *******93_1_Titanic_Simulation********
2024-06-12 14:54:25,636 - INFO - *******successfully saved********
2024-06-12 14:54:25,636 - INFO - *******97_1_Titanic_Simulation********
2024-06-12 14:54:31,098 - INFO - *******successfully saved********
2024-06-12 14:54:31,098 - INFO - *******98_1_Titanic_Simulation********
2024-06-12 14:54:37,760 - INFO - *******successfully saved********
2024-06-12 14:54:37,760 - INFO - *******95_1_Titanic_Simulation********
2024-06-12 14:54:44,752 - INFO - *******successfully saved********
2024-06-12 14:54:44,752 - INFO - *******99_1_Titanic_Simulation********
2024-06-12 14:54:50,891 - INFO - *******successfully saved********
2024-06-12 14:54:50,891 - INFO - ***************Out_Of_Control********************
2024-06-12 14:54:50,891 - INFO - *******173_2_Out_Of_Control********
2024-06-12 14:54:57,402 - INFO - *******successfully saved********
2024-06-12 14:54:57,402 - INFO - *******174_2_Out_Of_Control********
2024-06-12 14:55:01,500 - INFO - *******successfully saved********
2024-06-12 14:55:01,500 - INFO - *******172_2_Out_Of_Control********
2024-06-12 14:55:05,298 - INFO - *******successfully saved********
2024-06-12 14:55:05,298 - INFO - *******169_2_Out_Of_Control********
2024-06-12 14:55:07,731 - INFO - *******successfully saved********
2024-06-12 14:55:07,731 - INFO - *******167_2_Out_Of_Control********
2024-06-12 14:55:13,160 - INFO - *******successfully saved********
2024-06-12 14:55:13,160 - INFO - *******170_2_Out_Of_Control********
2024-06-12 14:55:21,020 - INFO - *******successfully saved********
2024-06-12 14:55:21,020 - INFO - *******166_2_Out_Of_Control********
2024-06-12 14:55:24,008 - INFO - *******successfully saved********
2024-06-12 14:55:24,008 - INFO - *******168_2_Out_Of_Control********
2024-06-12 14:55:30,318 - INFO - *******successfully saved********
2024-06-12 14:55:30,318 - INFO - ***************Geometry_Gunners********************
2024-06-12 14:55:30,318 - INFO - *******162_2_Geometry_Gunners********
2024-06-12 14:55:32,304 - INFO - *******successfully saved********
2024-06-12 14:55:32,304 - INFO - *******163_2_Geometry_Gunners********
2024-06-12 14:55:32,831 - INFO - *******successfully saved********
2024-06-12 14:55:32,832 - INFO - *******164_2_Geometry_Gunners********
2024-06-12 14:55:34,484 - INFO - *******successfully saved********
2024-06-12 14:55:34,484 - INFO - *******165_2_Geometry_Gunners********
2024-06-12 14:55:36,212 - INFO - *******successfully saved********
2024-06-12 14:55:36,212 - INFO - *******158_1_Geometry_Gunners********
2024-06-12 14:55:38,027 - INFO - *******successfully saved********
2024-06-12 14:55:38,027 - INFO - *******160_1_Geometry_Gunners********
2024-06-12 14:55:39,961 - INFO - *******successfully saved********
2024-06-12 14:55:39,961 - INFO - *******157_2_Geometry_Gunners********
2024-06-12 14:55:41,949 - INFO - *******successfully saved********
2024-06-12 14:55:41,949 - INFO - *******156_2_Geometry_Gunners********
2024-06-12 14:55:44,162 - INFO - *******successfully saved********
2024-06-12 14:55:44,162 - INFO - *******159_1_Geometry_Gunners********
2024-06-12 14:55:46,621 - INFO - *******successfully saved********
2024-06-12 14:55:46,621 - INFO - *******161_2_Geometry_Gunners********
2024-06-12 14:55:48,678 - INFO - *******successfully saved********
2024-06-12 14:55:48,678 - INFO - ***************Barnyard********************
2024-06-12 14:55:48,678 - INFO - *******165_1_Barnyard********
2024-06-12 14:55:51,644 - INFO - *******successfully saved********
2024-06-12 14:55:51,644 - INFO - *******164_1_Barnyard********
2024-06-12 14:55:55,940 - INFO - *******successfully saved********
2024-06-12 14:55:55,940 - INFO - *******163_1_Barnyard********
2024-06-12 14:55:59,259 - INFO - *******successfully saved********
2024-06-12 14:55:59,259 - INFO - *******159_2_Barnyard********
2024-06-12 14:56:04,365 - INFO - *******successfully saved********
2024-06-12 14:56:04,365 - INFO - *******162_1_Barnyard********
2024-06-12 14:56:09,058 - INFO - *******successfully saved********
2024-06-12 14:56:09,058 - INFO - *******158_2_Barnyard********
2024-06-12 14:56:13,151 - INFO - *******successfully saved********
2024-06-12 14:56:13,151 - INFO - *******157_1_Barnyard********
2024-06-12 14:56:19,631 - INFO - *******successfully saved********
2024-06-12 14:56:19,631 - INFO - *******160_2_Barnyard********
2024-06-12 14:56:22,728 - INFO - *******successfully saved********
2024-06-12 14:56:22,728 - INFO - *******161_1_Barnyard********
2024-06-12 14:56:25,193 - INFO - *******successfully saved********
2024-06-12 14:56:25,193 - INFO - *******156_1_Barnyard********
2024-06-12 14:56:29,156 - INFO - *******successfully saved********
2024-06-12 14:56:29,156 - INFO - ***************Canyon_Runners********************
2024-06-12 14:56:29,156 - INFO - *******174_1_Canyon_Runners********
2024-06-12 14:56:34,534 - INFO - *******successfully saved********
2024-06-12 14:56:34,534 - INFO - *******173_1_Canyon_Runners********
2024-06-12 14:56:37,689 - INFO - *******successfully saved********
2024-06-12 14:56:37,689 - INFO - *******169_1_Canyon_Runners********
2024-06-12 14:56:42,274 - INFO - *******successfully saved********
2024-06-12 14:56:42,274 - INFO - *******166_1_Canyon_Runners********
2024-06-12 14:56:46,980 - INFO - *******successfully saved********
2024-06-12 14:56:46,980 - INFO - *******170_1_Canyon_Runners********
2024-06-12 14:56:53,125 - INFO - *******successfully saved********
2024-06-12 14:56:53,125 - INFO - *******167_1_Canyon_Runners********
2024-06-12 14:56:59,354 - INFO - *******successfully saved********
2024-06-12 14:56:59,354 - INFO - *******171_1_Canyon_Runners********
2024-06-12 14:57:06,196 - INFO - *******successfully saved********
2024-06-12 14:57:06,197 - INFO - *******168_1_Canyon_Runners********
2024-06-12 14:57:12,045 - INFO - *******successfully saved********
2024-06-12 14:57:12,045 - INFO - *******172_1_Canyon_Runners********
2024-06-12 14:57:16,017 - INFO - *******successfully saved********
2024-06-12 14:57:16,017 - INFO - ***************Creature_Feature********************
2024-06-12 14:57:16,017 - INFO - *******150_1_Creature_Feature********
2024-06-12 14:57:19,044 - INFO - *******successfully saved********
2024-06-12 14:57:19,044 - INFO - *******146_2_Creature_Feature********
2024-06-12 14:57:23,020 - INFO - *******successfully saved********
2024-06-12 14:57:23,020 - INFO - *******152_1_Creature_Feature********
2024-06-12 14:57:26,571 - INFO - *******successfully saved********
2024-06-12 14:57:26,572 - INFO - *******153_1_Creature_Feature********
2024-06-12 14:57:30,538 - INFO - *******successfully saved********
2024-06-12 14:57:30,538 - INFO - *******154_1_Creature_Feature********
2024-06-12 14:57:34,460 - INFO - *******successfully saved********
2024-06-12 14:57:34,460 - INFO - *******155_2_Creature_Feature********
2024-06-12 14:57:38,424 - INFO - *******successfully saved********
2024-06-12 14:57:38,424 - INFO - *******151_1_Creature_Feature********
2024-06-12 14:57:40,944 - INFO - *******successfully saved********
2024-06-12 14:57:40,944 - INFO - *******147_1_Creature_Feature********
2024-06-12 14:57:45,997 - INFO - *******successfully saved********
