2024-07-02 14:58:24,440 - INFO - Multiclass Classification
2024-07-02 14:58:37,518 - INFO - Best parameters for LightGBM: {'learning_rate': 0.2, 'n_estimators': 50, 'num_leaves': 31, 'verbose': -1}
2024-07-02 14:58:40,776 - INFO - Best parameters for XGBoost: {'learning_rate': 0.01, 'max_depth': 7, 'n_estimators': 400}
2024-07-02 14:58:41,820 - INFO - Best parameters for RandomForest: {'max_depth': 10, 'n_estimators': 50}
2024-07-02 14:58:43,153 - INFO - Best parameters for GradientBoosting: {'learning_rate': 0.01, 'max_depth': 5, 'n_estimators': 200}
2024-07-02 14:58:43,153 - INFO - Regression Results
2024-07-02 14:58:43,156 - INFO - LightGBM Test MSE: 2.7002853418273824
2024-07-02 14:58:43,158 - INFO - *******----Stats for Train set----*******
2024-07-02 14:58:43,162 - INFO - Confusion Matrix:
[[15  4  0  0  0]
 [ 0 18  1  0  0]
 [ 0  0 19  0  0]
 [ 0  0  2 17  0]
 [ 0  0  0  3 16]]
2024-07-02 14:58:43,162 - INFO - Accuracy: 0.8947368421052632
2024-07-02 14:58:43,163 - INFO - Recall: [0.78947368 0.94736842 1.         0.89473684 0.84210526]
2024-07-02 14:58:43,163 - INFO - Precision: [1.         0.81818182 0.86363636 0.85       1.        ]
2024-07-02 14:58:43,163 - INFO - F1 Score: [0.88235294 0.87804878 0.92682927 0.87179487 0.91428571]
2024-07-02 14:58:43,163 - INFO - *******----Stats for Test set----*******
2024-07-02 14:58:43,166 - INFO - Confusion Matrix:
[[0 2 1 1 0]
 [0 1 1 2 0]
 [0 0 0 4 0]
 [0 1 2 1 0]
 [0 3 0 1 0]]
2024-07-02 14:58:43,166 - INFO - Accuracy: 0.1
2024-07-02 14:58:43,167 - INFO - Recall: [0.   0.25 0.   0.25 0.  ]
2024-07-02 14:58:43,167 - INFO - Precision: [0.         0.14285714 0.         0.11111111 0.        ]
2024-07-02 14:58:43,167 - INFO - F1 Score: [0.         0.18181818 0.         0.15384615 0.        ]
2024-07-02 14:58:43,191 - INFO - XGBoost Test MSE: 3.330231500964973
2024-07-02 14:58:43,196 - INFO - *******----Stats for Train set----*******
2024-07-02 14:58:43,200 - INFO - Confusion Matrix:
[[19  0  0  0  0]
 [ 0 19  0  0  0]
 [ 0  0 19  0  0]
 [ 0  0  0 19  0]
 [ 0  0  0  1 18]]
2024-07-02 14:58:43,200 - INFO - Accuracy: 0.9894736842105263
2024-07-02 14:58:43,200 - INFO - Recall: [1.         1.         1.         1.         0.94736842]
2024-07-02 14:58:43,200 - INFO - Precision: [1.   1.   1.   0.95 1.  ]
2024-07-02 14:58:43,201 - INFO - F1 Score: [1.         1.         1.         0.97435897 0.97297297]
2024-07-02 14:58:43,201 - INFO - *******----Stats for Test set----*******
2024-07-02 14:58:43,204 - INFO - Confusion Matrix:
[[0 2 1 1 0]
 [0 0 2 0 2]
 [0 2 0 1 1]
 [0 0 2 2 0]
 [0 2 1 1 0]]
2024-07-02 14:58:43,204 - INFO - Accuracy: 0.1
2024-07-02 14:58:43,204 - INFO - Recall: [0.  0.  0.  0.5 0. ]
2024-07-02 14:58:43,205 - INFO - Precision: [0.  0.  0.  0.4 0. ]
2024-07-02 14:58:43,205 - INFO - F1 Score: [0.         0.         0.         0.44444444 0.        ]
2024-07-02 14:58:43,212 - INFO - RandomForest Test MSE: 2.423140000000001
2024-07-02 14:58:43,224 - INFO - *******----Stats for Train set----*******
2024-07-02 14:58:43,227 - INFO - Confusion Matrix:
[[13  6  0  0  0]
 [ 0 17  2  0  0]
 [ 0  0 19  0  0]
 [ 0  0  1 18  0]
 [ 0  0  0  5 14]]
2024-07-02 14:58:43,227 - INFO - Accuracy: 0.8526315789473684
2024-07-02 14:58:43,228 - INFO - Recall: [0.68421053 0.89473684 1.         0.94736842 0.73684211]
2024-07-02 14:58:43,228 - INFO - Precision: [1.         0.73913043 0.86363636 0.7826087  1.        ]
2024-07-02 14:58:43,228 - INFO - F1 Score: [0.8125     0.80952381 0.92682927 0.85714286 0.84848485]
2024-07-02 14:58:43,228 - INFO - *******----Stats for Test set----*******
2024-07-02 14:58:43,232 - INFO - Confusion Matrix:
[[0 2 1 1 0]
 [0 1 1 2 0]
 [0 0 0 4 0]
 [0 2 1 1 0]
 [0 0 3 1 0]]
2024-07-02 14:58:43,232 - INFO - Accuracy: 0.1
2024-07-02 14:58:43,232 - INFO - Recall: [0.   0.25 0.   0.25 0.  ]
2024-07-02 14:58:43,232 - INFO - Precision: [0.         0.2        0.         0.11111111 0.        ]
2024-07-02 14:58:43,232 - INFO - F1 Score: [0.         0.22222222 0.         0.15384615 0.        ]
2024-07-02 14:58:43,239 - INFO - GradientBoosting Test MSE: 2.9543637116808794
2024-07-02 14:58:43,243 - INFO - *******----Stats for Train set----*******
2024-07-02 14:58:43,246 - INFO - Confusion Matrix:
[[19  0  0  0  0]
 [ 0 19  0  0  0]
 [ 0  0 19  0  0]
 [ 0  0  0 19  0]
 [ 0  0  0  0 19]]
2024-07-02 14:58:43,246 - INFO - Accuracy: 1.0
2024-07-02 14:58:43,246 - INFO - Recall: [1. 1. 1. 1. 1.]
2024-07-02 14:58:43,247 - INFO - Precision: [1. 1. 1. 1. 1.]
2024-07-02 14:58:43,247 - INFO - F1 Score: [1. 1. 1. 1. 1.]
2024-07-02 14:58:43,247 - INFO - *******----Stats for Test set----*******
2024-07-02 14:58:43,250 - INFO - Confusion Matrix:
[[0 2 1 0 1]
 [0 2 0 2 0]
 [0 0 3 0 1]
 [0 2 0 2 0]
 [0 2 1 0 1]]
2024-07-02 14:58:43,251 - INFO - Accuracy: 0.4
2024-07-02 14:58:43,251 - INFO - Recall: [0.   0.5  0.75 0.5  0.25]
2024-07-02 14:58:43,251 - INFO - Precision: [0.         0.25       0.6        0.5        0.33333333]
2024-07-02 14:58:43,251 - INFO - F1 Score: [0.         0.33333333 0.66666667 0.5        0.28571429]
2024-07-02 14:58:43,252 - INFO - Binary Classification
2024-07-02 14:58:57,612 - INFO - Best parameters for LightGBM: {'learning_rate': 0.01, 'n_estimators': 100, 'num_leaves': 31, 'verbose': -1}
2024-07-02 14:58:59,173 - INFO - Best parameters for XGBoost: {'learning_rate': 0.01, 'max_depth': 7, 'n_estimators': 50}
2024-07-02 14:59:00,121 - INFO - Best parameters for RandomForest: {'max_depth': None, 'n_estimators': 50}
2024-07-02 14:59:01,394 - INFO - Best parameters for GradientBoosting: {'learning_rate': 0.2, 'max_depth': 3, 'n_estimators': 200}
2024-07-02 14:59:01,394 - INFO - Regression Results
2024-07-02 14:59:01,397 - INFO - LightGBM Test MSE: 0.20186692264506773
2024-07-02 14:59:01,479 - INFO - *******----Stats for Train set----*******
2024-07-02 14:59:01,482 - INFO - Confusion Matrix:
[[13 25]
 [ 0 57]]
2024-07-02 14:59:01,482 - INFO - Accuracy: 0.7368421052631579
2024-07-02 14:59:01,482 - INFO - Recall: 1.0
2024-07-02 14:59:01,482 - INFO - Precision: 0.6951219512195121
2024-07-02 14:59:01,482 - INFO - F1 Score: 0.8201438848920863
2024-07-02 14:59:01,483 - INFO - *******----Stats for Test set----*******
2024-07-02 14:59:01,485 - INFO - Confusion Matrix:
[[ 2  6]
 [ 0 12]]
2024-07-02 14:59:01,486 - INFO - Accuracy: 0.7
2024-07-02 14:59:01,486 - INFO - Recall: 1.0
2024-07-02 14:59:01,486 - INFO - Precision: 0.6666666666666666
2024-07-02 14:59:01,486 - INFO - F1 Score: 0.8
2024-07-02 14:59:01,490 - INFO - XGBoost Test MSE: 0.23114192454608157
2024-07-02 14:59:01,576 - INFO - *******----Stats for Train set----*******
2024-07-02 14:59:01,579 - INFO - Confusion Matrix:
[[27 11]
 [ 0 57]]
2024-07-02 14:59:01,579 - INFO - Accuracy: 0.8842105263157894
2024-07-02 14:59:01,579 - INFO - Recall: 1.0
2024-07-02 14:59:01,579 - INFO - Precision: 0.8382352941176471
2024-07-02 14:59:01,579 - INFO - F1 Score: 0.9119999999999999
2024-07-02 14:59:01,579 - INFO - *******----Stats for Test set----*******
2024-07-02 14:59:01,582 - INFO - Confusion Matrix:
[[ 0  8]
 [ 0 12]]
2024-07-02 14:59:01,582 - INFO - Accuracy: 0.6
2024-07-02 14:59:01,582 - INFO - Recall: 1.0
2024-07-02 14:59:01,582 - INFO - Precision: 0.6
2024-07-02 14:59:01,582 - INFO - F1 Score: 0.7499999999999999
2024-07-02 14:59:01,590 - INFO - RandomForest Test MSE: 0.20486
2024-07-02 14:59:01,686 - INFO - *******----Stats for Train set----*******
2024-07-02 14:59:01,689 - INFO - Confusion Matrix:
[[37  1]
 [ 0 57]]
2024-07-02 14:59:01,690 - INFO - Accuracy: 0.9894736842105263
2024-07-02 14:59:01,690 - INFO - Recall: 1.0
2024-07-02 14:59:01,691 - INFO - Precision: 0.9827586206896551
2024-07-02 14:59:01,691 - INFO - F1 Score: 0.9913043478260869
2024-07-02 14:59:01,691 - INFO - *******----Stats for Test set----*******
2024-07-02 14:59:01,694 - INFO - Confusion Matrix:
[[ 2  6]
 [ 1 11]]
2024-07-02 14:59:01,695 - INFO - Accuracy: 0.65
2024-07-02 14:59:01,695 - INFO - Recall: 0.9166666666666666
2024-07-02 14:59:01,696 - INFO - Precision: 0.6470588235294118
2024-07-02 14:59:01,696 - INFO - F1 Score: 0.7586206896551724
2024-07-02 14:59:01,702 - INFO - GradientBoosting Test MSE: 0.24611309780797908
2024-07-02 14:59:01,782 - INFO - *******----Stats for Train set----*******
2024-07-02 14:59:01,784 - INFO - Confusion Matrix:
[[38  0]
 [ 0 57]]
2024-07-02 14:59:01,784 - INFO - Accuracy: 1.0
2024-07-02 14:59:01,784 - INFO - Recall: 1.0
2024-07-02 14:59:01,784 - INFO - Precision: 1.0
2024-07-02 14:59:01,784 - INFO - F1 Score: 1.0
2024-07-02 14:59:01,784 - INFO - *******----Stats for Test set----*******
2024-07-02 14:59:01,786 - INFO - Confusion Matrix:
[[ 2  6]
 [ 1 11]]
2024-07-02 14:59:01,786 - INFO - Accuracy: 0.65
2024-07-02 14:59:01,786 - INFO - Recall: 0.9166666666666666
2024-07-02 14:59:01,786 - INFO - Precision: 0.6470588235294118
2024-07-02 14:59:01,786 - INFO - F1 Score: 0.7586206896551724
