2024-07-03 19:22:03,326 - INFO - Multiclass Classification
2024-07-03 19:22:18,632 - INFO - Best parameters for LightGBM: {'learning_rate': 0.1, 'n_estimators': 200, 'num_leaves': 31, 'verbose': -1}
2024-07-03 19:22:22,535 - INFO - Best parameters for XGBoost: {'learning_rate': 0.1, 'max_depth': 3, 'n_estimators': 400}
2024-07-03 19:22:23,752 - INFO - Best parameters for RandomForest: {'max_depth': 10, 'n_estimators': 50}
2024-07-03 19:22:25,655 - INFO - Best parameters for GradientBoosting: {'learning_rate': 0.1, 'max_depth': 3, 'n_estimators': 200}
2024-07-03 19:22:25,655 - INFO - Regression Results
2024-07-03 19:22:25,658 - INFO - LightGBM Test MSE: 1.7617982551143512
2024-07-03 19:22:25,661 - INFO - *******----Stats for Train set----*******
2024-07-03 19:22:25,664 - INFO - Confusion Matrix:
[[27  0  0  0  0]
 [ 0 27  0  0  0]
 [ 0  0 27  0  0]
 [ 0  0  0 27  0]
 [ 0  0  0  0 27]]
2024-07-03 19:22:25,664 - INFO - Accuracy: 1.0
2024-07-03 19:22:25,664 - INFO - Recall: [1. 1. 1. 1. 1.]
2024-07-03 19:22:25,664 - INFO - Precision: [1. 1. 1. 1. 1.]
2024-07-03 19:22:25,664 - INFO - F1 Score: [1. 1. 1. 1. 1.]
2024-07-03 19:22:25,664 - INFO - *******----Stats for Test set----*******
2024-07-03 19:22:25,667 - INFO - Confusion Matrix:
[[0 3 2 1 0]
 [0 3 3 0 0]
 [1 0 5 0 0]
 [0 2 1 3 0]
 [0 1 2 3 0]]
2024-07-03 19:22:25,667 - INFO - Accuracy: 0.36666666666666664
2024-07-03 19:22:25,667 - INFO - Recall: [0.         0.5        0.83333333 0.5        0.        ]
2024-07-03 19:22:25,667 - INFO - Precision: [0.         0.33333333 0.38461538 0.42857143 0.        ]
2024-07-03 19:22:25,667 - INFO - F1 Score: [0.         0.4        0.52631579 0.46153846 0.        ]
2024-07-03 19:22:25,674 - INFO - XGBoost Test MSE: 1.6256917824732071
2024-07-03 19:22:25,680 - INFO - *******----Stats for Train set----*******
2024-07-03 19:22:25,684 - INFO - Confusion Matrix:
[[27  0  0  0  0]
 [ 0 27  0  0  0]
 [ 0  0 27  0  0]
 [ 0  0  0 27  0]
 [ 0  0  0  0 27]]
2024-07-03 19:22:25,684 - INFO - Accuracy: 1.0
2024-07-03 19:22:25,684 - INFO - Recall: [1. 1. 1. 1. 1.]
2024-07-03 19:22:25,684 - INFO - Precision: [1. 1. 1. 1. 1.]
2024-07-03 19:22:25,684 - INFO - F1 Score: [1. 1. 1. 1. 1.]
2024-07-03 19:22:25,684 - INFO - *******----Stats for Test set----*******
2024-07-03 19:22:25,688 - INFO - Confusion Matrix:
[[0 2 3 1 0]
 [0 5 1 0 0]
 [1 0 5 0 0]
 [0 1 2 3 0]
 [0 1 1 4 0]]
2024-07-03 19:22:25,688 - INFO - Accuracy: 0.43333333333333335
2024-07-03 19:22:25,688 - INFO - Recall: [0.         0.83333333 0.83333333 0.5        0.        ]
2024-07-03 19:22:25,688 - INFO - Precision: [0.         0.55555556 0.41666667 0.375      0.        ]
2024-07-03 19:22:25,689 - INFO - F1 Score: [0.         0.66666667 0.55555556 0.42857143 0.        ]
2024-07-03 19:22:25,696 - INFO - RandomForest Test MSE: 1.412547250427263
2024-07-03 19:22:25,708 - INFO - *******----Stats for Train set----*******
2024-07-03 19:22:25,711 - INFO - Confusion Matrix:
[[11 16  0  0  0]
 [ 0 25  2  0  0]
 [ 0  1 26  0  0]
 [ 0  0  7 20  0]
 [ 0  0  0  8 19]]
2024-07-03 19:22:25,711 - INFO - Accuracy: 0.7481481481481481
2024-07-03 19:22:25,712 - INFO - Recall: [0.40740741 0.92592593 0.96296296 0.74074074 0.7037037 ]
2024-07-03 19:22:25,712 - INFO - Precision: [1.         0.5952381  0.74285714 0.71428571 1.        ]
2024-07-03 19:22:25,712 - INFO - F1 Score: [0.57894737 0.72463768 0.83870968 0.72727273 0.82608696]
2024-07-03 19:22:25,712 - INFO - *******----Stats for Test set----*******
2024-07-03 19:22:25,715 - INFO - Confusion Matrix:
[[0 3 3 0 0]
 [0 3 3 0 0]
 [0 2 4 0 0]
 [0 1 1 4 0]
 [0 2 0 4 0]]
2024-07-03 19:22:25,716 - INFO - Accuracy: 0.36666666666666664
2024-07-03 19:22:25,716 - INFO - Recall: [0.         0.5        0.66666667 0.66666667 0.        ]
2024-07-03 19:22:25,716 - INFO - Precision: [0.         0.27272727 0.36363636 0.5        0.        ]
2024-07-03 19:22:25,716 - INFO - F1 Score: [0.         0.35294118 0.47058824 0.57142857 0.        ]
2024-07-03 19:22:25,722 - INFO - GradientBoosting Test MSE: 1.746748663693037
2024-07-03 19:22:25,726 - INFO - *******----Stats for Train set----*******
2024-07-03 19:22:25,730 - INFO - Confusion Matrix:
[[27  0  0  0  0]
 [ 0 27  0  0  0]
 [ 0  0 27  0  0]
 [ 0  0  0 27  0]
 [ 0  0  0  0 27]]
2024-07-03 19:22:25,730 - INFO - Accuracy: 1.0
2024-07-03 19:22:25,730 - INFO - Recall: [1. 1. 1. 1. 1.]
2024-07-03 19:22:25,730 - INFO - Precision: [1. 1. 1. 1. 1.]
2024-07-03 19:22:25,730 - INFO - F1 Score: [1. 1. 1. 1. 1.]
2024-07-03 19:22:25,730 - INFO - *******----Stats for Test set----*******
2024-07-03 19:22:25,734 - INFO - Confusion Matrix:
[[0 2 2 2 0]
 [0 4 2 0 0]
 [1 1 3 1 0]
 [0 1 3 2 0]
 [0 1 2 3 0]]
2024-07-03 19:22:25,734 - INFO - Accuracy: 0.3
2024-07-03 19:22:25,734 - INFO - Recall: [0.         0.66666667 0.5        0.33333333 0.        ]
2024-07-03 19:22:25,734 - INFO - Precision: [0.         0.44444444 0.25       0.25       0.        ]
2024-07-03 19:22:25,735 - INFO - F1 Score: [0.         0.53333333 0.33333333 0.28571429 0.        ]
2024-07-03 19:22:25,735 - INFO - Binary Classification
2024-07-03 19:22:39,080 - INFO - Best parameters for LightGBM: {'learning_rate': 0.01, 'n_estimators': 200, 'num_leaves': 31, 'verbose': -1}
2024-07-03 19:22:41,159 - INFO - Best parameters for XGBoost: {'learning_rate': 0.01, 'max_depth': 7, 'n_estimators': 50}
2024-07-03 19:22:42,372 - INFO - Best parameters for RandomForest: {'max_depth': 20, 'n_estimators': 100}
2024-07-03 19:22:44,051 - INFO - Best parameters for GradientBoosting: {'learning_rate': 0.2, 'max_depth': 3, 'n_estimators': 50}
2024-07-03 19:22:44,052 - INFO - Regression Results
2024-07-03 19:22:44,055 - INFO - LightGBM Test MSE: 0.18721633981594868
2024-07-03 19:22:44,133 - INFO - *******----Stats for Train set----*******
2024-07-03 19:22:44,137 - INFO - Confusion Matrix:
[[ 1 53]
 [ 0 81]]
2024-07-03 19:22:44,137 - INFO - Accuracy: 0.6074074074074074
2024-07-03 19:22:44,137 - INFO - Recall: 1.0
2024-07-03 19:22:44,137 - INFO - Precision: 0.6044776119402985
2024-07-03 19:22:44,137 - INFO - F1 Score: 0.7534883720930232
2024-07-03 19:22:44,137 - INFO - *******----Stats for Test set----*******
2024-07-03 19:22:44,140 - INFO - Confusion Matrix:
[[ 1 11]
 [ 1 17]]
2024-07-03 19:22:44,140 - INFO - Accuracy: 0.6
2024-07-03 19:22:44,140 - INFO - Recall: 0.9444444444444444
2024-07-03 19:22:44,140 - INFO - Precision: 0.6071428571428571
2024-07-03 19:22:44,140 - INFO - F1 Score: 0.7391304347826088
2024-07-03 19:22:44,144 - INFO - XGBoost Test MSE: 0.2476079372387117
2024-07-03 19:22:44,231 - INFO - *******----Stats for Train set----*******
2024-07-03 19:22:44,234 - INFO - Confusion Matrix:
[[ 0 54]
 [ 0 81]]
2024-07-03 19:22:44,234 - INFO - Accuracy: 0.6
2024-07-03 19:22:44,234 - INFO - Recall: 1.0
2024-07-03 19:22:44,234 - INFO - Precision: 0.6
2024-07-03 19:22:44,234 - INFO - F1 Score: 0.7499999999999999
2024-07-03 19:22:44,234 - INFO - *******----Stats for Test set----*******
2024-07-03 19:22:44,237 - INFO - Confusion Matrix:
[[ 0 12]
 [ 0 18]]
2024-07-03 19:22:44,237 - INFO - Accuracy: 0.6
2024-07-03 19:22:44,237 - INFO - Recall: 1.0
2024-07-03 19:22:44,237 - INFO - Precision: 0.6
2024-07-03 19:22:44,237 - INFO - F1 Score: 0.7499999999999999
2024-07-03 19:22:44,249 - INFO - RandomForest Test MSE: 0.23608666666666664
2024-07-03 19:22:44,357 - INFO - *******----Stats for Train set----*******
2024-07-03 19:22:44,360 - INFO - Confusion Matrix:
[[37 17]
 [ 0 81]]
2024-07-03 19:22:44,361 - INFO - Accuracy: 0.8740740740740741
2024-07-03 19:22:44,361 - INFO - Recall: 1.0
2024-07-03 19:22:44,361 - INFO - Precision: 0.826530612244898
2024-07-03 19:22:44,362 - INFO - F1 Score: 0.9050279329608939
2024-07-03 19:22:44,362 - INFO - *******----Stats for Test set----*******
2024-07-03 19:22:44,365 - INFO - Confusion Matrix:
[[ 2 10]
 [ 1 17]]
2024-07-03 19:22:44,366 - INFO - Accuracy: 0.6333333333333333
2024-07-03 19:22:44,366 - INFO - Recall: 0.9444444444444444
2024-07-03 19:22:44,366 - INFO - Precision: 0.6296296296296297
2024-07-03 19:22:44,367 - INFO - F1 Score: 0.7555555555555556
2024-07-03 19:22:44,370 - INFO - GradientBoosting Test MSE: 0.2607461502624953
2024-07-03 19:22:44,446 - INFO - *******----Stats for Train set----*******
2024-07-03 19:22:44,448 - INFO - Confusion Matrix:
[[ 6 48]
 [ 0 81]]
2024-07-03 19:22:44,448 - INFO - Accuracy: 0.6444444444444445
2024-07-03 19:22:44,448 - INFO - Recall: 1.0
2024-07-03 19:22:44,448 - INFO - Precision: 0.627906976744186
2024-07-03 19:22:44,448 - INFO - F1 Score: 0.7714285714285715
2024-07-03 19:22:44,448 - INFO - *******----Stats for Test set----*******
2024-07-03 19:22:44,450 - INFO - Confusion Matrix:
[[ 1 11]
 [ 1 17]]
2024-07-03 19:22:44,451 - INFO - Accuracy: 0.6
2024-07-03 19:22:44,451 - INFO - Recall: 0.9444444444444444
2024-07-03 19:22:44,451 - INFO - Precision: 0.6071428571428571
2024-07-03 19:22:44,451 - INFO - F1 Score: 0.7391304347826088
